Log file open, 04/05/20 21:13:36
LogWindows: Failed to load 'aqProf.dll' (GetLastError=126)
LogWindows: File 'aqProf.dll' does not exist
LogWindows: Failed to load 'VtuneApi.dll' (GetLastError=126)
LogWindows: File 'VtuneApi.dll' does not exist
LogWindows: Failed to load 'VtuneApi32e.dll' (GetLastError=126)
LogWindows: File 'VtuneApi32e.dll' does not exist
LogConsoleResponse: Display: Failed to find resolution value strings in scalability ini. Falling back to default.
LogInit: Display: Running engine for game: HnS
LogPlatformFile: Not using cached read wrapper
LogTaskGraph: Started task graph with 5 named threads and 17 total threads with 3 sets of task threads.
LogStats: Stats thread started at 0.237202
LogD3D11RHI: Loaded GFSDK_Aftermath_Lib.x64.dll
LogICUInternationalization: ICU TimeZone Detection - Raw Offset: +1:00, Platform Override: ''
LogPluginManager: Mounting plugin Paper2D
LogPluginManager: Mounting plugin AISupport
LogPluginManager: Mounting plugin LightPropagationVolume
LogPluginManager: Mounting plugin ActorLayerUtilities
LogPluginManager: Mounting plugin AnimationSharing
LogPluginManager: Mounting plugin CLionSourceCodeAccess
LogPluginManager: Mounting plugin CodeLiteSourceCodeAccess
LogPluginManager: Mounting plugin GitSourceControl
LogPluginManager: Mounting plugin KDevelopSourceCodeAccess
LogPluginManager: Mounting plugin NullSourceCodeAccess
LogPluginManager: Mounting plugin PerforceSourceControl
LogPluginManager: Mounting plugin PlasticSourceControl
LogPluginManager: Mounting plugin SubversionSourceControl
LogPluginManager: Mounting plugin UObjectPlugin
LogPluginManager: Mounting plugin VisualStudioCodeSourceCodeAccess
LogPluginManager: Mounting plugin VisualStudioSourceCodeAccess
LogPluginManager: Mounting plugin XCodeSourceCodeAccess
LogPluginManager: Mounting plugin AssetManagerEditor
LogPluginManager: Mounting plugin CryptoKeys
LogPluginManager: Mounting plugin CurveEditorTools
LogPluginManager: Mounting plugin DataValidation
LogPluginManager: Mounting plugin FacialAnimation
LogPluginManager: Mounting plugin GameplayTagsEditor
LogPluginManager: Mounting plugin MacGraphicsSwitching
LogPluginManager: Mounting plugin MaterialAnalyzer
LogPluginManager: Mounting plugin MobileLauncherProfileWizard
LogPluginManager: Mounting plugin PluginBrowser
LogPluginManager: Mounting plugin SpeedTreeImporter
LogPluginManager: Mounting plugin DatasmithContent
LogPluginManager: Mounting plugin VariantManagerContent
LogPluginManager: Mounting plugin AlembicImporter
LogPluginManager: Mounting plugin AutomationUtils
LogPluginManager: Mounting plugin BackChannel
LogPluginManager: Mounting plugin CharacterAI
LogPluginManager: Mounting plugin GeometryCache
LogPluginManager: Mounting plugin PlatformCrypto
LogPluginManager: Mounting plugin ProxyLODPlugin
LogPluginManager: Mounting plugin SkeletalReduction
LogPluginManager: Mounting plugin MagicLeap
LogPluginManager: Mounting plugin MagicLeapMedia
LogPluginManager: Mounting plugin MLSDK
LogPluginManager: Mounting plugin AndroidMedia
LogPluginManager: Mounting plugin AvfMedia
LogPluginManager: Mounting plugin ImgMedia
LogPluginManager: Mounting plugin MediaCompositing
LogPluginManager: Mounting plugin MediaPlayerEditor
LogPluginManager: Mounting plugin WebMMedia
LogPluginManager: Mounting plugin WmfMedia
LogPluginManager: Mounting plugin TcpMessaging
LogPluginManager: Mounting plugin UdpMessaging
LogPluginManager: Mounting plugin ActorSequence
LogPluginManager: Mounting plugin LevelSequenceEditor
LogPluginManager: Mounting plugin MatineeToLevelSequence
LogPluginManager: Mounting plugin NetcodeUnitTest
LogPluginManager: Mounting plugin NUTUnrealEngine4
LogPluginManager: Mounting plugin OnlineSubsystemGooglePlay
LogPluginManager: Mounting plugin OnlineSubsystemIOS
LogPluginManager: Mounting plugin OnlineSubsystem
LogPluginManager: Mounting plugin OnlineSubsystemNull
LogPluginManager: Mounting plugin OnlineSubsystemUtils
LogPluginManager: Mounting plugin LauncherChunkInstaller
LogPluginManager: Mounting plugin AndroidDeviceProfileSelector
LogPluginManager: Mounting plugin AndroidMoviePlayer
LogPluginManager: Mounting plugin AndroidPermission
LogPluginManager: Mounting plugin AppleImageUtils
LogPluginManager: Mounting plugin AppleMoviePlayer
LogPluginManager: Mounting plugin ArchVisCharacter
LogPluginManager: Mounting plugin AssetTags
LogPluginManager: Mounting plugin AudioCapture
LogPluginManager: Mounting plugin CableComponent
LogPluginManager: Mounting plugin CustomMeshComponent
LogPluginManager: Mounting plugin EditableMesh
LogPluginManager: Mounting plugin ExampleDeviceProfileSelector
LogPluginManager: Mounting plugin GoogleCloudMessaging
LogPluginManager: Mounting plugin IOSDeviceProfileSelector
LogPluginManager: Mounting plugin LinuxDeviceProfileSelector
LogPluginManager: Mounting plugin LocationServicesBPLibrary
LogPluginManager: Mounting plugin MobilePatchingUtils
LogPluginManager: Mounting plugin OculusVR
LogPluginManager: Mounting plugin PhysXVehicles
LogPluginManager: Mounting plugin PostSplashScreen
LogPluginManager: Mounting plugin ProceduralMeshComponent
LogPluginManager: Mounting plugin RuntimePhysXCooking
LogPluginManager: Mounting plugin SignificanceManager
LogPluginManager: Mounting plugin SteamVR
LogPluginManager: Mounting plugin WebMMoviePlayer
LogPluginManager: Mounting plugin WindowsMoviePlayer
LogPluginManager: Mounting plugin ScreenshotTools
LogInit: Using libcurl 7.55.1-DEV
LogInit:  - built for x86_64-pc-win32
LogInit:  - supports SSL with OpenSSL/1.1.1
LogInit:  - supports HTTP deflate (compression) using libz 1.2.8
LogInit:  - other features:
LogInit:      CURL_VERSION_SSL
LogInit:      CURL_VERSION_LIBZ
LogInit:      CURL_VERSION_IPV6
LogInit:      CURL_VERSION_ASYNCHDNS
LogInit:      CURL_VERSION_LARGEFILE
LogInit:      CURL_VERSION_IDN
LogInit:  CurlRequestOptions (configurable via config and command line):
LogInit:  - bVerifyPeer = true  - Libcurl will verify peer certificate
LogInit:  - bUseHttpProxy = false  - Libcurl will NOT use HTTP proxy
LogInit:  - bDontReuseConnections = false  - Libcurl will reuse connections
LogInit:  - MaxHostConnections = 16  - Libcurl will limit the number of connections to a host
LogInit:  - LocalHostAddr = Default
LogInit:  - BufferSize = 65536
LogOnline: OSS: Creating online subsystem instance for: NULL
LogInit: WinSock: version 1.1 (2.2), MaxSocks=32767, MaxUdp=65467
LogOnline: OSS: TryLoadSubsystemAndSetDefault: Loaded subsystem for module [NULL]
LogInit: Build: ++UE4+Release-4.24-CL-11100242
LogInit: Engine Version: 4.24.2-11100242+++UE4+Release-4.24
LogInit: Compatible Engine Version: 4.24.0-10570792+++UE4+Release-4.24
LogInit: Net CL: 10570792
LogInit: OS: Windows 10 (Release 1903) (), CPU: AMD FX(tm)-6300 Six-Core Processor             , GPU: NVIDIA GeForce GTX 950
LogInit: Compiled (64-bit): Jan 24 2020 02:05:53
LogInit: Compiled with Visual C++: 19.16.27032.01
LogInit: Build Configuration: Development
LogInit: Branch Name: ++UE4+Release-4.24
LogInit: Command Line: 
LogInit: Base Directory: D:/Program Files/UE_4.24/Engine/Binaries/Win64/
LogInit: Installed Engine Build: 1
LogDevObjectVersion: Number of dev versions registered: 25
LogDevObjectVersion:   Dev-Blueprints (B0D832E4-1F89-4F0D-ACCF-7EB736FD4AA2): 10
LogDevObjectVersion:   Dev-Build (E1C64328-A22C-4D53-A36C-8E866417BD8C): 0
LogDevObjectVersion:   Dev-Core (375EC13C-06E4-48FB-B500-84F0262A717E): 3
LogDevObjectVersion:   Dev-Editor (E4B068ED-F494-42E9-A231-DA0B2E46BB41): 37
LogDevObjectVersion:   Dev-Framework (CFFC743F-43B0-4480-9391-14DF171D2073): 36
LogDevObjectVersion:   Dev-Mobile (B02B49B5-BB20-44E9-A304-32B752E40360): 2
LogDevObjectVersion:   Dev-Networking (A4E4105C-59A1-49B5-A7C5-40C4547EDFEE): 0
LogDevObjectVersion:   Dev-Online (39C831C9-5AE6-47DC-9A44-9C173E1C8E7C): 0
LogDevObjectVersion:   Dev-Physics (78F01B33-EBEA-4F98-B9B4-84EACCB95AA2): 2
LogDevObjectVersion:   Dev-Platform (6631380F-2D4D-43E0-8009-CF276956A95A): 0
LogDevObjectVersion:   Dev-Rendering (12F88B9F-8875-4AFC-A67C-D90C383ABD29): 36
LogDevObjectVersion:   Dev-Sequencer (7B5AE74C-D270-4C10-A958-57980B212A5A): 11
LogDevObjectVersion:   Dev-VR (D7296918-1DD6-4BDD-9DE2-64A83CC13884): 2
LogDevObjectVersion:   Dev-LoadTimes (C2A15278-BFE7-4AFE-6C17-90FF531DF755): 1
LogDevObjectVersion:   Private-Geometry (6EACA3D4-40EC-4CC1-B786-8BED09428FC5): 3
LogDevObjectVersion:   Dev-AnimPhys (29E575DD-E0A3-4627-9D10-D276232CDCEA): 17
LogDevObjectVersion:   Dev-Anim (AF43A65D-7FD3-4947-9873-3E8ED9C1BB05): 2
LogDevObjectVersion:   Dev-ReflectionCapture (6B266CEC-1EC7-4B8F-A30B-E4D90942FC07): 1
LogDevObjectVersion:   Dev-Automation (0DF73D61-A23F-47EA-B727-89E90C41499A): 1
LogDevObjectVersion:   FortniteMain (601D1886-AC64-4F84-AA16-D3DE0DEAC7D6): 31
LogDevObjectVersion:   Dev-Enterprise (9DFFBCD6-494F-0158-E221-12823C92A888): 8
LogDevObjectVersion:   Dev-Niagara (F2AED0AC-9AFE-416F-8664-AA7FFA26D6FC): 1
LogDevObjectVersion:   Dev-Destruction (174F1F0B-B4C6-45A5-B13F-2EE8D0FB917D): 9
LogDevObjectVersion:   Dev-Physics-Ext (35F94A83-E258-406C-A318-09F59610247C): 8
LogDevObjectVersion:   Dev-CineCamera (B2E18506-4273-CFC2-A54E-F4BB758BBA07): 1
LogInit: Presizing for max 25165824 objects, including 0 objects not considered by GC, pre-allocating 0 bytes for permanent pool.
LogInit: Object subsystem initialized
LogConfig: Setting CVar [[con.DebugEarlyDefault:1]]
LogConfig: Setting CVar [[r.setres:1280x720]]
[2020.04.05-19.13.37:247][  0]LogConfig: Setting CVar [[r.VSync:0]]
[2020.04.05-19.13.37:247][  0]LogConfig: Setting CVar [[r.RHICmdBypass:0]]
[2020.04.05-19.13.37:247][  0]LogConfig: Applying CVar settings from Section [/Script/Engine.RendererSettings] File [D:/GE2/GladiatorArena/HnS/Saved/Config/Windows/Engine.ini]
[2020.04.05-19.13.37:247][  0]LogConfig: Setting CVar [[r.GPUCrashDebugging:0]]
[2020.04.05-19.13.37:247][  0]LogConfig: Applying CVar settings from Section [/Script/Engine.RendererOverrideSettings] File [D:/GE2/GladiatorArena/HnS/Saved/Config/Windows/Engine.ini]
[2020.04.05-19.13.37:247][  0]LogConfig: Applying CVar settings from Section [/Script/Engine.StreamingSettings] File [D:/GE2/GladiatorArena/HnS/Saved/Config/Windows/Engine.ini]
[2020.04.05-19.13.37:247][  0]LogConfig: Setting CVar [[s.MinBulkDataSizeForAsyncLoading:131072]]
[2020.04.05-19.13.37:247][  0]LogConfig: Setting CVar [[s.AsyncLoadingThreadEnabled:0]]
[2020.04.05-19.13.37:247][  0]LogConfig: Setting CVar [[s.EventDrivenLoaderEnabled:1]]
[2020.04.05-19.13.37:247][  0]LogConfig: Setting CVar [[s.WarnIfTimeLimitExceeded:0]]
[2020.04.05-19.13.37:247][  0]LogConfig: Setting CVar [[s.TimeLimitExceededMultiplier:1.5]]
[2020.04.05-19.13.37:247][  0]LogConfig: Setting CVar [[s.TimeLimitExceededMinTime:0.005]]
[2020.04.05-19.13.37:247][  0]LogConfig: Setting CVar [[s.UseBackgroundLevelStreaming:1]]
[2020.04.05-19.13.37:247][  0]LogConfig: Setting CVar [[s.PriorityAsyncLoadingExtraTime:15.0]]
[2020.04.05-19.13.37:247][  0]LogConfig: Setting CVar [[s.LevelStreamingActorsUpdateTimeLimit:5.0]]
[2020.04.05-19.13.37:248][  0]LogConfig: Setting CVar [[s.PriorityLevelStreamingActorsUpdateExtraTime:5.0]]
[2020.04.05-19.13.37:248][  0]LogConfig: Setting CVar [[s.LevelStreamingComponentsRegistrationGranularity:10]]
[2020.04.05-19.13.37:248][  0]LogConfig: Setting CVar [[s.UnregisterComponentsTimeLimit:1.0]]
[2020.04.05-19.13.37:248][  0]LogConfig: Setting CVar [[s.LevelStreamingComponentsUnregistrationGranularity:5]]
[2020.04.05-19.13.37:248][  0]LogConfig: Setting CVar [[s.FlushStreamingOnExit:1]]
[2020.04.05-19.13.37:248][  0]LogConfig: Applying CVar settings from Section [/Script/Engine.GarbageCollectionSettings] File [D:/GE2/GladiatorArena/HnS/Saved/Config/Windows/Engine.ini]
[2020.04.05-19.13.37:248][  0]LogConfig: Setting CVar [[gc.MaxObjectsNotConsideredByGC:1]]
[2020.04.05-19.13.37:248][  0]LogConfig: Setting CVar [[gc.SizeOfPermanentObjectPool:0]]
[2020.04.05-19.13.37:248][  0]LogConfig: Setting CVar [[gc.FlushStreamingOnGC:0]]
[2020.04.05-19.13.37:248][  0]LogConfig: Setting CVar [[gc.NumRetriesBeforeForcingGC:10]]
[2020.04.05-19.13.37:248][  0]LogConfig: Setting CVar [[gc.AllowParallelGC:1]]
[2020.04.05-19.13.37:248][  0]LogConfig: Setting CVar [[gc.TimeBetweenPurgingPendingKillObjects:61.1]]
[2020.04.05-19.13.37:248][  0]LogConfig: Setting CVar [[gc.MaxObjectsInEditor:25165824]]
[2020.04.05-19.13.37:248][  0]LogConfig: Setting CVar [[gc.IncrementalBeginDestroyEnabled:1]]
[2020.04.05-19.13.37:248][  0]LogConfig: Setting CVar [[gc.CreateGCClusters:1]]
[2020.04.05-19.13.37:248][  0]LogConfig: Setting CVar [[gc.MinGCClusterSize:5]]
[2020.04.05-19.13.37:248][  0]LogConfig: Setting CVar [[gc.ActorClusteringEnabled:0]]
[2020.04.05-19.13.37:248][  0]LogConfig: Setting CVar [[gc.BlueprintClusteringEnabled:0]]
[2020.04.05-19.13.37:248][  0]LogConfig: Setting CVar [[gc.UseDisregardForGCOnDedicatedServers:0]]
[2020.04.05-19.13.37:248][  0]LogConfig: Applying CVar settings from Section [/Script/Engine.NetworkSettings] File [D:/GE2/GladiatorArena/HnS/Saved/Config/Windows/Engine.ini]
[2020.04.05-19.13.37:248][  0]LogConfig: Applying CVar settings from Section [/Script/UnrealEd.CookerSettings] File [D:/GE2/GladiatorArena/HnS/Saved/Config/Windows/Engine.ini]
[2020.04.05-19.13.37:258][  0]LogConfig: Applying CVar settings from Section [ViewDistanceQuality@3] File [D:/GE2/GladiatorArena/HnS/Saved/Config/Windows/Scalability.ini]
[2020.04.05-19.13.37:259][  0]LogConfig: Setting CVar [[r.SkeletalMeshLODBias:0]]
[2020.04.05-19.13.37:259][  0]LogConfig: Setting CVar [[r.ViewDistanceScale:1.0]]
[2020.04.05-19.13.37:259][  0]LogConfig: Applying CVar settings from Section [AntiAliasingQuality@3] File [D:/GE2/GladiatorArena/HnS/Saved/Config/Windows/Scalability.ini]
[2020.04.05-19.13.37:259][  0]LogConfig: Setting CVar [[r.PostProcessAAQuality:4]]
[2020.04.05-19.13.37:259][  0]LogConfig: Applying CVar settings from Section [ShadowQuality@3] File [D:/GE2/GladiatorArena/HnS/Saved/Config/Windows/Scalability.ini]
[2020.04.05-19.13.37:259][  0]LogConfig: Setting CVar [[r.LightFunctionQuality:1]]
[2020.04.05-19.13.37:259][  0]LogConfig: Setting CVar [[r.ShadowQuality:5]]
[2020.04.05-19.13.37:259][  0]LogConfig: Setting CVar [[r.Shadow.CSM.MaxCascades:10]]
[2020.04.05-19.13.37:259][  0]LogConfig: Setting CVar [[r.Shadow.MaxResolution:2048]]
[2020.04.05-19.13.37:259][  0]LogConfig: Setting CVar [[r.Shadow.MaxCSMResolution:2048]]
[2020.04.05-19.13.37:259][  0]LogConfig: Setting CVar [[r.Shadow.RadiusThreshold:0.01]]
[2020.04.05-19.13.37:259][  0]LogConfig: Setting CVar [[r.Shadow.DistanceScale:1.0]]
[2020.04.05-19.13.37:259][  0]LogConfig: Setting CVar [[r.Shadow.CSM.TransitionScale:1.0]]
[2020.04.05-19.13.37:259][  0]LogConfig: Setting CVar [[r.Shadow.PreShadowResolutionFactor:1.0]]
[2020.04.05-19.13.37:259][  0]LogConfig: Setting CVar [[r.DistanceFieldShadowing:1]]
[2020.04.05-19.13.37:259][  0]LogConfig: Setting CVar [[r.DistanceFieldAO:1]]
[2020.04.05-19.13.37:259][  0]LogConfig: Setting CVar [[r.AOQuality:2]]
[2020.04.05-19.13.37:259][  0]LogConfig: Setting CVar [[r.VolumetricFog:1]]
[2020.04.05-19.13.37:259][  0]LogConfig: Setting CVar [[r.VolumetricFog.GridPixelSize:8]]
[2020.04.05-19.13.37:259][  0]LogConfig: Setting CVar [[r.VolumetricFog.GridSizeZ:128]]
[2020.04.05-19.13.37:259][  0]LogConfig: Setting CVar [[r.VolumetricFog.HistoryMissSupersampleCount:4]]
[2020.04.05-19.13.37:259][  0]LogConfig: Setting CVar [[r.LightMaxDrawDistanceScale:1]]
[2020.04.05-19.13.37:260][  0]LogConfig: Setting CVar [[r.CapsuleShadows:1]]
[2020.04.05-19.13.37:260][  0]LogConfig: Applying CVar settings from Section [PostProcessQuality@3] File [D:/GE2/GladiatorArena/HnS/Saved/Config/Windows/Scalability.ini]
[2020.04.05-19.13.37:260][  0]LogConfig: Setting CVar [[r.MotionBlurQuality:4]]
[2020.04.05-19.13.37:260][  0]LogConfig: Setting CVar [[r.AmbientOcclusionMipLevelFactor:0.4]]
[2020.04.05-19.13.37:260][  0]LogConfig: Setting CVar [[r.AmbientOcclusionMaxQuality:100]]
[2020.04.05-19.13.37:260][  0]LogConfig: Setting CVar [[r.AmbientOcclusionLevels:-1]]
[2020.04.05-19.13.37:260][  0]LogConfig: Setting CVar [[r.AmbientOcclusionRadiusScale:1.0]]
[2020.04.05-19.13.37:260][  0]LogConfig: Setting CVar [[r.DepthOfFieldQuality:2]]
[2020.04.05-19.13.37:260][  0]LogConfig: Setting CVar [[r.RenderTargetPoolMin:400]]
[2020.04.05-19.13.37:260][  0]LogConfig: Setting CVar [[r.LensFlareQuality:2]]
[2020.04.05-19.13.37:260][  0]LogConfig: Setting CVar [[r.SceneColorFringeQuality:1]]
[2020.04.05-19.13.37:260][  0]LogConfig: Setting CVar [[r.EyeAdaptationQuality:2]]
[2020.04.05-19.13.37:260][  0]LogConfig: Setting CVar [[r.BloomQuality:5]]
[2020.04.05-19.13.37:260][  0]LogConfig: Setting CVar [[r.FastBlurThreshold:100]]
[2020.04.05-19.13.37:260][  0]LogConfig: Setting CVar [[r.Upscale.Quality:3]]
[2020.04.05-19.13.37:260][  0]LogConfig: Setting CVar [[r.Tonemapper.GrainQuantization:1]]
[2020.04.05-19.13.37:261][  0]LogConfig: Setting CVar [[r.LightShaftQuality:1]]
[2020.04.05-19.13.37:261][  0]LogConfig: Setting CVar [[r.Filter.SizeScale:1]]
[2020.04.05-19.13.37:261][  0]LogConfig: Setting CVar [[r.Tonemapper.Quality:5]]
[2020.04.05-19.13.37:261][  0]LogConfig: Setting CVar [[r.DOF.Gather.AccumulatorQuality:1        ; higher gathering accumulator quality]]
[2020.04.05-19.13.37:261][  0]LogConfig: Setting CVar [[r.DOF.Gather.PostfilterMethod:1          ; Median3x3 postfilering method]]
[2020.04.05-19.13.37:261][  0]LogConfig: Setting CVar [[r.DOF.Gather.EnableBokehSettings:0       ; no bokeh simulation when gathering]]
[2020.04.05-19.13.37:261][  0]LogConfig: Setting CVar [[r.DOF.Gather.RingCount:4                 ; medium number of samples when gathering]]
[2020.04.05-19.13.37:261][  0]LogConfig: Setting CVar [[r.DOF.Scatter.ForegroundCompositing:1    ; additive foreground scattering]]
[2020.04.05-19.13.37:261][  0]LogConfig: Setting CVar [[r.DOF.Scatter.BackgroundCompositing:2    ; additive background scattering]]
[2020.04.05-19.13.37:261][  0]LogConfig: Setting CVar [[r.DOF.Scatter.EnableBokehSettings:1      ; bokeh simulation when scattering]]
[2020.04.05-19.13.37:261][  0]LogConfig: Setting CVar [[r.DOF.Scatter.MaxSpriteRatio:0.1         ; only a maximum of 10% of scattered bokeh]]
[2020.04.05-19.13.37:261][  0]LogConfig: Setting CVar [[r.DOF.Recombine.Quality:1                ; cheap slight out of focus]]
[2020.04.05-19.13.37:261][  0]LogConfig: Setting CVar [[r.DOF.Recombine.EnableBokehSettings:0    ; no bokeh simulation on slight out of focus]]
[2020.04.05-19.13.37:261][  0]LogConfig: Setting CVar [[r.DOF.TemporalAAQuality:1                ; more stable temporal accumulation]]
[2020.04.05-19.13.37:261][  0]LogConfig: Setting CVar [[r.DOF.Kernel.MaxForegroundRadius:0.025]]
[2020.04.05-19.13.37:261][  0]LogConfig: Setting CVar [[r.DOF.Kernel.MaxBackgroundRadius:0.025]]
[2020.04.05-19.13.37:261][  0]LogConfig: Applying CVar settings from Section [TextureQuality@3] File [D:/GE2/GladiatorArena/HnS/Saved/Config/Windows/Scalability.ini]
[2020.04.05-19.13.37:261][  0]LogConfig: Setting CVar [[r.Streaming.MipBias:0]]
[2020.04.05-19.13.37:261][  0]LogConfig: Setting CVar [[r.Streaming.AmortizeCPUToGPUCopy:0]]
[2020.04.05-19.13.37:261][  0]LogConfig: Setting CVar [[r.Streaming.MaxNumTexturesToStreamPerFrame:0]]
[2020.04.05-19.13.37:261][  0]LogConfig: Setting CVar [[r.Streaming.Boost:1]]
[2020.04.05-19.13.37:261][  0]LogConfig: Setting CVar [[r.MaxAnisotropy:8]]
[2020.04.05-19.13.37:261][  0]LogConfig: Setting CVar [[r.VT.MaxAnisotropy:8]]
[2020.04.05-19.13.37:261][  0]LogConfig: Setting CVar [[r.Streaming.LimitPoolSizeToVRAM:0]]
[2020.04.05-19.13.37:261][  0]LogConfig: Setting CVar [[r.Streaming.PoolSize:1000]]
[2020.04.05-19.13.37:261][  0]LogConfig: Setting CVar [[r.Streaming.MaxEffectiveScreenSize:0]]
[2020.04.05-19.13.37:262][  0]LogConfig: Applying CVar settings from Section [EffectsQuality@3] File [D:/GE2/GladiatorArena/HnS/Saved/Config/Windows/Scalability.ini]
[2020.04.05-19.13.37:262][  0]LogConfig: Setting CVar [[r.TranslucencyLightingVolumeDim:64]]
[2020.04.05-19.13.37:262][  0]LogConfig: Setting CVar [[r.RefractionQuality:2]]
[2020.04.05-19.13.37:262][  0]LogConfig: Setting CVar [[r.SSR.Quality:3]]
[2020.04.05-19.13.37:262][  0]LogConfig: Setting CVar [[r.SSR.HalfResSceneColor:0]]
[2020.04.05-19.13.37:262][  0]LogConfig: Setting CVar [[r.SceneColorFormat:4]]
[2020.04.05-19.13.37:262][  0]LogConfig: Setting CVar [[r.DetailMode:2]]
[2020.04.05-19.13.37:262][  0]LogConfig: Setting CVar [[r.TranslucencyVolumeBlur:1]]
[2020.04.05-19.13.37:262][  0]LogConfig: Setting CVar [[r.MaterialQualityLevel:1 ; High quality]]
[2020.04.05-19.13.37:262][  0]LogConfig: Setting CVar [[r.SSS.Scale:1]]
[2020.04.05-19.13.37:262][  0]LogConfig: Setting CVar [[r.SSS.SampleSet:2]]
[2020.04.05-19.13.37:262][  0]LogConfig: Setting CVar [[r.SSS.Quality:1]]
[2020.04.05-19.13.37:262][  0]LogConfig: Setting CVar [[r.SSS.HalfRes:1]]
[2020.04.05-19.13.37:262][  0]LogConfig: Setting CVar [[r.SSGI.Quality:3]]
[2020.04.05-19.13.37:262][  0]LogConfig: Setting CVar [[r.EmitterSpawnRateScale:1.0]]
[2020.04.05-19.13.37:262][  0]LogConfig: Setting CVar [[r.ParticleLightQuality:2]]
[2020.04.05-19.13.37:262][  0]LogConfig: Setting CVar [[r.SkyAtmosphere.AerialPerspectiveLUT.FastApplyOnOpaque:1 ; Always have FastSkyLUT 1 in this case to avoid wrong sky]]
[2020.04.05-19.13.37:262][  0]LogConfig: Setting CVar [[r.SkyAtmosphere.AerialPerspectiveLUT.SampleCountPerSlice:1]]
[2020.04.05-19.13.37:262][  0]LogConfig: Setting CVar [[r.SkyAtmosphere.AerialPerspectiveLUT.DepthResolution:16.0]]
[2020.04.05-19.13.37:263][  0]LogConfig: Setting CVar [[r.SkyAtmosphere.FastSkyLUT:1]]
[2020.04.05-19.13.37:263][  0]LogConfig: Setting CVar [[r.SkyAtmosphere.FastSkyLUT.SampleCountMin:4.0]]
[2020.04.05-19.13.37:263][  0]LogConfig: Setting CVar [[r.SkyAtmosphere.FastSkyLUT.SampleCountMax:32.0]]
[2020.04.05-19.13.37:263][  0]LogConfig: Setting CVar [[r.SkyAtmosphere.SampleCountMin:4.0]]
[2020.04.05-19.13.37:263][  0]LogConfig: Setting CVar [[r.SkyAtmosphere.SampleCountMax:32.0]]
[2020.04.05-19.13.37:263][  0]LogConfig: Setting CVar [[r.SkyAtmosphere.TransmittanceLUT.UseSmallFormat:0]]
[2020.04.05-19.13.37:263][  0]LogConfig: Setting CVar [[r.SkyAtmosphere.TransmittanceLUT.SampleCount:10.0]]
[2020.04.05-19.13.37:263][  0]LogConfig: Setting CVar [[r.SkyAtmosphere.MultiScatteringLUT.SampleCount:15.0]]
[2020.04.05-19.13.37:263][  0]LogConfig: Applying CVar settings from Section [FoliageQuality@3] File [D:/GE2/GladiatorArena/HnS/Saved/Config/Windows/Scalability.ini]
[2020.04.05-19.13.37:263][  0]LogConfig: Setting CVar [[foliage.DensityScale:1.0]]
[2020.04.05-19.13.37:263][  0]LogConfig: Setting CVar [[grass.DensityScale:1.0]]
[2020.04.05-19.13.37:263][  0]LogConfig: Applying CVar settings from Section [ShadingQuality@3] File [D:/GE2/GladiatorArena/HnS/Saved/Config/Windows/Scalability.ini]
[2020.04.05-19.13.37:263][  0]LogConfig: Setting CVar [[r.HairStrands.SkyLighting.SampleCount:16]]
[2020.04.05-19.13.37:263][  0]LogConfig: Setting CVar [[r.HairStrands.SkyLighting.JitterIntegration:0]]
[2020.04.05-19.13.37:263][  0]LogConfig: Setting CVar [[r.HairStrands.SkyAO.SampleCount:16]]
[2020.04.05-19.13.37:263][  0]LogInit: Selected Device Profile: [Windows]
[2020.04.05-19.13.37:263][  0]LogInit: Applying CVar settings loaded from the selected device profile: [Windows]
[2020.04.05-19.13.37:268][  0]LogHAL: Display: Platform has ~ 8 GB [8545746944 / 8589934592 / 8], which maps to Default [LargestMinGB=32, LargerMinGB=12, DefaultMinGB=8, SmallerMinGB=6, SmallestMinGB=0)
[2020.04.05-19.13.37:268][  0]LogInit: Going up to parent DeviceProfile []
[2020.04.05-19.13.37:268][  0]LogConfig: Applying CVar settings from Section [ViewDistanceQuality@3] File [D:/GE2/GladiatorArena/HnS/Saved/Config/Windows/Scalability.ini]
[2020.04.05-19.13.37:268][  0]LogConfig: Setting CVar [[r.SkeletalMeshLODBias:0]]
[2020.04.05-19.13.37:268][  0]LogConfig: Setting CVar [[r.ViewDistanceScale:1.0]]
[2020.04.05-19.13.37:268][  0]LogConfig: Applying CVar settings from Section [AntiAliasingQuality@3] File [D:/GE2/GladiatorArena/HnS/Saved/Config/Windows/Scalability.ini]
[2020.04.05-19.13.37:268][  0]LogConfig: Setting CVar [[r.PostProcessAAQuality:4]]
[2020.04.05-19.13.37:268][  0]LogConfig: Applying CVar settings from Section [ShadowQuality@3] File [D:/GE2/GladiatorArena/HnS/Saved/Config/Windows/Scalability.ini]
[2020.04.05-19.13.37:268][  0]LogConfig: Setting CVar [[r.LightFunctionQuality:1]]
[2020.04.05-19.13.37:268][  0]LogConfig: Setting CVar [[r.ShadowQuality:5]]
[2020.04.05-19.13.37:268][  0]LogConfig: Setting CVar [[r.Shadow.CSM.MaxCascades:10]]
[2020.04.05-19.13.37:268][  0]LogConfig: Setting CVar [[r.Shadow.MaxResolution:2048]]
[2020.04.05-19.13.37:268][  0]LogConfig: Setting CVar [[r.Shadow.MaxCSMResolution:2048]]
[2020.04.05-19.13.37:268][  0]LogConfig: Setting CVar [[r.Shadow.RadiusThreshold:0.01]]
[2020.04.05-19.13.37:268][  0]LogConfig: Setting CVar [[r.Shadow.DistanceScale:1.0]]
[2020.04.05-19.13.37:268][  0]LogConfig: Setting CVar [[r.Shadow.CSM.TransitionScale:1.0]]
[2020.04.05-19.13.37:268][  0]LogConfig: Setting CVar [[r.Shadow.PreShadowResolutionFactor:1.0]]
[2020.04.05-19.13.37:268][  0]LogConfig: Setting CVar [[r.DistanceFieldShadowing:1]]
[2020.04.05-19.13.37:268][  0]LogConfig: Setting CVar [[r.DistanceFieldAO:1]]
[2020.04.05-19.13.37:268][  0]LogConfig: Setting CVar [[r.AOQuality:2]]
[2020.04.05-19.13.37:268][  0]LogConfig: Setting CVar [[r.VolumetricFog:1]]
[2020.04.05-19.13.37:268][  0]LogConfig: Setting CVar [[r.VolumetricFog.GridPixelSize:8]]
[2020.04.05-19.13.37:268][  0]LogConfig: Setting CVar [[r.VolumetricFog.GridSizeZ:128]]
[2020.04.05-19.13.37:268][  0]LogConfig: Setting CVar [[r.VolumetricFog.HistoryMissSupersampleCount:4]]
[2020.04.05-19.13.37:268][  0]LogConfig: Setting CVar [[r.LightMaxDrawDistanceScale:1]]
[2020.04.05-19.13.37:268][  0]LogConfig: Setting CVar [[r.CapsuleShadows:1]]
[2020.04.05-19.13.37:268][  0]LogConfig: Applying CVar settings from Section [PostProcessQuality@3] File [D:/GE2/GladiatorArena/HnS/Saved/Config/Windows/Scalability.ini]
[2020.04.05-19.13.37:268][  0]LogConfig: Setting CVar [[r.MotionBlurQuality:4]]
[2020.04.05-19.13.37:268][  0]LogConfig: Setting CVar [[r.AmbientOcclusionMipLevelFactor:0.4]]
[2020.04.05-19.13.37:268][  0]LogConfig: Setting CVar [[r.AmbientOcclusionMaxQuality:100]]
[2020.04.05-19.13.37:268][  0]LogConfig: Setting CVar [[r.AmbientOcclusionLevels:-1]]
[2020.04.05-19.13.37:269][  0]LogConfig: Setting CVar [[r.AmbientOcclusionRadiusScale:1.0]]
[2020.04.05-19.13.37:269][  0]LogConfig: Setting CVar [[r.DepthOfFieldQuality:2]]
[2020.04.05-19.13.37:269][  0]LogConfig: Setting CVar [[r.RenderTargetPoolMin:400]]
[2020.04.05-19.13.37:269][  0]LogConfig: Setting CVar [[r.LensFlareQuality:2]]
[2020.04.05-19.13.37:269][  0]LogConfig: Setting CVar [[r.SceneColorFringeQuality:1]]
[2020.04.05-19.13.37:269][  0]LogConfig: Setting CVar [[r.EyeAdaptationQuality:2]]
[2020.04.05-19.13.37:269][  0]LogConfig: Setting CVar [[r.BloomQuality:5]]
[2020.04.05-19.13.37:269][  0]LogConfig: Setting CVar [[r.FastBlurThreshold:100]]
[2020.04.05-19.13.37:269][  0]LogConfig: Setting CVar [[r.Upscale.Quality:3]]
[2020.04.05-19.13.37:269][  0]LogConfig: Setting CVar [[r.Tonemapper.GrainQuantization:1]]
[2020.04.05-19.13.37:269][  0]LogConfig: Setting CVar [[r.LightShaftQuality:1]]
[2020.04.05-19.13.37:269][  0]LogConfig: Setting CVar [[r.Filter.SizeScale:1]]
[2020.04.05-19.13.37:269][  0]LogConfig: Setting CVar [[r.Tonemapper.Quality:5]]
[2020.04.05-19.13.37:269][  0]LogConfig: Setting CVar [[r.DOF.Gather.AccumulatorQuality:1        ; higher gathering accumulator quality]]
[2020.04.05-19.13.37:269][  0]LogConfig: Setting CVar [[r.DOF.Gather.PostfilterMethod:1          ; Median3x3 postfilering method]]
[2020.04.05-19.13.37:269][  0]LogConfig: Setting CVar [[r.DOF.Gather.EnableBokehSettings:0       ; no bokeh simulation when gathering]]
[2020.04.05-19.13.37:269][  0]LogConfig: Setting CVar [[r.DOF.Gather.RingCount:4                 ; medium number of samples when gathering]]
[2020.04.05-19.13.37:269][  0]LogConfig: Setting CVar [[r.DOF.Scatter.ForegroundCompositing:1    ; additive foreground scattering]]
[2020.04.05-19.13.37:269][  0]LogConfig: Setting CVar [[r.DOF.Scatter.BackgroundCompositing:2    ; additive background scattering]]
[2020.04.05-19.13.37:269][  0]LogConfig: Setting CVar [[r.DOF.Scatter.EnableBokehSettings:1      ; bokeh simulation when scattering]]
[2020.04.05-19.13.37:269][  0]LogConfig: Setting CVar [[r.DOF.Scatter.MaxSpriteRatio:0.1         ; only a maximum of 10% of scattered bokeh]]
[2020.04.05-19.13.37:269][  0]LogConfig: Setting CVar [[r.DOF.Recombine.Quality:1                ; cheap slight out of focus]]
[2020.04.05-19.13.37:269][  0]LogConfig: Setting CVar [[r.DOF.Recombine.EnableBokehSettings:0    ; no bokeh simulation on slight out of focus]]
[2020.04.05-19.13.37:269][  0]LogConfig: Setting CVar [[r.DOF.TemporalAAQuality:1                ; more stable temporal accumulation]]
[2020.04.05-19.13.37:269][  0]LogConfig: Setting CVar [[r.DOF.Kernel.MaxForegroundRadius:0.025]]
[2020.04.05-19.13.37:269][  0]LogConfig: Setting CVar [[r.DOF.Kernel.MaxBackgroundRadius:0.025]]
[2020.04.05-19.13.37:269][  0]LogConfig: Applying CVar settings from Section [TextureQuality@3] File [D:/GE2/GladiatorArena/HnS/Saved/Config/Windows/Scalability.ini]
[2020.04.05-19.13.37:269][  0]LogConfig: Setting CVar [[r.Streaming.MipBias:0]]
[2020.04.05-19.13.37:269][  0]LogConfig: Setting CVar [[r.Streaming.AmortizeCPUToGPUCopy:0]]
[2020.04.05-19.13.37:269][  0]LogConfig: Setting CVar [[r.Streaming.MaxNumTexturesToStreamPerFrame:0]]
[2020.04.05-19.13.37:269][  0]LogConfig: Setting CVar [[r.Streaming.Boost:1]]
[2020.04.05-19.13.37:269][  0]LogConfig: Setting CVar [[r.MaxAnisotropy:8]]
[2020.04.05-19.13.37:269][  0]LogConfig: Setting CVar [[r.VT.MaxAnisotropy:8]]
[2020.04.05-19.13.37:269][  0]LogConfig: Setting CVar [[r.Streaming.LimitPoolSizeToVRAM:0]]
[2020.04.05-19.13.37:269][  0]LogConfig: Setting CVar [[r.Streaming.PoolSize:1000]]
[2020.04.05-19.13.37:269][  0]LogConfig: Setting CVar [[r.Streaming.MaxEffectiveScreenSize:0]]
[2020.04.05-19.13.37:269][  0]LogConfig: Applying CVar settings from Section [EffectsQuality@3] File [D:/GE2/GladiatorArena/HnS/Saved/Config/Windows/Scalability.ini]
[2020.04.05-19.13.37:269][  0]LogConfig: Setting CVar [[r.TranslucencyLightingVolumeDim:64]]
[2020.04.05-19.13.37:269][  0]LogConfig: Setting CVar [[r.RefractionQuality:2]]
[2020.04.05-19.13.37:269][  0]LogConfig: Setting CVar [[r.SSR.Quality:3]]
[2020.04.05-19.13.37:269][  0]LogConfig: Setting CVar [[r.SSR.HalfResSceneColor:0]]
[2020.04.05-19.13.37:269][  0]LogConfig: Setting CVar [[r.SceneColorFormat:4]]
[2020.04.05-19.13.37:269][  0]LogConfig: Setting CVar [[r.DetailMode:2]]
[2020.04.05-19.13.37:269][  0]LogConfig: Setting CVar [[r.TranslucencyVolumeBlur:1]]
[2020.04.05-19.13.37:269][  0]LogConfig: Setting CVar [[r.MaterialQualityLevel:1 ; High quality]]
[2020.04.05-19.13.37:270][  0]LogConfig: Setting CVar [[r.SSS.Scale:1]]
[2020.04.05-19.13.37:270][  0]LogConfig: Setting CVar [[r.SSS.SampleSet:2]]
[2020.04.05-19.13.37:270][  0]LogConfig: Setting CVar [[r.SSS.Quality:1]]
[2020.04.05-19.13.37:270][  0]LogConfig: Setting CVar [[r.SSS.HalfRes:1]]
[2020.04.05-19.13.37:270][  0]LogConfig: Setting CVar [[r.SSGI.Quality:3]]
[2020.04.05-19.13.37:270][  0]LogConfig: Setting CVar [[r.EmitterSpawnRateScale:1.0]]
[2020.04.05-19.13.37:270][  0]LogConfig: Setting CVar [[r.ParticleLightQuality:2]]
[2020.04.05-19.13.37:270][  0]LogConfig: Setting CVar [[r.SkyAtmosphere.AerialPerspectiveLUT.FastApplyOnOpaque:1 ; Always have FastSkyLUT 1 in this case to avoid wrong sky]]
[2020.04.05-19.13.37:270][  0]LogConfig: Setting CVar [[r.SkyAtmosphere.AerialPerspectiveLUT.SampleCountPerSlice:1]]
[2020.04.05-19.13.37:270][  0]LogConfig: Setting CVar [[r.SkyAtmosphere.AerialPerspectiveLUT.DepthResolution:16.0]]
[2020.04.05-19.13.37:270][  0]LogConfig: Setting CVar [[r.SkyAtmosphere.FastSkyLUT:1]]
[2020.04.05-19.13.37:270][  0]LogConfig: Setting CVar [[r.SkyAtmosphere.FastSkyLUT.SampleCountMin:4.0]]
[2020.04.05-19.13.37:270][  0]LogConfig: Setting CVar [[r.SkyAtmosphere.FastSkyLUT.SampleCountMax:32.0]]
[2020.04.05-19.13.37:270][  0]LogConfig: Setting CVar [[r.SkyAtmosphere.SampleCountMin:4.0]]
[2020.04.05-19.13.37:270][  0]LogConfig: Setting CVar [[r.SkyAtmosphere.SampleCountMax:32.0]]
[2020.04.05-19.13.37:270][  0]LogConfig: Setting CVar [[r.SkyAtmosphere.TransmittanceLUT.UseSmallFormat:0]]
[2020.04.05-19.13.37:270][  0]LogConfig: Setting CVar [[r.SkyAtmosphere.TransmittanceLUT.SampleCount:10.0]]
[2020.04.05-19.13.37:270][  0]LogConfig: Setting CVar [[r.SkyAtmosphere.MultiScatteringLUT.SampleCount:15.0]]
[2020.04.05-19.13.37:270][  0]LogConfig: Applying CVar settings from Section [FoliageQuality@3] File [D:/GE2/GladiatorArena/HnS/Saved/Config/Windows/Scalability.ini]
[2020.04.05-19.13.37:270][  0]LogConfig: Setting CVar [[foliage.DensityScale:1.0]]
[2020.04.05-19.13.37:270][  0]LogConfig: Setting CVar [[grass.DensityScale:1.0]]
[2020.04.05-19.13.37:270][  0]LogConfig: Applying CVar settings from Section [ShadingQuality@3] File [D:/GE2/GladiatorArena/HnS/Saved/Config/Windows/Scalability.ini]
[2020.04.05-19.13.37:270][  0]LogConfig: Setting CVar [[r.HairStrands.SkyLighting.SampleCount:16]]
[2020.04.05-19.13.37:270][  0]LogConfig: Setting CVar [[r.HairStrands.SkyLighting.JitterIntegration:0]]
[2020.04.05-19.13.37:270][  0]LogConfig: Setting CVar [[r.HairStrands.SkyAO.SampleCount:16]]
[2020.04.05-19.13.37:270][  0]LogConfig: Applying CVar settings from Section [Startup] File [../../../Engine/Config/ConsoleVariables.ini]
[2020.04.05-19.13.37:270][  0]LogConfig: Setting CVar [[net.UseAdaptiveNetUpdateFrequency:0]]
[2020.04.05-19.13.37:270][  0]LogConfig: Setting CVar [[p.chaos.AllowCreatePhysxBodies:1]]
[2020.04.05-19.13.37:270][  0]LogConfig: Applying CVar settings from Section [ConsoleVariables] File [D:/GE2/GladiatorArena/HnS/Saved/Config/Windows/Engine.ini]
[2020.04.05-19.13.37:271][  0]LogInit: Computer: DESKTOP-6QH7KC7
[2020.04.05-19.13.37:271][  0]LogInit: User: Dani
[2020.04.05-19.13.37:271][  0]LogInit: CPU Page size=4096, Cores=3
[2020.04.05-19.13.37:271][  0]LogInit: High frequency timer resolution =10.000000 MHz
[2020.04.05-19.13.37:271][  0]LogMemory: Memory total: Physical=8.0GB (8GB approx)
[2020.04.05-19.13.37:271][  0]LogMemory: Platform Memory Stats for Windows
[2020.04.05-19.13.37:271][  0]LogMemory: Process Physical Memory: 105.39 MB used, 105.39 MB peak
[2020.04.05-19.13.37:271][  0]LogMemory: Process Virtual Memory: 100.35 MB used, 100.35 MB peak
[2020.04.05-19.13.37:271][  0]LogMemory: Physical Memory: 4644.01 MB used,  3505.85 MB free, 8149.86 MB total
[2020.04.05-19.13.37:271][  0]LogMemory: Virtual Memory: 5127.68 MB used,  134212600.00 MB free, 134217728.00 MB total
[2020.04.05-19.13.37:276][  0]LogWindows: WindowsPlatformFeatures enabled
[2020.04.05-19.13.37:300][  0]LogInit: Overriding language with editor language configuration option (en).
[2020.04.05-19.13.37:300][  0]LogInit: Overriding locale with editor culture configuration option ().
[2020.04.05-19.13.37:300][  0]LogInit: Using OS detected locale (es-ES).
[2020.04.05-19.13.37:654][  0]LogInit: Setting process to per monitor DPI aware
[2020.04.05-19.13.37:726][  0]LogSlate: New Slate User Created.  User Index 0, Is Virtual User: 0
[2020.04.05-19.13.37:726][  0]LogSlate: Slate User Registered.  User Index 0, Is Virtual User: 0
[2020.04.05-19.13.37:996][  0]LogHMD: Failed to initialize OpenVR with code 110
[2020.04.05-19.13.37:996][  0]LogD3D11RHI: D3D11 min allowed feature level: 11_0
[2020.04.05-19.13.37:996][  0]LogD3D11RHI: D3D11 max allowed feature level: 11_0
[2020.04.05-19.13.37:996][  0]LogD3D11RHI: D3D11 adapters:
[2020.04.05-19.13.38:152][  0]LogD3D11RHI:    0. 'NVIDIA GeForce GTX 950' (Feature Level 11_0)
[2020.04.05-19.13.38:152][  0]LogD3D11RHI:       2007/0/4074 MB DedicatedVideo/DedicatedSystem/SharedSystem, Outputs:2, VendorId:0x10de
[2020.04.05-19.13.38:156][  0]LogD3D11RHI:    1. 'Microsoft Basic Render Driver' (Feature Level 11_0)
[2020.04.05-19.13.38:156][  0]LogD3D11RHI:       0/0/4074 MB DedicatedVideo/DedicatedSystem/SharedSystem, Outputs:0, VendorId:0x1414
[2020.04.05-19.13.38:156][  0]LogD3D11RHI: Chosen D3D11 Adapter: 0
[2020.04.05-19.13.38:170][  0]LogD3D11RHI: Creating new Direct3DDevice
[2020.04.05-19.13.38:171][  0]LogD3D11RHI:     GPU DeviceId: 0x1402 (for the marketing name, search the web for "GPU Device Id")
[2020.04.05-19.13.38:171][  0]LogWindows: EnumDisplayDevices:
[2020.04.05-19.13.38:171][  0]LogWindows:    0. 'NVIDIA GeForce GTX 950' (P:1 D:1)
[2020.04.05-19.13.38:172][  0]LogWindows:    1. 'NVIDIA GeForce GTX 950' (P:0 D:1)
[2020.04.05-19.13.38:172][  0]LogWindows:    2. 'NVIDIA GeForce GTX 950' (P:0 D:0)
[2020.04.05-19.13.38:173][  0]LogWindows:    3. 'NVIDIA GeForce GTX 950' (P:0 D:0)
[2020.04.05-19.13.38:174][  0]LogWindows: DebugString: FoundDriverCount:4 
[2020.04.05-19.13.38:174][  0]LogD3D11RHI:     Adapter Name: NVIDIA GeForce GTX 950
[2020.04.05-19.13.38:174][  0]LogD3D11RHI:   Driver Version: 442.59 (internal:26.21.14.4259, unified:442.59)
[2020.04.05-19.13.38:174][  0]LogD3D11RHI:      Driver Date: 3-4-2020
[2020.04.05-19.13.38:174][  0]LogRHI: Texture pool is 1405 MB (70% of 2007 MB)
[2020.04.05-19.13.38:264][  0]LogD3D11RHI: RHI has support for 64 bit atomics
[2020.04.05-19.13.38:264][  0]LogD3D11RHI: Async texture creation enabled
[2020.04.05-19.13.38:286][  0]LogD3D11RHI: GPU Timing Frequency: 1000.000000 (Debug: 2 1)
[2020.04.05-19.13.38:938][  0]LogTargetPlatformManager: Display: Loaded TargetPlatform 'AllDesktop'
[2020.04.05-19.13.38:988][  0]LogTargetPlatformManager: Display: Loaded TargetPlatform 'Android'
[2020.04.05-19.13.38:988][  0]LogTargetPlatformManager: Display: Loaded TargetPlatform 'Android_ASTC'
[2020.04.05-19.13.38:988][  0]LogTargetPlatformManager: Display: Loaded TargetPlatform 'Android_ATC'
[2020.04.05-19.13.38:988][  0]LogTargetPlatformManager: Display: Loaded TargetPlatform 'Android_DXT'
[2020.04.05-19.13.38:988][  0]LogTargetPlatformManager: Display: Loaded TargetPlatform 'Android_ETC1'
[2020.04.05-19.13.38:988][  0]LogTargetPlatformManager: Display: Loaded TargetPlatform 'Android_ETC1a'
[2020.04.05-19.13.38:988][  0]LogTargetPlatformManager: Display: Loaded TargetPlatform 'Android_ETC2'
[2020.04.05-19.13.38:988][  0]LogTargetPlatformManager: Display: Loaded TargetPlatform 'Android_PVRTC'
[2020.04.05-19.13.38:988][  0]LogTargetPlatformManager: Display: Loaded TargetPlatform 'AndroidClient'
[2020.04.05-19.13.38:988][  0]LogTargetPlatformManager: Display: Loaded TargetPlatform 'Android_ASTCClient'
[2020.04.05-19.13.38:988][  0]LogTargetPlatformManager: Display: Loaded TargetPlatform 'Android_ATCClient'
[2020.04.05-19.13.38:988][  0]LogTargetPlatformManager: Display: Loaded TargetPlatform 'Android_DXTClient'
[2020.04.05-19.13.38:988][  0]LogTargetPlatformManager: Display: Loaded TargetPlatform 'Android_ETC1Client'
[2020.04.05-19.13.38:988][  0]LogTargetPlatformManager: Display: Loaded TargetPlatform 'Android_ETC1aClient'
[2020.04.05-19.13.38:988][  0]LogTargetPlatformManager: Display: Loaded TargetPlatform 'Android_ETC2Client'
[2020.04.05-19.13.38:988][  0]LogTargetPlatformManager: Display: Loaded TargetPlatform 'Android_PVRTCClient'
[2020.04.05-19.13.38:988][  0]LogTargetPlatformManager: Display: Loaded TargetPlatform 'Android_Multi'
[2020.04.05-19.13.38:988][  0]LogTargetPlatformManager: Display: Loaded TargetPlatform 'Android_MultiClient'
[2020.04.05-19.13.39:018][  0]LogTargetPlatformManager: Display: Loaded TargetPlatform 'IOSClient'
[2020.04.05-19.13.39:018][  0]LogTargetPlatformManager: Display: Loaded TargetPlatform 'IOS'
[2020.04.05-19.13.39:029][  0]LogTargetPlatformManager: Display: Loaded TargetPlatform 'LinuxNoEditor'
[2020.04.05-19.13.39:040][  0]LogTargetPlatformManager: Display: Loaded TargetPlatform 'LinuxClient'
[2020.04.05-19.13.39:051][  0]LogTargetPlatformManager: Display: Loaded TargetPlatform 'LinuxServer'
[2020.04.05-19.13.39:062][  0]LogTargetPlatformManager: Display: Loaded TargetPlatform 'LinuxAArch64NoEditor'
[2020.04.05-19.13.39:073][  0]LogTargetPlatformManager: Display: Loaded TargetPlatform 'LinuxAArch64Client'
[2020.04.05-19.13.39:085][  0]LogTargetPlatformManager: Display: Loaded TargetPlatform 'LinuxAArch64Server'
[2020.04.05-19.13.39:123][  0]LogTargetPlatformManager: Display: Loaded TargetPlatform 'Lumin'
[2020.04.05-19.13.39:123][  0]LogTargetPlatformManager: Display: Loaded TargetPlatform 'LuminClient'
[2020.04.05-19.13.39:145][  0]LogTargetPlatformManager: Display: Loaded TargetPlatform 'TVOSClient'
[2020.04.05-19.13.39:145][  0]LogTargetPlatformManager: Display: Loaded TargetPlatform 'TVOS'
[2020.04.05-19.13.39:157][  0]LogTargetPlatformManager: Display: Loaded TargetPlatform 'WindowsNoEditor'
[2020.04.05-19.13.39:170][  0]LogTargetPlatformManager: Display: Loaded TargetPlatform 'Windows'
[2020.04.05-19.13.39:183][  0]LogTargetPlatformManager: Display: Loaded TargetPlatform 'WindowsClient'
[2020.04.05-19.13.39:196][  0]LogTargetPlatformManager: Display: Loaded TargetPlatform 'WindowsServer'
[2020.04.05-19.13.39:196][  0]LogTargetPlatformManager: Display: Building Assets For Windows
[2020.04.05-19.13.39:200][  0]LogAudioDebug: Display: Lib vorbis DLL was dynamically loaded.
[2020.04.05-19.13.39:235][  0]LogShaderCompilers: Guid format shader working directory is 7 characters bigger than the processId version (../../../../../GE2/GladiatorArena/HnS/Intermediate/Shaders/WorkingDirectory/12596/).
[2020.04.05-19.13.39:235][  0]LogShaderCompilers: Cleaned the shader compiler working directory 'C:/Users/Dani/AppData/Local/Temp/UnrealShaderWorkingDir/A595654544F1020AEF0CA195F1AD6D35/'.
[2020.04.05-19.13.39:236][  0]LogXGEController: Cannot use XGE Controller as Incredibuild is not installed on this machine.
[2020.04.05-19.13.39:236][  0]LogShaderCompilers: Cannot use XGE Shader Compiler as Incredibuild is not installed on this machine.
[2020.04.05-19.13.39:236][  0]LogShaderCompilers: Display: Using Local Shader Compiler.
[2020.04.05-19.13.40:739][  0]LogDerivedDataCache: Display: Max Cache Size: 512 MB
[2020.04.05-19.13.40:887][  0]LogDerivedDataCache: Loaded boot cache 0.15s 78MB C:/Users/Dani/AppData/Local/UnrealEngine/4.24/DerivedDataCache/Boot.ddc.
[2020.04.05-19.13.40:888][  0]LogDerivedDataCache: Display: Loaded Boot cache: C:/Users/Dani/AppData/Local/UnrealEngine/4.24/DerivedDataCache/Boot.ddc
[2020.04.05-19.13.40:888][  0]LogDerivedDataCache: FDerivedDataBackendGraph:  Pak pak cache file ../../../../../GE2/GladiatorArena/HnS/DerivedDataCache/DDC.ddp not found, will not use a pak cache.
[2020.04.05-19.13.40:888][  0]LogDerivedDataCache: Unable to find inner node Pak for hierarchical cache Hierarchy.
[2020.04.05-19.13.40:888][  0]LogDerivedDataCache: FDerivedDataBackendGraph:  CompressedPak pak cache file ../../../../../GE2/GladiatorArena/HnS/DerivedDataCache/Compressed.ddp not found, will not use a pak cache.
[2020.04.05-19.13.40:888][  0]LogDerivedDataCache: Unable to find inner node CompressedPak for hierarchical cache Hierarchy.
[2020.04.05-19.13.40:903][  0]LogDerivedDataCache: Display: Pak cache opened for reading ../../../Engine/DerivedDataCache/Compressed.ddp.
[2020.04.05-19.13.40:903][  0]LogDerivedDataCache: FDerivedDataBackendGraph:  EnterprisePak pak cache file ../../../Enterprise/DerivedDataCache/Compressed.ddp not found, will not use a pak cache.
[2020.04.05-19.13.40:903][  0]LogDerivedDataCache: Unable to find inner node EnterprisePak for hierarchical cache Hierarchy.
[2020.04.05-19.13.40:905][  0]LogDerivedDataCache: Using Local data cache path C:/Users/Dani/AppData/Local/UnrealEngine/Common/DerivedDataCache: Writable
[2020.04.05-19.13.40:905][  0]LogDerivedDataCache: Shared data cache path not found in *engine.ini, will not use an Shared cache.
[2020.04.05-19.13.40:905][  0]LogDerivedDataCache: Unable to find inner node Shared for hierarchical cache Hierarchy.
[2020.04.05-19.13.40:955][  0]LogMaterial: Verifying Global Shaders for PCD3D_SM5
[2020.04.05-19.13.40:960][  0]LogSlate: Using FreeType 2.10.0
[2020.04.05-19.13.40:961][  0]LogSlate: SlateFontServices - WITH_FREETYPE: 1, WITH_HARFBUZZ: 1
[2020.04.05-19.13.41:039][  0]LogAssetRegistry: FAssetRegistry took 0.0038 seconds to start up
[2020.04.05-19.13.41:634][  0]LogInit: Selected Device Profile: [Windows]
[2020.04.05-19.13.41:908][  0]LogMeshReduction: Using QuadricMeshReduction for automatic static mesh reduction
[2020.04.05-19.13.41:908][  0]LogMeshReduction: Using SimplygonMeshReduction for automatic skeletal mesh reduction
[2020.04.05-19.13.41:908][  0]LogMeshReduction: Using ProxyLODMeshReduction for automatic mesh merging
[2020.04.05-19.13.41:909][  0]LogMeshReduction: No distributed automatic mesh merging module available
[2020.04.05-19.13.41:909][  0]LogMeshMerging: No distributed automatic mesh merging module available
[2020.04.05-19.13.41:931][  0]LogNetVersion: HnS 1.0.0, NetCL: 10570792, EngineNetVer: 13, GameNetVer: 0 (Checksum: 2178421202)
[2020.04.05-19.13.43:637][  0]LogPackageLocalizationCache: Processed 10 localized package path(s) for 1 prioritized culture(s) in 0.072230 seconds
[2020.04.05-19.13.43:652][  0]LogUObjectArray: 46750 objects as part of root set at end of initial load.
[2020.04.05-19.13.43:652][  0]LogUObjectAllocator: 8137160 out of 0 bytes used by permanent object pool.
[2020.04.05-19.13.43:652][  0]LogUObjectArray: CloseDisregardForGC: 0/0 objects in disregard for GC pool
[2020.04.05-19.13.44:336][  0]LogTcpMessaging: Initializing TcpMessaging bridge
[2020.04.05-19.13.44:341][  0]LogUdpMessaging: Initializing bridge on interface 0.0.0.0:0 to multicast group 230.0.0.1:6666.
[2020.04.05-19.13.44:435][  0]SourceControl: Source control is disabled
[2020.04.05-19.13.44:435][  0]SourceControl: Source control is disabled
[2020.04.05-19.13.44:436][  0]SourceControl: Source control is disabled
[2020.04.05-19.13.44:437][  0]SourceControl: Source control is disabled
[2020.04.05-19.13.44:438][  0]SourceControl: Source control is disabled
[2020.04.05-19.13.44:570][  0]LogAndroidPermission: UAndroidPermissionCallbackProxy::GetInstance
[2020.04.05-19.13.44:591][  0]LogAudioCaptureCore: Display: No Audio Capture implementations found. Audio input will be silent.
[2020.04.05-19.13.44:591][  0]LogAudioCaptureCore: Display: No Audio Capture implementations found. Audio input will be silent.
[2020.04.05-19.13.44:738][  0]LogOcInput: OculusInput pre-init called
[2020.04.05-19.13.44:752][  0]LogWindows: Failed to load 'OVRPlugin.dll' (GetLastError=126)
[2020.04.05-19.13.44:752][  0]LogWindows: File 'OVRPlugin.dll' does not exist
[2020.04.05-19.13.44:871][  0]LogEngine: Initializing Engine...
[2020.04.05-19.13.44:873][  0]LogHMD: Failed to initialize OpenVR with code 110
[2020.04.05-19.13.44:875][  0]LogStats: UGameplayTagsManager::InitializeManager -  0.000 s
[2020.04.05-19.13.45:494][  0]LogInit: Initializing FReadOnlyCVARCache
[2020.04.05-19.13.45:507][  0]LogAIModule: Creating AISystem for world Untitled
[2020.04.05-19.13.45:546][  0]LogAudioMixer: Display: Audio Mixer Platform Settings:
[2020.04.05-19.13.45:546][  0]LogAudioMixer: Display: 	Sample Rate:						  48000
[2020.04.05-19.13.45:546][  0]LogAudioMixer: Display: 	Callback Buffer Frame Size Requested: 1024
[2020.04.05-19.13.45:546][  0]LogAudioMixer: Display: 	Callback Buffer Frame Size To Use:	  1024
[2020.04.05-19.13.45:546][  0]LogAudioMixer: Display: 	Number of buffers to queue:			  2
[2020.04.05-19.13.45:546][  0]LogAudioMixer: Display: 	Max Channels (voices):				  32
[2020.04.05-19.13.45:547][  0]LogAudioMixer: Display: 	Number of Async Source Workers:		  0
[2020.04.05-19.13.45:547][  0]LogAudio: Display: AudioDevice MaxSources: 32
[2020.04.05-19.13.45:547][  0]LogAudio: Display: Using built-in audio occlusion.
[2020.04.05-19.13.45:547][  0]LogAudioMixer: Display: Initializing audio mixer.
[2020.04.05-19.13.45:641][  0]LogAudioMixer: Display: Audio Device Output Speaker Info:
[2020.04.05-19.13.45:641][  0]LogAudioMixer: Display: Name: Altavoces (Logitech G933 Gaming Wireless Headset)
[2020.04.05-19.13.45:641][  0]LogAudioMixer: Display: Is Default: Yes
[2020.04.05-19.13.45:641][  0]LogAudioMixer: Display: Sample Rate: 48000
[2020.04.05-19.13.45:641][  0]LogAudioMixer: Display: Channel Count Used: 8
[2020.04.05-19.13.45:641][  0]LogAudioMixer: Display: Device Channel Count: 8
[2020.04.05-19.13.45:641][  0]LogAudioMixer: Display: Channel Order:
[2020.04.05-19.13.45:641][  0]LogAudioMixer: Display: 0: FrontLeft
[2020.04.05-19.13.45:641][  0]LogAudioMixer: Display: 1: FrontRight
[2020.04.05-19.13.45:641][  0]LogAudioMixer: Display: 2: FrontCenter
[2020.04.05-19.13.45:641][  0]LogAudioMixer: Display: 3: LowFrequency
[2020.04.05-19.13.45:641][  0]LogAudioMixer: Display: 4: BackLeft
[2020.04.05-19.13.45:642][  0]LogAudioMixer: Display: 5: BackRight
[2020.04.05-19.13.45:642][  0]LogAudioMixer: Display: 6: SideLeft
[2020.04.05-19.13.45:642][  0]LogAudioMixer: Display: 7: SideRight
[2020.04.05-19.13.45:692][  0]LogAudioMixer: Display: Using Audio Device Altavoces (Logitech G933 Gaming Wireless Headset)
[2020.04.05-19.13.45:702][  0]LogInit: FAudioDevice initialized.
[2020.04.05-19.13.45:702][  0]LogNetVersion: Set ProjectVersion to 1.0.0.0. Version Checksum will be recalculated on next use.
[2020.04.05-19.13.46:073][  0]LogDerivedDataCache: Saved boot cache 0.37s 78MB C:/Users/Dani/AppData/Local/UnrealEngine/4.24/DerivedDataCache/Boot.ddc.
[2020.04.05-19.13.46:093][  0]LogInit: Texture streaming: Enabled
[2020.04.05-19.13.46:116][  0]LogEngineSessionManager: EngineSessionManager initialized
[2020.04.05-19.13.46:116][  0]LogEditorSessionSummary: Verbose: Initializing EditorSessionSummaryWriter for editor session tracking
[2020.04.05-19.13.46:121][  0]LogEditorSessionSummary: EditorSessionSummaryWriter initialized
[2020.04.05-19.13.46:236][  0]LogInit: Transaction tracking system initialized
[2020.04.05-19.13.46:252][  0]BlueprintLog: New page: Editor Load
[2020.04.05-19.13.46:297][  0]LocalizationService: Localization service is disabled
[2020.04.05-19.13.46:765][  0]LogCook: Display: Max memory allowance for cook 16384mb min free memory 0mb
[2020.04.05-19.13.46:765][  0]LogCook: Display: Mobile HDR setting 1
[2020.04.05-19.13.46:889][  0]LogFileCache: Scanning file cache for directory 'D:/GE2/GladiatorArena/HnS/Content/' took 0.08s
[2020.04.05-19.13.48:856][  0]LogTexture: Display: Building textures: terra_1_Albedo (AutoDXT, 1024X1024)
[2020.04.05-19.13.48:884][  0]SourceControl: Source control is disabled
[2020.04.05-19.13.48:884][  0]Cmd: MAP LOAD FILE="../../../../../GE2/GladiatorArena/HnS/Content/ThirdPersonBP/Maps/ThirdPersonExampleMap.umap" TEMPLATE=0 SHOWPROGRESS=1 FEATURELEVEL=3
[2020.04.05-19.13.48:894][  0]LightingResults: New page: Lighting Build
[2020.04.05-19.13.48:896][  0]LogWorld: UWorld::CleanupWorld for Untitled, bSessionEnded=true, bCleanupResources=true
[2020.04.05-19.13.48:896][  0]LogSlate: InvalidateAllWidgets triggered.  All widgets were invalidated
[2020.04.05-19.13.48:896][  0]MapCheck: New page: Map Check
[2020.04.05-19.13.48:896][  0]LightingResults: New page: Lighting Build
[2020.04.05-19.13.48:992][  0]LogUObjectHash: Compacting FUObjectHashTables data took   4.38ms
[2020.04.05-19.13.53:392][  0]LogLinker: Warning: Asset '../../../../../GE2/GladiatorArena/HnS/Content/MSPresets/MSTextures/Albedo.uasset' has been saved with empty engine version. The asset will be loaded but may be incompatible.
[2020.04.05-19.13.53:401][  0]LogLinker: Warning: Asset '../../../../../GE2/GladiatorArena/HnS/Content/MSPresets/MSTextures/Normal.uasset' has been saved with empty engine version. The asset will be loaded but may be incompatible.
[2020.04.05-19.13.53:411][  0]LogLinker: Warning: Asset '../../../../../GE2/GladiatorArena/HnS/Content/MSPresets/MSTextures/Roughness.uasset' has been saved with empty engine version. The asset will be loaded but may be incompatible.
[2020.04.05-19.14.25:090][  0]LogTexture: Display: Building textures: tecrxcp_2K_Albedo (BC7, 2048X2048)
[2020.04.05-19.14.25:091][  0]LogTexture: Display: Building textures: tecrxcp_2K_Normal (BC5, 2048X2048)
[2020.04.05-19.14.25:091][  0]LogTexture: Display: Building textures: T_Gibbet_Cage_Mount_Texturing_C (AutoDXT, 2048X2048)
[2020.04.05-19.14.25:091][  0]LogTexture: Display: Building textures: T_Gibbet_Cage_Mount_Texturing_N (BC5, 2048X2048)
[2020.04.05-19.14.25:091][  0]LogTexture: Display: Building textures: ubglcesiw_2K_Albedo (BC7, 2048X2048)
[2020.04.05-19.14.25:091][  0]LogTexture: Display: Building textures: T_Skeleton_Dirty_N (BC5, 2048X2048)
[2020.04.05-19.14.25:091][  0]LogTexture: Display: Building textures: T_Skeleton_Dirty_C (AutoDXT, 2048X2048)
[2020.04.05-19.14.25:091][  0]LogTexture: Display: Building textures: T_Skeleton_Dirty_A (AutoDXT, 2048X2048)
[2020.04.05-19.14.25:091][  0]LogTexture: Display: Building textures: T_Skeleton_Clean_N (BC5, 2048X2048)
[2020.04.05-19.14.25:091][  0]LogTexture: Display: Building textures: T_Skeleton_Clean_C (AutoDXT, 2048X2048)
[2020.04.05-19.14.25:091][  0]LogTexture: Display: Building textures: T_Skeleton_Clean_A (AutoDXT, 2048X2048)
[2020.04.05-19.14.25:091][  0]LogTexture: Display: Building textures: T_Torture_Chair_Normal (BC5, 4096X4096)
[2020.04.05-19.14.25:091][  0]LogStaticMesh: Building static mesh Var5_LOD0_5...
[2020.04.05-19.14.25:497][  0]LogStaticMesh: Built static mesh [0.41s] /Game/Assets/3D_Plants/Crownbeard_00/Var5_LOD0_5.Var5_LOD0_5
[2020.04.05-19.14.25:531][  0]LogStaticMesh: Building static mesh Var3_LOD0_3...
[2020.04.05-19.14.25:570][  0]LogStaticMesh: Built static mesh [0.04s] /Game/Assets/3D_Plants/Grass_Clumps_00/Var3_LOD0_3.Var3_LOD0_3
[2020.04.05-19.14.25:575][  0]LogStaticMesh: Building static mesh Var2_LOD0_2...
[2020.04.05-19.14.25:679][  0]LogStaticMesh: Built static mesh [0.10s] /Game/Assets/3D_Plants/Tall_Grass_00/Var2_LOD0_2.Var2_LOD0_2
[2020.04.05-19.14.25:692][  0]LogStaticMesh: Building static mesh Var1_LOD0_1...
[2020.04.05-19.14.25:809][  0]LogTexture: Display: Building textures: T_Torture_Chair_C (AutoDXT, 4096X4096)
[2020.04.05-19.14.25:809][  0]LogStaticMesh: Built static mesh [0.12s] /Game/Assets/3D_Plants/Grass_Clumps_00/Var1_LOD0_1.Var1_LOD0_1
[2020.04.05-19.14.26:147][  0]LogStaticMesh: Building static mesh Animal_Bones...
[2020.04.05-19.14.26:218][  0]LogStaticMesh: Built static mesh [0.07s] /Game/Infinity_Blade_Assets/Meshes/Props/Animal_Bones.Animal_Bones
[2020.04.05-19.14.26:227][  0]LogStaticMesh: Building static mesh Aset_rlCaz_LOD0...
[2020.04.05-19.14.38:088][  0]LogAudioMixer: Display: Audio Buffer Underrun detected.
[2020.04.05-19.14.38:088][  0]LogTexture: Display: Building textures: T_Torture_Chair_A (AutoDXT, 4096X4096)
[2020.04.05-19.14.38:088][  0]LogTexture: Display: Building textures: T_Table_N (BC5, 4096X4096)
[2020.04.05-19.14.38:088][  0]LogStaticMesh: Built static mesh [11.86s] /Game/Megascans/3D_Assets/Wood_Log_00/Aset_rlCaz_LOD0.Aset_rlCaz_LOD0
[2020.04.05-19.14.38:689][  0]LogAudioMixer: Display: Audio Buffer Underrun detected.
[2020.04.05-19.14.38:689][  0]LogStaticMesh: Building static mesh Aset_wood_board_M_ricaS_LOD0_2...
[2020.04.05-19.14.38:927][  0]LogStaticMesh: Built static mesh [0.24s] /Game/Assets/3D_Assets/Old_Wood_Boards_00/Aset_wood_board_M_ricaS_LOD0_2.Aset_wood_board_M_ricaS_LOD0_2
[2020.04.05-19.14.38:942][  0]LogStaticMesh: Building static mesh Aset_wood_board_M_ricaS_LOD0_4...
[2020.04.05-19.14.39:185][  0]LogStaticMesh: Built static mesh [0.24s] /Game/Assets/3D_Assets/Old_Wood_Boards_00/Aset_wood_board_M_ricaS_LOD0_4.Aset_wood_board_M_ricaS_LOD0_4
[2020.04.05-19.14.39:214][  0]LogStaticMesh: Building static mesh Aset_wood_board_M_ricaS_LOD0_1...
[2020.04.05-19.14.39:372][  0]LogStaticMesh: Built static mesh [0.16s] /Game/Assets/3D_Assets/Old_Wood_Boards_00/Aset_wood_board_M_ricaS_LOD0_1.Aset_wood_board_M_ricaS_LOD0_1
[2020.04.05-19.14.39:385][  0]LogStaticMesh: Building static mesh Aset_wood_board_M_ricaS_LOD0_5...
[2020.04.05-19.14.39:680][  0]LogTexture: Display: Building textures: T_Table_C (AutoDXT, 4096X4096)
[2020.04.05-19.14.39:680][  0]LogStaticMesh: Built static mesh [0.30s] /Game/Assets/3D_Assets/Old_Wood_Boards_00/Aset_wood_board_M_ricaS_LOD0_5.Aset_wood_board_M_ricaS_LOD0_5
[2020.04.05-19.14.39:700][  0]LogStaticMesh: Building static mesh Aset_wood_stump_M_rchvR_LOD0...
[2020.04.05-19.14.40:722][  0]LogStaticMesh: Built static mesh [1.02s] /Game/Megascans/3D_Assets/Cracked_Stump_00/Aset_wood_stump_M_rchvR_LOD0.Aset_wood_stump_M_rchvR_LOD0
[2020.04.05-19.14.40:781][  0]LogStaticMesh: Building static mesh BagOBones...
[2020.04.05-19.14.40:807][  0]LogStaticMesh: Built static mesh [0.03s] /Game/Infinity_Blade_Assets/Meshes/Props/BagOBones.BagOBones
[2020.04.05-19.14.40:813][  0]LogStaticMesh: Building static mesh Banner01...
[2020.04.05-19.14.40:830][  0]LogStaticMesh: Built static mesh [0.02s] /Game/Infinity_Blade_Assets/Meshes/Props/Banner01.Banner01
[2020.04.05-19.14.41:346][  0]LogStaticMesh: Building static mesh SM_Candle_Holder...
[2020.04.05-19.14.41:828][  0]LogStaticMesh: Built static mesh [0.48s] /Game/MedievalDungeon/Meshes/Props/SM_Candle_Holder.SM_Candle_Holder
[2020.04.05-19.14.42:005][  0]LogStaticMesh: Building static mesh SM_Candle_Used_A...
[2020.04.05-19.14.42:059][  0]LogStaticMesh: Built static mesh [0.06s] /Game/MedievalDungeon/Meshes/Props/SM_Candle_Used_A.SM_Candle_Used_A
[2020.04.05-19.14.42:131][  0]LogStaticMesh: Building static mesh SM_Candle_Used_C...
[2020.04.05-19.14.42:154][  0]LogStaticMesh: Built static mesh [0.02s] /Game/MedievalDungeon/Meshes/Props/SM_Candle_Used_C.SM_Candle_Used_C
[2020.04.05-19.14.42:176][  0]LogStaticMesh: Building static mesh SM_CandleHolder_Bronze...
[2020.04.05-19.14.42:235][  0]LogStaticMesh: Built static mesh [0.06s] /Game/MedievalDungeon/Meshes/Props/SM_CandleHolder_Bronze.SM_CandleHolder_Bronze
[2020.04.05-19.14.42:322][  0]LogStaticMesh: Building static mesh SM_Candle...
[2020.04.05-19.14.42:348][  0]LogStaticMesh: Built static mesh [0.03s] /Game/MedievalDungeon/Meshes/Props/SM_Candle.SM_Candle
[2020.04.05-19.14.42:550][  0]LogStaticMesh: Building static mesh SM_CandleStick_Iron...
[2020.04.05-19.14.42:669][  0]LogStaticMesh: Built static mesh [0.12s] /Game/MedievalDungeon/Meshes/Props/SM_CandleStick_Iron.SM_CandleStick_Iron
[2020.04.05-19.14.42:835][  0]LogTexture: Display: Building textures: T_Table_A (AutoDXT, 4096X4096)
[2020.04.05-19.14.42:835][  0]LogStaticMesh: Building static mesh SM_Gibbet_Cage...
[2020.04.05-19.14.43:000][  0]LogStaticMesh: Built static mesh [0.17s] /Game/MedievalDungeon/Meshes/Props/SM_Gibbet_Cage.SM_Gibbet_Cage
[2020.04.05-19.14.43:032][  0]LogStaticMesh: Building static mesh SM_Gibbet_Cage_Wall_Mount...
[2020.04.05-19.14.43:046][  0]LogStaticMesh: Built static mesh [0.01s] /Game/MedievalDungeon/Meshes/Props/SM_Gibbet_Cage_Wall_Mount.SM_Gibbet_Cage_Wall_Mount
[2020.04.05-19.14.43:077][  0]LogStaticMesh: Building static mesh cottage_Box005...
[2020.04.05-19.14.43:110][  0]LogStaticMesh: Built static mesh [0.03s] /Game/Assets/Creacions/cottage_Box005.cottage_Box005
[2020.04.05-19.14.43:114][  0]LogStaticMesh: Building static mesh cottage_Box007...
[2020.04.05-19.14.43:121][  0]LogStaticMesh: Built static mesh [0.01s] /Game/Assets/Creacions/cottage_Box007.cottage_Box007
[2020.04.05-19.14.43:123][  0]LogStaticMesh: Building static mesh cottage_Box009...
[2020.04.05-19.14.43:130][  0]LogStaticMesh: Built static mesh [0.01s] /Game/Assets/Creacions/cottage_Box009.cottage_Box009
[2020.04.05-19.14.43:132][  0]LogStaticMesh: Building static mesh Mesh_Sphere...
[2020.04.05-19.14.43:148][  0]LogStaticMesh: Built static mesh [0.02s] /Game/NewFolder/Mesh_Sphere.Mesh_Sphere
[2020.04.05-19.14.43:153][  0]LogStaticMesh: Building static mesh Flag01...
[2020.04.05-19.14.43:165][  0]LogStaticMesh: Built static mesh [0.01s] /Game/Infinity_Blade_Assets/Meshes/Props/Flag01.Flag01
[2020.04.05-19.14.43:167][  0]LogStaticMesh: Building static mesh Jester_Spike...
[2020.04.05-19.14.43:171][  0]LogStaticMesh: Built static mesh [0.00s] /Game/Infinity_Blade_Assets/Meshes/Props/Jester_Spike.Jester_Spike
[2020.04.05-19.14.43:174][  0]LogStaticMesh: Building static mesh Mesh_Plane...
[2020.04.05-19.14.43:183][  0]LogStaticMesh: Built static mesh [0.01s] /Game/NewFolder/Mesh_Plane.Mesh_Plane
[2020.04.05-19.14.43:186][  0]LogStaticMesh: Building static mesh SM_Dungeon_Wall...
[2020.04.05-19.14.43:188][  0]LogStaticMesh: Built static mesh [0.00s] /Game/MedievalDungeon/Meshes/Architecture/Dungeon/SM_Dungeon_Wall.SM_Dungeon_Wall
[2020.04.05-19.14.43:192][  0]LogStaticMesh: Building static mesh SM_ArmorSuit...
[2020.04.05-19.14.43:262][  0]LogStaticMesh: Built static mesh [0.07s] /Game/Infinity_Blade_Assets/Meshes/Props/SM_ArmorSuit.SM_ArmorSuit
[2020.04.05-19.14.43:825][  0]LogStaticMesh: Building static mesh SM_Ball_And_Chain...
[2020.04.05-19.14.44:265][  0]LogStaticMesh: Built static mesh [0.44s] /Game/MedievalDungeon/Meshes/Props/SM_Ball_And_Chain.SM_Ball_And_Chain
[2020.04.05-19.14.44:338][  0]LogStaticMesh: Building static mesh SM_Barrel_01...
[2020.04.05-19.14.44:358][  0]LogStaticMesh: Built static mesh [0.02s] /Game/Infinity_Blade_Assets/Meshes/Props/SM_Barrel_01.SM_Barrel_01
[2020.04.05-19.14.44:402][  0]LogStaticMesh: Building static mesh SM_Bed...
[2020.04.05-19.14.44:450][  0]LogStaticMesh: Built static mesh [0.05s] /Game/MedievalDungeon/Meshes/Props/SM_Bed.SM_Bed
[2020.04.05-19.14.44:480][  0]LogStaticMesh: Building static mesh SM_Bones_Jaw...
[2020.04.05-19.14.44:493][  0]LogStaticMesh: Built static mesh [0.01s] /Game/MedievalDungeon/Meshes/Skeletons/SM_Bones_Jaw.SM_Bones_Jaw
[2020.04.05-19.14.44:996][  0]LogStaticMesh: Building static mesh SM_Bones_RibCage...
[2020.04.05-19.14.45:413][  0]LogStaticMesh: Built static mesh [0.42s] /Game/MedievalDungeon/Meshes/Skeletons/SM_Bones_RibCage.SM_Bones_RibCage
[2020.04.05-19.14.45:560][  0]LogStaticMesh: Building static mesh SM_Bones_Skull...
[2020.04.05-19.14.45:621][  0]LogStaticMesh: Built static mesh [0.06s] /Game/MedievalDungeon/Meshes/Skeletons/SM_Bones_Skull.SM_Bones_Skull
[2020.04.05-19.14.45:635][  0]LogStaticMesh: Building static mesh SM_Bucket_01...
[2020.04.05-19.14.45:650][  0]LogStaticMesh: Built static mesh [0.02s] /Game/Infinity_Blade_Assets/Meshes/Props/SM_Bucket_01.SM_Bucket_01
[2020.04.05-19.14.45:652][  0]LogStaticMesh: Building static mesh SM_Cage...
[2020.04.05-19.14.45:736][  0]LogStaticMesh: Built static mesh [0.08s] /Game/Infinity_Blade_Assets/Meshes/Props/SM_Cage.SM_Cage
[2020.04.05-19.14.45:750][  0]LogStaticMesh: Building static mesh SM_Ceiling...
[2020.04.05-19.14.45:758][  0]LogStaticMesh: Built static mesh [0.01s] /Game/MedievalDungeon/Meshes/Architecture/Dungeon/SM_Ceiling.SM_Ceiling
[2020.04.05-19.14.45:766][  0]LogStaticMesh: Building static mesh SM_Ceiling_Half...
[2020.04.05-19.14.45:771][  0]LogStaticMesh: Built static mesh [0.01s] /Game/MedievalDungeon/Meshes/Architecture/Dungeon/SM_Ceiling_Half.SM_Ceiling_Half
[2020.04.05-19.14.45:788][  0]LogStaticMesh: Building static mesh SM_Cell_Door...
[2020.04.05-19.14.45:819][  0]LogStaticMesh: Built static mesh [0.03s] /Game/MedievalDungeon/Meshes/Architecture/Dungeon/SM_Cell_Door.SM_Cell_Door
[2020.04.05-19.14.45:849][  0]LogStaticMesh: Building static mesh SM_Cell_Front...
[2020.04.05-19.14.45:901][  0]LogStaticMesh: Built static mesh [0.05s] /Game/MedievalDungeon/Meshes/Architecture/Dungeon/SM_Cell_Front.SM_Cell_Front
[2020.04.05-19.14.45:932][  0]LogStaticMesh: Building static mesh SM_Cell_Side...
[2020.04.05-19.14.45:981][  0]LogStaticMesh: Built static mesh [0.05s] /Game/MedievalDungeon/Meshes/Architecture/Dungeon/SM_Cell_Side.SM_Cell_Side
[2020.04.05-19.14.47:477][  0]LogStaticMesh: Building static mesh SM_Chandelier...
[2020.04.05-19.14.49:884][  0]LogAudioMixer: Display: Audio Buffer Underrun detected.
[2020.04.05-19.14.49:884][  0]LogStaticMesh: Built static mesh [2.41s] /Game/MedievalDungeon/Meshes/Props/SM_Chandelier.SM_Chandelier
[2020.04.05-19.14.50:042][  0]LogStaticMesh: Building static mesh SM_Crypt_Ceiling...
[2020.04.05-19.14.50:050][  0]LogStaticMesh: Built static mesh [0.01s] /Game/MedievalDungeon/Meshes/Architecture/Crypt/SM_Crypt_Ceiling.SM_Crypt_Ceiling
[2020.04.05-19.14.50:061][  0]LogStaticMesh: Building static mesh SM_Crypt_Ceiling_Arch_A...
[2020.04.05-19.14.50:068][  0]LogStaticMesh: Built static mesh [0.01s] /Game/MedievalDungeon/Meshes/Architecture/Crypt/SM_Crypt_Ceiling_Arch_A.SM_Crypt_Ceiling_Arch_A
[2020.04.05-19.14.50:078][  0]LogStaticMesh: Building static mesh SM_Crypt_Ceiling_Half...
[2020.04.05-19.14.50:082][  0]LogStaticMesh: Built static mesh [0.00s] /Game/MedievalDungeon/Meshes/Architecture/Crypt/SM_Crypt_Ceiling_Half.SM_Crypt_Ceiling_Half
[2020.04.05-19.14.50:162][  0]LogStaticMesh: Building static mesh SM_Crypt_Pillar...
[2020.04.05-19.14.50:210][  0]LogStaticMesh: Built static mesh [0.05s] /Game/MedievalDungeon/Meshes/Architecture/Crypt/SM_Crypt_Pillar.SM_Crypt_Pillar
[2020.04.05-19.14.50:232][  0]LogStaticMesh: Building static mesh SM_Crypt_Wall_Decorative_C...
[2020.04.05-19.14.50:251][  0]LogStaticMesh: Built static mesh [0.02s] /Game/MedievalDungeon/Meshes/Architecture/Crypt/SM_Crypt_Wall_Decorative_C.SM_Crypt_Wall_Decorative_C
[2020.04.05-19.14.50:264][  0]LogStaticMesh: Building static mesh SM_Crypt_Wall_Decorative_A...
[2020.04.05-19.14.50:279][  0]LogStaticMesh: Built static mesh [0.02s] /Game/MedievalDungeon/Meshes/Architecture/Crypt/SM_Crypt_Wall_Decorative_A.SM_Crypt_Wall_Decorative_A
[2020.04.05-19.14.50:284][  0]LogStaticMesh: Building static mesh SM_Crypt_Wall_Floor_Trim...
[2020.04.05-19.14.50:286][  0]LogStaticMesh: Built static mesh [0.00s] /Game/MedievalDungeon/Meshes/Architecture/Crypt/SM_Crypt_Wall_Floor_Trim.SM_Crypt_Wall_Floor_Trim
[2020.04.05-19.14.50:584][  0]LogAudioMixer: Display: Audio Buffer Underrun detected.
[2020.04.05-19.14.50:585][  0]LogStaticMesh: Building static mesh SM_Decor_Chains_B...
[2020.04.05-19.14.50:813][  0]LogStaticMesh: Built static mesh [0.23s] /Game/MedievalDungeon/Meshes/Props/SM_Decor_Chains_B.SM_Decor_Chains_B
[2020.04.05-19.14.50:895][  0]LogStaticMesh: Building static mesh SM_Decor_Ring...
[2020.04.05-19.14.50:934][  0]LogStaticMesh: Built static mesh [0.04s] /Game/MedievalDungeon/Meshes/Props/SM_Decor_Ring.SM_Decor_Ring
[2020.04.05-19.14.50:946][  0]LogStaticMesh: Building static mesh SM_Dirt_Mound_B...
[2020.04.05-19.14.50:951][  0]LogStaticMesh: Built static mesh [0.01s] /Game/MedievalDungeon/Meshes/Props/SM_Dirt_Mound_B.SM_Dirt_Mound_B
[2020.04.05-19.14.51:143][  0]LogStaticMesh: Building static mesh SM_Exo_Bridge_Tile_Broken_A...
[2020.04.05-19.14.51:146][  0]LogStaticMesh: Built static mesh [0.00s] /Game/InfinityBladeGrassLands/Environments/Misc/Exo_Deco02/StaticMesh/SM_Exo_Bridge_Tile_Broken_A.SM_Exo_Bridge_Tile_Broken_A
[2020.04.05-19.14.51:150][  0]LogStaticMesh: Building static mesh SM_Exo_Bridge_Tile_Floor...
[2020.04.05-19.14.51:152][  0]LogStaticMesh: Built static mesh [0.00s] /Game/InfinityBladeGrassLands/Environments/Misc/Exo_Deco02/StaticMesh/SM_Exo_Bridge_Tile_Floor.SM_Exo_Bridge_Tile_Floor
[2020.04.05-19.14.51:157][  0]LogStaticMesh: Building static mesh SM_Exo_Bridge_Tile_Floor_Broken...
[2020.04.05-19.14.51:158][  0]LogStaticMesh: Built static mesh [0.00s] /Game/InfinityBladeGrassLands/Environments/Misc/Exo_Deco02/StaticMesh/SM_Exo_Bridge_Tile_Floor_Broken.SM_Exo_Bridge_Tile_Floor_Broken
[2020.04.05-19.14.51:163][  0]LogStaticMesh: Building static mesh SM_Exo_Decos_Door_Frame_Column...
[2020.04.05-19.14.51:164][  0]LogStaticMesh: Built static mesh [0.00s] /Game/InfinityBladeGrassLands/Environments/Misc/Exo_Deco02/StaticMesh/SM_Exo_Decos_Door_Frame_Column.SM_Exo_Decos_Door_Frame_Column
[2020.04.05-19.14.51:177][  0]LogStaticMesh: Building static mesh SM_Exo_Flood_ConcStairs_STR2...
[2020.04.05-19.14.51:201][  0]LogStaticMesh: Built static mesh [0.03s] /Game/InfinityBladeGrassLands/Environments/Misc/Exo_Deco02/StaticMesh/SM_Exo_Flood_ConcStairs_STR2.SM_Exo_Flood_ConcStairs_STR2
[2020.04.05-19.14.51:203][  0]LogStaticMesh: Building static mesh SM_Flag01...
[2020.04.05-19.14.51:217][  0]LogStaticMesh: Built static mesh [0.01s] /Game/Infinity_Blade_Assets/Meshes/Props/SM_Flag01.SM_Flag01
[2020.04.05-19.14.51:630][  0]LogStaticMesh: Building static mesh SM_Half_Arch...
[2020.04.05-19.14.52:036][  0]LogStaticMesh: Built static mesh [0.41s] /Game/MedievalDungeon/Meshes/Architecture/Dungeon/SM_Half_Arch.SM_Half_Arch
[2020.04.05-19.14.52:157][  0]LogStaticMesh: Building static mesh SM_Large_Window_Half...
[2020.04.05-19.14.52:203][  0]LogStaticMesh: Built static mesh [0.05s] /Game/MedievalDungeon/Meshes/Architecture/Dungeon/SM_Large_Window_Half.SM_Large_Window_Half
[2020.04.05-19.14.52:238][  0]LogStaticMesh: Building static mesh SM_Lock_Open...
[2020.04.05-19.14.52:271][  0]LogStaticMesh: Built static mesh [0.03s] /Game/MedievalDungeon/Meshes/Props/SM_Lock_Open.SM_Lock_Open
[2020.04.05-19.14.52:279][  0]LogStaticMesh: Building static mesh SM_PileOBones...
[2020.04.05-19.14.52:419][  0]LogStaticMesh: Built static mesh [0.14s] /Game/Infinity_Blade_Assets/Meshes/Props/SM_PileOBones.SM_PileOBones
[2020.04.05-19.14.52:607][  0]LogStaticMesh: Building static mesh SM_Pot_B_Complete...
[2020.04.05-19.14.52:782][  0]LogStaticMesh: Built static mesh [0.18s] /Game/MedievalDungeon/Meshes/Props/SM_Pot_B_Complete.SM_Pot_B_Complete
[2020.04.05-19.14.55:589][  0]LogStaticMesh: Building static mesh SM_Skeleton_01...
[2020.04.05-19.14.56:980][  0]LogStaticMesh: Built static mesh [1.39s] /Game/MedievalDungeon/Meshes/Skeletons/SM_Skeleton_01.SM_Skeleton_01
[2020.04.05-19.14.59:728][  0]LogAudioMixer: Display: Audio Buffer Underrun detected.
[2020.04.05-19.14.59:729][  0]LogStaticMesh: Building static mesh SM_Skeleton_06...
[2020.04.05-19.15.08:135][  0]LogStaticMesh: Built static mesh [8.41s] /Game/MedievalDungeon/Meshes/Skeletons/SM_Skeleton_06.SM_Skeleton_06
[2020.04.05-19.15.08:347][  0]LogStaticMesh: Building static mesh SM_Small_Window_Half...
[2020.04.05-19.15.08:390][  0]LogStaticMesh: Built static mesh [0.04s] /Game/MedievalDungeon/Meshes/Architecture/Dungeon/SM_Small_Window_Half.SM_Small_Window_Half
[2020.04.05-19.15.08:536][  0]LogStaticMesh: Building static mesh SM_Stocks_Game_Ready...
[2020.04.05-19.15.08:671][  0]LogStaticMesh: Built static mesh [0.14s] /Game/MedievalDungeon/Meshes/Props/SM_Stocks_Game_Ready.SM_Stocks_Game_Ready
[2020.04.05-19.15.09:653][  0]LogStaticMesh: Building static mesh SM_Table...
[2020.04.05-19.15.10:139][  0]LogStaticMesh: Built static mesh [0.49s] /Game/MedievalDungeon/Meshes/Props/SM_Table.SM_Table
[2020.04.05-19.15.10:273][  0]LogStaticMesh: Building static mesh SM_Torture_Chair...
[2020.04.05-19.15.10:330][  0]LogStaticMesh: Built static mesh [0.06s] /Game/MedievalDungeon/Meshes/Props/SM_Torture_Chair.SM_Torture_Chair
[2020.04.05-19.15.10:343][  0]LogStaticMesh: Building static mesh SM_Wall_Floor_Trim...
[2020.04.05-19.15.10:345][  0]LogStaticMesh: Built static mesh [0.00s] /Game/MedievalDungeon/Meshes/Architecture/Dungeon/SM_Wall_Floor_Trim.SM_Wall_Floor_Trim
[2020.04.05-19.15.10:370][  0]LogStaticMesh: Building static mesh SM_WoodenBarrel_Damaged...
[2020.04.05-19.15.10:522][  0]LogStaticMesh: Built static mesh [0.15s] /Game/InfinityBladeGrassLands/Environments/Misc/Exo_Deco01/StaticMesh/SM_WoodenBarrel_Damaged.SM_WoodenBarrel_Damaged
[2020.04.05-19.15.10:563][  0]LogStaticMesh: Building static mesh SM_WoodenBarrel_Destroyed...
[2020.04.05-19.15.10:699][  0]LogStaticMesh: Built static mesh [0.14s] /Game/InfinityBladeGrassLands/Environments/Misc/Exo_Deco01/StaticMesh/SM_WoodenBarrel_Destroyed.SM_WoodenBarrel_Destroyed
[2020.04.05-19.15.10:700][  0]LogStaticMesh: Building static mesh SM_WroughtIronPlate...
[2020.04.05-19.15.10:733][  0]LogStaticMesh: Built static mesh [0.03s] /Game/Infinity_Blade_Assets/Meshes/Props/SM_WroughtIronPlate.SM_WroughtIronPlate
[2020.04.05-19.15.10:738][  0]LogStaticMesh: Building static mesh ubglcesiw_LOD0...
[2020.04.05-19.15.11:122][  0]LogStaticMesh: Built static mesh [0.38s] /Game/Megascans/3D_Assets/Axe_00/ubglcesiw_LOD0.ubglcesiw_LOD0
[2020.04.05-19.15.11:150][  0]LogStaticMesh: Building static mesh WroughtIronPlate...
[2020.04.05-19.15.11:184][  0]LogStaticMesh: Built static mesh [0.03s] /Game/Infinity_Blade_Assets/Meshes/Props/WroughtIronPlate.WroughtIronPlate
[2020.04.05-19.15.12:143][  0]LogTexture: Display: Building textures: Normal (BC5, 512X512)
[2020.04.05-19.15.12:253][  0]LogTexture: Display: Building textures: Roughness (AutoDXT, 512X512)
[2020.04.05-19.15.12:769][  0]LogTexture: Display: Building textures: Albedo (AutoDXT, 512X512)
[2020.04.05-19.15.13:858][  0]LogMaterial: Display: Missing cached shader map for material MS_DefaultMaterial, compiling. 
[2020.04.05-19.15.14:268][  0]LogShaderCompilers: Display: Worker (1/3): shaders left to compile 24
[2020.04.05-19.15.14:268][  0]LogShaderCompilers: Display: Worker (2/3): shaders left to compile 15
[2020.04.05-19.15.14:268][  0]LogShaderCompilers: Display: Worker (3/3): shaders left to compile 6
[2020.04.05-19.15.14:268][  0]LogTexture: Display: Building textures: ubglcesiw_2K_Normal_LOD0 (BC5, 2048X2048)
[2020.04.05-19.15.23:417][  0]LogTexture: Display: Building textures: T_Stocks_N (BC5, 4096X4096)
[2020.04.05-19.15.23:417][  0]LogTexture: Display: Building textures: T_Stocks_C (AutoDXT, 4096X4096)
[2020.04.05-19.15.23:613][  0]LogTexture: Display: Building textures: ubglcesiw_2K_Roughness (BC7, 2048X2048)
[2020.04.05-19.16.20:351][  0]LogTexture: Display: Building textures: T_Stocks_A (AutoDXT, 4096X4096)
[2020.04.05-19.16.20:351][  0]LogTexture: Display: Building textures: T_Pots_Texturing_N (BC5, 2048X2048)
[2020.04.05-19.16.20:351][  0]LogTexture: Display: Building textures: T_Pots_Texturing_C (AutoDXT, 2048X2048)
[2020.04.05-19.16.20:351][  0]LogTexture: Display: Building textures: T_Pots_Texturing_A (AutoDXT, 2048X2048)
[2020.04.05-19.16.20:352][  0]LogTexture: Display: Building textures: T_Dirt_Mound_Texturing_N (BC5, 2048X2048)
[2020.04.05-19.16.20:352][  0]LogTexture: Display: Building textures: T_Dirt_Mound_Texturing_C (AutoDXT, 2048X2048)
[2020.04.05-19.16.20:352][  0]LogTexture: Display: Building textures: T_Dirt_Mound_Texturing_A (AutoDXT, 2048X2048)
[2020.04.05-19.16.20:352][  0]LogTexture: Display: Building textures: T_Chandelier_N (BC5, 4096X4096)
[2020.04.05-19.16.20:352][  0]LogTexture: Display: Building textures: T_Chandelier_C (AutoDXT, 4096X4096)
[2020.04.05-19.16.20:352][  0]LogTexture: Display: Building textures: T_Chandelier_A (AutoDXT, 4096X4096)
[2020.04.05-19.16.20:352][  0]LogTexture: Display: Building textures: T_Bed_N (BC5, 2048X2048)
[2020.04.05-19.16.20:360][  0]LogMaterial: Display: Missing cached shader map for material M_Skeleton_Dirty, compiling. 
[2020.04.05-19.16.51:351][  0]LogTexture: Display: Building textures: T_Bed_C (AutoDXT, 2048X2048)
[2020.04.05-19.16.51:351][  0]LogTexture: Display: Building textures: T_Bed_A (AutoDXT, 2048X2048)
[2020.04.05-19.16.51:351][  0]LogTexture: Display: Building textures: T_Chains_Texturing_N (BC5, 2048X2048)
[2020.04.05-19.16.51:351][  0]LogTexture: Display: Building textures: T_Chains_Texturing_C (AutoDXT, 2048X2048)
[2020.04.05-19.16.51:351][  0]LogTexture: Display: Building textures: T_Chains_Texturing_A (AutoDXT, 2048X2048)
[2020.04.05-19.16.51:352][  0]LogTexture: Display: Building textures: T_Small_Window_N (BC5, 2048X2048)
[2020.04.05-19.16.51:352][  0]LogTexture: Display: Building textures: T_Small_Window_C (AutoDXT, 2048X2048)
[2020.04.05-19.16.51:352][  0]LogTexture: Display: Building textures: T_Small_Window_A (AutoDXT, 2048X2048)
[2020.04.05-19.16.51:352][  0]LogTexture: Display: Building textures: T_Cell_Side_C (AutoDXT, 2048X2048)
[2020.04.05-19.16.51:352][  0]LogTexture: Display: Building textures: T_Cell_Side_N (BC5, 2048X2048)
[2020.04.05-19.16.51:352][  0]LogTexture: Display: Building textures: T_Cell_Side_A (AutoDXT, 2048X2048)
[2020.04.05-19.16.51:352][  0]LogMaterial: Display: Missing cached shader map for material M_Master, compiling. 
[2020.04.05-19.18.35:610][  0]LogTexture: Display: Building textures: T_Cell_Door_Front_C (AutoDXT, 4096X4096)
[2020.04.05-19.18.35:610][  0]LogTexture: Display: Building textures: T_Cell_Door_Front_N (BC5, 4096X4096)
[2020.04.05-19.18.35:610][  0]LogPackageName: Warning: Asset path "S_ClothTarps_03.SM.Mesh.S_ClothTarps_03" is in short form, which is unsupported and -- even if valid -- resolving it will be really slow.
[2020.04.05-19.18.35:611][  0]LogPackageName: Warning: Please consider resaving package in order to speed-up loading.
[2020.04.05-19.18.35:611][  0]LogPackageName: SearchForPackageOnDisk took   0.753s, but failed to resolve S_ClothTarps_03.
[2020.04.05-19.18.35:611][  0]LogPackageName: Warning: Asset path "S_ClothTarps_03.SM.Mesh.S_ClothTarps_03" could not be resolved.
[2020.04.05-19.18.35:611][  0]LogTexture: Display: Building textures: T_Cell_Door_Front_A (AutoDXT, 4096X4096)
[2020.04.05-19.18.35:611][  0]LogTexture: Display: Building textures: T_Crypt_Wall_Decorative_C_Normal (BC5, 4096X4096)
[2020.04.05-19.18.35:611][  0]LogTexture: Display: Building textures: T_Crypt_Wall_Decorative_C_Compact (AutoDXT, 4096X4096)
[2020.04.05-19.18.35:611][  0]LogAudioMixer: Display: Audio Buffer Underrun detected.
[2020.04.05-19.18.35:611][  0]LogTexture: Display: Building textures: T_Crypt_Wall_Decorative_C_Albedo (AutoDXT, 4096X4096)
[2020.04.05-19.18.35:611][  0]LogShaderCompilers: Display: Worker (1/3): shaders left to compile 121
[2020.04.05-19.18.35:611][  0]LogShaderCompilers: Display: Worker (3/3): shaders left to compile 111
[2020.04.05-19.18.35:611][  0]LogShaderCompilers: Display: Worker (2/3): shaders left to compile 101
[2020.04.05-19.18.35:611][  0]LogTexture: Display: Building textures: T_Dungeon_Wall_Decorative_A_N (BC5, 4096X4096)
[2020.04.05-19.18.35:611][  0]LogTexture: Display: Building textures: T_Dungeon_Wall_Decorative_A_C (AutoDXT, 4096X4096)
[2020.04.05-19.18.35:611][  0]LogTexture: Display: Building textures: T_Dungeon_Wall_Decorative_A_A (AutoDXT, 4096X4096)
[2020.04.05-19.18.35:611][  0]LogTexture: Display: Building textures: T_Ceiling_Arch_Normal (BC5, 4096X4096)
[2020.04.05-19.18.35:611][  0]LogTexture: Display: Building textures: T_Ceiling_Arch_Compact (AutoDXT, 4096X4096)
[2020.04.05-19.18.35:611][  0]LogTexture: Display: Building textures: T_Ceiling_Arch_Albedo (AutoDXT, 4096X4096)
[2020.04.05-19.18.35:611][  0]LogShaderCompilers: Display: Worker (1/3): shaders left to compile 91
[2020.04.05-19.18.35:611][  0]LogShaderCompilers: Display: Worker (3/3): shaders left to compile 81
[2020.04.05-19.18.35:611][  0]LogTexture: Display: Building textures: T_Flooded_ConcRail1_D_NRM (BC5, 1024X1024)
[2020.04.05-19.18.35:611][  0]LogTexture: Display: Building textures: T_Flooded_ConcRail1_D (AutoDXT, 1024X1024)
[2020.04.05-19.18.35:611][  0]LogShaderCompilers: Display: Worker (2/3): shaders left to compile 71
[2020.04.05-19.18.35:611][  0]LogTexture: Display: Building textures: T_Decos_Door_Frame_D_NRM (BC5, 2048X2048)
[2020.04.05-19.18.35:611][  0]LogTexture: Display: Building textures: T_Decos_Door_Frame_D (AutoDXT, 2048X2048)
[2020.04.05-19.18.35:611][  0]LogShaderCompilers: Display: Worker (3/3): shaders left to compile 61
[2020.04.05-19.18.35:612][  0]LogTexture: Display: Building textures: T_Tile_Floor_Broken_D_NRM (BC5, 1024X1024)
[2020.04.05-19.18.35:612][  0]LogTexture: Display: Building textures: T_Tile_Floor_Broken_D (AutoDXT, 1024X1024)
[2020.04.05-19.18.35:612][  0]LogTexture: Display: Building textures: T_WoodenBarrel_01_N (BC5, 512X512)
[2020.04.05-19.18.35:612][  0]LogTexture: Display: Building textures: T_WoodenBarrel_01_D (AutoDXT, 512X512)
[2020.04.05-19.18.35:612][  0]LogTexture: Display: Building textures: T_Wrought_Iron_Plate01_N (BC5, 512X512)
[2020.04.05-19.18.35:612][  0]LogTexture: Display: Building textures: T_Wrought_Iron_Plate01_D (AutoDXT, 512X512)
[2020.04.05-19.18.35:612][  0]LogTexture: Display: Building textures: Aset_rlCaz_2K_Roughness (BC7, 2048X2048)
[2020.04.05-19.18.35:612][  0]LogTexture: Display: Building textures: Aset_rlCaz_2K_Normal_LOD0 (BC5, 2048X2048)
[2020.04.05-19.18.35:612][  0]LogShaderCompilers: Display: Worker (1/3): shaders left to compile 51
[2020.04.05-19.18.35:612][  0]LogTexture: Display: Building textures: Aset_rlCaz_2K_Albedo (BC7, 2048X2048)
[2020.04.05-19.18.35:612][  0]LogTexture: Display: Building textures: Aset_wood_stump_M_rchvR_2K_Roughness (BC7, 2048X2048)
[2020.04.05-19.18.35:612][  0]LogAudioMixer: Display: Audio Buffer Underrun detected.
[2020.04.05-19.18.35:612][  0]LogMaterial: Display: Missing cached shader map for material m_Flooded_ConcRail1, compiling. 
[2020.04.05-19.18.35:649][  0]LogMaterial: Display: Missing cached shader map for material M_Decos_Door_Frame, compiling. 
[2020.04.05-19.18.35:703][  0]LogMaterial: Display: Missing cached shader map for material M_Tile_Floor_Broken_Tex_A, compiling. 
[2020.04.05-19.18.35:755][  0]LogTexture: Display: Building textures: Aset_wood_stump_M_rchvR_2K_Normal_LOD0 (BC5, 2048X2048)
[2020.04.05-19.18.35:755][  0]LogMaterial: Display: Missing cached shader map for material M_WoodenBarrel_01, compiling. 
[2020.04.05-19.18.36:312][  0]LogMaterial: Display: Missing cached shader map for material M_WroughtIron1, compiling. 
[2020.04.05-19.19.17:740][  0]LogTexture: Display: Building textures: Aset_wood_stump_M_rchvR_2K_Albedo (BC7, 2048X2048)
[2020.04.05-19.19.17:740][  0]LogTexture: Display: Building textures: T_Cage (AutoDXT, 128X128)
[2020.04.05-19.19.17:740][  0]LogShaderCompilers: Display: Worker (3/3): shaders left to compile 148
[2020.04.05-19.19.17:740][  0]LogTexture: Display: Building textures: T_Barrel_01 (AutoDXT, 1024X1024)
[2020.04.05-19.19.17:740][  0]LogTexture: Display: Building textures: T_ArmorSets01_N (BC5, 1024X1024)
[2020.04.05-19.19.17:740][  0]LogTexture: Display: Building textures: T_ArmorSets01_D (AutoDXT, 1024X1024)
[2020.04.05-19.19.17:740][  0]LogShaderCompilers: Display: Worker (3/3): shaders left to compile 138
[2020.04.05-19.19.17:740][  0]LogTexture: Display: Building textures: T_Spear01_D (AutoDXT, 64X64)
[2020.04.05-19.19.17:740][  0]LogTexture: Display: Building textures: T_Flag01_N (BC5, 512X512)
[2020.04.05-19.19.17:740][  0]LogTexture: Display: Building textures: T_Flag01_D (AutoDXT, 64X64)
[2020.04.05-19.19.17:740][  0]LogTexture: Display: Building textures: T_Banner01_D (AutoDXT, 128X128)
[2020.04.05-19.19.17:740][  0]LogTexture: Display: Building textures: T_Banner01_N (BC5, 512X1024)
[2020.04.05-19.19.17:740][  0]LogTexture: Display: Building textures: T_BagOBones_N (BC5, 1024X1024)
[2020.04.05-19.19.17:740][  0]LogTexture: Display: Building textures: T_BagOBones_D (AutoDXT, 1024X1024)
[2020.04.05-19.19.17:740][  0]LogTexture: Display: Building textures: T_Animal_bones_N (BC5, 1024X1024)
[2020.04.05-19.19.17:740][  0]LogTexture: Display: Building textures: T_Animal_bones_D (AutoDXT, 1024X1024)
[2020.04.05-19.19.17:740][  0]LogAudioMixer: Display: Audio Buffer Underrun detected.
[2020.04.05-19.19.17:740][  0]LogShaderCompilers: Display: Worker (1/3): shaders left to compile 128
[2020.04.05-19.19.17:741][  0]LogShaderCompilers: Display: Worker (2/3): shaders left to compile 118
[2020.04.05-19.19.17:741][  0]LogTexture: Display: Building textures: Aset_wood_board_M_ricaS_2K_Roughness (BC7, 2048X2048)
[2020.04.05-19.19.17:741][  0]LogTexture: Display: Building textures: Aset_wood_board_M_ricaS_2K_Normal_LOD0 (BC5, 2048X2048)
[2020.04.05-19.19.17:741][  0]LogTexture: Display: Building textures: Aset_wood_board_M_ricaS_2K_Albedo (BC7, 2048X2048)
[2020.04.05-19.19.17:741][  0]LogTexture: Display: Building textures: tjtkfjkfw_2K_Roughness (BC7, 2048X2048)
[2020.04.05-19.19.17:741][  0]LogMaterial: Display: Missing cached shader map for material M_Cage_Masked, compiling. 
[2020.04.05-19.19.17:781][  0]LogMaterial: Display: Missing cached shader map for material M_Cage, compiling. 
[2020.04.05-19.19.17:811][  0]LogMaterial: Display: Missing cached shader map for material M_Barrel_01, compiling. 
[2020.04.05-19.19.17:842][  0]LogMaterial: Display: Missing cached shader map for material M_SkeletonArmor, compiling. 
[2020.04.05-19.19.17:880][  0]LogMaterial: Display: Missing cached shader map for material M_Spear01_noNormals, compiling. 
[2020.04.05-19.19.17:912][  0]LogMaterial: Display: Missing cached shader map for material M_Flag01, compiling. 
[2020.04.05-19.19.17:945][  0]LogMaterial: Display: Missing cached shader map for material M_Banner01, compiling. 
[2020.04.05-19.19.17:978][  0]LogMaterial: Display: Missing cached shader map for material M_BagOBones, compiling. 
[2020.04.05-19.19.18:018][  0]LogTexture: Display: Building textures: tjtkfjkfw_2K_Normal (BC5, 2048X2048)
[2020.04.05-19.19.18:018][  0]LogMaterial: Display: Missing cached shader map for material M_AnimalBones, compiling. 
