Log file open, 02/27/20 16:22:24
LogWindows: Failed to load 'aqProf.dll' (GetLastError=126)
LogWindows: File 'aqProf.dll' does not exist
LogWindows: Failed to load 'VtuneApi.dll' (GetLastError=126)
LogWindows: File 'VtuneApi.dll' does not exist
LogWindows: Failed to load 'VtuneApi32e.dll' (GetLastError=126)
LogWindows: File 'VtuneApi32e.dll' does not exist
LogConsoleResponse: Display: Failed to find resolution value strings in scalability ini. Falling back to default.
LogInit: Display: Running engine for game: HnS
LogPlatformFile: Not using cached read wrapper
LogTaskGraph: Started task graph with 5 named threads and 35 total threads with 3 sets of task threads.
LogStats: Stats thread started at 0.071556
LogD3D11RHI: Loaded GFSDK_Aftermath_Lib.x64.dll
LogICUInternationalization: ICU TimeZone Detection - Raw Offset: +1:00, Platform Override: ''
LogPluginManager: Mounting plugin Paper2D
LogPluginManager: Mounting plugin AISupport
LogPluginManager: Mounting plugin LightPropagationVolume
LogPluginManager: Mounting plugin ActorLayerUtilities
LogPluginManager: Mounting plugin AnimationSharing
LogPluginManager: Mounting plugin CLionSourceCodeAccess
LogPluginManager: Mounting plugin CodeLiteSourceCodeAccess
LogPluginManager: Mounting plugin GitSourceControl
LogPluginManager: Mounting plugin KDevelopSourceCodeAccess
LogPluginManager: Mounting plugin NullSourceCodeAccess
LogPluginManager: Mounting plugin PerforceSourceControl
LogPluginManager: Mounting plugin PlasticSourceControl
LogPluginManager: Mounting plugin SubversionSourceControl
LogPluginManager: Mounting plugin UObjectPlugin
LogPluginManager: Mounting plugin VisualStudioCodeSourceCodeAccess
LogPluginManager: Mounting plugin VisualStudioSourceCodeAccess
LogPluginManager: Mounting plugin XCodeSourceCodeAccess
LogPluginManager: Mounting plugin AssetManagerEditor
LogPluginManager: Mounting plugin CryptoKeys
LogPluginManager: Mounting plugin CurveEditorTools
LogPluginManager: Mounting plugin DataValidation
LogPluginManager: Mounting plugin FacialAnimation
LogPluginManager: Mounting plugin GameplayTagsEditor
LogPluginManager: Mounting plugin MacGraphicsSwitching
LogPluginManager: Mounting plugin MaterialAnalyzer
LogPluginManager: Mounting plugin MobileLauncherProfileWizard
LogPluginManager: Mounting plugin PluginBrowser
LogPluginManager: Mounting plugin SpeedTreeImporter
LogPluginManager: Mounting plugin DatasmithContent
LogPluginManager: Mounting plugin VariantManagerContent
LogPluginManager: Mounting plugin AlembicImporter
LogPluginManager: Mounting plugin AutomationUtils
LogPluginManager: Mounting plugin BackChannel
LogPluginManager: Mounting plugin CharacterAI
LogPluginManager: Mounting plugin GeometryCache
LogPluginManager: Mounting plugin PlatformCrypto
LogPluginManager: Mounting plugin ProxyLODPlugin
LogPluginManager: Mounting plugin SkeletalReduction
LogPluginManager: Mounting plugin MagicLeap
LogPluginManager: Mounting plugin MagicLeapMedia
LogPluginManager: Mounting plugin MLSDK
LogPluginManager: Mounting plugin AndroidMedia
LogPluginManager: Mounting plugin AvfMedia
LogPluginManager: Mounting plugin ImgMedia
LogPluginManager: Mounting plugin MediaCompositing
LogPluginManager: Mounting plugin MediaPlayerEditor
LogPluginManager: Mounting plugin WebMMedia
LogPluginManager: Mounting plugin WmfMedia
LogPluginManager: Mounting plugin TcpMessaging
LogPluginManager: Mounting plugin UdpMessaging
LogPluginManager: Mounting plugin ActorSequence
LogPluginManager: Mounting plugin LevelSequenceEditor
LogPluginManager: Mounting plugin MatineeToLevelSequence
LogPluginManager: Mounting plugin NetcodeUnitTest
LogPluginManager: Mounting plugin NUTUnrealEngine4
LogPluginManager: Mounting plugin OnlineSubsystemGooglePlay
LogPluginManager: Mounting plugin OnlineSubsystemIOS
LogPluginManager: Mounting plugin OnlineSubsystem
LogPluginManager: Mounting plugin OnlineSubsystemNull
LogPluginManager: Mounting plugin OnlineSubsystemUtils
LogPluginManager: Mounting plugin LauncherChunkInstaller
LogPluginManager: Mounting plugin AndroidDeviceProfileSelector
LogPluginManager: Mounting plugin AndroidMoviePlayer
LogPluginManager: Mounting plugin AndroidPermission
LogPluginManager: Mounting plugin AppleImageUtils
LogPluginManager: Mounting plugin AppleMoviePlayer
LogPluginManager: Mounting plugin ArchVisCharacter
LogPluginManager: Mounting plugin AssetTags
LogPluginManager: Mounting plugin AudioCapture
LogPluginManager: Mounting plugin CableComponent
LogPluginManager: Mounting plugin CustomMeshComponent
LogPluginManager: Mounting plugin EditableMesh
LogPluginManager: Mounting plugin ExampleDeviceProfileSelector
LogPluginManager: Mounting plugin GoogleCloudMessaging
LogPluginManager: Mounting plugin IOSDeviceProfileSelector
LogPluginManager: Mounting plugin LinuxDeviceProfileSelector
LogPluginManager: Mounting plugin LocationServicesBPLibrary
LogPluginManager: Mounting plugin MobilePatchingUtils
LogPluginManager: Mounting plugin OculusVR
LogPluginManager: Mounting plugin PhysXVehicles
LogPluginManager: Mounting plugin PostSplashScreen
LogPluginManager: Mounting plugin ProceduralMeshComponent
LogPluginManager: Mounting plugin RuntimePhysXCooking
LogPluginManager: Mounting plugin SignificanceManager
LogPluginManager: Mounting plugin SteamVR
LogPluginManager: Mounting plugin WebMMoviePlayer
LogPluginManager: Mounting plugin WindowsMoviePlayer
LogPluginManager: Mounting plugin ScreenshotTools
LogInit: Using libcurl 7.55.1-DEV
LogInit:  - built for x86_64-pc-win32
LogInit:  - supports SSL with OpenSSL/1.1.1
LogInit:  - supports HTTP deflate (compression) using libz 1.2.8
LogInit:  - other features:
LogInit:      CURL_VERSION_SSL
LogInit:      CURL_VERSION_LIBZ
LogInit:      CURL_VERSION_IPV6
LogInit:      CURL_VERSION_ASYNCHDNS
LogInit:      CURL_VERSION_LARGEFILE
LogInit:      CURL_VERSION_IDN
LogInit:  CurlRequestOptions (configurable via config and command line):
LogInit:  - bVerifyPeer = true  - Libcurl will verify peer certificate
LogInit:  - bUseHttpProxy = false  - Libcurl will NOT use HTTP proxy
LogInit:  - bDontReuseConnections = false  - Libcurl will reuse connections
LogInit:  - MaxHostConnections = 16  - Libcurl will limit the number of connections to a host
LogInit:  - LocalHostAddr = Default
LogInit:  - BufferSize = 65536
LogOnline: OSS: Creating online subsystem instance for: NULL
LogInit: WinSock: version 1.1 (2.2), MaxSocks=32767, MaxUdp=65467
LogOnline: OSS: TryLoadSubsystemAndSetDefault: Loaded subsystem for module [NULL]
LogHMD: Failed initializing OVRPlugin 1.40.0
LogInit: Build: ++UE4+Release-4.24-CL-11100242
LogInit: Engine Version: 4.24.2-11100242+++UE4+Release-4.24
LogInit: Compatible Engine Version: 4.24.0-10570792+++UE4+Release-4.24
LogInit: Net CL: 10570792
LogInit: OS: Windows 10 (Release 1903) (), CPU: AMD Ryzen 5 2600 Six-Core Processor            , GPU: NVIDIA GeForce GTX 1070
LogInit: Compiled (64-bit): Jan 24 2020 02:05:53
LogInit: Compiled with Visual C++: 19.16.27032.01
LogInit: Build Configuration: Development
LogInit: Branch Name: ++UE4+Release-4.24
LogInit: Command Line:  -EpicPortal -epicusername=thirtyacors -epicuserid=ad1d58c5f4cd4c999f96bb8eb18659de -epiclocale=es
LogInit: Base Directory: D:/Epic Games/UE_4.24/Engine/Binaries/Win64/
LogInit: Installed Engine Build: 1
LogDevObjectVersion: Number of dev versions registered: 25
LogDevObjectVersion:   Dev-Blueprints (B0D832E4-1F89-4F0D-ACCF-7EB736FD4AA2): 10
LogDevObjectVersion:   Dev-Build (E1C64328-A22C-4D53-A36C-8E866417BD8C): 0
LogDevObjectVersion:   Dev-Core (375EC13C-06E4-48FB-B500-84F0262A717E): 3
LogDevObjectVersion:   Dev-Editor (E4B068ED-F494-42E9-A231-DA0B2E46BB41): 37
LogDevObjectVersion:   Dev-Framework (CFFC743F-43B0-4480-9391-14DF171D2073): 36
LogDevObjectVersion:   Dev-Mobile (B02B49B5-BB20-44E9-A304-32B752E40360): 2
LogDevObjectVersion:   Dev-Networking (A4E4105C-59A1-49B5-A7C5-40C4547EDFEE): 0
LogDevObjectVersion:   Dev-Online (39C831C9-5AE6-47DC-9A44-9C173E1C8E7C): 0
LogDevObjectVersion:   Dev-Physics (78F01B33-EBEA-4F98-B9B4-84EACCB95AA2): 2
LogDevObjectVersion:   Dev-Platform (6631380F-2D4D-43E0-8009-CF276956A95A): 0
LogDevObjectVersion:   Dev-Rendering (12F88B9F-8875-4AFC-A67C-D90C383ABD29): 36
LogDevObjectVersion:   Dev-Sequencer (7B5AE74C-D270-4C10-A958-57980B212A5A): 11
LogDevObjectVersion:   Dev-VR (D7296918-1DD6-4BDD-9DE2-64A83CC13884): 2
LogDevObjectVersion:   Dev-LoadTimes (C2A15278-BFE7-4AFE-6C17-90FF531DF755): 1
LogDevObjectVersion:   Private-Geometry (6EACA3D4-40EC-4CC1-B786-8BED09428FC5): 3
LogDevObjectVersion:   Dev-AnimPhys (29E575DD-E0A3-4627-9D10-D276232CDCEA): 17
LogDevObjectVersion:   Dev-Anim (AF43A65D-7FD3-4947-9873-3E8ED9C1BB05): 2
LogDevObjectVersion:   Dev-ReflectionCapture (6B266CEC-1EC7-4B8F-A30B-E4D90942FC07): 1
LogDevObjectVersion:   Dev-Automation (0DF73D61-A23F-47EA-B727-89E90C41499A): 1
LogDevObjectVersion:   FortniteMain (601D1886-AC64-4F84-AA16-D3DE0DEAC7D6): 31
LogDevObjectVersion:   Dev-Enterprise (9DFFBCD6-494F-0158-E221-12823C92A888): 8
LogDevObjectVersion:   Dev-Niagara (F2AED0AC-9AFE-416F-8664-AA7FFA26D6FC): 1
LogDevObjectVersion:   Dev-Destruction (174F1F0B-B4C6-45A5-B13F-2EE8D0FB917D): 9
LogDevObjectVersion:   Dev-Physics-Ext (35F94A83-E258-406C-A318-09F59610247C): 8
LogDevObjectVersion:   Dev-CineCamera (B2E18506-4273-CFC2-A54E-F4BB758BBA07): 1
LogInit: Presizing for max 25165824 objects, including 0 objects not considered by GC, pre-allocating 0 bytes for permanent pool.
LogInit: Object subsystem initialized
LogConfig: Setting CVar [[con.DebugEarlyDefault:1]]
LogConfig: Setting CVar [[r.setres:1280x720]]
[2020.02.27-15.22.24:861][  0]LogConfig: Setting CVar [[r.VSync:0]]
[2020.02.27-15.22.24:861][  0]LogConfig: Setting CVar [[r.RHICmdBypass:0]]
[2020.02.27-15.22.24:861][  0]LogConfig: Applying CVar settings from Section [/Script/Engine.RendererSettings] File [X:/Documents/GDDV/Motors 2/GladiatorArena/HnS/Saved/Config/Windows/Engine.ini]
[2020.02.27-15.22.24:861][  0]LogConfig: Setting CVar [[r.GPUCrashDebugging:0]]
[2020.02.27-15.22.24:861][  0]LogConfig: Applying CVar settings from Section [/Script/Engine.RendererOverrideSettings] File [X:/Documents/GDDV/Motors 2/GladiatorArena/HnS/Saved/Config/Windows/Engine.ini]
[2020.02.27-15.22.24:861][  0]LogConfig: Applying CVar settings from Section [/Script/Engine.StreamingSettings] File [X:/Documents/GDDV/Motors 2/GladiatorArena/HnS/Saved/Config/Windows/Engine.ini]
[2020.02.27-15.22.24:861][  0]LogConfig: Setting CVar [[s.MinBulkDataSizeForAsyncLoading:131072]]
[2020.02.27-15.22.24:861][  0]LogConfig: Setting CVar [[s.AsyncLoadingThreadEnabled:0]]
[2020.02.27-15.22.24:861][  0]LogConfig: Setting CVar [[s.EventDrivenLoaderEnabled:1]]
[2020.02.27-15.22.24:862][  0]LogConfig: Setting CVar [[s.WarnIfTimeLimitExceeded:0]]
[2020.02.27-15.22.24:862][  0]LogConfig: Setting CVar [[s.TimeLimitExceededMultiplier:1.5]]
[2020.02.27-15.22.24:862][  0]LogConfig: Setting CVar [[s.TimeLimitExceededMinTime:0.005]]
[2020.02.27-15.22.24:862][  0]LogConfig: Setting CVar [[s.UseBackgroundLevelStreaming:1]]
[2020.02.27-15.22.24:862][  0]LogConfig: Setting CVar [[s.PriorityAsyncLoadingExtraTime:15.0]]
[2020.02.27-15.22.24:862][  0]LogConfig: Setting CVar [[s.LevelStreamingActorsUpdateTimeLimit:5.0]]
[2020.02.27-15.22.24:862][  0]LogConfig: Setting CVar [[s.PriorityLevelStreamingActorsUpdateExtraTime:5.0]]
[2020.02.27-15.22.24:862][  0]LogConfig: Setting CVar [[s.LevelStreamingComponentsRegistrationGranularity:10]]
[2020.02.27-15.22.24:862][  0]LogConfig: Setting CVar [[s.UnregisterComponentsTimeLimit:1.0]]
[2020.02.27-15.22.24:862][  0]LogConfig: Setting CVar [[s.LevelStreamingComponentsUnregistrationGranularity:5]]
[2020.02.27-15.22.24:862][  0]LogConfig: Setting CVar [[s.FlushStreamingOnExit:1]]
[2020.02.27-15.22.24:862][  0]LogConfig: Applying CVar settings from Section [/Script/Engine.GarbageCollectionSettings] File [X:/Documents/GDDV/Motors 2/GladiatorArena/HnS/Saved/Config/Windows/Engine.ini]
[2020.02.27-15.22.24:862][  0]LogConfig: Setting CVar [[gc.MaxObjectsNotConsideredByGC:1]]
[2020.02.27-15.22.24:862][  0]LogConfig: Setting CVar [[gc.SizeOfPermanentObjectPool:0]]
[2020.02.27-15.22.24:862][  0]LogConfig: Setting CVar [[gc.FlushStreamingOnGC:0]]
[2020.02.27-15.22.24:862][  0]LogConfig: Setting CVar [[gc.NumRetriesBeforeForcingGC:10]]
[2020.02.27-15.22.24:862][  0]LogConfig: Setting CVar [[gc.AllowParallelGC:1]]
[2020.02.27-15.22.24:862][  0]LogConfig: Setting CVar [[gc.TimeBetweenPurgingPendingKillObjects:61.1]]
[2020.02.27-15.22.24:862][  0]LogConfig: Setting CVar [[gc.MaxObjectsInEditor:25165824]]
[2020.02.27-15.22.24:862][  0]LogConfig: Setting CVar [[gc.IncrementalBeginDestroyEnabled:1]]
[2020.02.27-15.22.24:862][  0]LogConfig: Setting CVar [[gc.CreateGCClusters:1]]
[2020.02.27-15.22.24:862][  0]LogConfig: Setting CVar [[gc.MinGCClusterSize:5]]
[2020.02.27-15.22.24:862][  0]LogConfig: Setting CVar [[gc.ActorClusteringEnabled:0]]
[2020.02.27-15.22.24:862][  0]LogConfig: Setting CVar [[gc.BlueprintClusteringEnabled:0]]
[2020.02.27-15.22.24:862][  0]LogConfig: Setting CVar [[gc.UseDisregardForGCOnDedicatedServers:0]]
[2020.02.27-15.22.24:862][  0]LogConfig: Applying CVar settings from Section [/Script/Engine.NetworkSettings] File [X:/Documents/GDDV/Motors 2/GladiatorArena/HnS/Saved/Config/Windows/Engine.ini]
[2020.02.27-15.22.24:862][  0]LogConfig: Applying CVar settings from Section [/Script/UnrealEd.CookerSettings] File [X:/Documents/GDDV/Motors 2/GladiatorArena/HnS/Saved/Config/Windows/Engine.ini]
[2020.02.27-15.22.24:865][  0]LogConfig: Applying CVar settings from Section [ViewDistanceQuality@3] File [X:/Documents/GDDV/Motors 2/GladiatorArena/HnS/Saved/Config/Windows/Scalability.ini]
[2020.02.27-15.22.24:865][  0]LogConfig: Setting CVar [[r.SkeletalMeshLODBias:0]]
[2020.02.27-15.22.24:865][  0]LogConfig: Setting CVar [[r.ViewDistanceScale:1.0]]
[2020.02.27-15.22.24:865][  0]LogConfig: Applying CVar settings from Section [AntiAliasingQuality@3] File [X:/Documents/GDDV/Motors 2/GladiatorArena/HnS/Saved/Config/Windows/Scalability.ini]
[2020.02.27-15.22.24:865][  0]LogConfig: Setting CVar [[r.PostProcessAAQuality:4]]
[2020.02.27-15.22.24:865][  0]LogConfig: Applying CVar settings from Section [ShadowQuality@3] File [X:/Documents/GDDV/Motors 2/GladiatorArena/HnS/Saved/Config/Windows/Scalability.ini]
[2020.02.27-15.22.24:865][  0]LogConfig: Setting CVar [[r.LightFunctionQuality:1]]
[2020.02.27-15.22.24:865][  0]LogConfig: Setting CVar [[r.ShadowQuality:5]]
[2020.02.27-15.22.24:865][  0]LogConfig: Setting CVar [[r.Shadow.CSM.MaxCascades:10]]
[2020.02.27-15.22.24:865][  0]LogConfig: Setting CVar [[r.Shadow.MaxResolution:2048]]
[2020.02.27-15.22.24:865][  0]LogConfig: Setting CVar [[r.Shadow.MaxCSMResolution:2048]]
[2020.02.27-15.22.24:865][  0]LogConfig: Setting CVar [[r.Shadow.RadiusThreshold:0.01]]
[2020.02.27-15.22.24:865][  0]LogConfig: Setting CVar [[r.Shadow.DistanceScale:1.0]]
[2020.02.27-15.22.24:865][  0]LogConfig: Setting CVar [[r.Shadow.CSM.TransitionScale:1.0]]
[2020.02.27-15.22.24:865][  0]LogConfig: Setting CVar [[r.Shadow.PreShadowResolutionFactor:1.0]]
[2020.02.27-15.22.24:865][  0]LogConfig: Setting CVar [[r.DistanceFieldShadowing:1]]
[2020.02.27-15.22.24:865][  0]LogConfig: Setting CVar [[r.DistanceFieldAO:1]]
[2020.02.27-15.22.24:865][  0]LogConfig: Setting CVar [[r.AOQuality:2]]
[2020.02.27-15.22.24:865][  0]LogConfig: Setting CVar [[r.VolumetricFog:1]]
[2020.02.27-15.22.24:865][  0]LogConfig: Setting CVar [[r.VolumetricFog.GridPixelSize:8]]
[2020.02.27-15.22.24:865][  0]LogConfig: Setting CVar [[r.VolumetricFog.GridSizeZ:128]]
[2020.02.27-15.22.24:865][  0]LogConfig: Setting CVar [[r.VolumetricFog.HistoryMissSupersampleCount:4]]
[2020.02.27-15.22.24:865][  0]LogConfig: Setting CVar [[r.LightMaxDrawDistanceScale:1]]
[2020.02.27-15.22.24:865][  0]LogConfig: Setting CVar [[r.CapsuleShadows:1]]
[2020.02.27-15.22.24:865][  0]LogConfig: Applying CVar settings from Section [PostProcessQuality@3] File [X:/Documents/GDDV/Motors 2/GladiatorArena/HnS/Saved/Config/Windows/Scalability.ini]
[2020.02.27-15.22.24:865][  0]LogConfig: Setting CVar [[r.MotionBlurQuality:4]]
[2020.02.27-15.22.24:865][  0]LogConfig: Setting CVar [[r.AmbientOcclusionMipLevelFactor:0.4]]
[2020.02.27-15.22.24:865][  0]LogConfig: Setting CVar [[r.AmbientOcclusionMaxQuality:100]]
[2020.02.27-15.22.24:865][  0]LogConfig: Setting CVar [[r.AmbientOcclusionLevels:-1]]
[2020.02.27-15.22.24:865][  0]LogConfig: Setting CVar [[r.AmbientOcclusionRadiusScale:1.0]]
[2020.02.27-15.22.24:865][  0]LogConfig: Setting CVar [[r.DepthOfFieldQuality:2]]
[2020.02.27-15.22.24:865][  0]LogConfig: Setting CVar [[r.RenderTargetPoolMin:400]]
[2020.02.27-15.22.24:865][  0]LogConfig: Setting CVar [[r.LensFlareQuality:2]]
[2020.02.27-15.22.24:865][  0]LogConfig: Setting CVar [[r.SceneColorFringeQuality:1]]
[2020.02.27-15.22.24:865][  0]LogConfig: Setting CVar [[r.EyeAdaptationQuality:2]]
[2020.02.27-15.22.24:865][  0]LogConfig: Setting CVar [[r.BloomQuality:5]]
[2020.02.27-15.22.24:865][  0]LogConfig: Setting CVar [[r.FastBlurThreshold:100]]
[2020.02.27-15.22.24:865][  0]LogConfig: Setting CVar [[r.Upscale.Quality:3]]
[2020.02.27-15.22.24:865][  0]LogConfig: Setting CVar [[r.Tonemapper.GrainQuantization:1]]
[2020.02.27-15.22.24:865][  0]LogConfig: Setting CVar [[r.LightShaftQuality:1]]
[2020.02.27-15.22.24:865][  0]LogConfig: Setting CVar [[r.Filter.SizeScale:1]]
[2020.02.27-15.22.24:865][  0]LogConfig: Setting CVar [[r.Tonemapper.Quality:5]]
[2020.02.27-15.22.24:865][  0]LogConfig: Setting CVar [[r.DOF.Gather.AccumulatorQuality:1        ; higher gathering accumulator quality]]
[2020.02.27-15.22.24:865][  0]LogConfig: Setting CVar [[r.DOF.Gather.PostfilterMethod:1          ; Median3x3 postfilering method]]
[2020.02.27-15.22.24:865][  0]LogConfig: Setting CVar [[r.DOF.Gather.EnableBokehSettings:0       ; no bokeh simulation when gathering]]
[2020.02.27-15.22.24:865][  0]LogConfig: Setting CVar [[r.DOF.Gather.RingCount:4                 ; medium number of samples when gathering]]
[2020.02.27-15.22.24:865][  0]LogConfig: Setting CVar [[r.DOF.Scatter.ForegroundCompositing:1    ; additive foreground scattering]]
[2020.02.27-15.22.24:865][  0]LogConfig: Setting CVar [[r.DOF.Scatter.BackgroundCompositing:2    ; additive background scattering]]
[2020.02.27-15.22.24:865][  0]LogConfig: Setting CVar [[r.DOF.Scatter.EnableBokehSettings:1      ; bokeh simulation when scattering]]
[2020.02.27-15.22.24:865][  0]LogConfig: Setting CVar [[r.DOF.Scatter.MaxSpriteRatio:0.1         ; only a maximum of 10% of scattered bokeh]]
[2020.02.27-15.22.24:865][  0]LogConfig: Setting CVar [[r.DOF.Recombine.Quality:1                ; cheap slight out of focus]]
[2020.02.27-15.22.24:866][  0]LogConfig: Setting CVar [[r.DOF.Recombine.EnableBokehSettings:0    ; no bokeh simulation on slight out of focus]]
[2020.02.27-15.22.24:866][  0]LogConfig: Setting CVar [[r.DOF.TemporalAAQuality:1                ; more stable temporal accumulation]]
[2020.02.27-15.22.24:866][  0]LogConfig: Setting CVar [[r.DOF.Kernel.MaxForegroundRadius:0.025]]
[2020.02.27-15.22.24:866][  0]LogConfig: Setting CVar [[r.DOF.Kernel.MaxBackgroundRadius:0.025]]
[2020.02.27-15.22.24:866][  0]LogConfig: Applying CVar settings from Section [TextureQuality@3] File [X:/Documents/GDDV/Motors 2/GladiatorArena/HnS/Saved/Config/Windows/Scalability.ini]
[2020.02.27-15.22.24:866][  0]LogConfig: Setting CVar [[r.Streaming.MipBias:0]]
[2020.02.27-15.22.24:866][  0]LogConfig: Setting CVar [[r.Streaming.AmortizeCPUToGPUCopy:0]]
[2020.02.27-15.22.24:866][  0]LogConfig: Setting CVar [[r.Streaming.MaxNumTexturesToStreamPerFrame:0]]
[2020.02.27-15.22.24:866][  0]LogConfig: Setting CVar [[r.Streaming.Boost:1]]
[2020.02.27-15.22.24:866][  0]LogConfig: Setting CVar [[r.MaxAnisotropy:8]]
[2020.02.27-15.22.24:866][  0]LogConfig: Setting CVar [[r.VT.MaxAnisotropy:8]]
[2020.02.27-15.22.24:866][  0]LogConfig: Setting CVar [[r.Streaming.LimitPoolSizeToVRAM:0]]
[2020.02.27-15.22.24:866][  0]LogConfig: Setting CVar [[r.Streaming.PoolSize:1000]]
[2020.02.27-15.22.24:866][  0]LogConfig: Setting CVar [[r.Streaming.MaxEffectiveScreenSize:0]]
[2020.02.27-15.22.24:866][  0]LogConfig: Applying CVar settings from Section [EffectsQuality@3] File [X:/Documents/GDDV/Motors 2/GladiatorArena/HnS/Saved/Config/Windows/Scalability.ini]
[2020.02.27-15.22.24:866][  0]LogConfig: Setting CVar [[r.TranslucencyLightingVolumeDim:64]]
[2020.02.27-15.22.24:866][  0]LogConfig: Setting CVar [[r.RefractionQuality:2]]
[2020.02.27-15.22.24:866][  0]LogConfig: Setting CVar [[r.SSR.Quality:3]]
[2020.02.27-15.22.24:866][  0]LogConfig: Setting CVar [[r.SSR.HalfResSceneColor:0]]
[2020.02.27-15.22.24:866][  0]LogConfig: Setting CVar [[r.SceneColorFormat:4]]
[2020.02.27-15.22.24:866][  0]LogConfig: Setting CVar [[r.DetailMode:2]]
[2020.02.27-15.22.24:866][  0]LogConfig: Setting CVar [[r.TranslucencyVolumeBlur:1]]
[2020.02.27-15.22.24:866][  0]LogConfig: Setting CVar [[r.MaterialQualityLevel:1 ; High quality]]
[2020.02.27-15.22.24:866][  0]LogConfig: Setting CVar [[r.SSS.Scale:1]]
[2020.02.27-15.22.24:866][  0]LogConfig: Setting CVar [[r.SSS.SampleSet:2]]
[2020.02.27-15.22.24:866][  0]LogConfig: Setting CVar [[r.SSS.Quality:1]]
[2020.02.27-15.22.24:866][  0]LogConfig: Setting CVar [[r.SSS.HalfRes:1]]
[2020.02.27-15.22.24:866][  0]LogConfig: Setting CVar [[r.SSGI.Quality:3]]
[2020.02.27-15.22.24:866][  0]LogConfig: Setting CVar [[r.EmitterSpawnRateScale:1.0]]
[2020.02.27-15.22.24:866][  0]LogConfig: Setting CVar [[r.ParticleLightQuality:2]]
[2020.02.27-15.22.24:866][  0]LogConfig: Setting CVar [[r.SkyAtmosphere.AerialPerspectiveLUT.FastApplyOnOpaque:1 ; Always have FastSkyLUT 1 in this case to avoid wrong sky]]
[2020.02.27-15.22.24:866][  0]LogConfig: Setting CVar [[r.SkyAtmosphere.AerialPerspectiveLUT.SampleCountPerSlice:1]]
[2020.02.27-15.22.24:866][  0]LogConfig: Setting CVar [[r.SkyAtmosphere.AerialPerspectiveLUT.DepthResolution:16.0]]
[2020.02.27-15.22.24:866][  0]LogConfig: Setting CVar [[r.SkyAtmosphere.FastSkyLUT:1]]
[2020.02.27-15.22.24:866][  0]LogConfig: Setting CVar [[r.SkyAtmosphere.FastSkyLUT.SampleCountMin:4.0]]
[2020.02.27-15.22.24:866][  0]LogConfig: Setting CVar [[r.SkyAtmosphere.FastSkyLUT.SampleCountMax:32.0]]
[2020.02.27-15.22.24:866][  0]LogConfig: Setting CVar [[r.SkyAtmosphere.SampleCountMin:4.0]]
[2020.02.27-15.22.24:866][  0]LogConfig: Setting CVar [[r.SkyAtmosphere.SampleCountMax:32.0]]
[2020.02.27-15.22.24:866][  0]LogConfig: Setting CVar [[r.SkyAtmosphere.TransmittanceLUT.UseSmallFormat:0]]
[2020.02.27-15.22.24:866][  0]LogConfig: Setting CVar [[r.SkyAtmosphere.TransmittanceLUT.SampleCount:10.0]]
[2020.02.27-15.22.24:866][  0]LogConfig: Setting CVar [[r.SkyAtmosphere.MultiScatteringLUT.SampleCount:15.0]]
[2020.02.27-15.22.24:866][  0]LogConfig: Applying CVar settings from Section [FoliageQuality@3] File [X:/Documents/GDDV/Motors 2/GladiatorArena/HnS/Saved/Config/Windows/Scalability.ini]
[2020.02.27-15.22.24:866][  0]LogConfig: Setting CVar [[foliage.DensityScale:1.0]]
[2020.02.27-15.22.24:866][  0]LogConfig: Setting CVar [[grass.DensityScale:1.0]]
[2020.02.27-15.22.24:866][  0]LogConfig: Applying CVar settings from Section [ShadingQuality@3] File [X:/Documents/GDDV/Motors 2/GladiatorArena/HnS/Saved/Config/Windows/Scalability.ini]
[2020.02.27-15.22.24:866][  0]LogConfig: Setting CVar [[r.HairStrands.SkyLighting.SampleCount:16]]
[2020.02.27-15.22.24:866][  0]LogConfig: Setting CVar [[r.HairStrands.SkyLighting.JitterIntegration:0]]
[2020.02.27-15.22.24:866][  0]LogConfig: Setting CVar [[r.HairStrands.SkyAO.SampleCount:16]]
[2020.02.27-15.22.24:866][  0]LogInit: Selected Device Profile: [Windows]
[2020.02.27-15.22.24:866][  0]LogInit: Applying CVar settings loaded from the selected device profile: [Windows]
[2020.02.27-15.22.24:869][  0]LogHAL: Display: Platform has ~ 16 GB [17113747456 / 17179869184 / 16], which maps to Larger [LargestMinGB=32, LargerMinGB=12, DefaultMinGB=8, SmallerMinGB=6, SmallestMinGB=0)
[2020.02.27-15.22.24:869][  0]LogInit: Going up to parent DeviceProfile []
[2020.02.27-15.22.24:869][  0]LogConfig: Applying CVar settings from Section [ViewDistanceQuality@3] File [X:/Documents/GDDV/Motors 2/GladiatorArena/HnS/Saved/Config/Windows/Scalability.ini]
[2020.02.27-15.22.24:869][  0]LogConfig: Setting CVar [[r.SkeletalMeshLODBias:0]]
[2020.02.27-15.22.24:869][  0]LogConfig: Setting CVar [[r.ViewDistanceScale:1.0]]
[2020.02.27-15.22.24:869][  0]LogConfig: Applying CVar settings from Section [AntiAliasingQuality@3] File [X:/Documents/GDDV/Motors 2/GladiatorArena/HnS/Saved/Config/Windows/Scalability.ini]
[2020.02.27-15.22.24:869][  0]LogConfig: Setting CVar [[r.PostProcessAAQuality:4]]
[2020.02.27-15.22.24:869][  0]LogConfig: Applying CVar settings from Section [ShadowQuality@3] File [X:/Documents/GDDV/Motors 2/GladiatorArena/HnS/Saved/Config/Windows/Scalability.ini]
[2020.02.27-15.22.24:869][  0]LogConfig: Setting CVar [[r.LightFunctionQuality:1]]
[2020.02.27-15.22.24:869][  0]LogConfig: Setting CVar [[r.ShadowQuality:5]]
[2020.02.27-15.22.24:869][  0]LogConfig: Setting CVar [[r.Shadow.CSM.MaxCascades:10]]
[2020.02.27-15.22.24:869][  0]LogConfig: Setting CVar [[r.Shadow.MaxResolution:2048]]
[2020.02.27-15.22.24:869][  0]LogConfig: Setting CVar [[r.Shadow.MaxCSMResolution:2048]]
[2020.02.27-15.22.24:869][  0]LogConfig: Setting CVar [[r.Shadow.RadiusThreshold:0.01]]
[2020.02.27-15.22.24:870][  0]LogConfig: Setting CVar [[r.Shadow.DistanceScale:1.0]]
[2020.02.27-15.22.24:870][  0]LogConfig: Setting CVar [[r.Shadow.CSM.TransitionScale:1.0]]
[2020.02.27-15.22.24:870][  0]LogConfig: Setting CVar [[r.Shadow.PreShadowResolutionFactor:1.0]]
[2020.02.27-15.22.24:870][  0]LogConfig: Setting CVar [[r.DistanceFieldShadowing:1]]
[2020.02.27-15.22.24:870][  0]LogConfig: Setting CVar [[r.DistanceFieldAO:1]]
[2020.02.27-15.22.24:870][  0]LogConfig: Setting CVar [[r.AOQuality:2]]
[2020.02.27-15.22.24:870][  0]LogConfig: Setting CVar [[r.VolumetricFog:1]]
[2020.02.27-15.22.24:870][  0]LogConfig: Setting CVar [[r.VolumetricFog.GridPixelSize:8]]
[2020.02.27-15.22.24:870][  0]LogConfig: Setting CVar [[r.VolumetricFog.GridSizeZ:128]]
[2020.02.27-15.22.24:870][  0]LogConfig: Setting CVar [[r.VolumetricFog.HistoryMissSupersampleCount:4]]
[2020.02.27-15.22.24:870][  0]LogConfig: Setting CVar [[r.LightMaxDrawDistanceScale:1]]
[2020.02.27-15.22.24:870][  0]LogConfig: Setting CVar [[r.CapsuleShadows:1]]
[2020.02.27-15.22.24:870][  0]LogConfig: Applying CVar settings from Section [PostProcessQuality@3] File [X:/Documents/GDDV/Motors 2/GladiatorArena/HnS/Saved/Config/Windows/Scalability.ini]
[2020.02.27-15.22.24:870][  0]LogConfig: Setting CVar [[r.MotionBlurQuality:4]]
[2020.02.27-15.22.24:870][  0]LogConfig: Setting CVar [[r.AmbientOcclusionMipLevelFactor:0.4]]
[2020.02.27-15.22.24:870][  0]LogConfig: Setting CVar [[r.AmbientOcclusionMaxQuality:100]]
[2020.02.27-15.22.24:870][  0]LogConfig: Setting CVar [[r.AmbientOcclusionLevels:-1]]
[2020.02.27-15.22.24:870][  0]LogConfig: Setting CVar [[r.AmbientOcclusionRadiusScale:1.0]]
[2020.02.27-15.22.24:870][  0]LogConfig: Setting CVar [[r.DepthOfFieldQuality:2]]
[2020.02.27-15.22.24:870][  0]LogConfig: Setting CVar [[r.RenderTargetPoolMin:400]]
[2020.02.27-15.22.24:870][  0]LogConfig: Setting CVar [[r.LensFlareQuality:2]]
[2020.02.27-15.22.24:870][  0]LogConfig: Setting CVar [[r.SceneColorFringeQuality:1]]
[2020.02.27-15.22.24:870][  0]LogConfig: Setting CVar [[r.EyeAdaptationQuality:2]]
[2020.02.27-15.22.24:870][  0]LogConfig: Setting CVar [[r.BloomQuality:5]]
[2020.02.27-15.22.24:870][  0]LogConfig: Setting CVar [[r.FastBlurThreshold:100]]
[2020.02.27-15.22.24:871][  0]LogConfig: Setting CVar [[r.Upscale.Quality:3]]
[2020.02.27-15.22.24:871][  0]LogConfig: Setting CVar [[r.Tonemapper.GrainQuantization:1]]
[2020.02.27-15.22.24:871][  0]LogConfig: Setting CVar [[r.LightShaftQuality:1]]
[2020.02.27-15.22.24:871][  0]LogConfig: Setting CVar [[r.Filter.SizeScale:1]]
[2020.02.27-15.22.24:871][  0]LogConfig: Setting CVar [[r.Tonemapper.Quality:5]]
[2020.02.27-15.22.24:871][  0]LogConfig: Setting CVar [[r.DOF.Gather.AccumulatorQuality:1        ; higher gathering accumulator quality]]
[2020.02.27-15.22.24:871][  0]LogConfig: Setting CVar [[r.DOF.Gather.PostfilterMethod:1          ; Median3x3 postfilering method]]
[2020.02.27-15.22.24:871][  0]LogConfig: Setting CVar [[r.DOF.Gather.EnableBokehSettings:0       ; no bokeh simulation when gathering]]
[2020.02.27-15.22.24:871][  0]LogConfig: Setting CVar [[r.DOF.Gather.RingCount:4                 ; medium number of samples when gathering]]
[2020.02.27-15.22.24:871][  0]LogConfig: Setting CVar [[r.DOF.Scatter.ForegroundCompositing:1    ; additive foreground scattering]]
[2020.02.27-15.22.24:871][  0]LogConfig: Setting CVar [[r.DOF.Scatter.BackgroundCompositing:2    ; additive background scattering]]
[2020.02.27-15.22.24:871][  0]LogConfig: Setting CVar [[r.DOF.Scatter.EnableBokehSettings:1      ; bokeh simulation when scattering]]
[2020.02.27-15.22.24:871][  0]LogConfig: Setting CVar [[r.DOF.Scatter.MaxSpriteRatio:0.1         ; only a maximum of 10% of scattered bokeh]]
[2020.02.27-15.22.24:871][  0]LogConfig: Setting CVar [[r.DOF.Recombine.Quality:1                ; cheap slight out of focus]]
[2020.02.27-15.22.24:871][  0]LogConfig: Setting CVar [[r.DOF.Recombine.EnableBokehSettings:0    ; no bokeh simulation on slight out of focus]]
[2020.02.27-15.22.24:871][  0]LogConfig: Setting CVar [[r.DOF.TemporalAAQuality:1                ; more stable temporal accumulation]]
[2020.02.27-15.22.24:871][  0]LogConfig: Setting CVar [[r.DOF.Kernel.MaxForegroundRadius:0.025]]
[2020.02.27-15.22.24:871][  0]LogConfig: Setting CVar [[r.DOF.Kernel.MaxBackgroundRadius:0.025]]
[2020.02.27-15.22.24:871][  0]LogConfig: Applying CVar settings from Section [TextureQuality@3] File [X:/Documents/GDDV/Motors 2/GladiatorArena/HnS/Saved/Config/Windows/Scalability.ini]
[2020.02.27-15.22.24:871][  0]LogConfig: Setting CVar [[r.Streaming.MipBias:0]]
[2020.02.27-15.22.24:871][  0]LogConfig: Setting CVar [[r.Streaming.AmortizeCPUToGPUCopy:0]]
[2020.02.27-15.22.24:871][  0]LogConfig: Setting CVar [[r.Streaming.MaxNumTexturesToStreamPerFrame:0]]
[2020.02.27-15.22.24:871][  0]LogConfig: Setting CVar [[r.Streaming.Boost:1]]
[2020.02.27-15.22.24:871][  0]LogConfig: Setting CVar [[r.MaxAnisotropy:8]]
[2020.02.27-15.22.24:871][  0]LogConfig: Setting CVar [[r.VT.MaxAnisotropy:8]]
[2020.02.27-15.22.24:871][  0]LogConfig: Setting CVar [[r.Streaming.LimitPoolSizeToVRAM:0]]
[2020.02.27-15.22.24:871][  0]LogConfig: Setting CVar [[r.Streaming.PoolSize:1000]]
[2020.02.27-15.22.24:871][  0]LogConfig: Setting CVar [[r.Streaming.MaxEffectiveScreenSize:0]]
[2020.02.27-15.22.24:871][  0]LogConfig: Applying CVar settings from Section [EffectsQuality@3] File [X:/Documents/GDDV/Motors 2/GladiatorArena/HnS/Saved/Config/Windows/Scalability.ini]
[2020.02.27-15.22.24:871][  0]LogConfig: Setting CVar [[r.TranslucencyLightingVolumeDim:64]]
[2020.02.27-15.22.24:871][  0]LogConfig: Setting CVar [[r.RefractionQuality:2]]
[2020.02.27-15.22.24:871][  0]LogConfig: Setting CVar [[r.SSR.Quality:3]]
[2020.02.27-15.22.24:871][  0]LogConfig: Setting CVar [[r.SSR.HalfResSceneColor:0]]
[2020.02.27-15.22.24:871][  0]LogConfig: Setting CVar [[r.SceneColorFormat:4]]
[2020.02.27-15.22.24:871][  0]LogConfig: Setting CVar [[r.DetailMode:2]]
[2020.02.27-15.22.24:871][  0]LogConfig: Setting CVar [[r.TranslucencyVolumeBlur:1]]
[2020.02.27-15.22.24:871][  0]LogConfig: Setting CVar [[r.MaterialQualityLevel:1 ; High quality]]
[2020.02.27-15.22.24:871][  0]LogConfig: Setting CVar [[r.SSS.Scale:1]]
[2020.02.27-15.22.24:871][  0]LogConfig: Setting CVar [[r.SSS.SampleSet:2]]
[2020.02.27-15.22.24:871][  0]LogConfig: Setting CVar [[r.SSS.Quality:1]]
[2020.02.27-15.22.24:871][  0]LogConfig: Setting CVar [[r.SSS.HalfRes:1]]
[2020.02.27-15.22.24:871][  0]LogConfig: Setting CVar [[r.SSGI.Quality:3]]
[2020.02.27-15.22.24:871][  0]LogConfig: Setting CVar [[r.EmitterSpawnRateScale:1.0]]
[2020.02.27-15.22.24:871][  0]LogConfig: Setting CVar [[r.ParticleLightQuality:2]]
[2020.02.27-15.22.24:871][  0]LogConfig: Setting CVar [[r.SkyAtmosphere.AerialPerspectiveLUT.FastApplyOnOpaque:1 ; Always have FastSkyLUT 1 in this case to avoid wrong sky]]
[2020.02.27-15.22.24:871][  0]LogConfig: Setting CVar [[r.SkyAtmosphere.AerialPerspectiveLUT.SampleCountPerSlice:1]]
[2020.02.27-15.22.24:871][  0]LogConfig: Setting CVar [[r.SkyAtmosphere.AerialPerspectiveLUT.DepthResolution:16.0]]
[2020.02.27-15.22.24:871][  0]LogConfig: Setting CVar [[r.SkyAtmosphere.FastSkyLUT:1]]
[2020.02.27-15.22.24:871][  0]LogConfig: Setting CVar [[r.SkyAtmosphere.FastSkyLUT.SampleCountMin:4.0]]
[2020.02.27-15.22.24:871][  0]LogConfig: Setting CVar [[r.SkyAtmosphere.FastSkyLUT.SampleCountMax:32.0]]
[2020.02.27-15.22.24:871][  0]LogConfig: Setting CVar [[r.SkyAtmosphere.SampleCountMin:4.0]]
[2020.02.27-15.22.24:871][  0]LogConfig: Setting CVar [[r.SkyAtmosphere.SampleCountMax:32.0]]
[2020.02.27-15.22.24:871][  0]LogConfig: Setting CVar [[r.SkyAtmosphere.TransmittanceLUT.UseSmallFormat:0]]
[2020.02.27-15.22.24:871][  0]LogConfig: Setting CVar [[r.SkyAtmosphere.TransmittanceLUT.SampleCount:10.0]]
[2020.02.27-15.22.24:871][  0]LogConfig: Setting CVar [[r.SkyAtmosphere.MultiScatteringLUT.SampleCount:15.0]]
[2020.02.27-15.22.24:871][  0]LogConfig: Applying CVar settings from Section [FoliageQuality@3] File [X:/Documents/GDDV/Motors 2/GladiatorArena/HnS/Saved/Config/Windows/Scalability.ini]
[2020.02.27-15.22.24:871][  0]LogConfig: Setting CVar [[foliage.DensityScale:1.0]]
[2020.02.27-15.22.24:871][  0]LogConfig: Setting CVar [[grass.DensityScale:1.0]]
[2020.02.27-15.22.24:871][  0]LogConfig: Applying CVar settings from Section [ShadingQuality@3] File [X:/Documents/GDDV/Motors 2/GladiatorArena/HnS/Saved/Config/Windows/Scalability.ini]
[2020.02.27-15.22.24:871][  0]LogConfig: Setting CVar [[r.HairStrands.SkyLighting.SampleCount:16]]
[2020.02.27-15.22.24:871][  0]LogConfig: Setting CVar [[r.HairStrands.SkyLighting.JitterIntegration:0]]
[2020.02.27-15.22.24:871][  0]LogConfig: Setting CVar [[r.HairStrands.SkyAO.SampleCount:16]]
[2020.02.27-15.22.24:871][  0]LogConfig: Applying CVar settings from Section [Startup] File [../../../Engine/Config/ConsoleVariables.ini]
[2020.02.27-15.22.24:871][  0]LogConfig: Setting CVar [[net.UseAdaptiveNetUpdateFrequency:0]]
[2020.02.27-15.22.24:871][  0]LogConfig: Setting CVar [[p.chaos.AllowCreatePhysxBodies:1]]
[2020.02.27-15.22.24:871][  0]LogConfig: Applying CVar settings from Section [ConsoleVariables] File [X:/Documents/GDDV/Motors 2/GladiatorArena/HnS/Saved/Config/Windows/Engine.ini]
[2020.02.27-15.22.24:871][  0]LogInit: Computer: DESKTOP-KHGMGCQ
[2020.02.27-15.22.24:871][  0]LogInit: User: Arnau
[2020.02.27-15.22.24:871][  0]LogInit: CPU Page size=4096, Cores=6
[2020.02.27-15.22.24:871][  0]LogInit: High frequency timer resolution =10.000000 MHz
[2020.02.27-15.22.24:871][  0]LogMemory: Memory total: Physical=15.9GB (16GB approx)
[2020.02.27-15.22.24:872][  0]LogMemory: Platform Memory Stats for Windows
[2020.02.27-15.22.24:872][  0]LogMemory: Process Physical Memory: 110.52 MB used, 110.52 MB peak
[2020.02.27-15.22.24:872][  0]LogMemory: Process Virtual Memory: 105.76 MB used, 105.76 MB peak
[2020.02.27-15.22.24:872][  0]LogMemory: Physical Memory: 6947.80 MB used,  9373.14 MB free, 16320.94 MB total
[2020.02.27-15.22.24:872][  0]LogMemory: Virtual Memory: 5204.14 MB used,  134212520.00 MB free, 134217728.00 MB total
[2020.02.27-15.22.24:874][  0]LogWindows: WindowsPlatformFeatures enabled
[2020.02.27-15.22.24:889][  0]LogInit: Using OS detected language (es-ES).
[2020.02.27-15.22.24:889][  0]LogInit: Using OS detected locale (es-ES).
[2020.02.27-15.22.24:890][  0]LogTextLocalizationManager: No specific localization for 'es-ES' exists, so the 'es' localization will be used.
[2020.02.27-15.22.24:927][  0]LogInit: Setting process to per monitor DPI aware
[2020.02.27-15.22.24:954][  0]LogSlate: New Slate User Created.  User Index 0, Is Virtual User: 0
[2020.02.27-15.22.24:954][  0]LogSlate: Slate User Registered.  User Index 0, Is Virtual User: 0
[2020.02.27-15.22.25:116][  0]LogHMD: Failed to initialize OpenVR with code 126
[2020.02.27-15.22.25:116][  0]LogD3D11RHI: D3D11 min allowed feature level: 11_0
[2020.02.27-15.22.25:116][  0]LogD3D11RHI: D3D11 max allowed feature level: 11_0
[2020.02.27-15.22.25:116][  0]LogD3D11RHI: D3D11 adapters:
[2020.02.27-15.22.25:192][  0]LogD3D11RHI:    0. 'NVIDIA GeForce GTX 1070' (Feature Level 11_0)
[2020.02.27-15.22.25:192][  0]LogD3D11RHI:       8088/0/8160 MB DedicatedVideo/DedicatedSystem/SharedSystem, Outputs:1, VendorId:0x10de
[2020.02.27-15.22.25:194][  0]LogD3D11RHI:    1. 'Microsoft Basic Render Driver' (Feature Level 11_0)
[2020.02.27-15.22.25:194][  0]LogD3D11RHI:       0/0/8160 MB DedicatedVideo/DedicatedSystem/SharedSystem, Outputs:0, VendorId:0x1414
[2020.02.27-15.22.25:194][  0]LogD3D11RHI: Chosen D3D11 Adapter: 0
[2020.02.27-15.22.25:202][  0]LogD3D11RHI: Creating new Direct3DDevice
[2020.02.27-15.22.25:202][  0]LogD3D11RHI:     GPU DeviceId: 0x1b81 (for the marketing name, search the web for "GPU Device Id")
[2020.02.27-15.22.25:202][  0]LogWindows: EnumDisplayDevices:
[2020.02.27-15.22.25:203][  0]LogWindows:    0. 'NVIDIA GeForce GTX 1070' (P:1 D:1)
[2020.02.27-15.22.25:203][  0]LogWindows:    1. 'NVIDIA GeForce GTX 1070' (P:0 D:0)
[2020.02.27-15.22.25:203][  0]LogWindows:    2. 'NVIDIA GeForce GTX 1070' (P:0 D:0)
[2020.02.27-15.22.25:203][  0]LogWindows:    3. 'NVIDIA GeForce GTX 1070' (P:0 D:0)
[2020.02.27-15.22.25:204][  0]LogWindows: DebugString: FoundDriverCount:4 
[2020.02.27-15.22.25:204][  0]LogD3D11RHI:     Adapter Name: NVIDIA GeForce GTX 1070
[2020.02.27-15.22.25:204][  0]LogD3D11RHI:   Driver Version: 442.19 (internal:26.21.14.4219, unified:442.19)
[2020.02.27-15.22.25:204][  0]LogD3D11RHI:      Driver Date: 1-29-2020
[2020.02.27-15.22.25:204][  0]LogRHI: Texture pool is 5661 MB (70% of 8088 MB)
[2020.02.27-15.22.25:255][  0]LogD3D11RHI: RHI has support for 64 bit atomics
[2020.02.27-15.22.25:255][  0]LogD3D11RHI: Async texture creation enabled
[2020.02.27-15.22.25:268][  0]LogD3D11RHI: GPU Timing Frequency: 1000.000000 (Debug: 2 1)
[2020.02.27-15.22.25:546][  0]LogTargetPlatformManager: Display: Loaded TargetPlatform 'AllDesktop'
[2020.02.27-15.22.25:583][  0]LogTargetPlatformManager: Display: Loaded TargetPlatform 'Android'
[2020.02.27-15.22.25:583][  0]LogTargetPlatformManager: Display: Loaded TargetPlatform 'Android_ASTC'
[2020.02.27-15.22.25:583][  0]LogTargetPlatformManager: Display: Loaded TargetPlatform 'Android_ATC'
[2020.02.27-15.22.25:583][  0]LogTargetPlatformManager: Display: Loaded TargetPlatform 'Android_DXT'
[2020.02.27-15.22.25:583][  0]LogTargetPlatformManager: Display: Loaded TargetPlatform 'Android_ETC1'
[2020.02.27-15.22.25:583][  0]LogTargetPlatformManager: Display: Loaded TargetPlatform 'Android_ETC1a'
[2020.02.27-15.22.25:583][  0]LogTargetPlatformManager: Display: Loaded TargetPlatform 'Android_ETC2'
[2020.02.27-15.22.25:583][  0]LogTargetPlatformManager: Display: Loaded TargetPlatform 'Android_PVRTC'
[2020.02.27-15.22.25:583][  0]LogTargetPlatformManager: Display: Loaded TargetPlatform 'AndroidClient'
[2020.02.27-15.22.25:583][  0]LogTargetPlatformManager: Display: Loaded TargetPlatform 'Android_ASTCClient'
[2020.02.27-15.22.25:583][  0]LogTargetPlatformManager: Display: Loaded TargetPlatform 'Android_ATCClient'
[2020.02.27-15.22.25:583][  0]LogTargetPlatformManager: Display: Loaded TargetPlatform 'Android_DXTClient'
[2020.02.27-15.22.25:583][  0]LogTargetPlatformManager: Display: Loaded TargetPlatform 'Android_ETC1Client'
[2020.02.27-15.22.25:583][  0]LogTargetPlatformManager: Display: Loaded TargetPlatform 'Android_ETC1aClient'
[2020.02.27-15.22.25:583][  0]LogTargetPlatformManager: Display: Loaded TargetPlatform 'Android_ETC2Client'
[2020.02.27-15.22.25:583][  0]LogTargetPlatformManager: Display: Loaded TargetPlatform 'Android_PVRTCClient'
[2020.02.27-15.22.25:583][  0]LogTargetPlatformManager: Display: Loaded TargetPlatform 'Android_Multi'
[2020.02.27-15.22.25:583][  0]LogTargetPlatformManager: Display: Loaded TargetPlatform 'Android_MultiClient'
[2020.02.27-15.22.25:602][  0]LogTargetPlatformManager: Display: Loaded TargetPlatform 'IOSClient'
[2020.02.27-15.22.25:602][  0]LogTargetPlatformManager: Display: Loaded TargetPlatform 'IOS'
[2020.02.27-15.22.25:612][  0]LogTargetPlatformManager: Display: Loaded TargetPlatform 'LinuxNoEditor'
[2020.02.27-15.22.25:621][  0]LogTargetPlatformManager: Display: Loaded TargetPlatform 'LinuxClient'
[2020.02.27-15.22.25:629][  0]LogTargetPlatformManager: Display: Loaded TargetPlatform 'LinuxServer'
[2020.02.27-15.22.25:636][  0]LogTargetPlatformManager: Display: Loaded TargetPlatform 'LinuxAArch64NoEditor'
[2020.02.27-15.22.25:643][  0]LogTargetPlatformManager: Display: Loaded TargetPlatform 'LinuxAArch64Client'
[2020.02.27-15.22.25:651][  0]LogTargetPlatformManager: Display: Loaded TargetPlatform 'LinuxAArch64Server'
[2020.02.27-15.22.25:675][  0]LogTargetPlatformManager: Display: Loaded TargetPlatform 'Lumin'
[2020.02.27-15.22.25:675][  0]LogTargetPlatformManager: Display: Loaded TargetPlatform 'LuminClient'
[2020.02.27-15.22.25:689][  0]LogTargetPlatformManager: Display: Loaded TargetPlatform 'TVOSClient'
[2020.02.27-15.22.25:689][  0]LogTargetPlatformManager: Display: Loaded TargetPlatform 'TVOS'
[2020.02.27-15.22.25:697][  0]LogTargetPlatformManager: Display: Loaded TargetPlatform 'WindowsNoEditor'
[2020.02.27-15.22.25:704][  0]LogTargetPlatformManager: Display: Loaded TargetPlatform 'Windows'
[2020.02.27-15.22.25:710][  0]LogTargetPlatformManager: Display: Loaded TargetPlatform 'WindowsClient'
[2020.02.27-15.22.25:718][  0]LogTargetPlatformManager: Display: Loaded TargetPlatform 'WindowsServer'
[2020.02.27-15.22.25:718][  0]LogTargetPlatformManager: Display: Building Assets For Windows
[2020.02.27-15.22.25:720][  0]LogAudioDebug: Display: Lib vorbis DLL was dynamically loaded.
[2020.02.27-15.22.25:736][  0]LogShaderCompilers: Guid format shader working directory is 1 characters bigger than the processId version (X:/Documents/GDDV/Motors 2/GladiatorArena/HnS/Intermediate/Shaders/WorkingDirectory/5856/).
[2020.02.27-15.22.25:736][  0]LogShaderCompilers: Cleaned the shader compiler working directory 'C:/Users/Arnau/AppData/Local/Temp/UnrealShaderWorkingDir/AAEE5E7D41B8111DDAF1A5B764B7340E/'.
[2020.02.27-15.22.25:736][  0]LogXGEController: Cannot use XGE Controller as Incredibuild is not installed on this machine.
[2020.02.27-15.22.25:736][  0]LogShaderCompilers: Cannot use XGE Shader Compiler as Incredibuild is not installed on this machine.
[2020.02.27-15.22.25:736][  0]LogShaderCompilers: Display: Using Local Shader Compiler.
[2020.02.27-15.22.26:479][  0]LogDerivedDataCache: Display: Max Cache Size: 512 MB
[2020.02.27-15.22.26:528][  0]LogDerivedDataCache: Loaded boot cache 0.05s 81MB C:/Users/Arnau/AppData/Local/UnrealEngine/4.24/DerivedDataCache/Boot.ddc.
[2020.02.27-15.22.26:528][  0]LogDerivedDataCache: Display: Loaded Boot cache: C:/Users/Arnau/AppData/Local/UnrealEngine/4.24/DerivedDataCache/Boot.ddc
[2020.02.27-15.22.26:528][  0]LogDerivedDataCache: FDerivedDataBackendGraph:  Pak pak cache file X:/Documents/GDDV/Motors 2/GladiatorArena/HnS/DerivedDataCache/DDC.ddp not found, will not use a pak cache.
[2020.02.27-15.22.26:528][  0]LogDerivedDataCache: Unable to find inner node Pak for hierarchical cache Hierarchy.
[2020.02.27-15.22.26:528][  0]LogDerivedDataCache: FDerivedDataBackendGraph:  CompressedPak pak cache file X:/Documents/GDDV/Motors 2/GladiatorArena/HnS/DerivedDataCache/Compressed.ddp not found, will not use a pak cache.
[2020.02.27-15.22.26:528][  0]LogDerivedDataCache: Unable to find inner node CompressedPak for hierarchical cache Hierarchy.
[2020.02.27-15.22.26:539][  0]LogDerivedDataCache: Display: Pak cache opened for reading ../../../Engine/DerivedDataCache/Compressed.ddp.
[2020.02.27-15.22.26:539][  0]LogDerivedDataCache: FDerivedDataBackendGraph:  EnterprisePak pak cache file ../../../Enterprise/DerivedDataCache/Compressed.ddp not found, will not use a pak cache.
[2020.02.27-15.22.26:539][  0]LogDerivedDataCache: Unable to find inner node EnterprisePak for hierarchical cache Hierarchy.
[2020.02.27-15.22.26:540][  0]LogDerivedDataCache: Using Local data cache path C:/Users/Arnau/AppData/Local/UnrealEngine/Common/DerivedDataCache: Writable
[2020.02.27-15.22.26:541][  0]LogDerivedDataCache: Shared data cache path not found in *engine.ini, will not use an Shared cache.
[2020.02.27-15.22.26:541][  0]LogDerivedDataCache: Unable to find inner node Shared for hierarchical cache Hierarchy.
[2020.02.27-15.22.26:567][  0]LogMaterial: Verifying Global Shaders for PCD3D_SM5
[2020.02.27-15.22.26:570][  0]LogSlate: Using FreeType 2.10.0
[2020.02.27-15.22.26:571][  0]LogSlate: SlateFontServices - WITH_FREETYPE: 1, WITH_HARFBUZZ: 1
[2020.02.27-15.22.26:618][  0]LogAssetRegistry: FAssetRegistry took 0.0025 seconds to start up
[2020.02.27-15.22.26:925][  0]LogInit: Selected Device Profile: [Windows]
[2020.02.27-15.22.27:081][  0]LogMeshReduction: Using QuadricMeshReduction for automatic static mesh reduction
[2020.02.27-15.22.27:081][  0]LogMeshReduction: Using SimplygonMeshReduction for automatic skeletal mesh reduction
[2020.02.27-15.22.27:081][  0]LogMeshReduction: Using ProxyLODMeshReduction for automatic mesh merging
[2020.02.27-15.22.27:081][  0]LogMeshReduction: No distributed automatic mesh merging module available
[2020.02.27-15.22.27:081][  0]LogMeshMerging: No distributed automatic mesh merging module available
[2020.02.27-15.22.27:092][  0]LogNetVersion: HnS 1.0.0, NetCL: 10570792, EngineNetVer: 13, GameNetVer: 0 (Checksum: 2178421202)
[2020.02.27-15.22.28:117][  0]LogPackageLocalizationCache: Processed 10 localized package path(s) for 1 prioritized culture(s) in 0.040188 seconds
[2020.02.27-15.22.28:126][  0]LogUObjectArray: 46750 objects as part of root set at end of initial load.
[2020.02.27-15.22.28:126][  0]LogUObjectAllocator: 8137160 out of 0 bytes used by permanent object pool.
[2020.02.27-15.22.28:126][  0]LogUObjectArray: CloseDisregardForGC: 0/0 objects in disregard for GC pool
[2020.02.27-15.22.28:534][  0]LogTcpMessaging: Initializing TcpMessaging bridge
[2020.02.27-15.22.28:537][  0]LogUdpMessaging: Initializing bridge on interface 0.0.0.0:0 to multicast group 230.0.0.1:6666.
[2020.02.27-15.22.28:584][  0]SourceControl: El control de código fuente está desactivado
[2020.02.27-15.22.28:584][  0]SourceControl: El control de código fuente está desactivado
[2020.02.27-15.22.28:585][  0]SourceControl: El control de código fuente está desactivado
[2020.02.27-15.22.28:585][  0]SourceControl: El control de código fuente está desactivado
[2020.02.27-15.22.28:586][  0]SourceControl: El control de código fuente está desactivado
[2020.02.27-15.22.28:654][  0]LogAndroidPermission: UAndroidPermissionCallbackProxy::GetInstance
[2020.02.27-15.22.28:665][  0]LogAudioCaptureCore: Display: No Audio Capture implementations found. Audio input will be silent.
[2020.02.27-15.22.28:665][  0]LogAudioCaptureCore: Display: No Audio Capture implementations found. Audio input will be silent.
[2020.02.27-15.22.28:753][  0]LogOcInput: OculusInput pre-init called
[2020.02.27-15.22.29:351][  0]LogEngine: Initializing Engine...
[2020.02.27-15.22.29:384][  0]LogHMD: Failed to initialize OpenVR with code 126
[2020.02.27-15.22.29:385][  0]LogStats: UGameplayTagsManager::InitializeManager -  0.000 s
[2020.02.27-15.22.29:741][  0]LogInit: Initializing FReadOnlyCVARCache
[2020.02.27-15.22.29:747][  0]LogAIModule: Creating AISystem for world Untitled
[2020.02.27-15.22.29:761][  0]LogAudioMixer: Display: Audio Mixer Platform Settings:
[2020.02.27-15.22.29:761][  0]LogAudioMixer: Display: 	Sample Rate:						  48000
[2020.02.27-15.22.29:761][  0]LogAudioMixer: Display: 	Callback Buffer Frame Size Requested: 1024
[2020.02.27-15.22.29:761][  0]LogAudioMixer: Display: 	Callback Buffer Frame Size To Use:	  1024
[2020.02.27-15.22.29:761][  0]LogAudioMixer: Display: 	Number of buffers to queue:			  2
[2020.02.27-15.22.29:761][  0]LogAudioMixer: Display: 	Max Channels (voices):				  32
[2020.02.27-15.22.29:761][  0]LogAudioMixer: Display: 	Number of Async Source Workers:		  0
[2020.02.27-15.22.29:761][  0]LogAudio: Display: AudioDevice MaxSources: 32
[2020.02.27-15.22.29:761][  0]LogAudio: Display: Using built-in audio occlusion.
[2020.02.27-15.22.29:761][  0]LogAudioMixer: Display: Initializing audio mixer.
[2020.02.27-15.22.29:823][  0]LogAudioMixer: Display: Audio Device Output Speaker Info:
[2020.02.27-15.22.29:823][  0]LogAudioMixer: Display: Name: Auriculares (AKG N700NCM2 Stereo)
[2020.02.27-15.22.29:823][  0]LogAudioMixer: Display: Is Default: Yes
[2020.02.27-15.22.29:823][  0]LogAudioMixer: Display: Sample Rate: 44100
[2020.02.27-15.22.29:823][  0]LogAudioMixer: Display: Channel Count Used: 2
[2020.02.27-15.22.29:823][  0]LogAudioMixer: Display: Device Channel Count: 2
[2020.02.27-15.22.29:823][  0]LogAudioMixer: Display: Channel Order:
[2020.02.27-15.22.29:823][  0]LogAudioMixer: Display: 0: FrontLeft
[2020.02.27-15.22.29:823][  0]LogAudioMixer: Display: 1: FrontRight
[2020.02.27-15.22.29:841][  0]LogAudioMixer: Display: Using Audio Device Auriculares (AKG N700NCM2 Stereo)
[2020.02.27-15.22.29:846][  0]LogInit: FAudioDevice initialized.
[2020.02.27-15.22.29:846][  0]LogNetVersion: Set ProjectVersion to 1.0.0.0. Version Checksum will be recalculated on next use.
[2020.02.27-15.22.29:939][  0]LogDerivedDataCache: Saved boot cache 0.09s 81MB C:/Users/Arnau/AppData/Local/UnrealEngine/4.24/DerivedDataCache/Boot.ddc.
[2020.02.27-15.22.29:943][  0]LogInit: Texture streaming: Enabled
[2020.02.27-15.22.29:952][  0]LogEngineSessionManager: EngineSessionManager initialized
[2020.02.27-15.22.29:952][  0]LogEditorSessionSummary: Verbose: Initializing EditorSessionSummaryWriter for editor session tracking
[2020.02.27-15.22.29:953][  0]LogEditorSessionSummary: EditorSessionSummaryWriter initialized
[2020.02.27-15.22.30:005][  0]LogInit: Transaction tracking system initialized
[2020.02.27-15.22.30:013][  0]BlueprintLog: New page: Cargar el editor
[2020.02.27-15.22.30:037][  0]LocalizationService: Localization service is disabled
[2020.02.27-15.22.30:319][  0]LogCook: Display: Max memory allowance for cook 16384mb min free memory 0mb
[2020.02.27-15.22.30:319][  0]LogCook: Display: Mobile HDR setting 1
[2020.02.27-15.22.30:388][  0]LogFileCache: Scanning file cache for directory 'X:/Documents/GDDV/Motors 2/GladiatorArena/HnS/Content/' took 0.01s
[2020.02.27-15.22.30:897][  0]SourceControl: El control de código fuente está desactivado
[2020.02.27-15.22.30:897][  0]Cmd: MAP LOAD FILE="X:/Documents/GDDV/Motors 2/GladiatorArena/HnS/Content/ThirdPersonBP/Maps/ThirdPersonExampleMap.umap" TEMPLATE=0 SHOWPROGRESS=1 FEATURELEVEL=3
[2020.02.27-15.22.30:898][  0]LightingResults: New page: Diseñar la iluminación
[2020.02.27-15.22.30:898][  0]LogWorld: UWorld::CleanupWorld for Untitled, bSessionEnded=true, bCleanupResources=true
[2020.02.27-15.22.30:898][  0]LogSlate: InvalidateAllWidgets triggered.  All widgets were invalidated
[2020.02.27-15.22.30:898][  0]MapCheck: New page: Revisión del mapa
[2020.02.27-15.22.30:898][  0]LightingResults: New page: Diseñar la iluminación
[2020.02.27-15.22.30:934][  0]LogUObjectHash: Compacting FUObjectHashTables data took   1.83ms
[2020.02.27-15.22.31:553][  0]LogAIModule: Creating AISystem for world ThirdPersonExampleMap
[2020.02.27-15.22.31:562][  0]LogEditorServer: Finished looking for orphan Actors (0.000 secs)
[2020.02.27-15.22.31:605][  0]LogUObjectHash: Compacting FUObjectHashTables data took   3.06ms
[2020.02.27-15.22.31:605][  0]Cmd: MAP CHECKDEP NOCLEARLOG
[2020.02.27-15.22.31:606][  0]MapCheck: Map check complete: 0 Error(s), 0 Warning(s), took 0,108ms to complete.
[2020.02.27-15.22.31:606][  0]LogFileHelpers: Loading map 'ThirdPersonExampleMap' took 0.708
[2020.02.27-15.22.31:707][  0]LogSlate: Updating window title bar state: overlay mode, drag disabled, window buttons hidden, title bar hidden
[2020.02.27-15.22.31:714][  0]LogSlate: Updating window title bar state: overlay mode, drag disabled, window buttons hidden, title bar hidden
[2020.02.27-15.22.31:721][  0]LogSlate: Updating window title bar state: overlay mode, drag disabled, window buttons hidden, title bar hidden
[2020.02.27-15.22.31:728][  0]LogSlate: Updating window title bar state: overlay mode, drag disabled, window buttons hidden, title bar hidden
[2020.02.27-15.22.31:732][  0]LogCollectionManager: Loaded 0 collections in 0.000869 seconds
[2020.02.27-15.22.31:745][  0]LogFileCache: Scanning file cache for directory 'X:/Documents/GDDV/Motors 2/GladiatorArena/HnS/Saved/Collections/' took 0.00s
[2020.02.27-15.22.31:745][  0]LogFileCache: Scanning file cache for directory 'X:/Documents/GDDV/Motors 2/GladiatorArena/HnS/Content/Developers/Arnau/Collections/' took 0.00s
[2020.02.27-15.22.31:745][  0]LogFileCache: Scanning file cache for directory 'X:/Documents/GDDV/Motors 2/GladiatorArena/HnS/Content/Collections/' took 0.00s
[2020.02.27-15.22.31:745][  0]LogContentBrowser: Native class hierarchy populated in 0.0094 seconds. Added 3015 classes and 717 folders.
[2020.02.27-15.22.31:747][  0]LogContentBrowser: Native class hierarchy updated for 'WidgetCarousel' in 0.0002 seconds. Added 0 classes and 0 folders.
[2020.02.27-15.22.31:785][  0]LogContentBrowser: Native class hierarchy updated for 'AddContentDialog' in 0.0003 seconds. Added 0 classes and 0 folders.
[2020.02.27-15.22.31:789][  0]LogContentBrowser: Native class hierarchy updated for 'SceneOutliner' in 0.0003 seconds. Added 2 classes and 3 folders.
[2020.02.27-15.22.31:812][  0]LogSlate: Took 0.000180 seconds to synchronously load lazily loaded font '../../../Engine/Content/Slate/Fonts/Roboto-Regular.ttf' (155K)
[2020.02.27-15.22.31:814][  0]LogSlate: Took 0.000145 seconds to synchronously load lazily loaded font '../../../Engine/Content/Slate/Fonts/Roboto-Bold.ttf' (160K)
[2020.02.27-15.22.31:819][  0]LogSlate: Took 0.000144 seconds to synchronously load lazily loaded font '../../../Engine/Content/Editor/Slate/Fonts/FontAwesome.ttf' (139K)
[2020.02.27-15.22.31:886][  0]LogRenderer: Reallocating scene render targets to support 1208x572 Format 10 NumSamples 1 (Frame:1).
[2020.02.27-15.22.32:006][  0]LogSlate: Window 'Tutoriales' being destroyed
[2020.02.27-15.22.32:013][  0]LogContentBrowser: Native class hierarchy updated for 'HierarchicalLODOutliner' in 0.0003 seconds. Added 0 classes and 0 folders.
[2020.02.27-15.22.32:013][  0]LogLoad: (Engine Initialization) Total time: 8.67 seconds
[2020.02.27-15.22.32:013][  0]LogLoad: (Engine Initialization) Total Blueprint compile time: 0.00 seconds
[2020.02.27-15.22.32:069][  0]LogAssetRegistry: Asset discovery search completed in 5.4523 seconds
[2020.02.27-15.22.32:072][  0]LogCollectionManager: Fixed up redirectors for 0 collections in 0.000007 seconds (updated 0 objects)
[2020.02.27-15.22.32:073][  0]LogContentStreaming: Texture pool size now 1000 MB
[2020.02.27-15.22.32:112][  0]LogSlate: Took 0.000139 seconds to synchronously load lazily loaded font '../../../Engine/Content/Slate/Fonts/Roboto-Light.ttf' (167K)
[2020.02.27-15.22.32:366][  1]LogFileCache: Retrieving MD5 hashes for directory 'X:/Documents/GDDV/Motors 2/GladiatorArena/HnS/Content/' took 0.34s
[2020.02.27-15.23.18:891][469]LogSlate: Took 0.000154 seconds to synchronously load lazily loaded font '../../../Engine/Content/Slate/Fonts/Roboto-Light.ttf' (167K)
[2020.02.27-15.23.18:903][469]LogAssetEditorSubsystem: Opening Asset editor for Blueprint /Game/Animations/AnimNotify_Movement.AnimNotify_Movement
[2020.02.27-15.23.18:962][469]LogContentBrowser: Native class hierarchy updated for 'BlueprintGraph' in 0.0006 seconds. Added 121 classes and 0 folders.
[2020.02.27-15.23.19:853][469]LogSlate: Took 0.000165 seconds to synchronously load lazily loaded font '../../../Engine/Content/Slate/Fonts/Roboto-BoldCondensed.ttf' (158K)
[2020.02.27-15.23.33:887][ 24]LogSlate: Window 'AnimNotify_Movement' being destroyed
[2020.02.27-15.23.35:274][188]Cmd: OBJ SAVEPACKAGE PACKAGE="/Game/Animations/AnimNotify_Movement" FILE="X:/Documents/GDDV/Motors 2/GladiatorArena/HnS/Content/Animations/AnimNotify_Movement.uasset" SILENT=true
[2020.02.27-15.23.35:292][188]LogSavePackage: Moving 'X:/Documents/GDDV/Motors 2/GladiatorArena/HnS/Saved/AnimNotify_MovementAB8E4C6841E42566AB2BD2A03268123A.tmp' to 'X:/Documents/GDDV/Motors 2/GladiatorArena/HnS/Content/Animations/AnimNotify_Movement.uasset'
[2020.02.27-15.23.35:303][188]AssetCheck: New page: Asset Save: AnimNotify_Movement
[2020.02.27-15.23.35:303][188]LogContentValidation: Display: Validating Blueprint /Game/Animations/AnimNotify_Movement.AnimNotify_Movement
[2020.02.27-15.31.10:055][986]Cmd: OBJ SAVEPACKAGE PACKAGE="/Game/Animations/AnimNotify_Movement" FILE="X:/Documents/GDDV/Motors 2/GladiatorArena/HnS/Content/Animations/AnimNotify_Movement.uasset" SILENT=true
[2020.02.27-15.31.10:082][986]LogSavePackage: Moving 'X:/Documents/GDDV/Motors 2/GladiatorArena/HnS/Saved/AnimNotify_MovementD125184C48A4CCFD691C9FB33195D163.tmp' to 'X:/Documents/GDDV/Motors 2/GladiatorArena/HnS/Content/Animations/AnimNotify_Movement.uasset'
[2020.02.27-15.31.10:094][986]AssetCheck: New page: Asset Save: AnimNotify_Movement
[2020.02.27-15.31.10:094][986]LogContentValidation: Display: Validating Blueprint /Game/Animations/AnimNotify_Movement.AnimNotify_Movement
[2020.02.27-15.31.11:843][185]LogEditorViewport: Clicking on Actor (LMB): ThirdPersonCharacter_C (ThirdPersonCharacter)
[2020.02.27-15.31.20:988][105]LogSlate: Took 0.000217 seconds to synchronously load lazily loaded font '../../../Engine/Content/Slate/Fonts/Roboto-Italic.ttf' (157K)
[2020.02.27-15.31.42:085][545]LogAssetEditorSubsystem: Opening Asset editor for Blueprint /Game/ThirdPersonBP/Blueprints/ThirdPersonCharacter.ThirdPersonCharacter
[2020.02.27-15.35.03:876][681]Cmd: OBJ SAVEPACKAGE PACKAGE="/Game/Animations/AnimNotify_Movement" FILE="X:/Documents/GDDV/Motors 2/GladiatorArena/HnS/Content/Animations/AnimNotify_Movement.uasset" SILENT=true
[2020.02.27-15.35.03:896][681]LogSavePackage: Moving 'X:/Documents/GDDV/Motors 2/GladiatorArena/HnS/Saved/AnimNotify_Movement2D9FD6CE474A6139DDC23D8E77F8C382.tmp' to 'X:/Documents/GDDV/Motors 2/GladiatorArena/HnS/Content/Animations/AnimNotify_Movement.uasset'
[2020.02.27-15.35.03:909][681]AssetCheck: New page: Asset Save: AnimNotify_Movement
[2020.02.27-15.35.03:909][681]LogContentValidation: Display: Validating Blueprint /Game/Animations/AnimNotify_Movement.AnimNotify_Movement
[2020.02.27-15.35.46:123][298]LogSkeletalMesh: Building Skeletal Mesh ganfaul_m_aure...
[2020.02.27-15.35.46:262][298]LogSkeletalMesh: Warning: Skeletal ComputeTangents MikkTSpace function: Compute a zero length normal vector.
[2020.02.27-15.35.46:491][298]LogSkeletalMesh: Section 0: 8799 vertices, 52 active bones
[2020.02.27-15.35.46:491][298]LogSkeletalMesh: Section 0: Material=0, 13801 triangles
[2020.02.27-15.35.46:538][298]LogSkeletalMesh: Built Skeletal Mesh [0.42s] /Game/Old_Char/ganfaul_m_aure.ganfaul_m_aure
[2020.02.27-15.36.58:721][266]LogMetaData: Removing '/Game/Character/Animations/AnimNotify_Movement.AnimNotify_Movement_C' ref from Metadata '/Game/Animations/AnimNotify_Movement.PackageMetaData'
[2020.02.27-15.36.58:721][266]LogMetaData: Removing '/Game/Character/Animations/AnimNotify_Movement.AnimNotify_Movement:Received_Notify.K2Node_FunctionEntry_0' ref from Metadata '/Game/Animations/AnimNotify_Movement.PackageMetaData'
[2020.02.27-15.36.58:721][266]LogMetaData: Removing '/Game/Character/Animations/AnimNotify_Movement.AnimNotify_Movement:Received_Notify.K2Node_FunctionResult_0' ref from Metadata '/Game/Animations/AnimNotify_Movement.PackageMetaData'
[2020.02.27-15.36.58:721][266]LogMetaData: Removing '/Game/Character/Animations/AnimNotify_Movement.SKEL_AnimNotify_Movement_C:Received_Notify' ref from Metadata '/Game/Animations/AnimNotify_Movement.PackageMetaData'
[2020.02.27-15.36.58:721][266]LogMetaData: Removing '/Game/Character/Animations/AnimNotify_Movement.SKEL_AnimNotify_Movement_C:StartMovement?' ref from Metadata '/Game/Animations/AnimNotify_Movement.PackageMetaData'
[2020.02.27-15.36.58:721][266]LogMetaData: Removing '/Game/Character/Animations/AnimNotify_Movement.SKEL_AnimNotify_Movement_C:Left/Right?' ref from Metadata '/Game/Animations/AnimNotify_Movement.PackageMetaData'
[2020.02.27-15.36.58:721][266]LogMetaData: Removing '/Game/Character/Animations/AnimNotify_Movement.SKEL_AnimNotify_Movement_C:MovementValue' ref from Metadata '/Game/Animations/AnimNotify_Movement.PackageMetaData'
[2020.02.27-15.36.58:721][266]LogMetaData: Removing '/Game/Character/Animations/AnimNotify_Movement.SKEL_AnimNotify_Movement_C' ref from Metadata '/Game/Animations/AnimNotify_Movement.PackageMetaData'
[2020.02.27-15.36.58:721][266]LogMetaData: Removing '/Game/Character/Animations/AnimNotify_Movement.AnimNotify_Movement_C:MovementValue' ref from Metadata '/Game/Animations/AnimNotify_Movement.PackageMetaData'
[2020.02.27-15.36.58:721][266]LogMetaData: Removing '/Game/Character/Animations/AnimNotify_Movement.AnimNotify_Movement_C:Left/Right?' ref from Metadata '/Game/Animations/AnimNotify_Movement.PackageMetaData'
[2020.02.27-15.36.58:721][266]LogMetaData: Removing '/Game/Character/Animations/AnimNotify_Movement.AnimNotify_Movement_C:StartMovement?' ref from Metadata '/Game/Animations/AnimNotify_Movement.PackageMetaData'
[2020.02.27-15.36.58:721][266]LogMetaData: Removing '/Game/Character/Animations/AnimNotify_Movement.AnimNotify_Movement_C:Received_Notify' ref from Metadata '/Game/Animations/AnimNotify_Movement.PackageMetaData'
[2020.02.27-15.36.58:748][266]Cmd: OBJ SAVEPACKAGE PACKAGE="/Game/Character/Animations/AnimNotify_Movement" FILE="X:/Documents/GDDV/Motors 2/GladiatorArena/HnS/Content/Character/Animations/AnimNotify_Movement.uasset" SILENT=true
[2020.02.27-15.36.58:767][266]LogSavePackage: Moving 'X:/Documents/GDDV/Motors 2/GladiatorArena/HnS/Saved/AnimNotify_Movement2A769FA24E11FD169952BF9A2654979E.tmp' to 'X:/Documents/GDDV/Motors 2/GladiatorArena/HnS/Content/Character/Animations/AnimNotify_Movement.uasset'
[2020.02.27-15.36.59:243][266]LogUObjectHash: Compacting FUObjectHashTables data took   5.47ms
[2020.02.27-15.36.59:298][266]LogUObjectHash: Compacting FUObjectHashTables data took   3.49ms
[2020.02.27-15.36.59:334][266]LogUObjectHash: Compacting FUObjectHashTables data took   1.21ms
[2020.02.27-15.36.59:414][266]AssetCheck: New page: Asset Save: AnimNotify_Movement
[2020.02.27-15.36.59:414][266]LogContentValidation: Display: Validating Blueprint /Game/Character/Animations/AnimNotify_Movement.AnimNotify_Movement
[2020.02.27-15.37.14:056][984]LogAudioMixer: Warning: Changing default audio render device to new device: {0.0.0.00000000}.{7c604cb4-53ea-4a4b-b180-e58118cf00d2}.
[2020.02.27-15.37.14:056][984]LogAudioMixer: Error: Audio Platform Device Error: 0x0: UNKNOWN (File D:/Build/++UE4/Sync/Engine/Source/Runtime/Windows/AudioMixerXAudio2/Private/AudioMixerPlatformXAudio2.cpp, Line 305)
[2020.02.27-15.37.14:841][987]LogTemp: Resetting audio stream to device id 
[2020.02.27-15.37.14:949][987]LogAudioMixer: Display: Audio Device Output Speaker Info:
[2020.02.27-15.37.14:950][987]LogAudioMixer: Display: Name: Altavoces (Steam Streaming Speakers)
[2020.02.27-15.37.14:950][987]LogAudioMixer: Display: Is Default: Yes
[2020.02.27-15.37.14:950][987]LogAudioMixer: Display: Sample Rate: 48000
[2020.02.27-15.37.14:950][987]LogAudioMixer: Display: Channel Count Used: 2
[2020.02.27-15.37.14:950][987]LogAudioMixer: Display: Device Channel Count: 2
[2020.02.27-15.37.14:950][987]LogAudioMixer: Display: Channel Order:
[2020.02.27-15.37.14:950][987]LogAudioMixer: Display: 0: FrontLeft
[2020.02.27-15.37.14:950][987]LogAudioMixer: Display: 1: FrontRight
[2020.02.27-15.38.31:801][215]LogAudioMixer: Warning: Changing default audio render device to new device: {0.0.0.00000000}.{7c604cb4-53ea-4a4b-b180-e58118cf00d2}.
[2020.02.27-15.38.32:234][215]LogTemp: Resetting audio stream to device id 
[2020.02.27-15.38.32:334][215]LogAudioMixer: Warning: Did not find the channel type flags for audio device 'Auriculares con micrófono (AKG N700NCM2 Hands-Free AG Audio)'. Reverting to a default channel ordering.
[2020.02.27-15.38.32:334][215]LogAudioMixer: Display: Audio Device Output Speaker Info:
[2020.02.27-15.38.32:334][215]LogAudioMixer: Display: Name: Auriculares con micrófono (AKG N700NCM2 Hands-Free AG Audio)
[2020.02.27-15.38.32:334][215]LogAudioMixer: Display: Is Default: Yes
[2020.02.27-15.38.32:334][215]LogAudioMixer: Display: Sample Rate: 16000
[2020.02.27-15.38.32:334][215]LogAudioMixer: Display: Channel Count Used: 2
[2020.02.27-15.38.32:334][215]LogAudioMixer: Display: Device Channel Count: 1
[2020.02.27-15.38.32:334][215]LogAudioMixer: Display: Channel Order:
[2020.02.27-15.38.32:334][215]LogAudioMixer: Display: 0: FrontLeft
[2020.02.27-15.38.32:334][215]LogAudioMixer: Display: 1: FrontRight
[2020.02.27-15.39.48:319][442]LogAudioMixer: Warning: Changing default audio render device to new device: {0.0.0.00000000}.{1c4d8488-28fc-47a3-b017-7b14ea5f4ffb}.
[2020.02.27-15.39.48:319][442]LogTemp: Resetting audio stream to device id 
[2020.02.27-15.39.48:548][442]LogAudioMixer: Warning: Did not find the channel type flags for audio device 'Auriculares con micrófono (AKG N700NCM2 Hands-Free AG Audio)'. Reverting to a default channel ordering.
[2020.02.27-15.39.48:548][442]LogAudioMixer: Display: Audio Device Output Speaker Info:
[2020.02.27-15.39.48:548][442]LogAudioMixer: Display: Name: Auriculares con micrófono (AKG N700NCM2 Hands-Free AG Audio)
[2020.02.27-15.39.48:548][442]LogAudioMixer: Display: Is Default: Yes
[2020.02.27-15.39.48:548][442]LogAudioMixer: Display: Sample Rate: 16000
[2020.02.27-15.39.48:548][442]LogAudioMixer: Display: Channel Count Used: 2
[2020.02.27-15.39.48:548][442]LogAudioMixer: Display: Device Channel Count: 1
[2020.02.27-15.39.48:548][442]LogAudioMixer: Display: Channel Order:
[2020.02.27-15.39.48:548][442]LogAudioMixer: Display: 0: FrontLeft
[2020.02.27-15.39.48:548][442]LogAudioMixer: Display: 1: FrontRight
