Log file open, 05/08/20 15:41:11
LogWindows: Failed to load 'aqProf.dll' (GetLastError=126)
LogWindows: File 'aqProf.dll' does not exist
LogWindows: Failed to load 'VtuneApi.dll' (GetLastError=126)
LogWindows: File 'VtuneApi.dll' does not exist
LogWindows: Failed to load 'VtuneApi32e.dll' (GetLastError=126)
LogWindows: File 'VtuneApi32e.dll' does not exist
LogConsoleResponse: Display: Failed to find resolution value strings in scalability ini. Falling back to default.
LogInit: Display: Running engine for game: HnS
LogPlatformFile: Not using cached read wrapper
LogTaskGraph: Started task graph with 5 named threads and 14 total threads with 3 sets of task threads.
LogStats: Stats thread started at 0.058856
LogD3D11RHI: Loaded GFSDK_Aftermath_Lib.x64.dll
LogICUInternationalization: ICU TimeZone Detection - Raw Offset: +1:00, Platform Override: ''
LogPluginManager: Mounting plugin Paper2D
LogPluginManager: Mounting plugin AISupport
LogPluginManager: Mounting plugin LightPropagationVolume
LogPluginManager: Mounting plugin ActorLayerUtilities
LogPluginManager: Mounting plugin AnimationSharing
LogPluginManager: Mounting plugin CLionSourceCodeAccess
LogPluginManager: Mounting plugin CodeLiteSourceCodeAccess
LogPluginManager: Mounting plugin GitSourceControl
LogPluginManager: Mounting plugin KDevelopSourceCodeAccess
LogPluginManager: Mounting plugin NullSourceCodeAccess
LogPluginManager: Mounting plugin PerforceSourceControl
LogPluginManager: Mounting plugin PlasticSourceControl
LogPluginManager: Mounting plugin SubversionSourceControl
LogPluginManager: Mounting plugin UObjectPlugin
LogPluginManager: Mounting plugin VisualStudioCodeSourceCodeAccess
LogPluginManager: Mounting plugin VisualStudioSourceCodeAccess
LogPluginManager: Mounting plugin XCodeSourceCodeAccess
LogPluginManager: Mounting plugin AssetManagerEditor
LogPluginManager: Mounting plugin CryptoKeys
LogPluginManager: Mounting plugin CurveEditorTools
LogPluginManager: Mounting plugin DataValidation
LogPluginManager: Mounting plugin FacialAnimation
LogPluginManager: Mounting plugin GameplayTagsEditor
LogPluginManager: Mounting plugin MacGraphicsSwitching
LogPluginManager: Mounting plugin MaterialAnalyzer
LogPluginManager: Mounting plugin MobileLauncherProfileWizard
LogPluginManager: Mounting plugin PluginBrowser
LogPluginManager: Mounting plugin SpeedTreeImporter
LogPluginManager: Mounting plugin DatasmithContent
LogPluginManager: Mounting plugin VariantManagerContent
LogPluginManager: Mounting plugin AlembicImporter
LogPluginManager: Mounting plugin AutomationUtils
LogPluginManager: Mounting plugin BackChannel
LogPluginManager: Mounting plugin CharacterAI
LogPluginManager: Mounting plugin GeometryCache
LogPluginManager: Mounting plugin PlatformCrypto
LogPluginManager: Mounting plugin ProxyLODPlugin
LogPluginManager: Mounting plugin SkeletalReduction
LogPluginManager: Mounting plugin MagicLeap
LogPluginManager: Mounting plugin MagicLeapMedia
LogPluginManager: Mounting plugin MLSDK
LogPluginManager: Mounting plugin AndroidMedia
LogPluginManager: Mounting plugin AvfMedia
LogPluginManager: Mounting plugin ImgMedia
LogPluginManager: Mounting plugin MediaCompositing
LogPluginManager: Mounting plugin MediaPlayerEditor
LogPluginManager: Mounting plugin WebMMedia
LogPluginManager: Mounting plugin WmfMedia
LogPluginManager: Mounting plugin TcpMessaging
LogPluginManager: Mounting plugin UdpMessaging
LogPluginManager: Mounting plugin ActorSequence
LogPluginManager: Mounting plugin LevelSequenceEditor
LogPluginManager: Mounting plugin MatineeToLevelSequence
LogPluginManager: Mounting plugin NetcodeUnitTest
LogPluginManager: Mounting plugin NUTUnrealEngine4
LogPluginManager: Mounting plugin OnlineSubsystemGooglePlay
LogPluginManager: Mounting plugin OnlineSubsystemIOS
LogPluginManager: Mounting plugin OnlineSubsystem
LogPluginManager: Mounting plugin OnlineSubsystemNull
LogPluginManager: Mounting plugin OnlineSubsystemUtils
LogPluginManager: Mounting plugin LauncherChunkInstaller
LogPluginManager: Mounting plugin AndroidDeviceProfileSelector
LogPluginManager: Mounting plugin AndroidMoviePlayer
LogPluginManager: Mounting plugin AndroidPermission
LogPluginManager: Mounting plugin AppleImageUtils
LogPluginManager: Mounting plugin AppleMoviePlayer
LogPluginManager: Mounting plugin ArchVisCharacter
LogPluginManager: Mounting plugin AssetTags
LogPluginManager: Mounting plugin AudioCapture
LogPluginManager: Mounting plugin CableComponent
LogPluginManager: Mounting plugin CustomMeshComponent
LogPluginManager: Mounting plugin EditableMesh
LogPluginManager: Mounting plugin ExampleDeviceProfileSelector
LogPluginManager: Mounting plugin GoogleCloudMessaging
LogPluginManager: Mounting plugin IOSDeviceProfileSelector
LogPluginManager: Mounting plugin LinuxDeviceProfileSelector
LogPluginManager: Mounting plugin LocationServicesBPLibrary
LogPluginManager: Mounting plugin MobilePatchingUtils
LogPluginManager: Mounting plugin OculusVR
LogPluginManager: Mounting plugin PhysXVehicles
LogPluginManager: Mounting plugin PostSplashScreen
LogPluginManager: Mounting plugin ProceduralMeshComponent
LogPluginManager: Mounting plugin RuntimePhysXCooking
LogPluginManager: Mounting plugin SignificanceManager
LogPluginManager: Mounting plugin SteamVR
LogPluginManager: Mounting plugin WebMMoviePlayer
LogPluginManager: Mounting plugin WindowsMoviePlayer
LogPluginManager: Mounting plugin ScreenshotTools
LogInit: Using libcurl 7.55.1-DEV
LogInit:  - built for x86_64-pc-win32
LogInit:  - supports SSL with OpenSSL/1.1.1
LogInit:  - supports HTTP deflate (compression) using libz 1.2.8
LogInit:  - other features:
LogInit:      CURL_VERSION_SSL
LogInit:      CURL_VERSION_LIBZ
LogInit:      CURL_VERSION_IPV6
LogInit:      CURL_VERSION_ASYNCHDNS
LogInit:      CURL_VERSION_LARGEFILE
LogInit:      CURL_VERSION_IDN
LogInit:  CurlRequestOptions (configurable via config and command line):
LogInit:  - bVerifyPeer = true  - Libcurl will verify peer certificate
LogInit:  - bUseHttpProxy = false  - Libcurl will NOT use HTTP proxy
LogInit:  - bDontReuseConnections = false  - Libcurl will reuse connections
LogInit:  - MaxHostConnections = 16  - Libcurl will limit the number of connections to a host
LogInit:  - LocalHostAddr = Default
LogInit:  - BufferSize = 65536
LogOnline: OSS: Creating online subsystem instance for: NULL
LogInit: WinSock: version 1.1 (2.2), MaxSocks=32767, MaxUdp=65467
LogOnline: OSS: TryLoadSubsystemAndSetDefault: Loaded subsystem for module [NULL]
LogInit: Build: ++UE4+Release-4.24-CL-11100242
LogInit: Engine Version: 4.24.2-11100242+++UE4+Release-4.24
LogInit: Compatible Engine Version: 4.24.0-10570792+++UE4+Release-4.24
LogInit: Net CL: 10570792
LogInit: OS: Windows 10 (Release 1909) (), CPU: Intel(R) Core(TM) i3-8100 CPU @ 3.60GHz, GPU: Radeon RX 570 Series
LogInit: Compiled (64-bit): Jan 24 2020 02:05:53
LogInit: Compiled with Visual C++: 19.16.27032.01
LogInit: Build Configuration: Development
LogInit: Branch Name: ++UE4+Release-4.24
LogInit: Command Line:  -EpicPortal -epicusername=ElWofro -epicuserid=f2c14304b4814e5399cfd8f33dd0f960 -epiclocale=es
LogInit: Base Directory: D:/UE_4.24/Engine/Binaries/Win64/
LogInit: Installed Engine Build: 1
LogDevObjectVersion: Number of dev versions registered: 25
LogDevObjectVersion:   Dev-Blueprints (B0D832E4-1F89-4F0D-ACCF-7EB736FD4AA2): 10
LogDevObjectVersion:   Dev-Build (E1C64328-A22C-4D53-A36C-8E866417BD8C): 0
LogDevObjectVersion:   Dev-Core (375EC13C-06E4-48FB-B500-84F0262A717E): 3
LogDevObjectVersion:   Dev-Editor (E4B068ED-F494-42E9-A231-DA0B2E46BB41): 37
LogDevObjectVersion:   Dev-Framework (CFFC743F-43B0-4480-9391-14DF171D2073): 36
LogDevObjectVersion:   Dev-Mobile (B02B49B5-BB20-44E9-A304-32B752E40360): 2
LogDevObjectVersion:   Dev-Networking (A4E4105C-59A1-49B5-A7C5-40C4547EDFEE): 0
LogDevObjectVersion:   Dev-Online (39C831C9-5AE6-47DC-9A44-9C173E1C8E7C): 0
LogDevObjectVersion:   Dev-Physics (78F01B33-EBEA-4F98-B9B4-84EACCB95AA2): 2
LogDevObjectVersion:   Dev-Platform (6631380F-2D4D-43E0-8009-CF276956A95A): 0
LogDevObjectVersion:   Dev-Rendering (12F88B9F-8875-4AFC-A67C-D90C383ABD29): 36
LogDevObjectVersion:   Dev-Sequencer (7B5AE74C-D270-4C10-A958-57980B212A5A): 11
LogDevObjectVersion:   Dev-VR (D7296918-1DD6-4BDD-9DE2-64A83CC13884): 2
LogDevObjectVersion:   Dev-LoadTimes (C2A15278-BFE7-4AFE-6C17-90FF531DF755): 1
LogDevObjectVersion:   Private-Geometry (6EACA3D4-40EC-4CC1-B786-8BED09428FC5): 3
LogDevObjectVersion:   Dev-AnimPhys (29E575DD-E0A3-4627-9D10-D276232CDCEA): 17
LogDevObjectVersion:   Dev-Anim (AF43A65D-7FD3-4947-9873-3E8ED9C1BB05): 2
LogDevObjectVersion:   Dev-ReflectionCapture (6B266CEC-1EC7-4B8F-A30B-E4D90942FC07): 1
LogDevObjectVersion:   Dev-Automation (0DF73D61-A23F-47EA-B727-89E90C41499A): 1
LogDevObjectVersion:   FortniteMain (601D1886-AC64-4F84-AA16-D3DE0DEAC7D6): 31
LogDevObjectVersion:   Dev-Enterprise (9DFFBCD6-494F-0158-E221-12823C92A888): 8
LogDevObjectVersion:   Dev-Niagara (F2AED0AC-9AFE-416F-8664-AA7FFA26D6FC): 1
LogDevObjectVersion:   Dev-Destruction (174F1F0B-B4C6-45A5-B13F-2EE8D0FB917D): 9
LogDevObjectVersion:   Dev-Physics-Ext (35F94A83-E258-406C-A318-09F59610247C): 8
LogDevObjectVersion:   Dev-CineCamera (B2E18506-4273-CFC2-A54E-F4BB758BBA07): 1
LogInit: Presizing for max 25165824 objects, including 0 objects not considered by GC, pre-allocating 0 bytes for permanent pool.
LogInit: Object subsystem initialized
LogConfig: Setting CVar [[con.DebugEarlyDefault:1]]
LogConfig: Setting CVar [[r.setres:1280x720]]
[2020.05.08-13.41.11:807][  0]LogConfig: Setting CVar [[r.VSync:0]]
[2020.05.08-13.41.11:807][  0]LogConfig: Setting CVar [[r.RHICmdBypass:0]]
[2020.05.08-13.41.11:808][  0]LogConfig: Applying CVar settings from Section [/Script/Engine.RendererSettings] File [C:/Users/Toni/Desktop/Toni/GladiatorArena/HnS/Saved/Config/Windows/Engine.ini]
[2020.05.08-13.41.11:808][  0]LogConfig: Setting CVar [[r.GPUCrashDebugging:0]]
[2020.05.08-13.41.11:808][  0]LogConfig: Applying CVar settings from Section [/Script/Engine.RendererOverrideSettings] File [C:/Users/Toni/Desktop/Toni/GladiatorArena/HnS/Saved/Config/Windows/Engine.ini]
[2020.05.08-13.41.11:808][  0]LogConfig: Applying CVar settings from Section [/Script/Engine.StreamingSettings] File [C:/Users/Toni/Desktop/Toni/GladiatorArena/HnS/Saved/Config/Windows/Engine.ini]
[2020.05.08-13.41.11:808][  0]LogConfig: Setting CVar [[s.MinBulkDataSizeForAsyncLoading:131072]]
[2020.05.08-13.41.11:808][  0]LogConfig: Setting CVar [[s.AsyncLoadingThreadEnabled:0]]
[2020.05.08-13.41.11:808][  0]LogConfig: Setting CVar [[s.EventDrivenLoaderEnabled:1]]
[2020.05.08-13.41.11:808][  0]LogConfig: Setting CVar [[s.WarnIfTimeLimitExceeded:0]]
[2020.05.08-13.41.11:808][  0]LogConfig: Setting CVar [[s.TimeLimitExceededMultiplier:1.5]]
[2020.05.08-13.41.11:808][  0]LogConfig: Setting CVar [[s.TimeLimitExceededMinTime:0.005]]
[2020.05.08-13.41.11:808][  0]LogConfig: Setting CVar [[s.UseBackgroundLevelStreaming:1]]
[2020.05.08-13.41.11:808][  0]LogConfig: Setting CVar [[s.PriorityAsyncLoadingExtraTime:15.0]]
[2020.05.08-13.41.11:808][  0]LogConfig: Setting CVar [[s.LevelStreamingActorsUpdateTimeLimit:5.0]]
[2020.05.08-13.41.11:808][  0]LogConfig: Setting CVar [[s.PriorityLevelStreamingActorsUpdateExtraTime:5.0]]
[2020.05.08-13.41.11:808][  0]LogConfig: Setting CVar [[s.LevelStreamingComponentsRegistrationGranularity:10]]
[2020.05.08-13.41.11:808][  0]LogConfig: Setting CVar [[s.UnregisterComponentsTimeLimit:1.0]]
[2020.05.08-13.41.11:808][  0]LogConfig: Setting CVar [[s.LevelStreamingComponentsUnregistrationGranularity:5]]
[2020.05.08-13.41.11:808][  0]LogConfig: Setting CVar [[s.FlushStreamingOnExit:1]]
[2020.05.08-13.41.11:808][  0]LogConfig: Applying CVar settings from Section [/Script/Engine.GarbageCollectionSettings] File [C:/Users/Toni/Desktop/Toni/GladiatorArena/HnS/Saved/Config/Windows/Engine.ini]
[2020.05.08-13.41.11:808][  0]LogConfig: Setting CVar [[gc.MaxObjectsNotConsideredByGC:1]]
[2020.05.08-13.41.11:808][  0]LogConfig: Setting CVar [[gc.SizeOfPermanentObjectPool:0]]
[2020.05.08-13.41.11:808][  0]LogConfig: Setting CVar [[gc.FlushStreamingOnGC:0]]
[2020.05.08-13.41.11:808][  0]LogConfig: Setting CVar [[gc.NumRetriesBeforeForcingGC:10]]
[2020.05.08-13.41.11:808][  0]LogConfig: Setting CVar [[gc.AllowParallelGC:1]]
[2020.05.08-13.41.11:808][  0]LogConfig: Setting CVar [[gc.TimeBetweenPurgingPendingKillObjects:61.1]]
[2020.05.08-13.41.11:808][  0]LogConfig: Setting CVar [[gc.MaxObjectsInEditor:25165824]]
[2020.05.08-13.41.11:808][  0]LogConfig: Setting CVar [[gc.IncrementalBeginDestroyEnabled:1]]
[2020.05.08-13.41.11:808][  0]LogConfig: Setting CVar [[gc.CreateGCClusters:1]]
[2020.05.08-13.41.11:808][  0]LogConfig: Setting CVar [[gc.MinGCClusterSize:5]]
[2020.05.08-13.41.11:808][  0]LogConfig: Setting CVar [[gc.ActorClusteringEnabled:0]]
[2020.05.08-13.41.11:808][  0]LogConfig: Setting CVar [[gc.BlueprintClusteringEnabled:0]]
[2020.05.08-13.41.11:808][  0]LogConfig: Setting CVar [[gc.UseDisregardForGCOnDedicatedServers:0]]
[2020.05.08-13.41.11:808][  0]LogConfig: Applying CVar settings from Section [/Script/Engine.NetworkSettings] File [C:/Users/Toni/Desktop/Toni/GladiatorArena/HnS/Saved/Config/Windows/Engine.ini]
[2020.05.08-13.41.11:808][  0]LogConfig: Applying CVar settings from Section [/Script/UnrealEd.CookerSettings] File [C:/Users/Toni/Desktop/Toni/GladiatorArena/HnS/Saved/Config/Windows/Engine.ini]
[2020.05.08-13.41.11:811][  0]LogConfig: Applying CVar settings from Section [ViewDistanceQuality@3] File [C:/Users/Toni/Desktop/Toni/GladiatorArena/HnS/Saved/Config/Windows/Scalability.ini]
[2020.05.08-13.41.11:811][  0]LogConfig: Setting CVar [[r.SkeletalMeshLODBias:0]]
[2020.05.08-13.41.11:811][  0]LogConfig: Setting CVar [[r.ViewDistanceScale:1.0]]
[2020.05.08-13.41.11:811][  0]LogConfig: Applying CVar settings from Section [AntiAliasingQuality@3] File [C:/Users/Toni/Desktop/Toni/GladiatorArena/HnS/Saved/Config/Windows/Scalability.ini]
[2020.05.08-13.41.11:811][  0]LogConfig: Setting CVar [[r.PostProcessAAQuality:4]]
[2020.05.08-13.41.11:811][  0]LogConfig: Applying CVar settings from Section [ShadowQuality@3] File [C:/Users/Toni/Desktop/Toni/GladiatorArena/HnS/Saved/Config/Windows/Scalability.ini]
[2020.05.08-13.41.11:811][  0]LogConfig: Setting CVar [[r.LightFunctionQuality:1]]
[2020.05.08-13.41.11:811][  0]LogConfig: Setting CVar [[r.ShadowQuality:5]]
[2020.05.08-13.41.11:811][  0]LogConfig: Setting CVar [[r.Shadow.CSM.MaxCascades:10]]
[2020.05.08-13.41.11:811][  0]LogConfig: Setting CVar [[r.Shadow.MaxResolution:2048]]
[2020.05.08-13.41.11:811][  0]LogConfig: Setting CVar [[r.Shadow.MaxCSMResolution:2048]]
[2020.05.08-13.41.11:811][  0]LogConfig: Setting CVar [[r.Shadow.RadiusThreshold:0.01]]
[2020.05.08-13.41.11:811][  0]LogConfig: Setting CVar [[r.Shadow.DistanceScale:1.0]]
[2020.05.08-13.41.11:811][  0]LogConfig: Setting CVar [[r.Shadow.CSM.TransitionScale:1.0]]
[2020.05.08-13.41.11:811][  0]LogConfig: Setting CVar [[r.Shadow.PreShadowResolutionFactor:1.0]]
[2020.05.08-13.41.11:811][  0]LogConfig: Setting CVar [[r.DistanceFieldShadowing:1]]
[2020.05.08-13.41.11:811][  0]LogConfig: Setting CVar [[r.DistanceFieldAO:1]]
[2020.05.08-13.41.11:811][  0]LogConfig: Setting CVar [[r.AOQuality:2]]
[2020.05.08-13.41.11:811][  0]LogConfig: Setting CVar [[r.VolumetricFog:1]]
[2020.05.08-13.41.11:811][  0]LogConfig: Setting CVar [[r.VolumetricFog.GridPixelSize:8]]
[2020.05.08-13.41.11:811][  0]LogConfig: Setting CVar [[r.VolumetricFog.GridSizeZ:128]]
[2020.05.08-13.41.11:811][  0]LogConfig: Setting CVar [[r.VolumetricFog.HistoryMissSupersampleCount:4]]
[2020.05.08-13.41.11:811][  0]LogConfig: Setting CVar [[r.LightMaxDrawDistanceScale:1]]
[2020.05.08-13.41.11:811][  0]LogConfig: Setting CVar [[r.CapsuleShadows:1]]
[2020.05.08-13.41.11:811][  0]LogConfig: Applying CVar settings from Section [PostProcessQuality@3] File [C:/Users/Toni/Desktop/Toni/GladiatorArena/HnS/Saved/Config/Windows/Scalability.ini]
[2020.05.08-13.41.11:811][  0]LogConfig: Setting CVar [[r.MotionBlurQuality:4]]
[2020.05.08-13.41.11:811][  0]LogConfig: Setting CVar [[r.AmbientOcclusionMipLevelFactor:0.4]]
[2020.05.08-13.41.11:811][  0]LogConfig: Setting CVar [[r.AmbientOcclusionMaxQuality:100]]
[2020.05.08-13.41.11:811][  0]LogConfig: Setting CVar [[r.AmbientOcclusionLevels:-1]]
[2020.05.08-13.41.11:811][  0]LogConfig: Setting CVar [[r.AmbientOcclusionRadiusScale:1.0]]
[2020.05.08-13.41.11:811][  0]LogConfig: Setting CVar [[r.DepthOfFieldQuality:2]]
[2020.05.08-13.41.11:811][  0]LogConfig: Setting CVar [[r.RenderTargetPoolMin:400]]
[2020.05.08-13.41.11:811][  0]LogConfig: Setting CVar [[r.LensFlareQuality:2]]
[2020.05.08-13.41.11:811][  0]LogConfig: Setting CVar [[r.SceneColorFringeQuality:1]]
[2020.05.08-13.41.11:811][  0]LogConfig: Setting CVar [[r.EyeAdaptationQuality:2]]
[2020.05.08-13.41.11:811][  0]LogConfig: Setting CVar [[r.BloomQuality:5]]
[2020.05.08-13.41.11:811][  0]LogConfig: Setting CVar [[r.FastBlurThreshold:100]]
[2020.05.08-13.41.11:811][  0]LogConfig: Setting CVar [[r.Upscale.Quality:3]]
[2020.05.08-13.41.11:811][  0]LogConfig: Setting CVar [[r.Tonemapper.GrainQuantization:1]]
[2020.05.08-13.41.11:811][  0]LogConfig: Setting CVar [[r.LightShaftQuality:1]]
[2020.05.08-13.41.11:811][  0]LogConfig: Setting CVar [[r.Filter.SizeScale:1]]
[2020.05.08-13.41.11:811][  0]LogConfig: Setting CVar [[r.Tonemapper.Quality:5]]
[2020.05.08-13.41.11:811][  0]LogConfig: Setting CVar [[r.DOF.Gather.AccumulatorQuality:1        ; higher gathering accumulator quality]]
[2020.05.08-13.41.11:811][  0]LogConfig: Setting CVar [[r.DOF.Gather.PostfilterMethod:1          ; Median3x3 postfilering method]]
[2020.05.08-13.41.11:811][  0]LogConfig: Setting CVar [[r.DOF.Gather.EnableBokehSettings:0       ; no bokeh simulation when gathering]]
[2020.05.08-13.41.11:811][  0]LogConfig: Setting CVar [[r.DOF.Gather.RingCount:4                 ; medium number of samples when gathering]]
[2020.05.08-13.41.11:811][  0]LogConfig: Setting CVar [[r.DOF.Scatter.ForegroundCompositing:1    ; additive foreground scattering]]
[2020.05.08-13.41.11:811][  0]LogConfig: Setting CVar [[r.DOF.Scatter.BackgroundCompositing:2    ; additive background scattering]]
[2020.05.08-13.41.11:811][  0]LogConfig: Setting CVar [[r.DOF.Scatter.EnableBokehSettings:1      ; bokeh simulation when scattering]]
[2020.05.08-13.41.11:811][  0]LogConfig: Setting CVar [[r.DOF.Scatter.MaxSpriteRatio:0.1         ; only a maximum of 10% of scattered bokeh]]
[2020.05.08-13.41.11:812][  0]LogConfig: Setting CVar [[r.DOF.Recombine.Quality:1                ; cheap slight out of focus]]
[2020.05.08-13.41.11:812][  0]LogConfig: Setting CVar [[r.DOF.Recombine.EnableBokehSettings:0    ; no bokeh simulation on slight out of focus]]
[2020.05.08-13.41.11:812][  0]LogConfig: Setting CVar [[r.DOF.TemporalAAQuality:1                ; more stable temporal accumulation]]
[2020.05.08-13.41.11:812][  0]LogConfig: Setting CVar [[r.DOF.Kernel.MaxForegroundRadius:0.025]]
[2020.05.08-13.41.11:812][  0]LogConfig: Setting CVar [[r.DOF.Kernel.MaxBackgroundRadius:0.025]]
[2020.05.08-13.41.11:812][  0]LogConfig: Applying CVar settings from Section [TextureQuality@3] File [C:/Users/Toni/Desktop/Toni/GladiatorArena/HnS/Saved/Config/Windows/Scalability.ini]
[2020.05.08-13.41.11:812][  0]LogConfig: Setting CVar [[r.Streaming.MipBias:0]]
[2020.05.08-13.41.11:812][  0]LogConfig: Setting CVar [[r.Streaming.AmortizeCPUToGPUCopy:0]]
[2020.05.08-13.41.11:812][  0]LogConfig: Setting CVar [[r.Streaming.MaxNumTexturesToStreamPerFrame:0]]
[2020.05.08-13.41.11:812][  0]LogConfig: Setting CVar [[r.Streaming.Boost:1]]
[2020.05.08-13.41.11:812][  0]LogConfig: Setting CVar [[r.MaxAnisotropy:8]]
[2020.05.08-13.41.11:812][  0]LogConfig: Setting CVar [[r.VT.MaxAnisotropy:8]]
[2020.05.08-13.41.11:812][  0]LogConfig: Setting CVar [[r.Streaming.LimitPoolSizeToVRAM:0]]
[2020.05.08-13.41.11:812][  0]LogConfig: Setting CVar [[r.Streaming.PoolSize:1000]]
[2020.05.08-13.41.11:812][  0]LogConfig: Setting CVar [[r.Streaming.MaxEffectiveScreenSize:0]]
[2020.05.08-13.41.11:812][  0]LogConfig: Applying CVar settings from Section [EffectsQuality@3] File [C:/Users/Toni/Desktop/Toni/GladiatorArena/HnS/Saved/Config/Windows/Scalability.ini]
[2020.05.08-13.41.11:812][  0]LogConfig: Setting CVar [[r.TranslucencyLightingVolumeDim:64]]
[2020.05.08-13.41.11:812][  0]LogConfig: Setting CVar [[r.RefractionQuality:2]]
[2020.05.08-13.41.11:812][  0]LogConfig: Setting CVar [[r.SSR.Quality:3]]
[2020.05.08-13.41.11:812][  0]LogConfig: Setting CVar [[r.SSR.HalfResSceneColor:0]]
[2020.05.08-13.41.11:812][  0]LogConfig: Setting CVar [[r.SceneColorFormat:4]]
[2020.05.08-13.41.11:812][  0]LogConfig: Setting CVar [[r.DetailMode:2]]
[2020.05.08-13.41.11:812][  0]LogConfig: Setting CVar [[r.TranslucencyVolumeBlur:1]]
[2020.05.08-13.41.11:812][  0]LogConfig: Setting CVar [[r.MaterialQualityLevel:1 ; High quality]]
[2020.05.08-13.41.11:812][  0]LogConfig: Setting CVar [[r.SSS.Scale:1]]
[2020.05.08-13.41.11:812][  0]LogConfig: Setting CVar [[r.SSS.SampleSet:2]]
[2020.05.08-13.41.11:812][  0]LogConfig: Setting CVar [[r.SSS.Quality:1]]
[2020.05.08-13.41.11:812][  0]LogConfig: Setting CVar [[r.SSS.HalfRes:1]]
[2020.05.08-13.41.11:812][  0]LogConfig: Setting CVar [[r.SSGI.Quality:3]]
[2020.05.08-13.41.11:812][  0]LogConfig: Setting CVar [[r.EmitterSpawnRateScale:1.0]]
[2020.05.08-13.41.11:812][  0]LogConfig: Setting CVar [[r.ParticleLightQuality:2]]
[2020.05.08-13.41.11:812][  0]LogConfig: Setting CVar [[r.SkyAtmosphere.AerialPerspectiveLUT.FastApplyOnOpaque:1 ; Always have FastSkyLUT 1 in this case to avoid wrong sky]]
[2020.05.08-13.41.11:812][  0]LogConfig: Setting CVar [[r.SkyAtmosphere.AerialPerspectiveLUT.SampleCountPerSlice:1]]
[2020.05.08-13.41.11:812][  0]LogConfig: Setting CVar [[r.SkyAtmosphere.AerialPerspectiveLUT.DepthResolution:16.0]]
[2020.05.08-13.41.11:812][  0]LogConfig: Setting CVar [[r.SkyAtmosphere.FastSkyLUT:1]]
[2020.05.08-13.41.11:812][  0]LogConfig: Setting CVar [[r.SkyAtmosphere.FastSkyLUT.SampleCountMin:4.0]]
[2020.05.08-13.41.11:812][  0]LogConfig: Setting CVar [[r.SkyAtmosphere.FastSkyLUT.SampleCountMax:32.0]]
[2020.05.08-13.41.11:812][  0]LogConfig: Setting CVar [[r.SkyAtmosphere.SampleCountMin:4.0]]
[2020.05.08-13.41.11:812][  0]LogConfig: Setting CVar [[r.SkyAtmosphere.SampleCountMax:32.0]]
[2020.05.08-13.41.11:812][  0]LogConfig: Setting CVar [[r.SkyAtmosphere.TransmittanceLUT.UseSmallFormat:0]]
[2020.05.08-13.41.11:812][  0]LogConfig: Setting CVar [[r.SkyAtmosphere.TransmittanceLUT.SampleCount:10.0]]
[2020.05.08-13.41.11:812][  0]LogConfig: Setting CVar [[r.SkyAtmosphere.MultiScatteringLUT.SampleCount:15.0]]
[2020.05.08-13.41.11:812][  0]LogConfig: Applying CVar settings from Section [FoliageQuality@3] File [C:/Users/Toni/Desktop/Toni/GladiatorArena/HnS/Saved/Config/Windows/Scalability.ini]
[2020.05.08-13.41.11:812][  0]LogConfig: Setting CVar [[foliage.DensityScale:1.0]]
[2020.05.08-13.41.11:812][  0]LogConfig: Setting CVar [[grass.DensityScale:1.0]]
[2020.05.08-13.41.11:812][  0]LogConfig: Applying CVar settings from Section [ShadingQuality@3] File [C:/Users/Toni/Desktop/Toni/GladiatorArena/HnS/Saved/Config/Windows/Scalability.ini]
[2020.05.08-13.41.11:812][  0]LogConfig: Setting CVar [[r.HairStrands.SkyLighting.SampleCount:16]]
[2020.05.08-13.41.11:812][  0]LogConfig: Setting CVar [[r.HairStrands.SkyLighting.JitterIntegration:0]]
[2020.05.08-13.41.11:812][  0]LogConfig: Setting CVar [[r.HairStrands.SkyAO.SampleCount:16]]
[2020.05.08-13.41.11:812][  0]LogInit: Selected Device Profile: [Windows]
[2020.05.08-13.41.11:812][  0]LogInit: Applying CVar settings loaded from the selected device profile: [Windows]
[2020.05.08-13.41.11:814][  0]LogHAL: Display: Platform has ~ 8 GB [8533622784 / 8589934592 / 8], which maps to Default [LargestMinGB=32, LargerMinGB=12, DefaultMinGB=8, SmallerMinGB=6, SmallestMinGB=0)
[2020.05.08-13.41.11:814][  0]LogInit: Going up to parent DeviceProfile []
[2020.05.08-13.41.11:814][  0]LogConfig: Applying CVar settings from Section [ViewDistanceQuality@3] File [C:/Users/Toni/Desktop/Toni/GladiatorArena/HnS/Saved/Config/Windows/Scalability.ini]
[2020.05.08-13.41.11:814][  0]LogConfig: Setting CVar [[r.SkeletalMeshLODBias:0]]
[2020.05.08-13.41.11:814][  0]LogConfig: Setting CVar [[r.ViewDistanceScale:1.0]]
[2020.05.08-13.41.11:814][  0]LogConfig: Applying CVar settings from Section [AntiAliasingQuality@3] File [C:/Users/Toni/Desktop/Toni/GladiatorArena/HnS/Saved/Config/Windows/Scalability.ini]
[2020.05.08-13.41.11:814][  0]LogConfig: Setting CVar [[r.PostProcessAAQuality:4]]
[2020.05.08-13.41.11:814][  0]LogConfig: Applying CVar settings from Section [ShadowQuality@3] File [C:/Users/Toni/Desktop/Toni/GladiatorArena/HnS/Saved/Config/Windows/Scalability.ini]
[2020.05.08-13.41.11:814][  0]LogConfig: Setting CVar [[r.LightFunctionQuality:1]]
[2020.05.08-13.41.11:814][  0]LogConfig: Setting CVar [[r.ShadowQuality:5]]
[2020.05.08-13.41.11:814][  0]LogConfig: Setting CVar [[r.Shadow.CSM.MaxCascades:10]]
[2020.05.08-13.41.11:814][  0]LogConfig: Setting CVar [[r.Shadow.MaxResolution:2048]]
[2020.05.08-13.41.11:814][  0]LogConfig: Setting CVar [[r.Shadow.MaxCSMResolution:2048]]
[2020.05.08-13.41.11:814][  0]LogConfig: Setting CVar [[r.Shadow.RadiusThreshold:0.01]]
[2020.05.08-13.41.11:814][  0]LogConfig: Setting CVar [[r.Shadow.DistanceScale:1.0]]
[2020.05.08-13.41.11:814][  0]LogConfig: Setting CVar [[r.Shadow.CSM.TransitionScale:1.0]]
[2020.05.08-13.41.11:815][  0]LogConfig: Setting CVar [[r.Shadow.PreShadowResolutionFactor:1.0]]
[2020.05.08-13.41.11:815][  0]LogConfig: Setting CVar [[r.DistanceFieldShadowing:1]]
[2020.05.08-13.41.11:815][  0]LogConfig: Setting CVar [[r.DistanceFieldAO:1]]
[2020.05.08-13.41.11:815][  0]LogConfig: Setting CVar [[r.AOQuality:2]]
[2020.05.08-13.41.11:815][  0]LogConfig: Setting CVar [[r.VolumetricFog:1]]
[2020.05.08-13.41.11:815][  0]LogConfig: Setting CVar [[r.VolumetricFog.GridPixelSize:8]]
[2020.05.08-13.41.11:815][  0]LogConfig: Setting CVar [[r.VolumetricFog.GridSizeZ:128]]
[2020.05.08-13.41.11:815][  0]LogConfig: Setting CVar [[r.VolumetricFog.HistoryMissSupersampleCount:4]]
[2020.05.08-13.41.11:815][  0]LogConfig: Setting CVar [[r.LightMaxDrawDistanceScale:1]]
[2020.05.08-13.41.11:815][  0]LogConfig: Setting CVar [[r.CapsuleShadows:1]]
[2020.05.08-13.41.11:815][  0]LogConfig: Applying CVar settings from Section [PostProcessQuality@3] File [C:/Users/Toni/Desktop/Toni/GladiatorArena/HnS/Saved/Config/Windows/Scalability.ini]
[2020.05.08-13.41.11:815][  0]LogConfig: Setting CVar [[r.MotionBlurQuality:4]]
[2020.05.08-13.41.11:815][  0]LogConfig: Setting CVar [[r.AmbientOcclusionMipLevelFactor:0.4]]
[2020.05.08-13.41.11:815][  0]LogConfig: Setting CVar [[r.AmbientOcclusionMaxQuality:100]]
[2020.05.08-13.41.11:815][  0]LogConfig: Setting CVar [[r.AmbientOcclusionLevels:-1]]
[2020.05.08-13.41.11:815][  0]LogConfig: Setting CVar [[r.AmbientOcclusionRadiusScale:1.0]]
[2020.05.08-13.41.11:815][  0]LogConfig: Setting CVar [[r.DepthOfFieldQuality:2]]
[2020.05.08-13.41.11:815][  0]LogConfig: Setting CVar [[r.RenderTargetPoolMin:400]]
[2020.05.08-13.41.11:815][  0]LogConfig: Setting CVar [[r.LensFlareQuality:2]]
[2020.05.08-13.41.11:815][  0]LogConfig: Setting CVar [[r.SceneColorFringeQuality:1]]
[2020.05.08-13.41.11:815][  0]LogConfig: Setting CVar [[r.EyeAdaptationQuality:2]]
[2020.05.08-13.41.11:815][  0]LogConfig: Setting CVar [[r.BloomQuality:5]]
[2020.05.08-13.41.11:815][  0]LogConfig: Setting CVar [[r.FastBlurThreshold:100]]
[2020.05.08-13.41.11:815][  0]LogConfig: Setting CVar [[r.Upscale.Quality:3]]
[2020.05.08-13.41.11:815][  0]LogConfig: Setting CVar [[r.Tonemapper.GrainQuantization:1]]
[2020.05.08-13.41.11:815][  0]LogConfig: Setting CVar [[r.LightShaftQuality:1]]
[2020.05.08-13.41.11:815][  0]LogConfig: Setting CVar [[r.Filter.SizeScale:1]]
[2020.05.08-13.41.11:815][  0]LogConfig: Setting CVar [[r.Tonemapper.Quality:5]]
[2020.05.08-13.41.11:815][  0]LogConfig: Setting CVar [[r.DOF.Gather.AccumulatorQuality:1        ; higher gathering accumulator quality]]
[2020.05.08-13.41.11:815][  0]LogConfig: Setting CVar [[r.DOF.Gather.PostfilterMethod:1          ; Median3x3 postfilering method]]
[2020.05.08-13.41.11:815][  0]LogConfig: Setting CVar [[r.DOF.Gather.EnableBokehSettings:0       ; no bokeh simulation when gathering]]
[2020.05.08-13.41.11:815][  0]LogConfig: Setting CVar [[r.DOF.Gather.RingCount:4                 ; medium number of samples when gathering]]
[2020.05.08-13.41.11:815][  0]LogConfig: Setting CVar [[r.DOF.Scatter.ForegroundCompositing:1    ; additive foreground scattering]]
[2020.05.08-13.41.11:815][  0]LogConfig: Setting CVar [[r.DOF.Scatter.BackgroundCompositing:2    ; additive background scattering]]
[2020.05.08-13.41.11:815][  0]LogConfig: Setting CVar [[r.DOF.Scatter.EnableBokehSettings:1      ; bokeh simulation when scattering]]
[2020.05.08-13.41.11:815][  0]LogConfig: Setting CVar [[r.DOF.Scatter.MaxSpriteRatio:0.1         ; only a maximum of 10% of scattered bokeh]]
[2020.05.08-13.41.11:815][  0]LogConfig: Setting CVar [[r.DOF.Recombine.Quality:1                ; cheap slight out of focus]]
[2020.05.08-13.41.11:815][  0]LogConfig: Setting CVar [[r.DOF.Recombine.EnableBokehSettings:0    ; no bokeh simulation on slight out of focus]]
[2020.05.08-13.41.11:815][  0]LogConfig: Setting CVar [[r.DOF.TemporalAAQuality:1                ; more stable temporal accumulation]]
[2020.05.08-13.41.11:815][  0]LogConfig: Setting CVar [[r.DOF.Kernel.MaxForegroundRadius:0.025]]
[2020.05.08-13.41.11:815][  0]LogConfig: Setting CVar [[r.DOF.Kernel.MaxBackgroundRadius:0.025]]
[2020.05.08-13.41.11:815][  0]LogConfig: Applying CVar settings from Section [TextureQuality@3] File [C:/Users/Toni/Desktop/Toni/GladiatorArena/HnS/Saved/Config/Windows/Scalability.ini]
[2020.05.08-13.41.11:815][  0]LogConfig: Setting CVar [[r.Streaming.MipBias:0]]
[2020.05.08-13.41.11:815][  0]LogConfig: Setting CVar [[r.Streaming.AmortizeCPUToGPUCopy:0]]
[2020.05.08-13.41.11:815][  0]LogConfig: Setting CVar [[r.Streaming.MaxNumTexturesToStreamPerFrame:0]]
[2020.05.08-13.41.11:815][  0]LogConfig: Setting CVar [[r.Streaming.Boost:1]]
[2020.05.08-13.41.11:815][  0]LogConfig: Setting CVar [[r.MaxAnisotropy:8]]
[2020.05.08-13.41.11:815][  0]LogConfig: Setting CVar [[r.VT.MaxAnisotropy:8]]
[2020.05.08-13.41.11:815][  0]LogConfig: Setting CVar [[r.Streaming.LimitPoolSizeToVRAM:0]]
[2020.05.08-13.41.11:815][  0]LogConfig: Setting CVar [[r.Streaming.PoolSize:1000]]
[2020.05.08-13.41.11:815][  0]LogConfig: Setting CVar [[r.Streaming.MaxEffectiveScreenSize:0]]
[2020.05.08-13.41.11:815][  0]LogConfig: Applying CVar settings from Section [EffectsQuality@3] File [C:/Users/Toni/Desktop/Toni/GladiatorArena/HnS/Saved/Config/Windows/Scalability.ini]
[2020.05.08-13.41.11:815][  0]LogConfig: Setting CVar [[r.TranslucencyLightingVolumeDim:64]]
[2020.05.08-13.41.11:815][  0]LogConfig: Setting CVar [[r.RefractionQuality:2]]
[2020.05.08-13.41.11:815][  0]LogConfig: Setting CVar [[r.SSR.Quality:3]]
[2020.05.08-13.41.11:815][  0]LogConfig: Setting CVar [[r.SSR.HalfResSceneColor:0]]
[2020.05.08-13.41.11:815][  0]LogConfig: Setting CVar [[r.SceneColorFormat:4]]
[2020.05.08-13.41.11:815][  0]LogConfig: Setting CVar [[r.DetailMode:2]]
[2020.05.08-13.41.11:815][  0]LogConfig: Setting CVar [[r.TranslucencyVolumeBlur:1]]
[2020.05.08-13.41.11:815][  0]LogConfig: Setting CVar [[r.MaterialQualityLevel:1 ; High quality]]
[2020.05.08-13.41.11:815][  0]LogConfig: Setting CVar [[r.SSS.Scale:1]]
[2020.05.08-13.41.11:815][  0]LogConfig: Setting CVar [[r.SSS.SampleSet:2]]
[2020.05.08-13.41.11:815][  0]LogConfig: Setting CVar [[r.SSS.Quality:1]]
[2020.05.08-13.41.11:815][  0]LogConfig: Setting CVar [[r.SSS.HalfRes:1]]
[2020.05.08-13.41.11:815][  0]LogConfig: Setting CVar [[r.SSGI.Quality:3]]
[2020.05.08-13.41.11:815][  0]LogConfig: Setting CVar [[r.EmitterSpawnRateScale:1.0]]
[2020.05.08-13.41.11:815][  0]LogConfig: Setting CVar [[r.ParticleLightQuality:2]]
[2020.05.08-13.41.11:815][  0]LogConfig: Setting CVar [[r.SkyAtmosphere.AerialPerspectiveLUT.FastApplyOnOpaque:1 ; Always have FastSkyLUT 1 in this case to avoid wrong sky]]
[2020.05.08-13.41.11:815][  0]LogConfig: Setting CVar [[r.SkyAtmosphere.AerialPerspectiveLUT.SampleCountPerSlice:1]]
[2020.05.08-13.41.11:815][  0]LogConfig: Setting CVar [[r.SkyAtmosphere.AerialPerspectiveLUT.DepthResolution:16.0]]
[2020.05.08-13.41.11:815][  0]LogConfig: Setting CVar [[r.SkyAtmosphere.FastSkyLUT:1]]
[2020.05.08-13.41.11:815][  0]LogConfig: Setting CVar [[r.SkyAtmosphere.FastSkyLUT.SampleCountMin:4.0]]
[2020.05.08-13.41.11:815][  0]LogConfig: Setting CVar [[r.SkyAtmosphere.FastSkyLUT.SampleCountMax:32.0]]
[2020.05.08-13.41.11:815][  0]LogConfig: Setting CVar [[r.SkyAtmosphere.SampleCountMin:4.0]]
[2020.05.08-13.41.11:815][  0]LogConfig: Setting CVar [[r.SkyAtmosphere.SampleCountMax:32.0]]
[2020.05.08-13.41.11:815][  0]LogConfig: Setting CVar [[r.SkyAtmosphere.TransmittanceLUT.UseSmallFormat:0]]
[2020.05.08-13.41.11:815][  0]LogConfig: Setting CVar [[r.SkyAtmosphere.TransmittanceLUT.SampleCount:10.0]]
[2020.05.08-13.41.11:815][  0]LogConfig: Setting CVar [[r.SkyAtmosphere.MultiScatteringLUT.SampleCount:15.0]]
[2020.05.08-13.41.11:815][  0]LogConfig: Applying CVar settings from Section [FoliageQuality@3] File [C:/Users/Toni/Desktop/Toni/GladiatorArena/HnS/Saved/Config/Windows/Scalability.ini]
[2020.05.08-13.41.11:815][  0]LogConfig: Setting CVar [[foliage.DensityScale:1.0]]
[2020.05.08-13.41.11:816][  0]LogConfig: Setting CVar [[grass.DensityScale:1.0]]
[2020.05.08-13.41.11:816][  0]LogConfig: Applying CVar settings from Section [ShadingQuality@3] File [C:/Users/Toni/Desktop/Toni/GladiatorArena/HnS/Saved/Config/Windows/Scalability.ini]
[2020.05.08-13.41.11:816][  0]LogConfig: Setting CVar [[r.HairStrands.SkyLighting.SampleCount:16]]
[2020.05.08-13.41.11:816][  0]LogConfig: Setting CVar [[r.HairStrands.SkyLighting.JitterIntegration:0]]
[2020.05.08-13.41.11:816][  0]LogConfig: Setting CVar [[r.HairStrands.SkyAO.SampleCount:16]]
[2020.05.08-13.41.11:816][  0]LogConfig: Applying CVar settings from Section [Startup] File [../../../Engine/Config/ConsoleVariables.ini]
[2020.05.08-13.41.11:816][  0]LogConfig: Setting CVar [[net.UseAdaptiveNetUpdateFrequency:0]]
[2020.05.08-13.41.11:816][  0]LogConfig: Setting CVar [[p.chaos.AllowCreatePhysxBodies:1]]
[2020.05.08-13.41.11:816][  0]LogConfig: Applying CVar settings from Section [ConsoleVariables] File [C:/Users/Toni/Desktop/Toni/GladiatorArena/HnS/Saved/Config/Windows/Engine.ini]
[2020.05.08-13.41.11:816][  0]LogInit: Computer: DESKTOP-91VKMEI
[2020.05.08-13.41.11:816][  0]LogInit: User: Toni
[2020.05.08-13.41.11:816][  0]LogInit: CPU Page size=4096, Cores=4
[2020.05.08-13.41.11:816][  0]LogInit: High frequency timer resolution =10.000000 MHz
[2020.05.08-13.41.11:816][  0]LogMemory: Memory total: Physical=7.9GB (8GB approx)
[2020.05.08-13.41.11:816][  0]LogMemory: Platform Memory Stats for Windows
[2020.05.08-13.41.11:816][  0]LogMemory: Process Physical Memory: 104.80 MB used, 104.80 MB peak
[2020.05.08-13.41.11:816][  0]LogMemory: Process Virtual Memory: 99.89 MB used, 99.89 MB peak
[2020.05.08-13.41.11:816][  0]LogMemory: Physical Memory: 4612.41 MB used,  3525.88 MB free, 8138.30 MB total
[2020.05.08-13.41.11:816][  0]LogMemory: Virtual Memory: 5121.14 MB used,  134212608.00 MB free, 134217728.00 MB total
[2020.05.08-13.41.11:818][  0]LogWindows: WindowsPlatformFeatures enabled
[2020.05.08-13.41.11:830][  0]LogInit: Overriding language with editor language configuration option (en).
[2020.05.08-13.41.11:830][  0]LogInit: Overriding locale with editor locale configuration option (en).
[2020.05.08-13.41.11:976][  0]LogInit: Setting process to per monitor DPI aware
[2020.05.08-13.41.12:003][  0]LogSlate: New Slate User Created.  User Index 0, Is Virtual User: 0
[2020.05.08-13.41.12:003][  0]LogSlate: Slate User Registered.  User Index 0, Is Virtual User: 0
[2020.05.08-13.41.12:102][  0]LogHMD: Failed to initialize OpenVR with code 110
[2020.05.08-13.41.12:102][  0]LogD3D11RHI: D3D11 min allowed feature level: 11_0
[2020.05.08-13.41.12:102][  0]LogD3D11RHI: D3D11 max allowed feature level: 11_0
[2020.05.08-13.41.12:102][  0]LogD3D11RHI: D3D11 adapters:
[2020.05.08-13.41.12:144][  0]LogD3D11RHI:    0. 'Radeon RX 570 Series' (Feature Level 11_0)
[2020.05.08-13.41.12:144][  0]LogD3D11RHI:       4076/0/4069 MB DedicatedVideo/DedicatedSystem/SharedSystem, Outputs:1, VendorId:0x1002
[2020.05.08-13.41.12:146][  0]LogD3D11RHI:    1. 'Microsoft Basic Render Driver' (Feature Level 11_0)
[2020.05.08-13.41.12:146][  0]LogD3D11RHI:       0/0/4069 MB DedicatedVideo/DedicatedSystem/SharedSystem, Outputs:0, VendorId:0x1414
[2020.05.08-13.41.12:146][  0]LogD3D11RHI: Chosen D3D11 Adapter: 0
[2020.05.08-13.41.12:157][  0]LogD3D11RHI: Creating new Direct3DDevice
[2020.05.08-13.41.12:157][  0]LogD3D11RHI:     GPU DeviceId: 0x67df (for the marketing name, search the web for "GPU Device Id")
[2020.05.08-13.41.12:157][  0]LogWindows: EnumDisplayDevices:
[2020.05.08-13.41.12:157][  0]LogWindows:    0. 'Radeon RX 570 Series' (P:1 D:1)
[2020.05.08-13.41.12:157][  0]LogWindows:    1. 'Radeon RX 570 Series' (P:0 D:0)
[2020.05.08-13.41.12:158][  0]LogWindows:    2. 'Radeon RX 570 Series' (P:0 D:0)
[2020.05.08-13.41.12:158][  0]LogWindows:    3. 'Radeon RX 570 Series' (P:0 D:0)
[2020.05.08-13.41.12:159][  0]LogWindows:    4. 'Radeon RX 570 Series' (P:0 D:0)
[2020.05.08-13.41.12:159][  0]LogWindows:    5. 'Radeon RX 570 Series' (P:0 D:0)
[2020.05.08-13.41.12:159][  0]LogWindows:    6. 'Radeon RX 570 Series' (P:0 D:0)
[2020.05.08-13.41.12:160][  0]LogWindows:    7. 'Radeon RX 570 Series' (P:0 D:0)
[2020.05.08-13.41.12:160][  0]LogWindows: DebugString: FoundDriverCount:8 
[2020.05.08-13.41.12:160][  0]LogD3D11RHI:     Adapter Name: Radeon RX 570 Series
[2020.05.08-13.41.12:160][  0]LogD3D11RHI:   Driver Version: Adrenalin 2020 20.2.2 (internal:26.20.15019.19000, unified:26.20.15019.19000)
[2020.05.08-13.41.12:160][  0]LogD3D11RHI:      Driver Date: 2-28-2020
[2020.05.08-13.41.12:160][  0]LogRHI: Texture pool is 2853 MB (70% of 4076 MB)
[2020.05.08-13.41.12:218][  0]LogD3D11RHI: RHI does not have support for 64 bit atomics
[2020.05.08-13.41.12:218][  0]LogD3D11RHI: Async texture creation enabled
[2020.05.08-13.41.12:228][  0]LogD3D11RHI: GPU Timing Frequency: 25.000000 (Debug: 2 1)
[2020.05.08-13.41.12:521][  0]LogTargetPlatformManager: Display: Loaded TargetPlatform 'AllDesktop'
[2020.05.08-13.41.12:552][  0]LogTargetPlatformManager: Display: Loaded TargetPlatform 'Android'
[2020.05.08-13.41.12:553][  0]LogTargetPlatformManager: Display: Loaded TargetPlatform 'Android_ASTC'
[2020.05.08-13.41.12:553][  0]LogTargetPlatformManager: Display: Loaded TargetPlatform 'Android_ATC'
[2020.05.08-13.41.12:553][  0]LogTargetPlatformManager: Display: Loaded TargetPlatform 'Android_DXT'
[2020.05.08-13.41.12:553][  0]LogTargetPlatformManager: Display: Loaded TargetPlatform 'Android_ETC1'
[2020.05.08-13.41.12:553][  0]LogTargetPlatformManager: Display: Loaded TargetPlatform 'Android_ETC1a'
[2020.05.08-13.41.12:553][  0]LogTargetPlatformManager: Display: Loaded TargetPlatform 'Android_ETC2'
[2020.05.08-13.41.12:553][  0]LogTargetPlatformManager: Display: Loaded TargetPlatform 'Android_PVRTC'
[2020.05.08-13.41.12:553][  0]LogTargetPlatformManager: Display: Loaded TargetPlatform 'AndroidClient'
[2020.05.08-13.41.12:553][  0]LogTargetPlatformManager: Display: Loaded TargetPlatform 'Android_ASTCClient'
[2020.05.08-13.41.12:553][  0]LogTargetPlatformManager: Display: Loaded TargetPlatform 'Android_ATCClient'
[2020.05.08-13.41.12:553][  0]LogTargetPlatformManager: Display: Loaded TargetPlatform 'Android_DXTClient'
[2020.05.08-13.41.12:553][  0]LogTargetPlatformManager: Display: Loaded TargetPlatform 'Android_ETC1Client'
[2020.05.08-13.41.12:553][  0]LogTargetPlatformManager: Display: Loaded TargetPlatform 'Android_ETC1aClient'
[2020.05.08-13.41.12:553][  0]LogTargetPlatformManager: Display: Loaded TargetPlatform 'Android_ETC2Client'
[2020.05.08-13.41.12:553][  0]LogTargetPlatformManager: Display: Loaded TargetPlatform 'Android_PVRTCClient'
[2020.05.08-13.41.12:553][  0]LogTargetPlatformManager: Display: Loaded TargetPlatform 'Android_Multi'
[2020.05.08-13.41.12:553][  0]LogTargetPlatformManager: Display: Loaded TargetPlatform 'Android_MultiClient'
[2020.05.08-13.41.12:571][  0]LogTargetPlatformManager: Display: Loaded TargetPlatform 'IOSClient'
[2020.05.08-13.41.12:571][  0]LogTargetPlatformManager: Display: Loaded TargetPlatform 'IOS'
[2020.05.08-13.41.12:578][  0]LogTargetPlatformManager: Display: Loaded TargetPlatform 'LinuxNoEditor'
[2020.05.08-13.41.12:585][  0]LogTargetPlatformManager: Display: Loaded TargetPlatform 'LinuxClient'
[2020.05.08-13.41.12:592][  0]LogTargetPlatformManager: Display: Loaded TargetPlatform 'LinuxServer'
[2020.05.08-13.41.12:599][  0]LogTargetPlatformManager: Display: Loaded TargetPlatform 'LinuxAArch64NoEditor'
[2020.05.08-13.41.12:606][  0]LogTargetPlatformManager: Display: Loaded TargetPlatform 'LinuxAArch64Client'
[2020.05.08-13.41.12:613][  0]LogTargetPlatformManager: Display: Loaded TargetPlatform 'LinuxAArch64Server'
[2020.05.08-13.41.12:640][  0]LogTargetPlatformManager: Display: Loaded TargetPlatform 'Lumin'
[2020.05.08-13.41.12:640][  0]LogTargetPlatformManager: Display: Loaded TargetPlatform 'LuminClient'
[2020.05.08-13.41.12:654][  0]LogTargetPlatformManager: Display: Loaded TargetPlatform 'TVOSClient'
[2020.05.08-13.41.12:654][  0]LogTargetPlatformManager: Display: Loaded TargetPlatform 'TVOS'
[2020.05.08-13.41.12:663][  0]LogTargetPlatformManager: Display: Loaded TargetPlatform 'WindowsNoEditor'
[2020.05.08-13.41.12:669][  0]LogTargetPlatformManager: Display: Loaded TargetPlatform 'Windows'
[2020.05.08-13.41.12:677][  0]LogTargetPlatformManager: Display: Loaded TargetPlatform 'WindowsClient'
[2020.05.08-13.41.12:683][  0]LogTargetPlatformManager: Display: Loaded TargetPlatform 'WindowsServer'
[2020.05.08-13.41.12:683][  0]LogTargetPlatformManager: Display: Building Assets For Windows
[2020.05.08-13.41.12:685][  0]LogAudioDebug: Display: Lib vorbis DLL was dynamically loaded.
[2020.05.08-13.41.12:705][  0]LogShaderCompilers: Guid format shader working directory is -1 characters bigger than the processId version (C:/Users/Toni/Desktop/Toni/GladiatorArena/HnS/Intermediate/Shaders/WorkingDirectory/14340/).
[2020.05.08-13.41.12:705][  0]LogShaderCompilers: Cleaned the shader compiler working directory 'C:/Users/Toni/AppData/Local/Temp/UnrealShaderWorkingDir/55277E054534AA72F47DE988939854BE/'.
[2020.05.08-13.41.12:706][  0]LogXGEController: Cannot use XGE Controller as Incredibuild is not installed on this machine.
[2020.05.08-13.41.12:706][  0]LogShaderCompilers: Cannot use XGE Shader Compiler as Incredibuild is not installed on this machine.
[2020.05.08-13.41.12:706][  0]LogShaderCompilers: Display: Using Local Shader Compiler.
[2020.05.08-13.41.13:379][  0]LogDerivedDataCache: Display: Max Cache Size: 512 MB
[2020.05.08-13.41.13:435][  0]LogDerivedDataCache: Loaded boot cache 0.06s 78MB C:/Users/Toni/AppData/Local/UnrealEngine/4.24/DerivedDataCache/Boot.ddc.
[2020.05.08-13.41.13:435][  0]LogDerivedDataCache: Display: Loaded Boot cache: C:/Users/Toni/AppData/Local/UnrealEngine/4.24/DerivedDataCache/Boot.ddc
[2020.05.08-13.41.13:435][  0]LogDerivedDataCache: FDerivedDataBackendGraph:  Pak pak cache file C:/Users/Toni/Desktop/Toni/GladiatorArena/HnS/DerivedDataCache/DDC.ddp not found, will not use a pak cache.
[2020.05.08-13.41.13:435][  0]LogDerivedDataCache: Unable to find inner node Pak for hierarchical cache Hierarchy.
[2020.05.08-13.41.13:435][  0]LogDerivedDataCache: FDerivedDataBackendGraph:  CompressedPak pak cache file C:/Users/Toni/Desktop/Toni/GladiatorArena/HnS/DerivedDataCache/Compressed.ddp not found, will not use a pak cache.
[2020.05.08-13.41.13:435][  0]LogDerivedDataCache: Unable to find inner node CompressedPak for hierarchical cache Hierarchy.
[2020.05.08-13.41.13:444][  0]LogDerivedDataCache: Display: Pak cache opened for reading ../../../Engine/DerivedDataCache/Compressed.ddp.
[2020.05.08-13.41.13:444][  0]LogDerivedDataCache: FDerivedDataBackendGraph:  EnterprisePak pak cache file ../../../Enterprise/DerivedDataCache/Compressed.ddp not found, will not use a pak cache.
[2020.05.08-13.41.13:444][  0]LogDerivedDataCache: Unable to find inner node EnterprisePak for hierarchical cache Hierarchy.
[2020.05.08-13.41.13:445][  0]LogDerivedDataCache: Using Local data cache path C:/Users/Toni/AppData/Local/UnrealEngine/Common/DerivedDataCache: Writable
[2020.05.08-13.41.13:445][  0]LogDerivedDataCache: Shared data cache path not found in *engine.ini, will not use an Shared cache.
[2020.05.08-13.41.13:445][  0]LogDerivedDataCache: Unable to find inner node Shared for hierarchical cache Hierarchy.
[2020.05.08-13.41.13:468][  0]LogMaterial: Verifying Global Shaders for PCD3D_SM5
[2020.05.08-13.41.13:470][  0]LogSlate: Using FreeType 2.10.0
[2020.05.08-13.41.13:470][  0]LogSlate: SlateFontServices - WITH_FREETYPE: 1, WITH_HARFBUZZ: 1
[2020.05.08-13.41.13:513][  0]LogAssetRegistry: FAssetRegistry took 0.0022 seconds to start up
[2020.05.08-13.41.13:764][  0]LogInit: Selected Device Profile: [Windows]
[2020.05.08-13.41.13:898][  0]LogMeshReduction: Using QuadricMeshReduction for automatic static mesh reduction
[2020.05.08-13.41.13:898][  0]LogMeshReduction: Using SimplygonMeshReduction for automatic skeletal mesh reduction
[2020.05.08-13.41.13:898][  0]LogMeshReduction: Using ProxyLODMeshReduction for automatic mesh merging
[2020.05.08-13.41.13:899][  0]LogMeshReduction: No distributed automatic mesh merging module available
[2020.05.08-13.41.13:899][  0]LogMeshMerging: No distributed automatic mesh merging module available
[2020.05.08-13.41.13:908][  0]LogNetVersion: HnS 1.0.0, NetCL: 10570792, EngineNetVer: 13, GameNetVer: 0 (Checksum: 2178421202)
[2020.05.08-13.41.14:908][  0]LogPackageLocalizationCache: Processed 10 localized package path(s) for 1 prioritized culture(s) in 0.065174 seconds
[2020.05.08-13.41.14:915][  0]LogUObjectArray: 46750 objects as part of root set at end of initial load.
[2020.05.08-13.41.14:915][  0]LogUObjectAllocator: 8137160 out of 0 bytes used by permanent object pool.
[2020.05.08-13.41.14:915][  0]LogUObjectArray: CloseDisregardForGC: 0/0 objects in disregard for GC pool
[2020.05.08-13.41.15:332][  0]LogTcpMessaging: Initializing TcpMessaging bridge
[2020.05.08-13.41.15:337][  0]LogUdpMessaging: Initializing bridge on interface 0.0.0.0:0 to multicast group 230.0.0.1:6666.
[2020.05.08-13.41.15:413][  0]SourceControl: Source control is disabled
[2020.05.08-13.41.15:413][  0]SourceControl: Source control is disabled
[2020.05.08-13.41.15:414][  0]SourceControl: Source control is disabled
[2020.05.08-13.41.15:415][  0]SourceControl: Source control is disabled
[2020.05.08-13.41.15:416][  0]SourceControl: Source control is disabled
[2020.05.08-13.41.15:494][  0]LogAndroidPermission: UAndroidPermissionCallbackProxy::GetInstance
[2020.05.08-13.41.15:505][  0]LogAudioCaptureCore: Display: No Audio Capture implementations found. Audio input will be silent.
[2020.05.08-13.41.15:505][  0]LogAudioCaptureCore: Display: No Audio Capture implementations found. Audio input will be silent.
[2020.05.08-13.41.15:587][  0]LogOcInput: OculusInput pre-init called
[2020.05.08-13.41.15:594][  0]LogWindows: Failed to load 'OVRPlugin.dll' (GetLastError=126)
[2020.05.08-13.41.15:594][  0]LogWindows: File 'OVRPlugin.dll' does not exist
[2020.05.08-13.41.15:663][  0]LogEngine: Initializing Engine...
[2020.05.08-13.41.15:664][  0]LogHMD: Failed to initialize OpenVR with code 110
[2020.05.08-13.41.15:665][  0]LogStats: UGameplayTagsManager::InitializeManager -  0.000 s
[2020.05.08-13.41.16:088][  0]LogInit: Initializing FReadOnlyCVARCache
[2020.05.08-13.41.16:095][  0]LogAIModule: Creating AISystem for world Untitled
[2020.05.08-13.41.16:121][  0]LogAudioMixer: Display: Audio Mixer Platform Settings:
[2020.05.08-13.41.16:121][  0]LogAudioMixer: Display: 	Sample Rate:						  48000
[2020.05.08-13.41.16:121][  0]LogAudioMixer: Display: 	Callback Buffer Frame Size Requested: 1024
[2020.05.08-13.41.16:121][  0]LogAudioMixer: Display: 	Callback Buffer Frame Size To Use:	  1024
[2020.05.08-13.41.16:121][  0]LogAudioMixer: Display: 	Number of buffers to queue:			  2
[2020.05.08-13.41.16:121][  0]LogAudioMixer: Display: 	Max Channels (voices):				  32
[2020.05.08-13.41.16:121][  0]LogAudioMixer: Display: 	Number of Async Source Workers:		  0
[2020.05.08-13.41.16:121][  0]LogAudio: Display: AudioDevice MaxSources: 32
[2020.05.08-13.41.16:121][  0]LogAudio: Display: Using built-in audio occlusion.
[2020.05.08-13.41.16:121][  0]LogAudioMixer: Display: Initializing audio mixer.
[2020.05.08-13.41.16:138][  0]LogAudioMixer: Display: Audio Device Output Speaker Info:
[2020.05.08-13.41.16:138][  0]LogAudioMixer: Display: Name: Audífono de los auriculares con micrófono (Cyborg F.R.E.Q.5 Gaming Headset )
[2020.05.08-13.41.16:138][  0]LogAudioMixer: Display: Is Default: Yes
[2020.05.08-13.41.16:138][  0]LogAudioMixer: Display: Sample Rate: 44100
[2020.05.08-13.41.16:138][  0]LogAudioMixer: Display: Channel Count Used: 2
[2020.05.08-13.41.16:138][  0]LogAudioMixer: Display: Device Channel Count: 2
[2020.05.08-13.41.16:138][  0]LogAudioMixer: Display: Channel Order:
[2020.05.08-13.41.16:138][  0]LogAudioMixer: Display: 0: FrontLeft
[2020.05.08-13.41.16:138][  0]LogAudioMixer: Display: 1: FrontRight
[2020.05.08-13.41.16:175][  0]LogAudioMixer: Display: Using Audio Device Audífono de los auriculares con micrófono (Cyborg F.R.E.Q.5 Gaming Headset )
[2020.05.08-13.41.16:181][  0]LogInit: FAudioDevice initialized.
[2020.05.08-13.41.16:181][  0]LogNetVersion: Set ProjectVersion to 1.0.0.0. Version Checksum will be recalculated on next use.
[2020.05.08-13.41.16:302][  0]LogDerivedDataCache: Saved boot cache 0.12s 78MB C:/Users/Toni/AppData/Local/UnrealEngine/4.24/DerivedDataCache/Boot.ddc.
[2020.05.08-13.41.16:306][  0]LogInit: Texture streaming: Enabled
[2020.05.08-13.41.16:315][  0]LogEngineSessionManager: EngineSessionManager initialized
[2020.05.08-13.41.16:315][  0]LogEditorSessionSummary: Verbose: Initializing EditorSessionSummaryWriter for editor session tracking
[2020.05.08-13.41.16:316][  0]LogEditorSessionSummary: EditorSessionSummaryWriter initialized
[2020.05.08-13.41.16:378][  0]LogInit: Transaction tracking system initialized
[2020.05.08-13.41.16:387][  0]BlueprintLog: New page: Editor Load
[2020.05.08-13.41.16:410][  0]LocalizationService: Localization service is disabled
[2020.05.08-13.41.16:627][  0]LogCook: Display: Max memory allowance for cook 16384mb min free memory 0mb
[2020.05.08-13.41.16:628][  0]LogCook: Display: Mobile HDR setting 1
[2020.05.08-13.41.16:694][  0]LogFileCache: Scanning file cache for directory 'C:/Users/Toni/Desktop/Toni/GladiatorArena/HnS/Content/' took 0.04s
[2020.05.08-13.41.17:323][  0]SourceControl: Source control is disabled
[2020.05.08-13.41.17:323][  0]Cmd: MAP LOAD FILE="C:/Users/Toni/Desktop/Toni/GladiatorArena/HnS/Content/ThirdPersonBP/Maps/ThirdPersonExampleMap.umap" TEMPLATE=0 SHOWPROGRESS=1 FEATURELEVEL=3
[2020.05.08-13.41.17:331][  0]LightingResults: New page: Lighting Build
[2020.05.08-13.41.17:332][  0]LogWorld: UWorld::CleanupWorld for Untitled, bSessionEnded=true, bCleanupResources=true
[2020.05.08-13.41.17:332][  0]LogSlate: InvalidateAllWidgets triggered.  All widgets were invalidated
[2020.05.08-13.41.17:332][  0]MapCheck: New page: Map Check
[2020.05.08-13.41.17:332][  0]LightingResults: New page: Lighting Build
[2020.05.08-13.41.17:359][  0]LogUObjectHash: Compacting FUObjectHashTables data took   1.69ms
[2020.05.08-13.41.18:434][  0]LogLinker: Warning: Asset 'C:/Users/Toni/Desktop/Toni/GladiatorArena/HnS/Content/MSPresets/MSTextures/Albedo.uasset' has been saved with empty engine version. The asset will be loaded but may be incompatible.
[2020.05.08-13.41.18:434][  0]LogLinker: Warning: Asset 'C:/Users/Toni/Desktop/Toni/GladiatorArena/HnS/Content/MSPresets/MSTextures/Normal.uasset' has been saved with empty engine version. The asset will be loaded but may be incompatible.
[2020.05.08-13.41.18:435][  0]LogLinker: Warning: Asset 'C:/Users/Toni/Desktop/Toni/GladiatorArena/HnS/Content/MSPresets/MSTextures/Roughness.uasset' has been saved with empty engine version. The asset will be loaded but may be incompatible.
[2020.05.08-13.41.20:940][  0]LogMaterial: Display: Missing cached shader map for material Terra_1, compiling. 
[2020.05.08-13.41.20:941][  0]LogMaterial: Warning: C:\Users\Toni\Desktop\Toni\GladiatorArena\HnS\Content\Materials\Materials_Creats\Terra_1.uasset: Failed to compile Material for platform PCD3D_SM5, Default Material will be used in game.
[2020.05.08-13.41.20:941][  0]LogMaterial: Display: 	(Node TextureSample) TextureSample> Sampler type is Color, should be Linear Color for /Game/Materials/Materials_Creats/Textures/terra_1_Albedo.terra_1_Albedo
[2020.05.08-13.41.21:520][  0]LogAIModule: Creating AISystem for world ThirdPersonExampleMap
[2020.05.08-13.41.21:700][  0]LogEditorServer: Finished looking for orphan Actors (0.000 secs)
[2020.05.08-13.41.21:854][  0]LogUObjectHash: Compacting FUObjectHashTables data took   2.87ms
[2020.05.08-13.41.21:857][  0]Cmd: MAP CHECKDEP NOCLEARLOG
[2020.05.08-13.41.21:857][  0]MapCheck: Map check complete: 0 Error(s), 0 Warning(s), took 0.516ms to complete.
[2020.05.08-13.41.21:857][  0]LogFileHelpers: Loading map 'ThirdPersonExampleMap' took 4.534
[2020.05.08-13.41.22:062][  0]LogSlate: Updating window title bar state: overlay mode, drag disabled, window buttons hidden, title bar hidden
[2020.05.08-13.41.22:070][  0]LogSlate: Updating window title bar state: overlay mode, drag disabled, window buttons hidden, title bar hidden
[2020.05.08-13.41.22:077][  0]LogSlate: Updating window title bar state: overlay mode, drag disabled, window buttons hidden, title bar hidden
[2020.05.08-13.41.22:084][  0]LogSlate: Updating window title bar state: overlay mode, drag disabled, window buttons hidden, title bar hidden
[2020.05.08-13.41.22:087][  0]LogCollectionManager: Loaded 0 collections in 0.000720 seconds
[2020.05.08-13.41.22:147][  0]LogFileCache: Scanning file cache for directory 'C:/Users/Toni/Desktop/Toni/GladiatorArena/HnS/Saved/Collections/' took 0.00s
[2020.05.08-13.41.22:147][  0]LogFileCache: Scanning file cache for directory 'C:/Users/Toni/Desktop/Toni/GladiatorArena/HnS/Content/Developers/Toni/Collections/' took 0.00s
[2020.05.08-13.41.22:147][  0]LogFileCache: Scanning file cache for directory 'C:/Users/Toni/Desktop/Toni/GladiatorArena/HnS/Content/Collections/' took 0.00s
[2020.05.08-13.41.22:147][  0]LogContentBrowser: Native class hierarchy populated in 0.0172 seconds. Added 3015 classes and 717 folders.
[2020.05.08-13.41.22:202][  0]LogContentBrowser: Native class hierarchy updated for 'WidgetCarousel' in 0.0003 seconds. Added 0 classes and 0 folders.
[2020.05.08-13.41.23:193][  0]LogContentBrowser: Native class hierarchy updated for 'AddContentDialog' in 0.0002 seconds. Added 0 classes and 0 folders.
[2020.05.08-13.41.23:220][  0]LogContentBrowser: Native class hierarchy updated for 'SceneOutliner' in 0.0002 seconds. Added 2 classes and 3 folders.
[2020.05.08-13.41.23:451][  0]LogSlate: Took 0.000128 seconds to synchronously load lazily loaded font '../../../Engine/Content/Slate/Fonts/Roboto-Regular.ttf' (155K)
[2020.05.08-13.41.23:453][  0]LogSlate: Took 0.000107 seconds to synchronously load lazily loaded font '../../../Engine/Content/Slate/Fonts/Roboto-Bold.ttf' (160K)
[2020.05.08-13.41.23:471][  0]LogSlate: Took 0.014865 seconds to synchronously load lazily loaded font '../../../Engine/Content/Editor/Slate/Fonts/FontAwesome.ttf' (139K)
[2020.05.08-13.41.23:698][  0]LogRenderer: Reallocating scene render targets to support 1220x484 Format 10 NumSamples 1 (Frame:1).
[2020.05.08-13.41.23:791][  0]LogContentBrowser: Native class hierarchy updated for 'HierarchicalLODOutliner' in 0.0002 seconds. Added 0 classes and 0 folders.
[2020.05.08-13.41.23:791][  0]LogLoad: (Engine Initialization) Total time: 12.79 seconds
[2020.05.08-13.41.23:791][  0]LogLoad: (Engine Initialization) Total Blueprint compile time: 0.00 seconds
[2020.05.08-13.41.23:824][  0]LoadErrors: Error: /Game/ThirdPersonBP/Blueprints/ThirdPersonCharacter : Failed import for ObjectProperty /Game/ThirdPersonBP/Blueprints/HealthStamina.HealthStamina_C:Potions Referenced by export Function /Game/ThirdPersonBP/Blueprints/ThirdPersonCharacter.ThirdPersonCharacter_C:UpdatePotionBar
[2020.05.08-13.41.23:872][  0]LogContentStreaming: Texture pool size now 1000 MB
[2020.05.08-13.41.23:942][  0]LogSlate: Took 0.000109 seconds to synchronously load lazily loaded font '../../../Engine/Content/Slate/Fonts/Roboto-Light.ttf' (167K)
[2020.05.08-13.41.25:098][ 22]LogPackageName: Warning: Asset path "S_ClothTarps_03.SM.Mesh.S_ClothTarps_03" is in short form, which is unsupported and -- even if valid -- resolving it will be really slow.
[2020.05.08-13.41.25:098][ 22]LogPackageName: Warning: Please consider resaving package in order to speed-up loading.
[2020.05.08-13.41.25:253][ 26]LogPackageName: SearchForPackageOnDisk took   0.126s, but failed to resolve S_ClothTarps_03.
[2020.05.08-13.41.25:253][ 26]LogPackageName: Warning: Asset path "S_ClothTarps_03.SM.Mesh.S_ClothTarps_03" could not be resolved.
[2020.05.08-13.41.25:253][ 26]LogSlate: Window 'Message Log' being destroyed
[2020.05.08-13.41.25:258][ 26]LogSlate: Window 'Message Log' being destroyed
[2020.05.08-13.41.33:188][394]LogAssetRegistry: Asset discovery search completed in 19.6760 seconds
[2020.05.08-13.41.33:192][394]LogCollectionManager: Fixed up redirectors for 0 collections in 0.000010 seconds (updated 0 objects)
[2020.05.08-13.41.34:185][397]LogFileCache: Retrieving MD5 hashes for directory 'C:/Users/Toni/Desktop/Toni/GladiatorArena/HnS/Content/' took 10.36s
[2020.05.08-13.42.12:895][947]LogTemp: Repeating last play command: Selected Viewport
[2020.05.08-13.42.12:915][947]LogBlueprintUserMessages: Early PlayInEditor Detection: Level '/Game/ThirdPersonBP/Maps/ThirdPersonExampleMap.ThirdPersonExampleMap:PersistentLevel' has LevelScriptBlueprint '/Game/ThirdPersonBP/Maps/ThirdPersonExampleMap.ThirdPersonExampleMap:PersistentLevel.ThirdPersonExampleMap' with GeneratedClass '/Game/ThirdPersonBP/Maps/ThirdPersonExampleMap.ThirdPersonExampleMap_C' with ClassGeneratedBy '/Game/ThirdPersonBP/Maps/ThirdPersonExampleMap.ThirdPersonExampleMap:PersistentLevel.ThirdPersonExampleMap'
[2020.05.08-13.42.12:915][947]LogPlayLevel: PlayLevel: No blueprints needed recompiling
[2020.05.08-13.42.12:915][947]PIE: New page: PIE session: ThirdPersonExampleMap (May 8, 2020, 5:42:12 PM)
[2020.05.08-13.42.12:916][947]LogOnline: OSS: Creating online subsystem instance for: NULL
[2020.05.08-13.42.12:917][947]LogOnline: OSS: TryLoadSubsystemAndSetDefault: Loaded subsystem for module [NULL]
[2020.05.08-13.42.12:917][947]LogPlayLevel: Creating play world package: /Game/ThirdPersonBP/Maps/UEDPIE_0_ThirdPersonExampleMap
[2020.05.08-13.42.13:102][947]LogPlayLevel: PIE: StaticDuplicateObject took: (0.184666s)
[2020.05.08-13.42.13:103][947]LogAIModule: Creating AISystem for world ThirdPersonExampleMap
[2020.05.08-13.42.13:103][947]LogPlayLevel: PIE: World Init took: (0.001151s)
[2020.05.08-13.42.13:104][947]LogPlayLevel: PIE: Created PIE world by copying editor world from /Game/ThirdPersonBP/Maps/ThirdPersonExampleMap.ThirdPersonExampleMap to /Game/ThirdPersonBP/Maps/UEDPIE_0_ThirdPersonExampleMap.ThirdPersonExampleMap (0.186693s)
[2020.05.08-13.42.13:129][947]LogUObjectHash: Compacting FUObjectHashTables data took   1.64ms
[2020.05.08-13.42.13:134][947]LogAudioMixer: Display: Audio Mixer Platform Settings:
[2020.05.08-13.42.13:134][947]LogAudioMixer: Display: 	Sample Rate:						  48000
[2020.05.08-13.42.13:134][947]LogAudioMixer: Display: 	Callback Buffer Frame Size Requested: 1024
[2020.05.08-13.42.13:134][947]LogAudioMixer: Display: 	Callback Buffer Frame Size To Use:	  1024
[2020.05.08-13.42.13:134][947]LogAudioMixer: Display: 	Number of buffers to queue:			  2
[2020.05.08-13.42.13:134][947]LogAudioMixer: Display: 	Max Channels (voices):				  32
[2020.05.08-13.42.13:134][947]LogAudioMixer: Display: 	Number of Async Source Workers:		  0
[2020.05.08-13.42.13:134][947]LogAudio: Display: AudioDevice MaxSources: 32
[2020.05.08-13.42.13:134][947]LogAudio: Display: Using built-in audio occlusion.
[2020.05.08-13.42.13:134][947]LogAudioMixer: Display: Initializing audio mixer.
[2020.05.08-13.42.13:145][947]LogAudioMixer: Display: Audio Device Output Speaker Info:
[2020.05.08-13.42.13:145][947]LogAudioMixer: Display: Name: Audífono de los auriculares con micrófono (Cyborg F.R.E.Q.5 Gaming Headset )
[2020.05.08-13.42.13:145][947]LogAudioMixer: Display: Is Default: Yes
[2020.05.08-13.42.13:145][947]LogAudioMixer: Display: Sample Rate: 44100
[2020.05.08-13.42.13:145][947]LogAudioMixer: Display: Channel Count Used: 2
[2020.05.08-13.42.13:145][947]LogAudioMixer: Display: Device Channel Count: 2
[2020.05.08-13.42.13:145][947]LogAudioMixer: Display: Channel Order:
[2020.05.08-13.42.13:145][947]LogAudioMixer: Display: 0: FrontLeft
[2020.05.08-13.42.13:145][947]LogAudioMixer: Display: 1: FrontRight
[2020.05.08-13.42.13:158][947]LogAudioMixer: Display: Using Audio Device Audífono de los auriculares con micrófono (Cyborg F.R.E.Q.5 Gaming Headset )
[2020.05.08-13.42.13:159][947]LogInit: FAudioDevice initialized.
[2020.05.08-13.42.13:172][947]LogLoad: Game class is 'ThirdPersonGameMode_C'
[2020.05.08-13.42.13:242][947]LogWorld: Bringing World /Game/ThirdPersonBP/Maps/UEDPIE_0_ThirdPersonExampleMap.ThirdPersonExampleMap up for play (max tick rate 0) at 2020.05.08-15.42.13
[2020.05.08-13.42.13:243][947]LogWorld: Bringing up level for play took: 0.069919
[2020.05.08-13.42.13:244][947]LogOnline: OSS: Creating online subsystem instance for: :Context_1
[2020.05.08-13.42.13:265][947]LogContentBrowser: Native class hierarchy updated for 'MovieSceneCapture' in 0.0003 seconds. Added 20 classes and 0 folders.
[2020.05.08-13.42.13:271][947]PIE: Play in editor start time for /Game/ThirdPersonBP/Maps/UEDPIE_0_ThirdPersonExampleMap 0.783
[2020.05.08-13.42.13:271][947]LogBlueprintUserMessages: Late PlayInEditor Detection: Level '/Game/ThirdPersonBP/Maps/ThirdPersonExampleMap.ThirdPersonExampleMap:PersistentLevel' has LevelScriptBlueprint '/Game/ThirdPersonBP/Maps/ThirdPersonExampleMap.ThirdPersonExampleMap:PersistentLevel.ThirdPersonExampleMap' with GeneratedClass '/Game/ThirdPersonBP/Maps/ThirdPersonExampleMap.ThirdPersonExampleMap_C' with ClassGeneratedBy '/Game/ThirdPersonBP/Maps/ThirdPersonExampleMap.ThirdPersonExampleMap:PersistentLevel.ThirdPersonExampleMap'
[2020.05.08-13.42.34:092][342]LogAudioMixer: Display: No commands were queued while flushing the source manager.
[2020.05.08-13.42.34:092][342]LogAudioMixer: Display: No commands were queued while flushing the source manager.
[2020.05.08-13.42.34:107][342]LogBlueprintUserMessages: Early EndPlayMap Detection: Level '/Game/ThirdPersonBP/Maps/ThirdPersonExampleMap.ThirdPersonExampleMap:PersistentLevel' has LevelScriptBlueprint '/Game/ThirdPersonBP/Maps/ThirdPersonExampleMap.ThirdPersonExampleMap:PersistentLevel.ThirdPersonExampleMap' with GeneratedClass '/Game/ThirdPersonBP/Maps/ThirdPersonExampleMap.ThirdPersonExampleMap_C' with ClassGeneratedBy '/Game/ThirdPersonBP/Maps/ThirdPersonExampleMap.ThirdPersonExampleMap:PersistentLevel.ThirdPersonExampleMap'
[2020.05.08-13.42.34:116][342]LogSlate: Updating window title bar state: overlay mode, drag disabled, window buttons hidden, title bar hidden
[2020.05.08-13.42.34:116][342]LogWorld: BeginTearingDown for /Game/ThirdPersonBP/Maps/UEDPIE_0_ThirdPersonExampleMap
[2020.05.08-13.42.34:116][342]LogAudioMixer: Display: No commands were queued while flushing the source manager.
[2020.05.08-13.42.34:129][342]LogScript: Warning: Accessed None trying to read property K2Node_Event_ControlledPawn
	IsPlayerInRange_C /Game/ThirdPersonBP/Maps/UEDPIE_0_ThirdPersonExampleMap.ThirdPersonExampleMap:PersistentLevel.EnemyAIController_C_0.BTComponent.IsPlayerInRange_C_0
	Function /Game/StarterContent/Blueprints/IsPlayerInRange.IsPlayerInRange_C:ExecuteUbergraph_IsPlayerInRange:0042
[2020.05.08-13.42.34:158][342]PIE: Error: Blueprint Runtime Error: "Accessed None trying to read property K2Node_Event_ControlledPawn". Blueprint:  IsPlayerInRange Function:  Execute Ubergraph Is Player in Range Graph:  EventGraph Node:  Branch
[2020.05.08-13.42.34:159][342]LogScript: Warning: Accessed None trying to read property K2Node_Event_ControlledPawn
	IsPlayerInRange_C /Game/ThirdPersonBP/Maps/UEDPIE_0_ThirdPersonExampleMap.ThirdPersonExampleMap:PersistentLevel.EnemyAIController_C_1.BTComponent.IsPlayerInRange_C_0
	Function /Game/StarterContent/Blueprints/IsPlayerInRange.IsPlayerInRange_C:ExecuteUbergraph_IsPlayerInRange:0042
[2020.05.08-13.42.34:159][342]PIE: Error: Blueprint Runtime Error: "Accessed None trying to read property K2Node_Event_ControlledPawn". Blueprint:  IsPlayerInRange Function:  Execute Ubergraph Is Player in Range Graph:  EventGraph Node:  Branch
[2020.05.08-13.42.34:159][342]LogScript: Warning: Accessed None trying to read property K2Node_Event_ControlledPawn
	IsPlayerInRange_C /Game/ThirdPersonBP/Maps/UEDPIE_0_ThirdPersonExampleMap.ThirdPersonExampleMap:PersistentLevel.EnemyAIController_C_2.BTComponent.IsPlayerInRange_C_0
	Function /Game/StarterContent/Blueprints/IsPlayerInRange.IsPlayerInRange_C:ExecuteUbergraph_IsPlayerInRange:0042
[2020.05.08-13.42.34:159][342]PIE: Error: Blueprint Runtime Error: "Accessed None trying to read property K2Node_Event_ControlledPawn". Blueprint:  IsPlayerInRange Function:  Execute Ubergraph Is Player in Range Graph:  EventGraph Node:  Branch
[2020.05.08-13.42.34:160][342]LogWorld: UWorld::CleanupWorld for ThirdPersonExampleMap, bSessionEnded=true, bCleanupResources=true
[2020.05.08-13.42.34:176][342]LogSlate: InvalidateAllWidgets triggered.  All widgets were invalidated
[2020.05.08-13.42.34:185][342]LogPlayLevel: Display: Shutting down PIE online subsystems
[2020.05.08-13.42.34:186][342]LogBlueprintUserMessages: Late EndPlayMap Detection: Level '/Game/ThirdPersonBP/Maps/ThirdPersonExampleMap.ThirdPersonExampleMap:PersistentLevel' has LevelScriptBlueprint '/Game/ThirdPersonBP/Maps/ThirdPersonExampleMap.ThirdPersonExampleMap:PersistentLevel.ThirdPersonExampleMap' with GeneratedClass '/Game/ThirdPersonBP/Maps/ThirdPersonExampleMap.ThirdPersonExampleMap_C' with ClassGeneratedBy '/Game/ThirdPersonBP/Maps/ThirdPersonExampleMap.ThirdPersonExampleMap:PersistentLevel.ThirdPersonExampleMap'
[2020.05.08-13.42.34:207][342]LogSlate: InvalidateAllWidgets triggered.  All widgets were invalidated
[2020.05.08-13.42.34:253][342]LogAudioMixer: Display: No commands were queued while flushing the source manager.
[2020.05.08-13.42.34:256][342]LogSlate: Updating window title bar state: overlay mode, drag disabled, window buttons hidden, title bar hidden
[2020.05.08-13.42.34:274][342]LogUObjectHash: Compacting FUObjectHashTables data took   2.56ms
[2020.05.08-13.42.34:482][343]LogPlayLevel: Display: Destroying online subsystem :Context_1
[2020.05.08-13.42.36:585][565]LogSlate: Window 'Message Log' being destroyed
[2020.05.08-13.42.36:589][565]LogSlate: Window 'Message Log' being destroyed
[2020.05.08-13.51.12:908][848]LogUObjectHash: Compacting FUObjectHashTables data took   2.44ms
[2020.05.08-13.51.17:608][321]LogSlate: Took 0.000184 seconds to synchronously load lazily loaded font '../../../Engine/Content/Slate/Fonts/Roboto-Light.ttf' (167K)
[2020.05.08-13.51.17:858][321]LogUObjectHash: Compacting FUObjectHashTables data took   2.27ms
[2020.05.08-13.51.17:871][321]LogMetaData: Removing '/Game/UI/MenuFinal.SKEL_MenuFinal_C' ref from Metadata '/Game/UI/PauseMenu_2.PackageMetaData'
[2020.05.08-13.51.17:871][321]LogMetaData: Removing '/Game/UI/MenuFinal.MenuFinal_C' ref from Metadata '/Game/UI/PauseMenu_2.PackageMetaData'
[2020.05.08-13.51.17:933][321]Cmd: OBJ SAVEPACKAGE PACKAGE="/Game/UI/MenuFinal" FILE="C:/Users/Toni/Desktop/Toni/GladiatorArena/HnS/Content/UI/MenuFinal.uasset" SILENT=true
[2020.05.08-13.51.18:043][321]LogSavePackage: Moving 'C:/Users/Toni/Desktop/Toni/GladiatorArena/HnS/Saved/MenuFinalE244297C42814070A1F61894869A6384.tmp' to 'C:/Users/Toni/Desktop/Toni/GladiatorArena/HnS/Content/UI/MenuFinal.uasset'
[2020.05.08-13.51.18:306][321]LogUObjectHash: Compacting FUObjectHashTables data took   2.14ms
[2020.05.08-13.51.18:341][321]LogUObjectHash: Compacting FUObjectHashTables data took   1.81ms
[2020.05.08-13.51.18:365][321]LogUObjectHash: Compacting FUObjectHashTables data took   0.68ms
[2020.05.08-13.51.18:555][321]AssetCheck: New page: Asset Save: MenuFinal
[2020.05.08-13.51.18:555][321]LogContentValidation: Display: Validating WidgetBlueprint /Game/UI/MenuFinal.MenuFinal
[2020.05.08-13.51.18:984][365]LogAssetEditorSubsystem: Opening Asset editor for WidgetBlueprint /Game/UI/PauseMenu.PauseMenu
[2020.05.08-13.51.19:431][365]LogContentBrowser: Native class hierarchy updated for 'BlueprintGraph' in 0.0005 seconds. Added 121 classes and 0 folders.
[2020.05.08-13.51.21:628][365]LogSlate: Took 0.000137 seconds to synchronously load lazily loaded font '../../../Engine/Content/Slate/Fonts/Roboto-BoldCondensed.ttf' (158K)
[2020.05.08-13.51.23:050][492]LogSlate: Window 'PauseMenu' being destroyed
[2020.05.08-13.51.23:149][492]LogWorld: UWorld::CleanupWorld for World_1, bSessionEnded=true, bCleanupResources=true
[2020.05.08-13.51.23:149][492]LogSlate: InvalidateAllWidgets triggered.  All widgets were invalidated
[2020.05.08-13.51.23:174][492]LogWorld: UWorld::CleanupWorld for World_0, bSessionEnded=true, bCleanupResources=true
[2020.05.08-13.51.23:174][492]LogSlate: InvalidateAllWidgets triggered.  All widgets were invalidated
[2020.05.08-13.51.23:853][549]LogAssetEditorSubsystem: Opening Asset editor for WidgetBlueprint /Game/UI/MenuFinal.MenuFinal
[2020.05.08-13.51.25:980][702]LogSlate: Window 'MenuFinal' being destroyed
[2020.05.08-13.51.33:360][506]LogSlate: Took 0.032849 seconds to synchronously load lazily loaded font '../../../Engine/Content/Slate/Fonts/DroidSansFallback.ttf' (3848K)
[2020.05.08-13.53.34:990][763]LogSlate: Took 0.015523 seconds to synchronously load lazily loaded font '../../../Engine/Content/Slate/Fonts/Roboto-Italic.ttf' (157K)
[2020.05.08-13.54.00:213][730]LogSelectionDetails: Warning: NavigateToFunctionSource:  Unable to find symbols for 'UGameplayStatics::GetPlayerController' [No se puede encontrar el módulo especificado.]
[2020.05.08-13.54.07:734][580]BlueprintLog: New page: Compile MenuFinal
[2020.05.08-13.54.07:902][580]LogUObjectHash: Compacting FUObjectHashTables data took   5.11ms
[2020.05.08-13.54.36:030][845]BlueprintLog: New page: Compile MenuFinal
[2020.05.08-13.54.36:133][845]LogUObjectHash: Compacting FUObjectHashTables data took   4.35ms
[2020.05.08-13.54.36:651][894]Cmd: OBJ SAVEPACKAGE PACKAGE="/Game/UI/MenuFinal" FILE="C:/Users/Toni/Desktop/Toni/GladiatorArena/HnS/Content/UI/MenuFinal.uasset" SILENT=true
[2020.05.08-13.54.36:675][894]LogSavePackage: Moving 'C:/Users/Toni/Desktop/Toni/GladiatorArena/HnS/Saved/MenuFinal9FF6D28642A1E20BECB234BB3223ED23.tmp' to 'C:/Users/Toni/Desktop/Toni/GladiatorArena/HnS/Content/UI/MenuFinal.uasset'
[2020.05.08-13.54.36:687][894]AssetCheck: New page: Asset Save: MenuFinal
[2020.05.08-13.54.36:687][894]LogContentValidation: Display: Validating WidgetBlueprint /Game/UI/MenuFinal.MenuFinal
[2020.05.08-13.58.11:537][129]LogEditorViewport: Clicking on Actor (LMB): EnemyPortal_C (EnemyPortal8)
[2020.05.08-13.58.12:159][154]LogEditorViewport: Clicking on Actor (LMB): EnemyPortal_C (EnemyPortal8)
[2020.05.08-13.58.16:831][564]LogEditorViewport: Clicking on Actor (LMB): EnemyPortal_C (EnemyPortal6)
[2020.05.08-13.58.29:258][590]LogAssetEditorSubsystem: Opening Asset editor for Blueprint /Game/ThirdPersonBP/Blueprints/Enemics/EnemyBP.EnemyBP
[2020.05.08-14.00.19:950][447]LogEditorViewport: Clicking on Actor (LMB): Activator_C (Easy)
[2020.05.08-14.01.21:608][646]BlueprintLog: New page: Compile EnemyBP
[2020.05.08-14.01.22:090][646]LogUObjectHash: Compacting FUObjectHashTables data took   4.19ms
[2020.05.08-14.01.40:856][719]BlueprintLog: New page: Compile EnemyBP
[2020.05.08-14.01.41:304][719]LogUObjectHash: Compacting FUObjectHashTables data took   5.69ms
[2020.05.08-14.01.55:922][335]BlueprintLog: New page: Compile EnemyBP
[2020.05.08-14.01.56:378][335]LogUObjectHash: Compacting FUObjectHashTables data took   4.30ms
[2020.05.08-14.02.06:461][400]BlueprintLog: New page: Compile EnemyBP
[2020.05.08-14.02.06:919][400]LogUObjectHash: Compacting FUObjectHashTables data took   4.20ms
[2020.05.08-14.02.15:101][919]Cmd: OBJ SAVEPACKAGE PACKAGE="/Game/ThirdPersonBP/Blueprints/Enemics/EnemyBP" FILE="C:/Users/Toni/Desktop/Toni/GladiatorArena/HnS/Content/ThirdPersonBP/Blueprints/Enemics/EnemyBP.uasset" SILENT=true
[2020.05.08-14.02.15:288][919]LogSavePackage: Moving 'C:/Users/Toni/Desktop/Toni/GladiatorArena/HnS/Saved/EnemyBPD889F50E4831C236628B8A8CC1180D4E.tmp' to 'C:/Users/Toni/Desktop/Toni/GladiatorArena/HnS/Content/ThirdPersonBP/Blueprints/Enemics/EnemyBP.uasset'
[2020.05.08-14.02.15:304][919]AssetCheck: New page: Asset Save: EnemyBP
[2020.05.08-14.02.15:304][919]LogContentValidation: Display: Validating Blueprint /Game/ThirdPersonBP/Blueprints/Enemics/EnemyBP.EnemyBP
[2020.05.08-14.03.23:549][208]LogUObjectHash: Compacting FUObjectHashTables data took   4.11ms
[2020.05.08-14.03.23:551][208]LogFileHelpers: Editor autosave (incl. sublevels) for '/Game/ThirdPersonBP/Maps/ThirdPersonExampleMap' took 0.052
[2020.05.08-14.03.23:551][208]OBJ SavePackage: Generating thumbnails for [0] asset(s) in package [/Game/UI/MenuFinal] ([1] browsable assets)...
[2020.05.08-14.03.23:551][208]OBJ SavePackage: Finished generating thumbnails for package [/Game/UI/MenuFinal]
[2020.05.08-14.03.23:551][208]Cmd: OBJ SAVEPACKAGE PACKAGE="/Game/UI/MenuFinal" FILE="C:/Users/Toni/Desktop/Toni/GladiatorArena/HnS/Saved/Autosaves/Game/UI/MenuFinal_Auto1.uasset" SILENT=false AUTOSAVING=true
[2020.05.08-14.03.23:577][208]LogSavePackage: Moving 'C:/Users/Toni/Desktop/Toni/GladiatorArena/HnS/Saved/MenuFinal_Auto1E5B74F424FE4D536A594588CD9597CF3.tmp' to 'C:/Users/Toni/Desktop/Toni/GladiatorArena/HnS/Saved/Autosaves/Game/UI/MenuFinal_Auto1.uasset'
[2020.05.08-14.03.23:579][208]LogFileHelpers: Auto-saving content packages took 0.029
[2020.05.08-14.03.50:654][618]Cmd: OBJ SAVEPACKAGE PACKAGE="/Game/UI/MenuFinal" FILE="C:/Users/Toni/Desktop/Toni/GladiatorArena/HnS/Content/UI/MenuFinal.uasset" SILENT=true
[2020.05.08-14.03.50:672][618]LogSavePackage: Moving 'C:/Users/Toni/Desktop/Toni/GladiatorArena/HnS/Saved/MenuFinalC2B3310B45E5CD9728CD1EB72F5013A4.tmp' to 'C:/Users/Toni/Desktop/Toni/GladiatorArena/HnS/Content/UI/MenuFinal.uasset'
[2020.05.08-14.03.50:688][618]AssetCheck: New page: Asset Save: MenuFinal
[2020.05.08-14.03.50:688][618]LogContentValidation: Display: Validating WidgetBlueprint /Game/UI/MenuFinal.MenuFinal
[2020.05.08-14.03.58:929][343]Cmd: OBJ SAVEPACKAGE PACKAGE="/Game/Levels/MenuFInal" FILE="C:/Users/Toni/Desktop/Toni/GladiatorArena/HnS/Content/Levels/MenuFInal.umap" SILENT=true AUTOSAVING=false KEEPDIRTY=false
[2020.05.08-14.03.59:000][343]LogUObjectHash: Compacting FUObjectHashTables data took   2.78ms
[2020.05.08-14.03.59:012][343]LogSavePackage: Moving 'C:/Users/Toni/Desktop/Toni/GladiatorArena/HnS/Saved/MenuFInal09754CCF476E5E495837FD813F8AF8DB.tmp' to 'C:/Users/Toni/Desktop/Toni/GladiatorArena/HnS/Content/Levels/MenuFInal.umap'
[2020.05.08-14.03.59:014][343]LogFileHelpers: Saving map 'MenuFInal' took 0.085
[2020.05.08-14.03.59:029][343]AssetCheck: New page: Asset Save: MenuFInal
[2020.05.08-14.03.59:029][343]LogContentValidation: Display: Validating World /Game/Levels/MenuFInal.MenuFInal
[2020.05.08-14.04.02:115][620]LogAssetEditorSubsystem: Opening Asset editor for World /Game/Levels/MenuFInal.MenuFInal
[2020.05.08-14.04.02:153][620]LogUObjectHash: Compacting FUObjectHashTables data took   0.86ms
[2020.05.08-14.04.02:155][620]Cmd: MAP LOAD FILE="C:/Users/Toni/Desktop/Toni/GladiatorArena/HnS/Content/Levels/MenuFInal.umap" TEMPLATE=0 SHOWPROGRESS=1 FEATURELEVEL=3
[2020.05.08-14.04.02:155][620]LightingResults: New page: Lighting Build
[2020.05.08-14.04.02:157][620]LoadErrors: New page: Loading map: MenuFInal.umap
[2020.05.08-14.04.02:196][620]LogWorld: UWorld::CleanupWorld for ThirdPersonExampleMap, bSessionEnded=true, bCleanupResources=true
[2020.05.08-14.04.02:197][620]LogSlate: InvalidateAllWidgets triggered.  All widgets were invalidated
[2020.05.08-14.04.02:197][620]MapCheck: New page: Map Check
[2020.05.08-14.04.02:197][620]LightingResults: New page: Lighting Build
[2020.05.08-14.04.02:287][620]LogUObjectHash: Compacting FUObjectHashTables data took   4.75ms
[2020.05.08-14.04.02:380][620]LogEditorServer: Finished looking for orphan Actors (0.000 secs)
[2020.05.08-14.04.02:380][620]LogAIModule: Creating AISystem for world MenuFInal
[2020.05.08-14.04.02:431][620]LogUObjectHash: Compacting FUObjectHashTables data took   4.06ms
[2020.05.08-14.04.02:468][620]Cmd: MAP CHECKDEP NOCLEARLOG
[2020.05.08-14.04.02:468][620]MapCheck: Map check complete: 0 Error(s), 0 Warning(s), took 0.119ms to complete.
[2020.05.08-14.04.02:468][620]LogFileHelpers: Loading map 'MenuFInal' took 0.313
[2020.05.08-14.04.14:531][972]LogSlate: Prevented a slow task dialog from being summoned while a context menu was open
[2020.05.08-14.04.16:275][146]LogSlate: Prevented a slow task dialog from being summoned while a context menu was open
[2020.05.08-14.04.17:517][274]Cmd: OBJ SAVEPACKAGE PACKAGE="/Game/Levels/MenuFInal" FILE="C:/Users/Toni/Desktop/Toni/GladiatorArena/HnS/Content/Levels/MenuFInal.umap" SILENT=true AUTOSAVING=false KEEPDIRTY=false
[2020.05.08-14.04.17:557][274]LogUObjectHash: Compacting FUObjectHashTables data took   3.07ms
[2020.05.08-14.04.17:571][274]LogSavePackage: Moving 'C:/Users/Toni/Desktop/Toni/GladiatorArena/HnS/Saved/MenuFInalCBD6E0444F9B0AC96E8AA9BD1E6CFA8B.tmp' to 'C:/Users/Toni/Desktop/Toni/GladiatorArena/HnS/Content/Levels/MenuFInal.umap'
[2020.05.08-14.04.17:635][274]AssetCheck: New page: Asset Save: MenuFInal
[2020.05.08-14.04.17:635][274]LogContentValidation: Display: Validating World /Game/Levels/MenuFInal.MenuFInal
[2020.05.08-14.04.19:570][470]LogAIModule: Creating AISystem for world MenuPrincipal
[2020.05.08-14.04.19:583][470]LogAssetEditorSubsystem: Opening Asset editor for World /Game/Levels/MenuPrincipal.MenuPrincipal
[2020.05.08-14.04.19:627][470]LogUObjectHash: Compacting FUObjectHashTables data took   4.10ms
[2020.05.08-14.04.19:630][470]Cmd: MAP LOAD FILE="C:/Users/Toni/Desktop/Toni/GladiatorArena/HnS/Content/Levels/MenuPrincipal.umap" TEMPLATE=0 SHOWPROGRESS=1 FEATURELEVEL=3
[2020.05.08-14.04.19:630][470]LightingResults: New page: Lighting Build
[2020.05.08-14.04.19:631][470]LoadErrors: New page: Loading map: MenuPrincipal.umap
[2020.05.08-14.04.19:632][470]LogWorld: UWorld::CleanupWorld for MenuFInal, bSessionEnded=true, bCleanupResources=true
[2020.05.08-14.04.19:632][470]LogSlate: InvalidateAllWidgets triggered.  All widgets were invalidated
[2020.05.08-14.04.19:632][470]MapCheck: New page: Map Check
[2020.05.08-14.04.19:632][470]LightingResults: New page: Lighting Build
[2020.05.08-14.04.19:675][470]LogUObjectHash: Compacting FUObjectHashTables data took   3.16ms
[2020.05.08-14.04.19:871][470]LogEditorServer: Finished looking for orphan Actors (0.000 secs)
[2020.05.08-14.04.19:915][470]LogUObjectHash: Compacting FUObjectHashTables data took   4.09ms
[2020.05.08-14.04.19:966][470]Cmd: MAP CHECKDEP NOCLEARLOG
[2020.05.08-14.04.19:967][470]MapCheck: Map check complete: 0 Error(s), 0 Warning(s), took 0.155ms to complete.
[2020.05.08-14.04.19:967][470]LogFileHelpers: Loading map 'MenuPrincipal' took 0.339
[2020.05.08-14.04.20:007][470]LoadErrors: Error: /Game/ThirdPersonBP/Blueprints/ThirdPersonCharacter : Failed import for ObjectProperty /Game/ThirdPersonBP/Blueprints/HealthStamina.HealthStamina_C:Potions Referenced by export Function /Game/ThirdPersonBP/Blueprints/ThirdPersonCharacter.ThirdPersonCharacter_C:UpdatePotionBar
[2020.05.08-14.04.28:438][198]LogAssetEditorSubsystem: Opening Asset editor for LevelScriptBlueprint /Game/Levels/MenuPrincipal.MenuPrincipal:PersistentLevel.MenuPrincipal
[2020.05.08-14.04.42:184][743]LogWorld: UWorld::CleanupWorld for World_19, bSessionEnded=true, bCleanupResources=true
[2020.05.08-14.04.42:184][743]LogSlate: InvalidateAllWidgets triggered.  All widgets were invalidated
[2020.05.08-14.04.44:112][931]LogAIModule: Creating AISystem for world MenuFInal
[2020.05.08-14.04.44:113][931]LogAssetEditorSubsystem: Opening Asset editor for World /Game/Levels/MenuFInal.MenuFInal
[2020.05.08-14.04.44:153][931]LogUObjectHash: Compacting FUObjectHashTables data took   4.20ms
[2020.05.08-14.04.44:158][931]Cmd: MAP LOAD FILE="C:/Users/Toni/Desktop/Toni/GladiatorArena/HnS/Content/Levels/MenuFInal.umap" TEMPLATE=0 SHOWPROGRESS=1 FEATURELEVEL=3
[2020.05.08-14.04.44:158][931]LightingResults: New page: Lighting Build
[2020.05.08-14.04.44:159][931]LoadErrors: New page: Loading map: MenuFInal.umap
[2020.05.08-14.04.44:160][931]LogWorld: UWorld::CleanupWorld for MenuPrincipal, bSessionEnded=true, bCleanupResources=true
[2020.05.08-14.04.44:160][931]LogSlate: InvalidateAllWidgets triggered.  All widgets were invalidated
[2020.05.08-14.04.44:160][931]MapCheck: New page: Map Check
[2020.05.08-14.04.44:160][931]LightingResults: New page: Lighting Build
[2020.05.08-14.04.44:201][931]LogUObjectHash: Compacting FUObjectHashTables data took   3.53ms
[2020.05.08-14.04.44:286][931]LogEditorServer: Finished looking for orphan Actors (0.000 secs)
[2020.05.08-14.04.44:327][931]LogUObjectHash: Compacting FUObjectHashTables data took   2.77ms
[2020.05.08-14.04.44:362][931]Cmd: MAP CHECKDEP NOCLEARLOG
[2020.05.08-14.04.44:362][931]MapCheck: Map check complete: 0 Error(s), 0 Warning(s), took 0.118ms to complete.
[2020.05.08-14.04.44:362][931]LogFileHelpers: Loading map 'MenuFInal' took 0.204
[2020.05.08-14.04.46:507][118]LogAssetEditorSubsystem: Opening Asset editor for LevelScriptBlueprint /Game/Levels/MenuFInal.MenuFInal:PersistentLevel.MenuFInal
[2020.05.08-14.04.49:110][377]LogAIModule: Creating AISystem for world MenuPrincipal
[2020.05.08-14.04.49:119][377]LogProperty: Warning: Illegal TEXT reference to a private object in external package (CameraActor /Game/Levels/MenuPrincipal.MenuPrincipal:PersistentLevel.CameraActor_1) from referencer (K2Node_Literal /Game/Levels/MenuFInal.MenuFInal:PersistentLevel.MenuFInal.EventGraph.K2Node_Literal_0).  Import failed...
[2020.05.08-14.04.49:119][377]LogProperty: Warning: ObjectProperty /Script/BlueprintGraph.K2Node_Literal:ObjectRef: unresolved reference to 'CameraActor'"/Game/Levels/MenuPrincipal.MenuPrincipal:PersistentLevel.CameraActor_1"''
[2020.05.08-14.04.52:168][730]LogSlate: Prevented a slow task dialog from being summoned while a context menu was open
[2020.05.08-14.05.02:900][962]BlueprintLog: New page: Compile MenuFInal
[2020.05.08-14.05.02:916][962]LogBlueprint: Warning: [Compiler PersistentLevel.MenuFInal] Node  Unknown  is not referencing a valid level actor
[2020.05.08-14.05.02:961][962]LogUObjectHash: Compacting FUObjectHashTables data took   4.59ms
[2020.05.08-14.05.18:817][765]BlueprintLog: New page: Compile MenuFInal
[2020.05.08-14.05.19:118][765]LogUObjectHash: Compacting FUObjectHashTables data took   3.08ms
[2020.05.08-14.05.19:446][797]Cmd: OBJ SAVEPACKAGE PACKAGE="/Game/Levels/MenuFInal" FILE="C:/Users/Toni/Desktop/Toni/GladiatorArena/HnS/Content/Levels/MenuFInal.umap" SILENT=true AUTOSAVING=false KEEPDIRTY=false
[2020.05.08-14.05.19:487][797]LogUObjectHash: Compacting FUObjectHashTables data took   3.54ms
[2020.05.08-14.05.19:735][797]LogSavePackage: Moving 'C:/Users/Toni/Desktop/Toni/GladiatorArena/HnS/Saved/MenuFInal04FCD90D41C38605D5D39D82B49DB826.tmp' to 'C:/Users/Toni/Desktop/Toni/GladiatorArena/HnS/Content/Levels/MenuFInal.umap'
[2020.05.08-14.05.19:780][797]LogFileHelpers: Saving map 'MenuFInal' took 0.336
[2020.05.08-14.05.19:794][797]AssetCheck: New page: Asset Save: MenuFInal
[2020.05.08-14.05.19:794][797]LogContentValidation: Display: Validating World /Game/Levels/MenuFInal.MenuFInal
[2020.05.08-14.05.28:626][692]LogAIModule: Creating AISystem for world ThirdPersonExampleMap
[2020.05.08-14.05.28:748][692]LogAssetEditorSubsystem: Opening Asset editor for World /Game/ThirdPersonBP/Maps/ThirdPersonExampleMap.ThirdPersonExampleMap
[2020.05.08-14.05.28:827][692]LogUObjectHash: Compacting FUObjectHashTables data took   3.51ms
[2020.05.08-14.05.28:831][692]Cmd: MAP LOAD FILE="C:/Users/Toni/Desktop/Toni/GladiatorArena/HnS/Content/ThirdPersonBP/Maps/ThirdPersonExampleMap.umap" TEMPLATE=0 SHOWPROGRESS=1 FEATURELEVEL=3
[2020.05.08-14.05.28:832][692]LightingResults: New page: Lighting Build
[2020.05.08-14.05.28:833][692]LoadErrors: New page: Loading map: ThirdPersonExampleMap.umap
[2020.05.08-14.05.28:876][692]LogWorld: UWorld::CleanupWorld for World_20, bSessionEnded=true, bCleanupResources=true
[2020.05.08-14.05.28:876][692]LogSlate: InvalidateAllWidgets triggered.  All widgets were invalidated
[2020.05.08-14.05.28:924][692]LogWorld: UWorld::CleanupWorld for MenuFInal, bSessionEnded=true, bCleanupResources=true
[2020.05.08-14.05.28:924][692]LogSlate: InvalidateAllWidgets triggered.  All widgets were invalidated
[2020.05.08-14.05.28:924][692]MapCheck: New page: Map Check
[2020.05.08-14.05.28:924][692]LightingResults: New page: Lighting Build
[2020.05.08-14.05.28:969][692]LogUObjectHash: Compacting FUObjectHashTables data took   6.02ms
[2020.05.08-14.05.29:008][692]LogUObjectHash: Compacting FUObjectHashTables data took   1.48ms
[2020.05.08-14.05.29:054][692]LogUObjectHash: Compacting FUObjectHashTables data took   1.44ms
[2020.05.08-14.05.29:659][692]LogEditorServer: Finished looking for orphan Actors (0.000 secs)
[2020.05.08-14.05.29:756][692]LogUObjectHash: Compacting FUObjectHashTables data took   3.01ms
[2020.05.08-14.05.29:792][692]Cmd: MAP CHECKDEP NOCLEARLOG
[2020.05.08-14.05.29:792][692]MapCheck: Map check complete: 0 Error(s), 0 Warning(s), took 0.389ms to complete.
[2020.05.08-14.05.29:792][692]LogFileHelpers: Loading map 'ThirdPersonExampleMap' took 0.963
[2020.05.08-14.05.30:658][728]LogUObjectHash: Compacting FUObjectHashTables data took   0.87ms
[2020.05.08-14.05.32:276][728]LogSavePackage: Moving 'C:/Users/Toni/Desktop/Toni/GladiatorArena/HnS/Saved/ThirdPersonExampleMapC15BDEF74F21241DD68C9B943550676F.tmp' to 'C:/Users/Toni/Desktop/Toni/GladiatorArena/HnS/Content/ThirdPersonBP/Maps/ThirdPersonExampleMap.umap'
[2020.05.08-14.05.40:169][728]LogSavePackage: Moving 'C:/Users/Toni/Desktop/Toni/GladiatorArena/HnS/Saved/ThirdPersonExampleMap_BuiltData5215495A4413A7D1CBD9B4BD639FDCA2.tmp' to 'C:/Users/Toni/Desktop/Toni/GladiatorArena/HnS/Content/ThirdPersonBP/Maps/ThirdPersonExampleMap_BuiltData.uasset'
[2020.05.08-14.05.40:204][728]AssetCheck: New page: Asset Save: multiple assets
[2020.05.08-14.05.40:204][728]LogContentValidation: Display: Validating World /Game/ThirdPersonBP/Maps/ThirdPersonExampleMap.ThirdPersonExampleMap
[2020.05.08-14.05.40:204][728]LogContentValidation: Display: Validating MapBuildDataRegistry /Game/ThirdPersonBP/Maps/ThirdPersonExampleMap_BuiltData.ThirdPersonExampleMap_BuiltData
[2020.05.08-14.05.50:140][858]LogAssetEditorSubsystem: Opening Asset editor for World /Game/Levels/MenuPrincipal.MenuPrincipal
[2020.05.08-14.05.50:176][858]LogUObjectHash: Compacting FUObjectHashTables data took   3.39ms
[2020.05.08-14.05.50:179][858]Cmd: MAP LOAD FILE="C:/Users/Toni/Desktop/Toni/GladiatorArena/HnS/Content/Levels/MenuPrincipal.umap" TEMPLATE=0 SHOWPROGRESS=1 FEATURELEVEL=3
[2020.05.08-14.05.50:179][858]LightingResults: New page: Lighting Build
[2020.05.08-14.05.50:180][858]LoadErrors: New page: Loading map: MenuPrincipal.umap
[2020.05.08-14.05.50:197][858]LogWorld: UWorld::CleanupWorld for ThirdPersonExampleMap, bSessionEnded=true, bCleanupResources=true
[2020.05.08-14.05.50:197][858]LogSlate: InvalidateAllWidgets triggered.  All widgets were invalidated
[2020.05.08-14.05.50:198][858]MapCheck: New page: Map Check
[2020.05.08-14.05.50:198][858]LightingResults: New page: Lighting Build
[2020.05.08-14.05.50:263][858]LogUObjectHash: Compacting FUObjectHashTables data took   3.13ms
[2020.05.08-14.05.59:451][858]LogWindows: Error: === Critical error: ===
[2020.05.08-14.05.59:451][858]LogWindows: Error: 
[2020.05.08-14.05.59:451][858]LogWindows: Error: Fatal error!
[2020.05.08-14.05.59:451][858]LogWindows: Error: 
[2020.05.08-14.05.59:451][858]LogWindows: Error: Unhandled Exception: EXCEPTION_ACCESS_VIOLATION reading address 0xffffffff
[2020.05.08-14.05.59:452][858]LogWindows: Error: 
[2020.05.08-14.05.59:452][858]LogWindows: Error: [Callstack] 0x00007ffe517e47d5 UE4Editor-CoreUObject.dll!UnknownFunction []
[2020.05.08-14.05.59:452][858]LogWindows: Error: [Callstack] 0x00007ffe5195a982 UE4Editor-CoreUObject.dll!UnknownFunction []
[2020.05.08-14.05.59:452][858]LogWindows: Error: [Callstack] 0x00007ffe519edcba UE4Editor-CoreUObject.dll!UnknownFunction []
[2020.05.08-14.05.59:452][858]LogWindows: Error: [Callstack] 0x00007ffe51803317 UE4Editor-CoreUObject.dll!UnknownFunction []
[2020.05.08-14.05.59:452][858]LogWindows: Error: [Callstack] 0x00007ffe5198ec0e UE4Editor-CoreUObject.dll!UnknownFunction []
[2020.05.08-14.05.59:452][858]LogWindows: Error: [Callstack] 0x00007ffe5198d15a UE4Editor-CoreUObject.dll!UnknownFunction []
[2020.05.08-14.05.59:452][858]LogWindows: Error: [Callstack] 0x00007ffe5198cce2 UE4Editor-CoreUObject.dll!UnknownFunction []
[2020.05.08-14.05.59:452][858]LogWindows: Error: [Callstack] 0x00007ffe4e9a606d UE4Editor-Engine.dll!UnknownFunction []
[2020.05.08-14.05.59:452][858]LogWindows: Error: [Callstack] 0x00007ffe4fc0ad34 UE4Editor-Engine.dll!UnknownFunction []
[2020.05.08-14.05.59:452][858]LogWindows: Error: [Callstack] 0x00007ffe51802168 UE4Editor-CoreUObject.dll!UnknownFunction []
[2020.05.08-14.05.59:452][858]LogWindows: Error: [Callstack] 0x00007ffe4ec87d9a UE4Editor-Engine.dll!UnknownFunction []
[2020.05.08-14.05.59:452][858]LogWindows: Error: [Callstack] 0x00007ffe4fc0ad34 UE4Editor-Engine.dll!UnknownFunction []
[2020.05.08-14.05.59:452][858]LogWindows: Error: [Callstack] 0x00007ffe5207cda2 UE4Editor-Core.dll!UnknownFunction []
[2020.05.08-14.05.59:452][858]LogWindows: Error: [Callstack] 0x00007ffe519edbff UE4Editor-CoreUObject.dll!UnknownFunction []
[2020.05.08-14.05.59:452][858]LogWindows: Error: [Callstack] 0x00007ffe51803317 UE4Editor-CoreUObject.dll!UnknownFunction []
[2020.05.08-14.05.59:452][858]LogWindows: Error: [Callstack] 0x00007ffe5198ec0e UE4Editor-CoreUObject.dll!UnknownFunction []
[2020.05.08-14.05.59:452][858]LogWindows: Error: [Callstack] 0x00007ffe5198d15a UE4Editor-CoreUObject.dll!UnknownFunction []
[2020.05.08-14.05.59:453][858]LogWindows: Error: [Callstack] 0x00007ffe5198cce2 UE4Editor-CoreUObject.dll!UnknownFunction []
[2020.05.08-14.05.59:453][858]LogWindows: Error: [Callstack] 0x00007ffe4ec87b65 UE4Editor-Engine.dll!UnknownFunction []
[2020.05.08-14.05.59:453][858]LogWindows: Error: [Callstack] 0x00007ffe4ec8762c UE4Editor-Engine.dll!UnknownFunction []
[2020.05.08-14.05.59:453][858]LogWindows: Error: [Callstack] 0x00007ffe4fc0ad34 UE4Editor-Engine.dll!UnknownFunction []
[2020.05.08-14.05.59:453][858]LogWindows: Error: [Callstack] 0x00007ffe5207cda2 UE4Editor-Core.dll!UnknownFunction []
[2020.05.08-14.05.59:453][858]LogWindows: Error: [Callstack] 0x00007ffe519edbff UE4Editor-CoreUObject.dll!UnknownFunction []
[2020.05.08-14.05.59:453][858]LogWindows: Error: [Callstack] 0x00007ffe51803317 UE4Editor-CoreUObject.dll!UnknownFunction []
[2020.05.08-14.05.59:453][858]LogWindows: Error: [Callstack] 0x00007ffe5198ec0e UE4Editor-CoreUObject.dll!UnknownFunction []
[2020.05.08-14.05.59:453][858]LogWindows: Error: [Callstack] 0x00007ffe5198d15a UE4Editor-CoreUObject.dll!UnknownFunction []
[2020.05.08-14.05.59:453][858]LogWindows: Error: [Callstack] 0x00007ffe5198cce2 UE4Editor-CoreUObject.dll!UnknownFunction []
[2020.05.08-14.05.59:453][858]LogWindows: Error: [Callstack] 0x00007ffe4f26b7dd UE4Editor-Engine.dll!UnknownFunction []
[2020.05.08-14.05.59:453][858]LogWindows: Error: [Callstack] 0x00007ffe4fc0ad34 UE4Editor-Engine.dll!UnknownFunction []
[2020.05.08-14.05.59:453][858]LogWindows: Error: [Callstack] 0x00007ffe4fc32cdd UE4Editor-Engine.dll!UnknownFunction []
[2020.05.08-14.05.59:453][858]LogWindows: Error: [Callstack] 0x00007ffe243bab83 UE4Editor-DetailCustomizations.dll!UnknownFunction []
[2020.05.08-14.05.59:453][858]LogWindows: Error: [Callstack] 0x00007ffe2435bcc1 UE4Editor-DetailCustomizations.dll!UnknownFunction []
[2020.05.08-14.05.59:454][858]LogWindows: Error: [Callstack] 0x00007ffe31e0abbf UE4Editor-PropertyEditor.dll!UnknownFunction []
[2020.05.08-14.05.59:454][858]LogWindows: Error: [Callstack] 0x00007ffe31ddd729 UE4Editor-PropertyEditor.dll!UnknownFunction []
[2020.05.08-14.05.59:454][858]LogWindows: Error: [Callstack] 0x00007ffe31dd7e41 UE4Editor-PropertyEditor.dll!UnknownFunction []
[2020.05.08-14.05.59:454][858]LogWindows: Error: [Callstack] 0x00007ffe2434ce69 UE4Editor-DetailCustomizations.dll!UnknownFunction []
[2020.05.08-14.05.59:454][858]LogWindows: Error: [Callstack] 0x00007ffe414a1fce UE4Editor-UnrealEd.dll!UnknownFunction []
[2020.05.08-14.05.59:454][858]LogWindows: Error: [Callstack] 0x00007ffe414d4549 UE4Editor-UnrealEd.dll!UnknownFunction []
[2020.05.08-14.05.59:454][858]LogWindows: Error: [Callstack] 0x00007ffe414c429f UE4Editor-UnrealEd.dll!UnknownFunction []
[2020.05.08-14.05.59:454][858]LogWindows: Error: [Callstack] 0x00007ffe414abf75 UE4Editor-UnrealEd.dll!UnknownFunction []
[2020.05.08-14.05.59:454][858]LogWindows: Error: [Callstack] 0x00007ffe41c717d2 UE4Editor-UnrealEd.dll!UnknownFunction []
[2020.05.08-14.05.59:454][858]LogWindows: Error: [Callstack] 0x00007ffe417f3890 UE4Editor-UnrealEd.dll!UnknownFunction []
[2020.05.08-14.05.59:454][858]LogWindows: Error: [Callstack] 0x00007ffe239c71fe UE4Editor-AssetTools.dll!UnknownFunction []
[2020.05.08-14.05.59:454][858]LogWindows: Error: [Callstack] 0x00007ffe41bfe21f UE4Editor-UnrealEd.dll!UnknownFunction []
[2020.05.08-14.05.59:454][858]LogWindows: Error: [Callstack] 0x00007ffe2d825a67 UE4Editor-ContentBrowser.dll!UnknownFunction []
[2020.05.08-14.05.59:454][858]LogWindows: Error: [Callstack] 0x00007ffe2d7e3039 UE4Editor-ContentBrowser.dll!UnknownFunction []
[2020.05.08-14.05.59:454][858]LogWindows: Error: [Callstack] 0x00007ffe2d82e2ff UE4Editor-ContentBrowser.dll!UnknownFunction []
[2020.05.08-14.05.59:454][858]LogWindows: Error: [Callstack] 0x00007ffe2d7e0c6a UE4Editor-ContentBrowser.dll!UnknownFunction []
[2020.05.08-14.05.59:454][858]LogWindows: Error: [Callstack] 0x00007ffe2d7dd3b0 UE4Editor-ContentBrowser.dll!UnknownFunction []
[2020.05.08-14.05.59:455][858]LogWindows: Error: [Callstack] 0x00007ffe2d838f10 UE4Editor-ContentBrowser.dll!UnknownFunction []
[2020.05.08-14.05.59:455][858]LogWindows: Error: [Callstack] 0x00007ffe2d82e671 UE4Editor-ContentBrowser.dll!UnknownFunction []
[2020.05.08-14.05.59:455][858]LogWindows: Error: [Callstack] 0x00007ffe4e272175 UE4Editor-Slate.dll!UnknownFunction []
[2020.05.08-14.05.59:455][858]LogWindows: Error: [Callstack] 0x00007ffe4e2f7b9e UE4Editor-Slate.dll!UnknownFunction []
[2020.05.08-14.05.59:455][858]LogWindows: Error: [Callstack] 0x00007ffe4e2e3396 UE4Editor-Slate.dll!UnknownFunction []
[2020.05.08-14.05.59:455][858]LogWindows: Error: [Callstack] 0x00007ffe4e2d8697 UE4Editor-Slate.dll!UnknownFunction []
[2020.05.08-14.05.59:455][858]LogWindows: Error: [Callstack] 0x00007ffe813e4c4d UE4Editor-ApplicationCore.dll!UnknownFunction []
[2020.05.08-14.05.59:455][858]LogWindows: Error: [Callstack] 0x00007ffe813d242f UE4Editor-ApplicationCore.dll!UnknownFunction []
[2020.05.08-14.05.59:455][858]LogWindows: Error: [Callstack] 0x00007ffe813e7195 UE4Editor-ApplicationCore.dll!UnknownFunction []
[2020.05.08-14.05.59:455][858]LogWindows: Error: [Callstack] 0x00007ffe813cec40 UE4Editor-ApplicationCore.dll!UnknownFunction []
[2020.05.08-14.05.59:455][858]LogWindows: Error: [Callstack] 0x00007ffeb06a5c0d USER32.dll!UnknownFunction []
[2020.05.08-14.05.59:455][858]LogWindows: Error: [Callstack] 0x00007ffeb06a5602 USER32.dll!UnknownFunction []
[2020.05.08-14.05.59:455][858]LogWindows: Error: [Callstack] 0x00007ffe813e8699 UE4Editor-ApplicationCore.dll!UnknownFunction []
[2020.05.08-14.05.59:455][858]LogWindows: Error: [Callstack] 0x00007ff60a506db0 UE4Editor.exe!UnknownFunction []
[2020.05.08-14.05.59:455][858]LogWindows: Error: [Callstack] 0x00007ff60a51c3ec UE4Editor.exe!UnknownFunction []
[2020.05.08-14.05.59:455][858]LogWindows: Error: [Callstack] 0x00007ff60a51c4ca UE4Editor.exe!UnknownFunction []
[2020.05.08-14.05.59:455][858]LogWindows: Error: [Callstack] 0x00007ff60a52ceae UE4Editor.exe!UnknownFunction []
[2020.05.08-14.05.59:455][858]LogWindows: Error: [Callstack] 0x00007ff60a52fcbe UE4Editor.exe!UnknownFunction []
[2020.05.08-14.05.59:456][858]LogWindows: Error: [Callstack] 0x00007ffeb1037bd4 KERNEL32.DLL!UnknownFunction []
[2020.05.08-14.05.59:456][858]LogWindows: Error: [Callstack] 0x00007ffeb202ce51 ntdll.dll!UnknownFunction []
[2020.05.08-14.05.59:456][858]LogWindows: Error: 
[2020.05.08-14.05.59:472][858]LogExit: Executing StaticShutdownAfterError
[2020.05.08-14.05.59:638][858]LogWindows: FPlatformMisc::RequestExit(1)
[2020.05.08-14.05.59:638][858]LogCore: Engine exit requested (reason: Win RequestExit)
[2020.05.08-14.05.59:668][858]Log file closed, 05/08/20 16:05:59
