Log file open, 02/27/20 18:52:47
LogWindows: Failed to load 'aqProf.dll' (GetLastError=126)
LogWindows: File 'aqProf.dll' does not exist
LogWindows: Failed to load 'VtuneApi.dll' (GetLastError=126)
LogWindows: File 'VtuneApi.dll' does not exist
LogWindows: Failed to load 'VtuneApi32e.dll' (GetLastError=126)
LogWindows: File 'VtuneApi32e.dll' does not exist
LogConsoleResponse: Display: Failed to find resolution value strings in scalability ini. Falling back to default.
LogInit: Display: Running engine for game: HnS
LogPlatformFile: Not using cached read wrapper
LogTaskGraph: Started task graph with 5 named threads and 35 total threads with 3 sets of task threads.
LogStats: Stats thread started at 0.099544
LogD3D11RHI: Loaded GFSDK_Aftermath_Lib.x64.dll
LogICUInternationalization: ICU TimeZone Detection - Raw Offset: +1:00, Platform Override: ''
LogPluginManager: Mounting plugin Paper2D
LogPluginManager: Mounting plugin AISupport
LogPluginManager: Mounting plugin LightPropagationVolume
LogPluginManager: Mounting plugin ActorLayerUtilities
LogPluginManager: Mounting plugin AnimationSharing
LogPluginManager: Mounting plugin CLionSourceCodeAccess
LogPluginManager: Mounting plugin CodeLiteSourceCodeAccess
LogPluginManager: Mounting plugin GitSourceControl
LogPluginManager: Mounting plugin KDevelopSourceCodeAccess
LogPluginManager: Mounting plugin NullSourceCodeAccess
LogPluginManager: Mounting plugin PerforceSourceControl
LogPluginManager: Mounting plugin PlasticSourceControl
LogPluginManager: Mounting plugin SubversionSourceControl
LogPluginManager: Mounting plugin UObjectPlugin
LogPluginManager: Mounting plugin VisualStudioCodeSourceCodeAccess
LogPluginManager: Mounting plugin VisualStudioSourceCodeAccess
LogPluginManager: Mounting plugin XCodeSourceCodeAccess
LogPluginManager: Mounting plugin AssetManagerEditor
LogPluginManager: Mounting plugin CryptoKeys
LogPluginManager: Mounting plugin CurveEditorTools
LogPluginManager: Mounting plugin DataValidation
LogPluginManager: Mounting plugin FacialAnimation
LogPluginManager: Mounting plugin GameplayTagsEditor
LogPluginManager: Mounting plugin MacGraphicsSwitching
LogPluginManager: Mounting plugin MaterialAnalyzer
LogPluginManager: Mounting plugin MobileLauncherProfileWizard
LogPluginManager: Mounting plugin PluginBrowser
LogPluginManager: Mounting plugin SpeedTreeImporter
LogPluginManager: Mounting plugin DatasmithContent
LogPluginManager: Mounting plugin VariantManagerContent
LogPluginManager: Mounting plugin AlembicImporter
LogPluginManager: Mounting plugin AutomationUtils
LogPluginManager: Mounting plugin BackChannel
LogPluginManager: Mounting plugin CharacterAI
LogPluginManager: Mounting plugin GeometryCache
LogPluginManager: Mounting plugin PlatformCrypto
LogPluginManager: Mounting plugin ProxyLODPlugin
LogPluginManager: Mounting plugin SkeletalReduction
LogPluginManager: Mounting plugin MagicLeap
LogPluginManager: Mounting plugin MagicLeapMedia
LogPluginManager: Mounting plugin MLSDK
LogPluginManager: Mounting plugin AndroidMedia
LogPluginManager: Mounting plugin AvfMedia
LogPluginManager: Mounting plugin ImgMedia
LogPluginManager: Mounting plugin MediaCompositing
LogPluginManager: Mounting plugin MediaPlayerEditor
LogPluginManager: Mounting plugin WebMMedia
LogPluginManager: Mounting plugin WmfMedia
LogPluginManager: Mounting plugin TcpMessaging
LogPluginManager: Mounting plugin UdpMessaging
LogPluginManager: Mounting plugin ActorSequence
LogPluginManager: Mounting plugin LevelSequenceEditor
LogPluginManager: Mounting plugin MatineeToLevelSequence
LogPluginManager: Mounting plugin NetcodeUnitTest
LogPluginManager: Mounting plugin NUTUnrealEngine4
LogPluginManager: Mounting plugin OnlineSubsystemGooglePlay
LogPluginManager: Mounting plugin OnlineSubsystemIOS
LogPluginManager: Mounting plugin OnlineSubsystem
LogPluginManager: Mounting plugin OnlineSubsystemNull
LogPluginManager: Mounting plugin OnlineSubsystemUtils
LogPluginManager: Mounting plugin LauncherChunkInstaller
LogPluginManager: Mounting plugin AndroidDeviceProfileSelector
LogPluginManager: Mounting plugin AndroidMoviePlayer
LogPluginManager: Mounting plugin AndroidPermission
LogPluginManager: Mounting plugin AppleImageUtils
LogPluginManager: Mounting plugin AppleMoviePlayer
LogPluginManager: Mounting plugin ArchVisCharacter
LogPluginManager: Mounting plugin AssetTags
LogPluginManager: Mounting plugin AudioCapture
LogPluginManager: Mounting plugin CableComponent
LogPluginManager: Mounting plugin CustomMeshComponent
LogPluginManager: Mounting plugin EditableMesh
LogPluginManager: Mounting plugin ExampleDeviceProfileSelector
LogPluginManager: Mounting plugin GoogleCloudMessaging
LogPluginManager: Mounting plugin IOSDeviceProfileSelector
LogPluginManager: Mounting plugin LinuxDeviceProfileSelector
LogPluginManager: Mounting plugin LocationServicesBPLibrary
LogPluginManager: Mounting plugin MobilePatchingUtils
LogPluginManager: Mounting plugin OculusVR
LogPluginManager: Mounting plugin PhysXVehicles
LogPluginManager: Mounting plugin PostSplashScreen
LogPluginManager: Mounting plugin ProceduralMeshComponent
LogPluginManager: Mounting plugin RuntimePhysXCooking
LogPluginManager: Mounting plugin SignificanceManager
LogPluginManager: Mounting plugin SteamVR
LogPluginManager: Mounting plugin WebMMoviePlayer
LogPluginManager: Mounting plugin WindowsMoviePlayer
LogPluginManager: Mounting plugin ScreenshotTools
LogInit: Using libcurl 7.55.1-DEV
LogInit:  - built for x86_64-pc-win32
LogInit:  - supports SSL with OpenSSL/1.1.1
LogInit:  - supports HTTP deflate (compression) using libz 1.2.8
LogInit:  - other features:
LogInit:      CURL_VERSION_SSL
LogInit:      CURL_VERSION_LIBZ
LogInit:      CURL_VERSION_IPV6
LogInit:      CURL_VERSION_ASYNCHDNS
LogInit:      CURL_VERSION_LARGEFILE
LogInit:      CURL_VERSION_IDN
LogInit:  CurlRequestOptions (configurable via config and command line):
LogInit:  - bVerifyPeer = true  - Libcurl will verify peer certificate
LogInit:  - bUseHttpProxy = false  - Libcurl will NOT use HTTP proxy
LogInit:  - bDontReuseConnections = false  - Libcurl will reuse connections
LogInit:  - MaxHostConnections = 16  - Libcurl will limit the number of connections to a host
LogInit:  - LocalHostAddr = Default
LogInit:  - BufferSize = 65536
LogOnline: OSS: Creating online subsystem instance for: NULL
LogInit: WinSock: version 1.1 (2.2), MaxSocks=32767, MaxUdp=65467
LogOnline: OSS: TryLoadSubsystemAndSetDefault: Loaded subsystem for module [NULL]
LogHMD: Failed initializing OVRPlugin 1.40.0
LogInit: Build: ++UE4+Release-4.24-CL-11100242
LogInit: Engine Version: 4.24.2-11100242+++UE4+Release-4.24
LogInit: Compatible Engine Version: 4.24.0-10570792+++UE4+Release-4.24
LogInit: Net CL: 10570792
LogInit: OS: Windows 10 (Release 1903) (), CPU: AMD Ryzen 5 2600 Six-Core Processor            , GPU: NVIDIA GeForce GTX 1070
LogInit: Compiled (64-bit): Jan 24 2020 02:05:53
LogInit: Compiled with Visual C++: 19.16.27032.01
LogInit: Build Configuration: Development
LogInit: Branch Name: ++UE4+Release-4.24
LogInit: Command Line:  -EpicPortal -epicusername=thirtyacors -epicuserid=ad1d58c5f4cd4c999f96bb8eb18659de -epiclocale=es
LogInit: Base Directory: D:/Epic Games/UE_4.24/Engine/Binaries/Win64/
LogInit: Installed Engine Build: 1
LogDevObjectVersion: Number of dev versions registered: 25
LogDevObjectVersion:   Dev-Blueprints (B0D832E4-1F89-4F0D-ACCF-7EB736FD4AA2): 10
LogDevObjectVersion:   Dev-Build (E1C64328-A22C-4D53-A36C-8E866417BD8C): 0
LogDevObjectVersion:   Dev-Core (375EC13C-06E4-48FB-B500-84F0262A717E): 3
LogDevObjectVersion:   Dev-Editor (E4B068ED-F494-42E9-A231-DA0B2E46BB41): 37
LogDevObjectVersion:   Dev-Framework (CFFC743F-43B0-4480-9391-14DF171D2073): 36
LogDevObjectVersion:   Dev-Mobile (B02B49B5-BB20-44E9-A304-32B752E40360): 2
LogDevObjectVersion:   Dev-Networking (A4E4105C-59A1-49B5-A7C5-40C4547EDFEE): 0
LogDevObjectVersion:   Dev-Online (39C831C9-5AE6-47DC-9A44-9C173E1C8E7C): 0
LogDevObjectVersion:   Dev-Physics (78F01B33-EBEA-4F98-B9B4-84EACCB95AA2): 2
LogDevObjectVersion:   Dev-Platform (6631380F-2D4D-43E0-8009-CF276956A95A): 0
LogDevObjectVersion:   Dev-Rendering (12F88B9F-8875-4AFC-A67C-D90C383ABD29): 36
LogDevObjectVersion:   Dev-Sequencer (7B5AE74C-D270-4C10-A958-57980B212A5A): 11
LogDevObjectVersion:   Dev-VR (D7296918-1DD6-4BDD-9DE2-64A83CC13884): 2
LogDevObjectVersion:   Dev-LoadTimes (C2A15278-BFE7-4AFE-6C17-90FF531DF755): 1
LogDevObjectVersion:   Private-Geometry (6EACA3D4-40EC-4CC1-B786-8BED09428FC5): 3
LogDevObjectVersion:   Dev-AnimPhys (29E575DD-E0A3-4627-9D10-D276232CDCEA): 17
LogDevObjectVersion:   Dev-Anim (AF43A65D-7FD3-4947-9873-3E8ED9C1BB05): 2
LogDevObjectVersion:   Dev-ReflectionCapture (6B266CEC-1EC7-4B8F-A30B-E4D90942FC07): 1
LogDevObjectVersion:   Dev-Automation (0DF73D61-A23F-47EA-B727-89E90C41499A): 1
LogDevObjectVersion:   FortniteMain (601D1886-AC64-4F84-AA16-D3DE0DEAC7D6): 31
LogDevObjectVersion:   Dev-Enterprise (9DFFBCD6-494F-0158-E221-12823C92A888): 8
LogDevObjectVersion:   Dev-Niagara (F2AED0AC-9AFE-416F-8664-AA7FFA26D6FC): 1
LogDevObjectVersion:   Dev-Destruction (174F1F0B-B4C6-45A5-B13F-2EE8D0FB917D): 9
LogDevObjectVersion:   Dev-Physics-Ext (35F94A83-E258-406C-A318-09F59610247C): 8
LogDevObjectVersion:   Dev-CineCamera (B2E18506-4273-CFC2-A54E-F4BB758BBA07): 1
LogInit: Presizing for max 25165824 objects, including 0 objects not considered by GC, pre-allocating 0 bytes for permanent pool.
LogInit: Object subsystem initialized
LogConfig: Setting CVar [[con.DebugEarlyDefault:1]]
LogConfig: Setting CVar [[r.setres:1280x720]]
[2020.02.27-17.52.47:896][  0]LogConfig: Setting CVar [[r.VSync:0]]
[2020.02.27-17.52.47:896][  0]LogConfig: Setting CVar [[r.RHICmdBypass:0]]
[2020.02.27-17.52.47:896][  0]LogConfig: Applying CVar settings from Section [/Script/Engine.RendererSettings] File [X:/Documents/GDDV/Motors 2/GladiatorArena/HnS/Saved/Config/Windows/Engine.ini]
[2020.02.27-17.52.47:896][  0]LogConfig: Setting CVar [[r.GPUCrashDebugging:0]]
[2020.02.27-17.52.47:896][  0]LogConfig: Applying CVar settings from Section [/Script/Engine.RendererOverrideSettings] File [X:/Documents/GDDV/Motors 2/GladiatorArena/HnS/Saved/Config/Windows/Engine.ini]
[2020.02.27-17.52.47:896][  0]LogConfig: Applying CVar settings from Section [/Script/Engine.StreamingSettings] File [X:/Documents/GDDV/Motors 2/GladiatorArena/HnS/Saved/Config/Windows/Engine.ini]
[2020.02.27-17.52.47:896][  0]LogConfig: Setting CVar [[s.MinBulkDataSizeForAsyncLoading:131072]]
[2020.02.27-17.52.47:896][  0]LogConfig: Setting CVar [[s.AsyncLoadingThreadEnabled:0]]
[2020.02.27-17.52.47:896][  0]LogConfig: Setting CVar [[s.EventDrivenLoaderEnabled:1]]
[2020.02.27-17.52.47:896][  0]LogConfig: Setting CVar [[s.WarnIfTimeLimitExceeded:0]]
[2020.02.27-17.52.47:896][  0]LogConfig: Setting CVar [[s.TimeLimitExceededMultiplier:1.5]]
[2020.02.27-17.52.47:896][  0]LogConfig: Setting CVar [[s.TimeLimitExceededMinTime:0.005]]
[2020.02.27-17.52.47:896][  0]LogConfig: Setting CVar [[s.UseBackgroundLevelStreaming:1]]
[2020.02.27-17.52.47:896][  0]LogConfig: Setting CVar [[s.PriorityAsyncLoadingExtraTime:15.0]]
[2020.02.27-17.52.47:896][  0]LogConfig: Setting CVar [[s.LevelStreamingActorsUpdateTimeLimit:5.0]]
[2020.02.27-17.52.47:896][  0]LogConfig: Setting CVar [[s.PriorityLevelStreamingActorsUpdateExtraTime:5.0]]
[2020.02.27-17.52.47:896][  0]LogConfig: Setting CVar [[s.LevelStreamingComponentsRegistrationGranularity:10]]
[2020.02.27-17.52.47:896][  0]LogConfig: Setting CVar [[s.UnregisterComponentsTimeLimit:1.0]]
[2020.02.27-17.52.47:896][  0]LogConfig: Setting CVar [[s.LevelStreamingComponentsUnregistrationGranularity:5]]
[2020.02.27-17.52.47:896][  0]LogConfig: Setting CVar [[s.FlushStreamingOnExit:1]]
[2020.02.27-17.52.47:896][  0]LogConfig: Applying CVar settings from Section [/Script/Engine.GarbageCollectionSettings] File [X:/Documents/GDDV/Motors 2/GladiatorArena/HnS/Saved/Config/Windows/Engine.ini]
[2020.02.27-17.52.47:896][  0]LogConfig: Setting CVar [[gc.MaxObjectsNotConsideredByGC:1]]
[2020.02.27-17.52.47:896][  0]LogConfig: Setting CVar [[gc.SizeOfPermanentObjectPool:0]]
[2020.02.27-17.52.47:896][  0]LogConfig: Setting CVar [[gc.FlushStreamingOnGC:0]]
[2020.02.27-17.52.47:896][  0]LogConfig: Setting CVar [[gc.NumRetriesBeforeForcingGC:10]]
[2020.02.27-17.52.47:896][  0]LogConfig: Setting CVar [[gc.AllowParallelGC:1]]
[2020.02.27-17.52.47:896][  0]LogConfig: Setting CVar [[gc.TimeBetweenPurgingPendingKillObjects:61.1]]
[2020.02.27-17.52.47:896][  0]LogConfig: Setting CVar [[gc.MaxObjectsInEditor:25165824]]
[2020.02.27-17.52.47:896][  0]LogConfig: Setting CVar [[gc.IncrementalBeginDestroyEnabled:1]]
[2020.02.27-17.52.47:896][  0]LogConfig: Setting CVar [[gc.CreateGCClusters:1]]
[2020.02.27-17.52.47:896][  0]LogConfig: Setting CVar [[gc.MinGCClusterSize:5]]
[2020.02.27-17.52.47:896][  0]LogConfig: Setting CVar [[gc.ActorClusteringEnabled:0]]
[2020.02.27-17.52.47:896][  0]LogConfig: Setting CVar [[gc.BlueprintClusteringEnabled:0]]
[2020.02.27-17.52.47:896][  0]LogConfig: Setting CVar [[gc.UseDisregardForGCOnDedicatedServers:0]]
[2020.02.27-17.52.47:896][  0]LogConfig: Applying CVar settings from Section [/Script/Engine.NetworkSettings] File [X:/Documents/GDDV/Motors 2/GladiatorArena/HnS/Saved/Config/Windows/Engine.ini]
[2020.02.27-17.52.47:896][  0]LogConfig: Applying CVar settings from Section [/Script/UnrealEd.CookerSettings] File [X:/Documents/GDDV/Motors 2/GladiatorArena/HnS/Saved/Config/Windows/Engine.ini]
[2020.02.27-17.52.47:899][  0]LogConfig: Applying CVar settings from Section [ViewDistanceQuality@3] File [X:/Documents/GDDV/Motors 2/GladiatorArena/HnS/Saved/Config/Windows/Scalability.ini]
[2020.02.27-17.52.47:899][  0]LogConfig: Setting CVar [[r.SkeletalMeshLODBias:0]]
[2020.02.27-17.52.47:899][  0]LogConfig: Setting CVar [[r.ViewDistanceScale:1.0]]
[2020.02.27-17.52.47:899][  0]LogConfig: Applying CVar settings from Section [AntiAliasingQuality@3] File [X:/Documents/GDDV/Motors 2/GladiatorArena/HnS/Saved/Config/Windows/Scalability.ini]
[2020.02.27-17.52.47:899][  0]LogConfig: Setting CVar [[r.PostProcessAAQuality:4]]
[2020.02.27-17.52.47:899][  0]LogConfig: Applying CVar settings from Section [ShadowQuality@3] File [X:/Documents/GDDV/Motors 2/GladiatorArena/HnS/Saved/Config/Windows/Scalability.ini]
[2020.02.27-17.52.47:899][  0]LogConfig: Setting CVar [[r.LightFunctionQuality:1]]
[2020.02.27-17.52.47:899][  0]LogConfig: Setting CVar [[r.ShadowQuality:5]]
[2020.02.27-17.52.47:899][  0]LogConfig: Setting CVar [[r.Shadow.CSM.MaxCascades:10]]
[2020.02.27-17.52.47:899][  0]LogConfig: Setting CVar [[r.Shadow.MaxResolution:2048]]
[2020.02.27-17.52.47:899][  0]LogConfig: Setting CVar [[r.Shadow.MaxCSMResolution:2048]]
[2020.02.27-17.52.47:899][  0]LogConfig: Setting CVar [[r.Shadow.RadiusThreshold:0.01]]
[2020.02.27-17.52.47:899][  0]LogConfig: Setting CVar [[r.Shadow.DistanceScale:1.0]]
[2020.02.27-17.52.47:899][  0]LogConfig: Setting CVar [[r.Shadow.CSM.TransitionScale:1.0]]
[2020.02.27-17.52.47:899][  0]LogConfig: Setting CVar [[r.Shadow.PreShadowResolutionFactor:1.0]]
[2020.02.27-17.52.47:899][  0]LogConfig: Setting CVar [[r.DistanceFieldShadowing:1]]
[2020.02.27-17.52.47:899][  0]LogConfig: Setting CVar [[r.DistanceFieldAO:1]]
[2020.02.27-17.52.47:899][  0]LogConfig: Setting CVar [[r.AOQuality:2]]
[2020.02.27-17.52.47:899][  0]LogConfig: Setting CVar [[r.VolumetricFog:1]]
[2020.02.27-17.52.47:899][  0]LogConfig: Setting CVar [[r.VolumetricFog.GridPixelSize:8]]
[2020.02.27-17.52.47:899][  0]LogConfig: Setting CVar [[r.VolumetricFog.GridSizeZ:128]]
[2020.02.27-17.52.47:899][  0]LogConfig: Setting CVar [[r.VolumetricFog.HistoryMissSupersampleCount:4]]
[2020.02.27-17.52.47:899][  0]LogConfig: Setting CVar [[r.LightMaxDrawDistanceScale:1]]
[2020.02.27-17.52.47:900][  0]LogConfig: Setting CVar [[r.CapsuleShadows:1]]
[2020.02.27-17.52.47:900][  0]LogConfig: Applying CVar settings from Section [PostProcessQuality@3] File [X:/Documents/GDDV/Motors 2/GladiatorArena/HnS/Saved/Config/Windows/Scalability.ini]
[2020.02.27-17.52.47:900][  0]LogConfig: Setting CVar [[r.MotionBlurQuality:4]]
[2020.02.27-17.52.47:900][  0]LogConfig: Setting CVar [[r.AmbientOcclusionMipLevelFactor:0.4]]
[2020.02.27-17.52.47:900][  0]LogConfig: Setting CVar [[r.AmbientOcclusionMaxQuality:100]]
[2020.02.27-17.52.47:900][  0]LogConfig: Setting CVar [[r.AmbientOcclusionLevels:-1]]
[2020.02.27-17.52.47:900][  0]LogConfig: Setting CVar [[r.AmbientOcclusionRadiusScale:1.0]]
[2020.02.27-17.52.47:900][  0]LogConfig: Setting CVar [[r.DepthOfFieldQuality:2]]
[2020.02.27-17.52.47:900][  0]LogConfig: Setting CVar [[r.RenderTargetPoolMin:400]]
[2020.02.27-17.52.47:900][  0]LogConfig: Setting CVar [[r.LensFlareQuality:2]]
[2020.02.27-17.52.47:900][  0]LogConfig: Setting CVar [[r.SceneColorFringeQuality:1]]
[2020.02.27-17.52.47:900][  0]LogConfig: Setting CVar [[r.EyeAdaptationQuality:2]]
[2020.02.27-17.52.47:900][  0]LogConfig: Setting CVar [[r.BloomQuality:5]]
[2020.02.27-17.52.47:900][  0]LogConfig: Setting CVar [[r.FastBlurThreshold:100]]
[2020.02.27-17.52.47:900][  0]LogConfig: Setting CVar [[r.Upscale.Quality:3]]
[2020.02.27-17.52.47:900][  0]LogConfig: Setting CVar [[r.Tonemapper.GrainQuantization:1]]
[2020.02.27-17.52.47:900][  0]LogConfig: Setting CVar [[r.LightShaftQuality:1]]
[2020.02.27-17.52.47:900][  0]LogConfig: Setting CVar [[r.Filter.SizeScale:1]]
[2020.02.27-17.52.47:900][  0]LogConfig: Setting CVar [[r.Tonemapper.Quality:5]]
[2020.02.27-17.52.47:900][  0]LogConfig: Setting CVar [[r.DOF.Gather.AccumulatorQuality:1        ; higher gathering accumulator quality]]
[2020.02.27-17.52.47:900][  0]LogConfig: Setting CVar [[r.DOF.Gather.PostfilterMethod:1          ; Median3x3 postfilering method]]
[2020.02.27-17.52.47:900][  0]LogConfig: Setting CVar [[r.DOF.Gather.EnableBokehSettings:0       ; no bokeh simulation when gathering]]
[2020.02.27-17.52.47:900][  0]LogConfig: Setting CVar [[r.DOF.Gather.RingCount:4                 ; medium number of samples when gathering]]
[2020.02.27-17.52.47:900][  0]LogConfig: Setting CVar [[r.DOF.Scatter.ForegroundCompositing:1    ; additive foreground scattering]]
[2020.02.27-17.52.47:900][  0]LogConfig: Setting CVar [[r.DOF.Scatter.BackgroundCompositing:2    ; additive background scattering]]
[2020.02.27-17.52.47:900][  0]LogConfig: Setting CVar [[r.DOF.Scatter.EnableBokehSettings:1      ; bokeh simulation when scattering]]
[2020.02.27-17.52.47:900][  0]LogConfig: Setting CVar [[r.DOF.Scatter.MaxSpriteRatio:0.1         ; only a maximum of 10% of scattered bokeh]]
[2020.02.27-17.52.47:900][  0]LogConfig: Setting CVar [[r.DOF.Recombine.Quality:1                ; cheap slight out of focus]]
[2020.02.27-17.52.47:900][  0]LogConfig: Setting CVar [[r.DOF.Recombine.EnableBokehSettings:0    ; no bokeh simulation on slight out of focus]]
[2020.02.27-17.52.47:900][  0]LogConfig: Setting CVar [[r.DOF.TemporalAAQuality:1                ; more stable temporal accumulation]]
[2020.02.27-17.52.47:900][  0]LogConfig: Setting CVar [[r.DOF.Kernel.MaxForegroundRadius:0.025]]
[2020.02.27-17.52.47:900][  0]LogConfig: Setting CVar [[r.DOF.Kernel.MaxBackgroundRadius:0.025]]
[2020.02.27-17.52.47:900][  0]LogConfig: Applying CVar settings from Section [TextureQuality@3] File [X:/Documents/GDDV/Motors 2/GladiatorArena/HnS/Saved/Config/Windows/Scalability.ini]
[2020.02.27-17.52.47:900][  0]LogConfig: Setting CVar [[r.Streaming.MipBias:0]]
[2020.02.27-17.52.47:900][  0]LogConfig: Setting CVar [[r.Streaming.AmortizeCPUToGPUCopy:0]]
[2020.02.27-17.52.47:900][  0]LogConfig: Setting CVar [[r.Streaming.MaxNumTexturesToStreamPerFrame:0]]
[2020.02.27-17.52.47:900][  0]LogConfig: Setting CVar [[r.Streaming.Boost:1]]
[2020.02.27-17.52.47:900][  0]LogConfig: Setting CVar [[r.MaxAnisotropy:8]]
[2020.02.27-17.52.47:900][  0]LogConfig: Setting CVar [[r.VT.MaxAnisotropy:8]]
[2020.02.27-17.52.47:900][  0]LogConfig: Setting CVar [[r.Streaming.LimitPoolSizeToVRAM:0]]
[2020.02.27-17.52.47:900][  0]LogConfig: Setting CVar [[r.Streaming.PoolSize:1000]]
[2020.02.27-17.52.47:900][  0]LogConfig: Setting CVar [[r.Streaming.MaxEffectiveScreenSize:0]]
[2020.02.27-17.52.47:900][  0]LogConfig: Applying CVar settings from Section [EffectsQuality@3] File [X:/Documents/GDDV/Motors 2/GladiatorArena/HnS/Saved/Config/Windows/Scalability.ini]
[2020.02.27-17.52.47:900][  0]LogConfig: Setting CVar [[r.TranslucencyLightingVolumeDim:64]]
[2020.02.27-17.52.47:900][  0]LogConfig: Setting CVar [[r.RefractionQuality:2]]
[2020.02.27-17.52.47:900][  0]LogConfig: Setting CVar [[r.SSR.Quality:3]]
[2020.02.27-17.52.47:900][  0]LogConfig: Setting CVar [[r.SSR.HalfResSceneColor:0]]
[2020.02.27-17.52.47:900][  0]LogConfig: Setting CVar [[r.SceneColorFormat:4]]
[2020.02.27-17.52.47:901][  0]LogConfig: Setting CVar [[r.DetailMode:2]]
[2020.02.27-17.52.47:901][  0]LogConfig: Setting CVar [[r.TranslucencyVolumeBlur:1]]
[2020.02.27-17.52.47:901][  0]LogConfig: Setting CVar [[r.MaterialQualityLevel:1 ; High quality]]
[2020.02.27-17.52.47:901][  0]LogConfig: Setting CVar [[r.SSS.Scale:1]]
[2020.02.27-17.52.47:901][  0]LogConfig: Setting CVar [[r.SSS.SampleSet:2]]
[2020.02.27-17.52.47:901][  0]LogConfig: Setting CVar [[r.SSS.Quality:1]]
[2020.02.27-17.52.47:901][  0]LogConfig: Setting CVar [[r.SSS.HalfRes:1]]
[2020.02.27-17.52.47:901][  0]LogConfig: Setting CVar [[r.SSGI.Quality:3]]
[2020.02.27-17.52.47:901][  0]LogConfig: Setting CVar [[r.EmitterSpawnRateScale:1.0]]
[2020.02.27-17.52.47:901][  0]LogConfig: Setting CVar [[r.ParticleLightQuality:2]]
[2020.02.27-17.52.47:901][  0]LogConfig: Setting CVar [[r.SkyAtmosphere.AerialPerspectiveLUT.FastApplyOnOpaque:1 ; Always have FastSkyLUT 1 in this case to avoid wrong sky]]
[2020.02.27-17.52.47:901][  0]LogConfig: Setting CVar [[r.SkyAtmosphere.AerialPerspectiveLUT.SampleCountPerSlice:1]]
[2020.02.27-17.52.47:901][  0]LogConfig: Setting CVar [[r.SkyAtmosphere.AerialPerspectiveLUT.DepthResolution:16.0]]
[2020.02.27-17.52.47:901][  0]LogConfig: Setting CVar [[r.SkyAtmosphere.FastSkyLUT:1]]
[2020.02.27-17.52.47:901][  0]LogConfig: Setting CVar [[r.SkyAtmosphere.FastSkyLUT.SampleCountMin:4.0]]
[2020.02.27-17.52.47:901][  0]LogConfig: Setting CVar [[r.SkyAtmosphere.FastSkyLUT.SampleCountMax:32.0]]
[2020.02.27-17.52.47:901][  0]LogConfig: Setting CVar [[r.SkyAtmosphere.SampleCountMin:4.0]]
[2020.02.27-17.52.47:901][  0]LogConfig: Setting CVar [[r.SkyAtmosphere.SampleCountMax:32.0]]
[2020.02.27-17.52.47:901][  0]LogConfig: Setting CVar [[r.SkyAtmosphere.TransmittanceLUT.UseSmallFormat:0]]
[2020.02.27-17.52.47:901][  0]LogConfig: Setting CVar [[r.SkyAtmosphere.TransmittanceLUT.SampleCount:10.0]]
[2020.02.27-17.52.47:901][  0]LogConfig: Setting CVar [[r.SkyAtmosphere.MultiScatteringLUT.SampleCount:15.0]]
[2020.02.27-17.52.47:901][  0]LogConfig: Applying CVar settings from Section [FoliageQuality@3] File [X:/Documents/GDDV/Motors 2/GladiatorArena/HnS/Saved/Config/Windows/Scalability.ini]
[2020.02.27-17.52.47:901][  0]LogConfig: Setting CVar [[foliage.DensityScale:1.0]]
[2020.02.27-17.52.47:901][  0]LogConfig: Setting CVar [[grass.DensityScale:1.0]]
[2020.02.27-17.52.47:901][  0]LogConfig: Applying CVar settings from Section [ShadingQuality@3] File [X:/Documents/GDDV/Motors 2/GladiatorArena/HnS/Saved/Config/Windows/Scalability.ini]
[2020.02.27-17.52.47:901][  0]LogConfig: Setting CVar [[r.HairStrands.SkyLighting.SampleCount:16]]
[2020.02.27-17.52.47:901][  0]LogConfig: Setting CVar [[r.HairStrands.SkyLighting.JitterIntegration:0]]
[2020.02.27-17.52.47:901][  0]LogConfig: Setting CVar [[r.HairStrands.SkyAO.SampleCount:16]]
[2020.02.27-17.52.47:901][  0]LogInit: Selected Device Profile: [Windows]
[2020.02.27-17.52.47:901][  0]LogInit: Applying CVar settings loaded from the selected device profile: [Windows]
[2020.02.27-17.52.47:904][  0]LogHAL: Display: Platform has ~ 16 GB [17113747456 / 17179869184 / 16], which maps to Larger [LargestMinGB=32, LargerMinGB=12, DefaultMinGB=8, SmallerMinGB=6, SmallestMinGB=0)
[2020.02.27-17.52.47:904][  0]LogInit: Going up to parent DeviceProfile []
[2020.02.27-17.52.47:904][  0]LogConfig: Applying CVar settings from Section [ViewDistanceQuality@3] File [X:/Documents/GDDV/Motors 2/GladiatorArena/HnS/Saved/Config/Windows/Scalability.ini]
[2020.02.27-17.52.47:904][  0]LogConfig: Setting CVar [[r.SkeletalMeshLODBias:0]]
[2020.02.27-17.52.47:904][  0]LogConfig: Setting CVar [[r.ViewDistanceScale:1.0]]
[2020.02.27-17.52.47:904][  0]LogConfig: Applying CVar settings from Section [AntiAliasingQuality@3] File [X:/Documents/GDDV/Motors 2/GladiatorArena/HnS/Saved/Config/Windows/Scalability.ini]
[2020.02.27-17.52.47:904][  0]LogConfig: Setting CVar [[r.PostProcessAAQuality:4]]
[2020.02.27-17.52.47:904][  0]LogConfig: Applying CVar settings from Section [ShadowQuality@3] File [X:/Documents/GDDV/Motors 2/GladiatorArena/HnS/Saved/Config/Windows/Scalability.ini]
[2020.02.27-17.52.47:904][  0]LogConfig: Setting CVar [[r.LightFunctionQuality:1]]
[2020.02.27-17.52.47:904][  0]LogConfig: Setting CVar [[r.ShadowQuality:5]]
[2020.02.27-17.52.47:904][  0]LogConfig: Setting CVar [[r.Shadow.CSM.MaxCascades:10]]
[2020.02.27-17.52.47:904][  0]LogConfig: Setting CVar [[r.Shadow.MaxResolution:2048]]
[2020.02.27-17.52.47:904][  0]LogConfig: Setting CVar [[r.Shadow.MaxCSMResolution:2048]]
[2020.02.27-17.52.47:904][  0]LogConfig: Setting CVar [[r.Shadow.RadiusThreshold:0.01]]
[2020.02.27-17.52.47:904][  0]LogConfig: Setting CVar [[r.Shadow.DistanceScale:1.0]]
[2020.02.27-17.52.47:904][  0]LogConfig: Setting CVar [[r.Shadow.CSM.TransitionScale:1.0]]
[2020.02.27-17.52.47:904][  0]LogConfig: Setting CVar [[r.Shadow.PreShadowResolutionFactor:1.0]]
[2020.02.27-17.52.47:904][  0]LogConfig: Setting CVar [[r.DistanceFieldShadowing:1]]
[2020.02.27-17.52.47:905][  0]LogConfig: Setting CVar [[r.DistanceFieldAO:1]]
[2020.02.27-17.52.47:905][  0]LogConfig: Setting CVar [[r.AOQuality:2]]
[2020.02.27-17.52.47:905][  0]LogConfig: Setting CVar [[r.VolumetricFog:1]]
[2020.02.27-17.52.47:905][  0]LogConfig: Setting CVar [[r.VolumetricFog.GridPixelSize:8]]
[2020.02.27-17.52.47:905][  0]LogConfig: Setting CVar [[r.VolumetricFog.GridSizeZ:128]]
[2020.02.27-17.52.47:905][  0]LogConfig: Setting CVar [[r.VolumetricFog.HistoryMissSupersampleCount:4]]
[2020.02.27-17.52.47:905][  0]LogConfig: Setting CVar [[r.LightMaxDrawDistanceScale:1]]
[2020.02.27-17.52.47:905][  0]LogConfig: Setting CVar [[r.CapsuleShadows:1]]
[2020.02.27-17.52.47:905][  0]LogConfig: Applying CVar settings from Section [PostProcessQuality@3] File [X:/Documents/GDDV/Motors 2/GladiatorArena/HnS/Saved/Config/Windows/Scalability.ini]
[2020.02.27-17.52.47:905][  0]LogConfig: Setting CVar [[r.MotionBlurQuality:4]]
[2020.02.27-17.52.47:905][  0]LogConfig: Setting CVar [[r.AmbientOcclusionMipLevelFactor:0.4]]
[2020.02.27-17.52.47:905][  0]LogConfig: Setting CVar [[r.AmbientOcclusionMaxQuality:100]]
[2020.02.27-17.52.47:905][  0]LogConfig: Setting CVar [[r.AmbientOcclusionLevels:-1]]
[2020.02.27-17.52.47:905][  0]LogConfig: Setting CVar [[r.AmbientOcclusionRadiusScale:1.0]]
[2020.02.27-17.52.47:905][  0]LogConfig: Setting CVar [[r.DepthOfFieldQuality:2]]
[2020.02.27-17.52.47:905][  0]LogConfig: Setting CVar [[r.RenderTargetPoolMin:400]]
[2020.02.27-17.52.47:905][  0]LogConfig: Setting CVar [[r.LensFlareQuality:2]]
[2020.02.27-17.52.47:905][  0]LogConfig: Setting CVar [[r.SceneColorFringeQuality:1]]
[2020.02.27-17.52.47:905][  0]LogConfig: Setting CVar [[r.EyeAdaptationQuality:2]]
[2020.02.27-17.52.47:905][  0]LogConfig: Setting CVar [[r.BloomQuality:5]]
[2020.02.27-17.52.47:905][  0]LogConfig: Setting CVar [[r.FastBlurThreshold:100]]
[2020.02.27-17.52.47:905][  0]LogConfig: Setting CVar [[r.Upscale.Quality:3]]
[2020.02.27-17.52.47:905][  0]LogConfig: Setting CVar [[r.Tonemapper.GrainQuantization:1]]
[2020.02.27-17.52.47:905][  0]LogConfig: Setting CVar [[r.LightShaftQuality:1]]
[2020.02.27-17.52.47:905][  0]LogConfig: Setting CVar [[r.Filter.SizeScale:1]]
[2020.02.27-17.52.47:905][  0]LogConfig: Setting CVar [[r.Tonemapper.Quality:5]]
[2020.02.27-17.52.47:905][  0]LogConfig: Setting CVar [[r.DOF.Gather.AccumulatorQuality:1        ; higher gathering accumulator quality]]
[2020.02.27-17.52.47:905][  0]LogConfig: Setting CVar [[r.DOF.Gather.PostfilterMethod:1          ; Median3x3 postfilering method]]
[2020.02.27-17.52.47:905][  0]LogConfig: Setting CVar [[r.DOF.Gather.EnableBokehSettings:0       ; no bokeh simulation when gathering]]
[2020.02.27-17.52.47:905][  0]LogConfig: Setting CVar [[r.DOF.Gather.RingCount:4                 ; medium number of samples when gathering]]
[2020.02.27-17.52.47:905][  0]LogConfig: Setting CVar [[r.DOF.Scatter.ForegroundCompositing:1    ; additive foreground scattering]]
[2020.02.27-17.52.47:905][  0]LogConfig: Setting CVar [[r.DOF.Scatter.BackgroundCompositing:2    ; additive background scattering]]
[2020.02.27-17.52.47:905][  0]LogConfig: Setting CVar [[r.DOF.Scatter.EnableBokehSettings:1      ; bokeh simulation when scattering]]
[2020.02.27-17.52.47:905][  0]LogConfig: Setting CVar [[r.DOF.Scatter.MaxSpriteRatio:0.1         ; only a maximum of 10% of scattered bokeh]]
[2020.02.27-17.52.47:905][  0]LogConfig: Setting CVar [[r.DOF.Recombine.Quality:1                ; cheap slight out of focus]]
[2020.02.27-17.52.47:905][  0]LogConfig: Setting CVar [[r.DOF.Recombine.EnableBokehSettings:0    ; no bokeh simulation on slight out of focus]]
[2020.02.27-17.52.47:905][  0]LogConfig: Setting CVar [[r.DOF.TemporalAAQuality:1                ; more stable temporal accumulation]]
[2020.02.27-17.52.47:905][  0]LogConfig: Setting CVar [[r.DOF.Kernel.MaxForegroundRadius:0.025]]
[2020.02.27-17.52.47:905][  0]LogConfig: Setting CVar [[r.DOF.Kernel.MaxBackgroundRadius:0.025]]
[2020.02.27-17.52.47:905][  0]LogConfig: Applying CVar settings from Section [TextureQuality@3] File [X:/Documents/GDDV/Motors 2/GladiatorArena/HnS/Saved/Config/Windows/Scalability.ini]
[2020.02.27-17.52.47:905][  0]LogConfig: Setting CVar [[r.Streaming.MipBias:0]]
[2020.02.27-17.52.47:905][  0]LogConfig: Setting CVar [[r.Streaming.AmortizeCPUToGPUCopy:0]]
[2020.02.27-17.52.47:905][  0]LogConfig: Setting CVar [[r.Streaming.MaxNumTexturesToStreamPerFrame:0]]
[2020.02.27-17.52.47:905][  0]LogConfig: Setting CVar [[r.Streaming.Boost:1]]
[2020.02.27-17.52.47:905][  0]LogConfig: Setting CVar [[r.MaxAnisotropy:8]]
[2020.02.27-17.52.47:905][  0]LogConfig: Setting CVar [[r.VT.MaxAnisotropy:8]]
[2020.02.27-17.52.47:905][  0]LogConfig: Setting CVar [[r.Streaming.LimitPoolSizeToVRAM:0]]
[2020.02.27-17.52.47:905][  0]LogConfig: Setting CVar [[r.Streaming.PoolSize:1000]]
[2020.02.27-17.52.47:905][  0]LogConfig: Setting CVar [[r.Streaming.MaxEffectiveScreenSize:0]]
[2020.02.27-17.52.47:905][  0]LogConfig: Applying CVar settings from Section [EffectsQuality@3] File [X:/Documents/GDDV/Motors 2/GladiatorArena/HnS/Saved/Config/Windows/Scalability.ini]
[2020.02.27-17.52.47:905][  0]LogConfig: Setting CVar [[r.TranslucencyLightingVolumeDim:64]]
[2020.02.27-17.52.47:905][  0]LogConfig: Setting CVar [[r.RefractionQuality:2]]
[2020.02.27-17.52.47:905][  0]LogConfig: Setting CVar [[r.SSR.Quality:3]]
[2020.02.27-17.52.47:905][  0]LogConfig: Setting CVar [[r.SSR.HalfResSceneColor:0]]
[2020.02.27-17.52.47:905][  0]LogConfig: Setting CVar [[r.SceneColorFormat:4]]
[2020.02.27-17.52.47:905][  0]LogConfig: Setting CVar [[r.DetailMode:2]]
[2020.02.27-17.52.47:905][  0]LogConfig: Setting CVar [[r.TranslucencyVolumeBlur:1]]
[2020.02.27-17.52.47:905][  0]LogConfig: Setting CVar [[r.MaterialQualityLevel:1 ; High quality]]
[2020.02.27-17.52.47:905][  0]LogConfig: Setting CVar [[r.SSS.Scale:1]]
[2020.02.27-17.52.47:905][  0]LogConfig: Setting CVar [[r.SSS.SampleSet:2]]
[2020.02.27-17.52.47:905][  0]LogConfig: Setting CVar [[r.SSS.Quality:1]]
[2020.02.27-17.52.47:905][  0]LogConfig: Setting CVar [[r.SSS.HalfRes:1]]
[2020.02.27-17.52.47:906][  0]LogConfig: Setting CVar [[r.SSGI.Quality:3]]
[2020.02.27-17.52.47:906][  0]LogConfig: Setting CVar [[r.EmitterSpawnRateScale:1.0]]
[2020.02.27-17.52.47:906][  0]LogConfig: Setting CVar [[r.ParticleLightQuality:2]]
[2020.02.27-17.52.47:906][  0]LogConfig: Setting CVar [[r.SkyAtmosphere.AerialPerspectiveLUT.FastApplyOnOpaque:1 ; Always have FastSkyLUT 1 in this case to avoid wrong sky]]
[2020.02.27-17.52.47:906][  0]LogConfig: Setting CVar [[r.SkyAtmosphere.AerialPerspectiveLUT.SampleCountPerSlice:1]]
[2020.02.27-17.52.47:906][  0]LogConfig: Setting CVar [[r.SkyAtmosphere.AerialPerspectiveLUT.DepthResolution:16.0]]
[2020.02.27-17.52.47:906][  0]LogConfig: Setting CVar [[r.SkyAtmosphere.FastSkyLUT:1]]
[2020.02.27-17.52.47:906][  0]LogConfig: Setting CVar [[r.SkyAtmosphere.FastSkyLUT.SampleCountMin:4.0]]
[2020.02.27-17.52.47:906][  0]LogConfig: Setting CVar [[r.SkyAtmosphere.FastSkyLUT.SampleCountMax:32.0]]
[2020.02.27-17.52.47:906][  0]LogConfig: Setting CVar [[r.SkyAtmosphere.SampleCountMin:4.0]]
[2020.02.27-17.52.47:906][  0]LogConfig: Setting CVar [[r.SkyAtmosphere.SampleCountMax:32.0]]
[2020.02.27-17.52.47:906][  0]LogConfig: Setting CVar [[r.SkyAtmosphere.TransmittanceLUT.UseSmallFormat:0]]
[2020.02.27-17.52.47:906][  0]LogConfig: Setting CVar [[r.SkyAtmosphere.TransmittanceLUT.SampleCount:10.0]]
[2020.02.27-17.52.47:906][  0]LogConfig: Setting CVar [[r.SkyAtmosphere.MultiScatteringLUT.SampleCount:15.0]]
[2020.02.27-17.52.47:906][  0]LogConfig: Applying CVar settings from Section [FoliageQuality@3] File [X:/Documents/GDDV/Motors 2/GladiatorArena/HnS/Saved/Config/Windows/Scalability.ini]
[2020.02.27-17.52.47:906][  0]LogConfig: Setting CVar [[foliage.DensityScale:1.0]]
[2020.02.27-17.52.47:906][  0]LogConfig: Setting CVar [[grass.DensityScale:1.0]]
[2020.02.27-17.52.47:906][  0]LogConfig: Applying CVar settings from Section [ShadingQuality@3] File [X:/Documents/GDDV/Motors 2/GladiatorArena/HnS/Saved/Config/Windows/Scalability.ini]
[2020.02.27-17.52.47:906][  0]LogConfig: Setting CVar [[r.HairStrands.SkyLighting.SampleCount:16]]
[2020.02.27-17.52.47:906][  0]LogConfig: Setting CVar [[r.HairStrands.SkyLighting.JitterIntegration:0]]
[2020.02.27-17.52.47:906][  0]LogConfig: Setting CVar [[r.HairStrands.SkyAO.SampleCount:16]]
[2020.02.27-17.52.47:906][  0]LogConfig: Applying CVar settings from Section [Startup] File [../../../Engine/Config/ConsoleVariables.ini]
[2020.02.27-17.52.47:906][  0]LogConfig: Setting CVar [[net.UseAdaptiveNetUpdateFrequency:0]]
[2020.02.27-17.52.47:906][  0]LogConfig: Setting CVar [[p.chaos.AllowCreatePhysxBodies:1]]
[2020.02.27-17.52.47:906][  0]LogConfig: Applying CVar settings from Section [ConsoleVariables] File [X:/Documents/GDDV/Motors 2/GladiatorArena/HnS/Saved/Config/Windows/Engine.ini]
[2020.02.27-17.52.47:906][  0]LogInit: Computer: DESKTOP-KHGMGCQ
[2020.02.27-17.52.47:906][  0]LogInit: User: Arnau
[2020.02.27-17.52.47:906][  0]LogInit: CPU Page size=4096, Cores=6
[2020.02.27-17.52.47:906][  0]LogInit: High frequency timer resolution =10.000000 MHz
[2020.02.27-17.52.47:907][  0]LogMemory: Memory total: Physical=15.9GB (16GB approx)
[2020.02.27-17.52.47:907][  0]LogMemory: Platform Memory Stats for Windows
[2020.02.27-17.52.47:907][  0]LogMemory: Process Physical Memory: 110.99 MB used, 111.00 MB peak
[2020.02.27-17.52.47:907][  0]LogMemory: Process Virtual Memory: 105.77 MB used, 105.77 MB peak
[2020.02.27-17.52.47:907][  0]LogMemory: Physical Memory: 6771.09 MB used,  9549.85 MB free, 16320.94 MB total
[2020.02.27-17.52.47:907][  0]LogMemory: Virtual Memory: 5204.14 MB used,  134212520.00 MB free, 134217728.00 MB total
[2020.02.27-17.52.47:909][  0]LogWindows: WindowsPlatformFeatures enabled
[2020.02.27-17.52.47:932][  0]LogInit: Overriding language with editor language configuration option (en).
[2020.02.27-17.52.47:932][  0]LogInit: Overriding locale with editor locale configuration option (en).
[2020.02.27-17.52.48:131][  0]LogInit: Setting process to per monitor DPI aware
[2020.02.27-17.52.48:159][  0]LogSlate: New Slate User Created.  User Index 0, Is Virtual User: 0
[2020.02.27-17.52.48:159][  0]LogSlate: Slate User Registered.  User Index 0, Is Virtual User: 0
[2020.02.27-17.52.48:326][  0]LogHMD: Failed to initialize OpenVR with code 126
[2020.02.27-17.52.48:326][  0]LogD3D11RHI: D3D11 min allowed feature level: 11_0
[2020.02.27-17.52.48:326][  0]LogD3D11RHI: D3D11 max allowed feature level: 11_0
[2020.02.27-17.52.48:326][  0]LogD3D11RHI: D3D11 adapters:
[2020.02.27-17.52.48:404][  0]LogD3D11RHI:    0. 'NVIDIA GeForce GTX 1070' (Feature Level 11_0)
[2020.02.27-17.52.48:405][  0]LogD3D11RHI:       8088/0/8160 MB DedicatedVideo/DedicatedSystem/SharedSystem, Outputs:1, VendorId:0x10de
[2020.02.27-17.52.48:407][  0]LogD3D11RHI:    1. 'Microsoft Basic Render Driver' (Feature Level 11_0)
[2020.02.27-17.52.48:407][  0]LogD3D11RHI:       0/0/8160 MB DedicatedVideo/DedicatedSystem/SharedSystem, Outputs:0, VendorId:0x1414
[2020.02.27-17.52.48:407][  0]LogD3D11RHI: Chosen D3D11 Adapter: 0
[2020.02.27-17.52.48:416][  0]LogD3D11RHI: Creating new Direct3DDevice
[2020.02.27-17.52.48:416][  0]LogD3D11RHI:     GPU DeviceId: 0x1b81 (for the marketing name, search the web for "GPU Device Id")
[2020.02.27-17.52.48:416][  0]LogWindows: EnumDisplayDevices:
[2020.02.27-17.52.48:416][  0]LogWindows:    0. 'NVIDIA GeForce GTX 1070' (P:1 D:1)
[2020.02.27-17.52.48:416][  0]LogWindows:    1. 'NVIDIA GeForce GTX 1070' (P:0 D:0)
[2020.02.27-17.52.48:416][  0]LogWindows:    2. 'NVIDIA GeForce GTX 1070' (P:0 D:0)
[2020.02.27-17.52.48:417][  0]LogWindows:    3. 'NVIDIA GeForce GTX 1070' (P:0 D:0)
[2020.02.27-17.52.48:417][  0]LogWindows: DebugString: FoundDriverCount:4 
[2020.02.27-17.52.48:417][  0]LogD3D11RHI:     Adapter Name: NVIDIA GeForce GTX 1070
[2020.02.27-17.52.48:417][  0]LogD3D11RHI:   Driver Version: 442.19 (internal:26.21.14.4219, unified:442.19)
[2020.02.27-17.52.48:417][  0]LogD3D11RHI:      Driver Date: 1-29-2020
[2020.02.27-17.52.48:417][  0]LogRHI: Texture pool is 5661 MB (70% of 8088 MB)
[2020.02.27-17.52.48:472][  0]LogD3D11RHI: RHI has support for 64 bit atomics
[2020.02.27-17.52.48:472][  0]LogD3D11RHI: Async texture creation enabled
[2020.02.27-17.52.48:485][  0]LogD3D11RHI: GPU Timing Frequency: 1000.000000 (Debug: 2 1)
[2020.02.27-17.52.48:765][  0]LogTargetPlatformManager: Display: Loaded TargetPlatform 'AllDesktop'
[2020.02.27-17.52.48:799][  0]LogTargetPlatformManager: Display: Loaded TargetPlatform 'Android'
[2020.02.27-17.52.48:799][  0]LogTargetPlatformManager: Display: Loaded TargetPlatform 'Android_ASTC'
[2020.02.27-17.52.48:799][  0]LogTargetPlatformManager: Display: Loaded TargetPlatform 'Android_ATC'
[2020.02.27-17.52.48:799][  0]LogTargetPlatformManager: Display: Loaded TargetPlatform 'Android_DXT'
[2020.02.27-17.52.48:799][  0]LogTargetPlatformManager: Display: Loaded TargetPlatform 'Android_ETC1'
[2020.02.27-17.52.48:799][  0]LogTargetPlatformManager: Display: Loaded TargetPlatform 'Android_ETC1a'
[2020.02.27-17.52.48:799][  0]LogTargetPlatformManager: Display: Loaded TargetPlatform 'Android_ETC2'
[2020.02.27-17.52.48:799][  0]LogTargetPlatformManager: Display: Loaded TargetPlatform 'Android_PVRTC'
[2020.02.27-17.52.48:799][  0]LogTargetPlatformManager: Display: Loaded TargetPlatform 'AndroidClient'
[2020.02.27-17.52.48:799][  0]LogTargetPlatformManager: Display: Loaded TargetPlatform 'Android_ASTCClient'
[2020.02.27-17.52.48:799][  0]LogTargetPlatformManager: Display: Loaded TargetPlatform 'Android_ATCClient'
[2020.02.27-17.52.48:799][  0]LogTargetPlatformManager: Display: Loaded TargetPlatform 'Android_DXTClient'
[2020.02.27-17.52.48:799][  0]LogTargetPlatformManager: Display: Loaded TargetPlatform 'Android_ETC1Client'
[2020.02.27-17.52.48:799][  0]LogTargetPlatformManager: Display: Loaded TargetPlatform 'Android_ETC1aClient'
[2020.02.27-17.52.48:799][  0]LogTargetPlatformManager: Display: Loaded TargetPlatform 'Android_ETC2Client'
[2020.02.27-17.52.48:799][  0]LogTargetPlatformManager: Display: Loaded TargetPlatform 'Android_PVRTCClient'
[2020.02.27-17.52.48:799][  0]LogTargetPlatformManager: Display: Loaded TargetPlatform 'Android_Multi'
[2020.02.27-17.52.48:799][  0]LogTargetPlatformManager: Display: Loaded TargetPlatform 'Android_MultiClient'
[2020.02.27-17.52.48:820][  0]LogTargetPlatformManager: Display: Loaded TargetPlatform 'IOSClient'
[2020.02.27-17.52.48:820][  0]LogTargetPlatformManager: Display: Loaded TargetPlatform 'IOS'
[2020.02.27-17.52.48:827][  0]LogTargetPlatformManager: Display: Loaded TargetPlatform 'LinuxNoEditor'
[2020.02.27-17.52.48:835][  0]LogTargetPlatformManager: Display: Loaded TargetPlatform 'LinuxClient'
[2020.02.27-17.52.48:842][  0]LogTargetPlatformManager: Display: Loaded TargetPlatform 'LinuxServer'
[2020.02.27-17.52.48:850][  0]LogTargetPlatformManager: Display: Loaded TargetPlatform 'LinuxAArch64NoEditor'
[2020.02.27-17.52.48:857][  0]LogTargetPlatformManager: Display: Loaded TargetPlatform 'LinuxAArch64Client'
[2020.02.27-17.52.48:865][  0]LogTargetPlatformManager: Display: Loaded TargetPlatform 'LinuxAArch64Server'
[2020.02.27-17.52.48:891][  0]LogTargetPlatformManager: Display: Loaded TargetPlatform 'Lumin'
[2020.02.27-17.52.48:891][  0]LogTargetPlatformManager: Display: Loaded TargetPlatform 'LuminClient'
[2020.02.27-17.52.48:906][  0]LogTargetPlatformManager: Display: Loaded TargetPlatform 'TVOSClient'
[2020.02.27-17.52.48:906][  0]LogTargetPlatformManager: Display: Loaded TargetPlatform 'TVOS'
[2020.02.27-17.52.48:914][  0]LogTargetPlatformManager: Display: Loaded TargetPlatform 'WindowsNoEditor'
[2020.02.27-17.52.48:923][  0]LogTargetPlatformManager: Display: Loaded TargetPlatform 'Windows'
[2020.02.27-17.52.48:930][  0]LogTargetPlatformManager: Display: Loaded TargetPlatform 'WindowsClient'
[2020.02.27-17.52.48:937][  0]LogTargetPlatformManager: Display: Loaded TargetPlatform 'WindowsServer'
[2020.02.27-17.52.48:937][  0]LogTargetPlatformManager: Display: Building Assets For Windows
[2020.02.27-17.52.48:939][  0]LogAudioDebug: Display: Lib vorbis DLL was dynamically loaded.
[2020.02.27-17.52.48:960][  0]LogShaderCompilers: Guid format shader working directory is 0 characters bigger than the processId version (X:/Documents/GDDV/Motors 2/GladiatorArena/HnS/Intermediate/Shaders/WorkingDirectory/13316/).
[2020.02.27-17.52.48:960][  0]LogShaderCompilers: Cleaned the shader compiler working directory 'C:/Users/Arnau/AppData/Local/Temp/UnrealShaderWorkingDir/DD74720541AB3F4929375FACD22E5BCC/'.
[2020.02.27-17.52.48:961][  0]LogXGEController: Cannot use XGE Controller as Incredibuild is not installed on this machine.
[2020.02.27-17.52.48:961][  0]LogShaderCompilers: Cannot use XGE Shader Compiler as Incredibuild is not installed on this machine.
[2020.02.27-17.52.48:961][  0]LogShaderCompilers: Display: Using Local Shader Compiler.
[2020.02.27-17.52.49:690][  0]LogDerivedDataCache: Display: Max Cache Size: 512 MB
[2020.02.27-17.52.49:747][  0]LogDerivedDataCache: Loaded boot cache 0.06s 81MB C:/Users/Arnau/AppData/Local/UnrealEngine/4.24/DerivedDataCache/Boot.ddc.
[2020.02.27-17.52.49:748][  0]LogDerivedDataCache: Display: Loaded Boot cache: C:/Users/Arnau/AppData/Local/UnrealEngine/4.24/DerivedDataCache/Boot.ddc
[2020.02.27-17.52.49:748][  0]LogDerivedDataCache: FDerivedDataBackendGraph:  Pak pak cache file X:/Documents/GDDV/Motors 2/GladiatorArena/HnS/DerivedDataCache/DDC.ddp not found, will not use a pak cache.
[2020.02.27-17.52.49:748][  0]LogDerivedDataCache: Unable to find inner node Pak for hierarchical cache Hierarchy.
[2020.02.27-17.52.49:748][  0]LogDerivedDataCache: FDerivedDataBackendGraph:  CompressedPak pak cache file X:/Documents/GDDV/Motors 2/GladiatorArena/HnS/DerivedDataCache/Compressed.ddp not found, will not use a pak cache.
[2020.02.27-17.52.49:748][  0]LogDerivedDataCache: Unable to find inner node CompressedPak for hierarchical cache Hierarchy.
[2020.02.27-17.52.49:762][  0]LogDerivedDataCache: Display: Pak cache opened for reading ../../../Engine/DerivedDataCache/Compressed.ddp.
[2020.02.27-17.52.49:762][  0]LogDerivedDataCache: FDerivedDataBackendGraph:  EnterprisePak pak cache file ../../../Enterprise/DerivedDataCache/Compressed.ddp not found, will not use a pak cache.
[2020.02.27-17.52.49:762][  0]LogDerivedDataCache: Unable to find inner node EnterprisePak for hierarchical cache Hierarchy.
[2020.02.27-17.52.49:763][  0]LogDerivedDataCache: Using Local data cache path C:/Users/Arnau/AppData/Local/UnrealEngine/Common/DerivedDataCache: Writable
[2020.02.27-17.52.49:763][  0]LogDerivedDataCache: Shared data cache path not found in *engine.ini, will not use an Shared cache.
[2020.02.27-17.52.49:764][  0]LogDerivedDataCache: Unable to find inner node Shared for hierarchical cache Hierarchy.
[2020.02.27-17.52.49:799][  0]LogMaterial: Verifying Global Shaders for PCD3D_SM5
[2020.02.27-17.52.49:804][  0]LogSlate: Using FreeType 2.10.0
[2020.02.27-17.52.49:804][  0]LogSlate: SlateFontServices - WITH_FREETYPE: 1, WITH_HARFBUZZ: 1
[2020.02.27-17.52.49:858][  0]LogAssetRegistry: FAssetRegistry took 0.0033 seconds to start up
[2020.02.27-17.52.50:223][  0]LogInit: Selected Device Profile: [Windows]
[2020.02.27-17.52.50:393][  0]LogMeshReduction: Using QuadricMeshReduction for automatic static mesh reduction
[2020.02.27-17.52.50:393][  0]LogMeshReduction: Using SimplygonMeshReduction for automatic skeletal mesh reduction
[2020.02.27-17.52.50:393][  0]LogMeshReduction: Using ProxyLODMeshReduction for automatic mesh merging
[2020.02.27-17.52.50:393][  0]LogMeshReduction: No distributed automatic mesh merging module available
[2020.02.27-17.52.50:393][  0]LogMeshMerging: No distributed automatic mesh merging module available
[2020.02.27-17.52.50:407][  0]LogNetVersion: HnS 1.0.0, NetCL: 10570792, EngineNetVer: 13, GameNetVer: 0 (Checksum: 2178421202)
[2020.02.27-17.52.51:481][  0]LogPackageLocalizationCache: Processed 10 localized package path(s) for 1 prioritized culture(s) in 0.053401 seconds
[2020.02.27-17.52.51:492][  0]LogUObjectArray: 46750 objects as part of root set at end of initial load.
[2020.02.27-17.52.51:492][  0]LogUObjectAllocator: 8137160 out of 0 bytes used by permanent object pool.
[2020.02.27-17.52.51:492][  0]LogUObjectArray: CloseDisregardForGC: 0/0 objects in disregard for GC pool
[2020.02.27-17.52.51:925][  0]LogTcpMessaging: Initializing TcpMessaging bridge
[2020.02.27-17.52.51:928][  0]LogUdpMessaging: Initializing bridge on interface 0.0.0.0:0 to multicast group 230.0.0.1:6666.
[2020.02.27-17.52.51:982][  0]SourceControl: Source control is disabled
[2020.02.27-17.52.51:982][  0]SourceControl: Source control is disabled
[2020.02.27-17.52.51:983][  0]SourceControl: Source control is disabled
[2020.02.27-17.52.51:984][  0]SourceControl: Source control is disabled
[2020.02.27-17.52.51:985][  0]SourceControl: Source control is disabled
[2020.02.27-17.52.52:066][  0]LogAndroidPermission: UAndroidPermissionCallbackProxy::GetInstance
[2020.02.27-17.52.52:079][  0]LogAudioCaptureCore: Display: No Audio Capture implementations found. Audio input will be silent.
[2020.02.27-17.52.52:079][  0]LogAudioCaptureCore: Display: No Audio Capture implementations found. Audio input will be silent.
[2020.02.27-17.52.52:176][  0]LogOcInput: OculusInput pre-init called
[2020.02.27-17.52.52:802][  0]LogEngine: Initializing Engine...
[2020.02.27-17.52.52:840][  0]LogHMD: Failed to initialize OpenVR with code 126
[2020.02.27-17.52.52:842][  0]LogStats: UGameplayTagsManager::InitializeManager -  0.000 s
[2020.02.27-17.52.53:219][  0]LogInit: Initializing FReadOnlyCVARCache
[2020.02.27-17.52.53:225][  0]LogAIModule: Creating AISystem for world Untitled
[2020.02.27-17.52.53:239][  0]LogAudioMixer: Display: Audio Mixer Platform Settings:
[2020.02.27-17.52.53:239][  0]LogAudioMixer: Display: 	Sample Rate:						  48000
[2020.02.27-17.52.53:239][  0]LogAudioMixer: Display: 	Callback Buffer Frame Size Requested: 1024
[2020.02.27-17.52.53:239][  0]LogAudioMixer: Display: 	Callback Buffer Frame Size To Use:	  1024
[2020.02.27-17.52.53:239][  0]LogAudioMixer: Display: 	Number of buffers to queue:			  2
[2020.02.27-17.52.53:239][  0]LogAudioMixer: Display: 	Max Channels (voices):				  32
[2020.02.27-17.52.53:239][  0]LogAudioMixer: Display: 	Number of Async Source Workers:		  0
[2020.02.27-17.52.53:239][  0]LogAudio: Display: AudioDevice MaxSources: 32
[2020.02.27-17.52.53:239][  0]LogAudio: Display: Using built-in audio occlusion.
[2020.02.27-17.52.53:239][  0]LogAudioMixer: Display: Initializing audio mixer.
[2020.02.27-17.52.53:308][  0]LogAudioMixer: Display: Audio Device Output Speaker Info:
[2020.02.27-17.52.53:308][  0]LogAudioMixer: Display: Name: Auriculares (AKG N700NCM2 Stereo)
[2020.02.27-17.52.53:308][  0]LogAudioMixer: Display: Is Default: Yes
[2020.02.27-17.52.53:308][  0]LogAudioMixer: Display: Sample Rate: 44100
[2020.02.27-17.52.53:308][  0]LogAudioMixer: Display: Channel Count Used: 2
[2020.02.27-17.52.53:308][  0]LogAudioMixer: Display: Device Channel Count: 2
[2020.02.27-17.52.53:308][  0]LogAudioMixer: Display: Channel Order:
[2020.02.27-17.52.53:308][  0]LogAudioMixer: Display: 0: FrontLeft
[2020.02.27-17.52.53:308][  0]LogAudioMixer: Display: 1: FrontRight
[2020.02.27-17.52.53:328][  0]LogAudioMixer: Display: Using Audio Device Auriculares (AKG N700NCM2 Stereo)
[2020.02.27-17.52.53:334][  0]LogInit: FAudioDevice initialized.
[2020.02.27-17.52.53:335][  0]LogNetVersion: Set ProjectVersion to 1.0.0.0. Version Checksum will be recalculated on next use.
[2020.02.27-17.52.53:442][  0]LogDerivedDataCache: Saved boot cache 0.11s 81MB C:/Users/Arnau/AppData/Local/UnrealEngine/4.24/DerivedDataCache/Boot.ddc.
[2020.02.27-17.52.53:447][  0]LogInit: Texture streaming: Enabled
[2020.02.27-17.52.53:460][  0]LogEngineSessionManager: EngineSessionManager initialized
[2020.02.27-17.52.53:460][  0]LogEditorSessionSummary: Verbose: Initializing EditorSessionSummaryWriter for editor session tracking
[2020.02.27-17.52.53:462][  0]LogEditorSessionSummary: EditorSessionSummaryWriter initialized
[2020.02.27-17.52.53:523][  0]LogInit: Transaction tracking system initialized
[2020.02.27-17.52.53:533][  0]BlueprintLog: New page: Editor Load
[2020.02.27-17.52.53:561][  0]LocalizationService: Localization service is disabled
[2020.02.27-17.52.53:870][  0]LogCook: Display: Max memory allowance for cook 16384mb min free memory 0mb
[2020.02.27-17.52.53:870][  0]LogCook: Display: Mobile HDR setting 1
[2020.02.27-17.52.53:943][  0]LogFileCache: Scanning file cache for directory 'X:/Documents/GDDV/Motors 2/GladiatorArena/HnS/Content/' took 0.01s
[2020.02.27-17.52.54:478][  0]SourceControl: Source control is disabled
[2020.02.27-17.52.54:589][  0]LogSlate: Took 0.000167 seconds to synchronously load lazily loaded font '../../../Engine/Content/Slate/Fonts/Roboto-Regular.ttf' (155K)
[2020.02.27-17.54.21:639][  0]LogSlate: Window 'Restore Packages' being destroyed
[2020.02.27-17.54.21:639][  0]LogWindowsTextInputMethodSystem: Display: IME system now deactivated.
[2020.02.27-17.54.21:671][  0]LogWindowsTextInputMethodSystem: Display: IME system now deactivated.
[2020.02.27-17.54.25:134][  0]LogSlate: Window 'Unable to Check Out From Source Control!' being destroyed
[2020.02.27-17.54.25:135][  0]LogWindowsTextInputMethodSystem: Display: IME system now deactivated.
[2020.02.27-17.54.25:164][  0]LogWindowsTextInputMethodSystem: Display: IME system now deactivated.
[2020.02.27-17.54.25:166][  0]Cmd: MAP LOAD FILE="X:/Documents/GDDV/Motors 2/GladiatorArena/HnS/Content/ThirdPersonBP/Maps/ThirdPersonExampleMap.umap" TEMPLATE=0 SHOWPROGRESS=1 FEATURELEVEL=3
[2020.02.27-17.54.25:166][  0]LightingResults: New page: Lighting Build
[2020.02.27-17.54.25:166][  0]LogWorld: UWorld::CleanupWorld for Untitled, bSessionEnded=true, bCleanupResources=true
[2020.02.27-17.54.25:166][  0]LogSlate: InvalidateAllWidgets triggered.  All widgets were invalidated
[2020.02.27-17.54.25:167][  0]MapCheck: New page: Map Check
[2020.02.27-17.54.25:167][  0]LightingResults: New page: Lighting Build
[2020.02.27-17.54.25:206][  0]LogUObjectHash: Compacting FUObjectHashTables data took   3.26ms
[2020.02.27-17.54.25:913][  0]LogAIModule: Creating AISystem for world ThirdPersonExampleMap
[2020.02.27-17.54.25:929][  0]LogEditorServer: Finished looking for orphan Actors (0.000 secs)
[2020.02.27-17.54.25:973][  0]LogUObjectHash: Compacting FUObjectHashTables data took   4.21ms
[2020.02.27-17.54.25:974][  0]Cmd: MAP CHECKDEP NOCLEARLOG
[2020.02.27-17.54.25:974][  0]MapCheck: Map check complete: 0 Error(s), 0 Warning(s), took 0.117ms to complete.
[2020.02.27-17.54.25:974][  0]LogFileHelpers: Loading map 'ThirdPersonExampleMap' took 0.809
[2020.02.27-17.54.26:045][  0]LogSlate: Updating window title bar state: overlay mode, drag disabled, window buttons hidden, title bar hidden
[2020.02.27-17.54.26:053][  0]LogSlate: Updating window title bar state: overlay mode, drag disabled, window buttons hidden, title bar hidden
[2020.02.27-17.54.26:061][  0]LogSlate: Updating window title bar state: overlay mode, drag disabled, window buttons hidden, title bar hidden
[2020.02.27-17.54.26:069][  0]LogSlate: Updating window title bar state: overlay mode, drag disabled, window buttons hidden, title bar hidden
[2020.02.27-17.54.26:073][  0]LogCollectionManager: Loaded 0 collections in 0.000813 seconds
[2020.02.27-17.54.26:088][  0]LogFileCache: Scanning file cache for directory 'X:/Documents/GDDV/Motors 2/GladiatorArena/HnS/Saved/Collections/' took 0.00s
[2020.02.27-17.54.26:088][  0]LogFileCache: Scanning file cache for directory 'X:/Documents/GDDV/Motors 2/GladiatorArena/HnS/Content/Developers/Arnau/Collections/' took 0.00s
[2020.02.27-17.54.26:088][  0]LogFileCache: Scanning file cache for directory 'X:/Documents/GDDV/Motors 2/GladiatorArena/HnS/Content/Collections/' took 0.00s
[2020.02.27-17.54.26:088][  0]LogContentBrowser: Native class hierarchy populated in 0.0096 seconds. Added 3015 classes and 717 folders.
[2020.02.27-17.54.26:090][  0]LogContentBrowser: Native class hierarchy updated for 'WidgetCarousel' in 0.0003 seconds. Added 0 classes and 0 folders.
[2020.02.27-17.54.26:129][  0]LogContentBrowser: Native class hierarchy updated for 'AddContentDialog' in 0.0003 seconds. Added 0 classes and 0 folders.
[2020.02.27-17.54.26:133][  0]LogContentBrowser: Native class hierarchy updated for 'SceneOutliner' in 0.0003 seconds. Added 2 classes and 3 folders.
[2020.02.27-17.54.26:157][  0]LogSlate: Took 0.000219 seconds to synchronously load lazily loaded font '../../../Engine/Content/Slate/Fonts/Roboto-Bold.ttf' (160K)
[2020.02.27-17.54.26:162][  0]LogSlate: Took 0.000186 seconds to synchronously load lazily loaded font '../../../Engine/Content/Editor/Slate/Fonts/FontAwesome.ttf' (139K)
[2020.02.27-17.54.26:209][  0]LogRenderer: Reallocating scene render targets to support 1208x572 Format 10 NumSamples 1 (Frame:1).
[2020.02.27-17.54.26:305][  0]LogContentBrowser: Native class hierarchy updated for 'HierarchicalLODOutliner' in 0.0003 seconds. Added 0 classes and 0 folders.
[2020.02.27-17.54.26:305][  0]LogLoad: (Engine Initialization) Total time: 100.64 seconds
[2020.02.27-17.54.26:305][  0]LogLoad: (Engine Initialization) Total Blueprint compile time: 0.00 seconds
[2020.02.27-17.54.26:364][  0]LogContentStreaming: Texture pool size now 1000 MB
[2020.02.27-17.54.26:392][  0]LogSlate: Took 0.000176 seconds to synchronously load lazily loaded font '../../../Engine/Content/Slate/Fonts/Roboto-Light.ttf' (167K)
[2020.02.27-17.54.26:398][  1]LogFileCache: Retrieving MD5 hashes for directory 'X:/Documents/GDDV/Motors 2/GladiatorArena/HnS/Content/' took 0.08s
[2020.02.27-17.54.26:415][  1]LogAssetRegistry: Asset discovery search completed in 96.5584 seconds
[2020.02.27-17.54.26:419][  1]LogCollectionManager: Fixed up redirectors for 0 collections in 0.000013 seconds (updated 0 objects)
[2020.02.27-17.54.27:338][101]LogSlate: Took 0.000206 seconds to synchronously load lazily loaded font '../../../Engine/Content/Slate/Fonts/Roboto-Light.ttf' (167K)
[2020.02.27-17.54.33:727][484]LogAssetEditorSubsystem: Opening Asset editor for Blueprint /Game/ThirdPersonBP/Blueprints/HealthDamageInterface.HealthDamageInterface
[2020.02.27-17.54.33:780][484]LogContentBrowser: Native class hierarchy updated for 'BlueprintGraph' in 0.0005 seconds. Added 121 classes and 0 folders.
[2020.02.27-17.54.34:719][484]LogAssetEditorSubsystem: Opening Asset editor for Blueprint /Game/ThirdPersonBP/Weapons/LightWeapon.LightWeapon
[2020.02.27-17.54.35:246][484]LogAssetEditorSubsystem: Opening Asset editor for Blueprint /Game/ThirdPersonBP/Weapons/Master_Weapon.Master_Weapon
[2020.02.27-17.54.35:615][484]LogSlate: Took 0.000241 seconds to synchronously load lazily loaded font '../../../Engine/Content/Slate/Fonts/Roboto-BoldCondensed.ttf' (158K)
[2020.02.27-17.54.43:456][ 62]LogSlate: Took 0.000195 seconds to synchronously load lazily loaded font '../../../Engine/Content/Slate/Fonts/Roboto-Italic.ttf' (157K)
[2020.02.27-17.54.43:890][114]LogSlate: Window 'Master_Weapon' being destroyed
[2020.02.27-17.54.46:196][383]LogRenderer: Reallocating scene render targets to support 1208x896 Format 10 NumSamples 1 (Frame:1).
[2020.02.27-17.55.12:240][680]LogTemp: Repeating last play command: Selected Viewport
[2020.02.27-17.55.12:270][680]LogBlueprintUserMessages: Early PlayInEditor Detection: Level '/Game/ThirdPersonBP/Maps/ThirdPersonExampleMap.ThirdPersonExampleMap:PersistentLevel' has LevelScriptBlueprint '/Game/ThirdPersonBP/Maps/ThirdPersonExampleMap.ThirdPersonExampleMap:PersistentLevel.ThirdPersonExampleMap' with GeneratedClass '/Game/ThirdPersonBP/Maps/ThirdPersonExampleMap.ThirdPersonExampleMap_C' with ClassGeneratedBy '/Game/ThirdPersonBP/Maps/ThirdPersonExampleMap.ThirdPersonExampleMap:PersistentLevel.ThirdPersonExampleMap'
[2020.02.27-17.55.12:270][680]LogPlayLevel: PlayLevel: No blueprints needed recompiling
[2020.02.27-17.55.12:270][680]PIE: New page: PIE session: ThirdPersonExampleMap (Feb 27, 2020, 7:55:12 PM)
[2020.02.27-17.55.12:271][680]LogOnline: OSS: Creating online subsystem instance for: NULL
[2020.02.27-17.55.12:272][680]LogOnline: OSS: TryLoadSubsystemAndSetDefault: Loaded subsystem for module [NULL]
[2020.02.27-17.55.12:272][680]LogPlayLevel: Creating play world package: /Game/ThirdPersonBP/Maps/UEDPIE_0_ThirdPersonExampleMap
[2020.02.27-17.55.12:286][680]LogPlayLevel: PIE: StaticDuplicateObject took: (0.013347s)
[2020.02.27-17.55.12:287][680]LogAIModule: Creating AISystem for world ThirdPersonExampleMap
[2020.02.27-17.55.12:287][680]LogPlayLevel: PIE: World Init took: (0.001395s)
[2020.02.27-17.55.12:287][680]LogPlayLevel: PIE: Created PIE world by copying editor world from /Game/ThirdPersonBP/Maps/ThirdPersonExampleMap.ThirdPersonExampleMap to /Game/ThirdPersonBP/Maps/UEDPIE_0_ThirdPersonExampleMap.ThirdPersonExampleMap (0.015044s)
[2020.02.27-17.55.12:340][680]LogUObjectHash: Compacting FUObjectHashTables data took   3.72ms
[2020.02.27-17.55.12:343][680]LogAudioMixer: Display: Audio Mixer Platform Settings:
[2020.02.27-17.55.12:343][680]LogAudioMixer: Display: 	Sample Rate:						  48000
[2020.02.27-17.55.12:343][680]LogAudioMixer: Display: 	Callback Buffer Frame Size Requested: 1024
[2020.02.27-17.55.12:343][680]LogAudioMixer: Display: 	Callback Buffer Frame Size To Use:	  1024
[2020.02.27-17.55.12:343][680]LogAudioMixer: Display: 	Number of buffers to queue:			  2
[2020.02.27-17.55.12:343][680]LogAudioMixer: Display: 	Max Channels (voices):				  32
[2020.02.27-17.55.12:343][680]LogAudioMixer: Display: 	Number of Async Source Workers:		  0
[2020.02.27-17.55.12:343][680]LogAudio: Display: AudioDevice MaxSources: 32
[2020.02.27-17.55.12:343][680]LogAudio: Display: Using built-in audio occlusion.
[2020.02.27-17.55.12:343][680]LogAudioMixer: Display: Initializing audio mixer.
[2020.02.27-17.55.12:396][680]LogAudioMixer: Display: Audio Device Output Speaker Info:
[2020.02.27-17.55.12:396][680]LogAudioMixer: Display: Name: Auriculares (AKG N700NCM2 Stereo)
[2020.02.27-17.55.12:396][680]LogAudioMixer: Display: Is Default: Yes
[2020.02.27-17.55.12:396][680]LogAudioMixer: Display: Sample Rate: 44100
[2020.02.27-17.55.12:396][680]LogAudioMixer: Display: Channel Count Used: 2
[2020.02.27-17.55.12:396][680]LogAudioMixer: Display: Device Channel Count: 2
[2020.02.27-17.55.12:396][680]LogAudioMixer: Display: Channel Order:
[2020.02.27-17.55.12:396][680]LogAudioMixer: Display: 0: FrontLeft
[2020.02.27-17.55.12:396][680]LogAudioMixer: Display: 1: FrontRight
[2020.02.27-17.55.12:407][680]LogAudioMixer: Display: Using Audio Device Auriculares (AKG N700NCM2 Stereo)
[2020.02.27-17.55.12:409][680]LogInit: FAudioDevice initialized.
[2020.02.27-17.55.12:431][680]LogSlate: Updating window title bar state: overlay mode, drag disabled, window buttons hidden, title bar hidden
[2020.02.27-17.55.12:437][680]LogLoad: Game class is 'ThirdPersonGameMode_C'
[2020.02.27-17.55.12:441][680]LogWorld: Bringing World /Game/ThirdPersonBP/Maps/UEDPIE_0_ThirdPersonExampleMap.ThirdPersonExampleMap up for play (max tick rate 0) at 2020.02.27-18.55.12
[2020.02.27-17.55.12:442][680]LogWorld: Bringing up level for play took: 0.003590
[2020.02.27-17.55.12:442][680]LogOnline: OSS: Creating online subsystem instance for: :Context_4
[2020.02.27-17.55.12:445][680]LogContentBrowser: Native class hierarchy updated for 'MovieSceneCapture' in 0.0003 seconds. Added 20 classes and 0 folders.
[2020.02.27-17.55.12:449][680]PIE: Play in editor start time for /Game/ThirdPersonBP/Maps/UEDPIE_0_ThirdPersonExampleMap -0.61
[2020.02.27-17.55.12:449][680]LogBlueprintUserMessages: Late PlayInEditor Detection: Level '/Game/ThirdPersonBP/Maps/ThirdPersonExampleMap.ThirdPersonExampleMap:PersistentLevel' has LevelScriptBlueprint '/Game/ThirdPersonBP/Maps/ThirdPersonExampleMap.ThirdPersonExampleMap:PersistentLevel.ThirdPersonExampleMap' with GeneratedClass '/Game/ThirdPersonBP/Maps/ThirdPersonExampleMap.ThirdPersonExampleMap_C' with ClassGeneratedBy '/Game/ThirdPersonBP/Maps/ThirdPersonExampleMap.ThirdPersonExampleMap:PersistentLevel.ThirdPersonExampleMap'
[2020.02.27-17.55.12:490][681]LogRenderer: Reallocating scene render targets to support 1280x896 Format 10 NumSamples 1 (Frame:1).
[2020.02.27-17.55.36:230][850]LogSlate: Window 'HnS Game Preview Standalone (64-bit/PCD3D_SM5)' being destroyed
[2020.02.27-17.55.36:315][850]LogBlueprintUserMessages: Early EndPlayMap Detection: Level '/Game/ThirdPersonBP/Maps/ThirdPersonExampleMap.ThirdPersonExampleMap:PersistentLevel' has LevelScriptBlueprint '/Game/ThirdPersonBP/Maps/ThirdPersonExampleMap.ThirdPersonExampleMap:PersistentLevel.ThirdPersonExampleMap' with GeneratedClass '/Game/ThirdPersonBP/Maps/ThirdPersonExampleMap.ThirdPersonExampleMap_C' with ClassGeneratedBy '/Game/ThirdPersonBP/Maps/ThirdPersonExampleMap.ThirdPersonExampleMap:PersistentLevel.ThirdPersonExampleMap'
[2020.02.27-17.55.36:315][850]LogWorld: BeginTearingDown for /Game/ThirdPersonBP/Maps/UEDPIE_0_ThirdPersonExampleMap
[2020.02.27-17.55.36:315][850]LogAudioMixer: Display: No commands were queued while flushing the source manager.
[2020.02.27-17.55.36:315][850]LogWorld: UWorld::CleanupWorld for ThirdPersonExampleMap, bSessionEnded=true, bCleanupResources=true
[2020.02.27-17.55.36:316][850]LogSlate: InvalidateAllWidgets triggered.  All widgets were invalidated
[2020.02.27-17.55.36:321][850]LogPlayLevel: Display: Shutting down PIE online subsystems
[2020.02.27-17.55.36:322][850]LogBlueprintUserMessages: Late EndPlayMap Detection: Level '/Game/ThirdPersonBP/Maps/ThirdPersonExampleMap.ThirdPersonExampleMap:PersistentLevel' has LevelScriptBlueprint '/Game/ThirdPersonBP/Maps/ThirdPersonExampleMap.ThirdPersonExampleMap:PersistentLevel.ThirdPersonExampleMap' with GeneratedClass '/Game/ThirdPersonBP/Maps/ThirdPersonExampleMap.ThirdPersonExampleMap_C' with ClassGeneratedBy '/Game/ThirdPersonBP/Maps/ThirdPersonExampleMap.ThirdPersonExampleMap:PersistentLevel.ThirdPersonExampleMap'
[2020.02.27-17.55.36:328][850]LogSlate: InvalidateAllWidgets triggered.  All widgets were invalidated
[2020.02.27-17.55.36:373][850]LogAudioMixer: Display: No commands were queued while flushing the source manager.
[2020.02.27-17.55.36:407][850]LogUObjectHash: Compacting FUObjectHashTables data took   5.24ms
[2020.02.27-17.55.36:651][851]LogPlayLevel: Display: Destroying online subsystem :Context_4
[2020.02.27-17.55.49:655][219]LogTemp: Repeating last play command: Selected Viewport
[2020.02.27-17.55.49:687][219]LogBlueprintUserMessages: Early PlayInEditor Detection: Level '/Game/ThirdPersonBP/Maps/ThirdPersonExampleMap.ThirdPersonExampleMap:PersistentLevel' has LevelScriptBlueprint '/Game/ThirdPersonBP/Maps/ThirdPersonExampleMap.ThirdPersonExampleMap:PersistentLevel.ThirdPersonExampleMap' with GeneratedClass '/Game/ThirdPersonBP/Maps/ThirdPersonExampleMap.ThirdPersonExampleMap_C' with ClassGeneratedBy '/Game/ThirdPersonBP/Maps/ThirdPersonExampleMap.ThirdPersonExampleMap:PersistentLevel.ThirdPersonExampleMap'
[2020.02.27-17.55.49:687][219]BlueprintLog: New page: Pre-Play auto-recompile
[2020.02.27-17.55.49:688][219]LogPlayLevel: [PlayLevel] Compiling LightWeapon before play...
[2020.02.27-17.55.50:063][219]LogUObjectHash: Compacting FUObjectHashTables data took   5.08ms
[2020.02.27-17.55.50:064][219]LogPlayLevel: PlayLevel: Blueprint regeneration took 376 ms (1 blueprints)
[2020.02.27-17.55.50:064][219]PIE: New page: PIE session: ThirdPersonExampleMap (Feb 27, 2020, 7:55:50 PM)
[2020.02.27-17.55.50:064][219]LogPlayLevel: Creating play world package: /Game/ThirdPersonBP/Maps/UEDPIE_0_ThirdPersonExampleMap
[2020.02.27-17.55.50:075][219]LogPlayLevel: PIE: StaticDuplicateObject took: (0.011192s)
[2020.02.27-17.55.50:077][219]LogAIModule: Creating AISystem for world ThirdPersonExampleMap
[2020.02.27-17.55.50:078][219]LogPlayLevel: PIE: World Init took: (0.002212s)
[2020.02.27-17.55.50:078][219]LogPlayLevel: PIE: Created PIE world by copying editor world from /Game/ThirdPersonBP/Maps/ThirdPersonExampleMap.ThirdPersonExampleMap to /Game/ThirdPersonBP/Maps/UEDPIE_0_ThirdPersonExampleMap.ThirdPersonExampleMap (0.013613s)
[2020.02.27-17.55.50:127][219]LogUObjectHash: Compacting FUObjectHashTables data took   3.36ms
[2020.02.27-17.55.50:128][219]LogAudioMixer: Display: Audio Mixer Platform Settings:
[2020.02.27-17.55.50:128][219]LogAudioMixer: Display: 	Sample Rate:						  48000
[2020.02.27-17.55.50:128][219]LogAudioMixer: Display: 	Callback Buffer Frame Size Requested: 1024
[2020.02.27-17.55.50:128][219]LogAudioMixer: Display: 	Callback Buffer Frame Size To Use:	  1024
[2020.02.27-17.55.50:128][219]LogAudioMixer: Display: 	Number of buffers to queue:			  2
[2020.02.27-17.55.50:128][219]LogAudioMixer: Display: 	Max Channels (voices):				  32
[2020.02.27-17.55.50:128][219]LogAudioMixer: Display: 	Number of Async Source Workers:		  0
[2020.02.27-17.55.50:128][219]LogAudio: Display: AudioDevice MaxSources: 32
[2020.02.27-17.55.50:128][219]LogAudio: Display: Using built-in audio occlusion.
[2020.02.27-17.55.50:128][219]LogAudioMixer: Display: Initializing audio mixer.
[2020.02.27-17.55.50:185][219]LogAudioMixer: Display: Audio Device Output Speaker Info:
[2020.02.27-17.55.50:185][219]LogAudioMixer: Display: Name: Auriculares (AKG N700NCM2 Stereo)
[2020.02.27-17.55.50:185][219]LogAudioMixer: Display: Is Default: Yes
[2020.02.27-17.55.50:185][219]LogAudioMixer: Display: Sample Rate: 44100
[2020.02.27-17.55.50:185][219]LogAudioMixer: Display: Channel Count Used: 2
[2020.02.27-17.55.50:185][219]LogAudioMixer: Display: Device Channel Count: 2
[2020.02.27-17.55.50:185][219]LogAudioMixer: Display: Channel Order:
[2020.02.27-17.55.50:185][219]LogAudioMixer: Display: 0: FrontLeft
[2020.02.27-17.55.50:185][219]LogAudioMixer: Display: 1: FrontRight
[2020.02.27-17.55.50:198][219]LogAudioMixer: Display: Using Audio Device Auriculares (AKG N700NCM2 Stereo)
[2020.02.27-17.55.50:200][219]LogInit: FAudioDevice initialized.
[2020.02.27-17.55.50:225][219]LogSlate: Updating window title bar state: overlay mode, drag disabled, window buttons hidden, title bar hidden
[2020.02.27-17.55.50:226][219]LogLoad: Game class is 'ThirdPersonGameMode_C'
[2020.02.27-17.55.50:230][219]LogWorld: Bringing World /Game/ThirdPersonBP/Maps/UEDPIE_0_ThirdPersonExampleMap.ThirdPersonExampleMap up for play (max tick rate 0) at 2020.02.27-18.55.50
[2020.02.27-17.55.50:230][219]LogWorld: Bringing up level for play took: 0.003991
[2020.02.27-17.55.50:231][219]LogOnline: OSS: Creating online subsystem instance for: :Context_5
[2020.02.27-17.55.50:236][219]PIE: Play in editor start time for /Game/ThirdPersonBP/Maps/UEDPIE_0_ThirdPersonExampleMap 1.178
[2020.02.27-17.55.50:237][219]LogBlueprintUserMessages: Late PlayInEditor Detection: Level '/Game/ThirdPersonBP/Maps/ThirdPersonExampleMap.ThirdPersonExampleMap:PersistentLevel' has LevelScriptBlueprint '/Game/ThirdPersonBP/Maps/ThirdPersonExampleMap.ThirdPersonExampleMap:PersistentLevel.ThirdPersonExampleMap' with GeneratedClass '/Game/ThirdPersonBP/Maps/ThirdPersonExampleMap.ThirdPersonExampleMap_C' with ClassGeneratedBy '/Game/ThirdPersonBP/Maps/ThirdPersonExampleMap.ThirdPersonExampleMap:PersistentLevel.ThirdPersonExampleMap'
[2020.02.27-17.56.10:671][578]LogSlate: Window 'HnS Game Preview Standalone (64-bit/PCD3D_SM5)' being destroyed
[2020.02.27-17.56.10:674][578]LogBlueprintUserMessages: Early EndPlayMap Detection: Level '/Game/ThirdPersonBP/Maps/ThirdPersonExampleMap.ThirdPersonExampleMap:PersistentLevel' has LevelScriptBlueprint '/Game/ThirdPersonBP/Maps/ThirdPersonExampleMap.ThirdPersonExampleMap:PersistentLevel.ThirdPersonExampleMap' with GeneratedClass '/Game/ThirdPersonBP/Maps/ThirdPersonExampleMap.ThirdPersonExampleMap_C' with ClassGeneratedBy '/Game/ThirdPersonBP/Maps/ThirdPersonExampleMap.ThirdPersonExampleMap:PersistentLevel.ThirdPersonExampleMap'
[2020.02.27-17.56.10:675][578]LogWorld: BeginTearingDown for /Game/ThirdPersonBP/Maps/UEDPIE_0_ThirdPersonExampleMap
[2020.02.27-17.56.10:675][578]LogAudioMixer: Display: No commands were queued while flushing the source manager.
[2020.02.27-17.56.10:675][578]LogWorld: UWorld::CleanupWorld for ThirdPersonExampleMap, bSessionEnded=true, bCleanupResources=true
[2020.02.27-17.56.10:675][578]LogSlate: InvalidateAllWidgets triggered.  All widgets were invalidated
[2020.02.27-17.56.10:680][578]LogPlayLevel: Display: Shutting down PIE online subsystems
[2020.02.27-17.56.10:680][578]LogBlueprintUserMessages: Late EndPlayMap Detection: Level '/Game/ThirdPersonBP/Maps/ThirdPersonExampleMap.ThirdPersonExampleMap:PersistentLevel' has LevelScriptBlueprint '/Game/ThirdPersonBP/Maps/ThirdPersonExampleMap.ThirdPersonExampleMap:PersistentLevel.ThirdPersonExampleMap' with GeneratedClass '/Game/ThirdPersonBP/Maps/ThirdPersonExampleMap.ThirdPersonExampleMap_C' with ClassGeneratedBy '/Game/ThirdPersonBP/Maps/ThirdPersonExampleMap.ThirdPersonExampleMap:PersistentLevel.ThirdPersonExampleMap'
[2020.02.27-17.56.10:686][578]LogSlate: InvalidateAllWidgets triggered.  All widgets were invalidated
[2020.02.27-17.56.10:729][578]LogAudioMixer: Display: No commands were queued while flushing the source manager.
[2020.02.27-17.56.10:736][578]LogUObjectHash: Compacting FUObjectHashTables data took   3.23ms
[2020.02.27-17.56.10:760][580]LogPlayLevel: Display: Destroying online subsystem :Context_5
[2020.02.27-17.57.54:412][393]LogEditorTransaction: Undo Add Node
[2020.02.27-18.05.31:686][770]Cmd: OBJ SAVEPACKAGE PACKAGE="/Game/ThirdPersonBP/Weapons/LightWeapon" FILE="X:/Documents/GDDV/Motors 2/GladiatorArena/HnS/Content/ThirdPersonBP/Weapons/LightWeapon.uasset" SILENT=true
[2020.02.27-18.05.31:727][770]LogSavePackage: Moving 'X:/Documents/GDDV/Motors 2/GladiatorArena/HnS/Saved/LightWeapon72BF330241B4E0144FFAC39F995F9CB0.tmp' to 'X:/Documents/GDDV/Motors 2/GladiatorArena/HnS/Content/ThirdPersonBP/Weapons/LightWeapon.uasset'
[2020.02.27-18.05.31:746][770]AssetCheck: New page: Asset Save: LightWeapon
[2020.02.27-18.05.31:746][770]LogContentValidation: Display: Validating Blueprint /Game/ThirdPersonBP/Weapons/LightWeapon.LightWeapon
[2020.02.27-18.05.32:120][813]BlueprintLog: New page: Compile LightWeapon
[2020.02.27-18.05.32:511][813]LogUObjectHash: Compacting FUObjectHashTables data took   5.32ms
[2020.02.27-18.06.03:006][712]LogAssetEditorSubsystem: Opening Asset editor for AnimMontage /Game/Character/Animations/LightAttack1.LightAttack1
[2020.02.27-18.06.03:016][712]LogContentBrowser: Native class hierarchy updated for 'SkeletonEditor' in 0.0004 seconds. Added 1 classes and 2 folders.
[2020.02.27-18.06.03:183][712]LogActorComponent: RegisterComponentWithWorld: (/Engine/Transient.World_6:PersistentLevel.AnimationEditorPreviewActor_0.DebugSkelMeshComponent_0) Already registered. Aborting.
[2020.02.27-18.06.03:188][712]LogContentBrowser: Native class hierarchy updated for 'PinnedCommandList' in 0.0005 seconds. Added 1 classes and 0 folders.
[2020.02.27-18.06.03:219][712]LogSkeletalMesh: USkeletalMeshComponent::InitArticulated : Bodies already created (/Engine/Transient.World_6:PersistentLevel.AnimationEditorPreviewActor_0.DebugSkelMeshComponent_0) - call TermArticulated first.
[2020.02.27-18.06.03:875][712]LogContentBrowser: Verbose: The majority of assets in the view are of type: AnimSequence
[2020.02.27-18.06.29:556][970]LogSlate: Prevented a slow task dialog from being summoned while a context menu was open
[2020.02.27-18.09.30:065][526]Cmd: OBJ SAVEPACKAGE PACKAGE="/Game/Character/Animations/FinalLightAttack" FILE="X:/Documents/GDDV/Motors 2/GladiatorArena/HnS/Content/Character/Animations/FinalLightAttack.uasset" SILENT=true
[2020.02.27-18.09.30:091][526]LogSavePackage: Moving 'X:/Documents/GDDV/Motors 2/GladiatorArena/HnS/Saved/FinalLightAttack396C545242A29B609456068EE6084E1F.tmp' to 'X:/Documents/GDDV/Motors 2/GladiatorArena/HnS/Content/Character/Animations/FinalLightAttack.uasset'
[2020.02.27-18.09.30:108][526]AssetCheck: New page: Asset Save: FinalLightAttack
[2020.02.27-18.09.30:108][526]LogContentValidation: Display: Validating AnimMontage /Game/Character/Animations/FinalLightAttack.FinalLightAttack
[2020.02.27-18.09.37:163][333]Cmd: OBJ SAVEPACKAGE PACKAGE="/Game/Character/Animations/LightAttack1" FILE="X:/Documents/GDDV/Motors 2/GladiatorArena/HnS/Content/Character/Animations/LightAttack1.uasset" SILENT=true
[2020.02.27-18.09.37:190][333]LogSavePackage: Moving 'X:/Documents/GDDV/Motors 2/GladiatorArena/HnS/Saved/LightAttack1BB725B544FCE1C701C37878A780583EB.tmp' to 'X:/Documents/GDDV/Motors 2/GladiatorArena/HnS/Content/Character/Animations/LightAttack1.uasset'
[2020.02.27-18.09.37:207][333]AssetCheck: New page: Asset Save: LightAttack1
[2020.02.27-18.09.37:207][333]LogContentValidation: Display: Validating AnimMontage /Game/Character/Animations/LightAttack1.LightAttack1
[2020.02.27-18.09.39:512][587]Cmd: OBJ SAVEPACKAGE PACKAGE="/Game/Character/Animations/LightAttack2" FILE="X:/Documents/GDDV/Motors 2/GladiatorArena/HnS/Content/Character/Animations/LightAttack2.uasset" SILENT=true
[2020.02.27-18.09.39:551][587]LogSavePackage: Moving 'X:/Documents/GDDV/Motors 2/GladiatorArena/HnS/Saved/LightAttack232BB3578471FD9D4C4129C90683A3C62.tmp' to 'X:/Documents/GDDV/Motors 2/GladiatorArena/HnS/Content/Character/Animations/LightAttack2.uasset'
[2020.02.27-18.09.39:570][587]AssetCheck: New page: Asset Save: LightAttack2
[2020.02.27-18.09.39:570][587]LogContentValidation: Display: Validating AnimMontage /Game/Character/Animations/LightAttack2.LightAttack2
[2020.02.27-18.09.40:472][690]LogWorld: UWorld::CleanupWorld for World_6, bSessionEnded=true, bCleanupResources=true
[2020.02.27-18.09.40:473][690]LogSlate: InvalidateAllWidgets triggered.  All widgets were invalidated
[2020.02.27-18.09.40:610][690]LogWorld: UWorld::CleanupWorld for World_7, bSessionEnded=true, bCleanupResources=true
[2020.02.27-18.09.40:610][690]LogSlate: InvalidateAllWidgets triggered.  All widgets were invalidated
[2020.02.27-18.09.42:481][904]LogWorld: UWorld::CleanupWorld for World_0, bSessionEnded=true, bCleanupResources=true
[2020.02.27-18.09.42:481][904]LogSlate: InvalidateAllWidgets triggered.  All widgets were invalidated
[2020.02.27-18.09.43:029][957]LogWorld: UWorld::CleanupWorld for World_1, bSessionEnded=true, bCleanupResources=true
[2020.02.27-18.09.43:029][957]LogSlate: InvalidateAllWidgets triggered.  All widgets were invalidated
[2020.02.27-18.09.43:554][ 10]LogActorComponent: UnregisterComponent: (/Engine/Transient.EditorFloorComp) Not registered. Aborting.
[2020.02.27-18.09.43:555][ 10]LogWorld: UWorld::CleanupWorld for World_2, bSessionEnded=true, bCleanupResources=true
[2020.02.27-18.09.43:555][ 10]LogSlate: InvalidateAllWidgets triggered.  All widgets were invalidated
[2020.02.27-18.09.52:768][941]LogAssetEditorSubsystem: Opening Asset editor for Blueprint /Game/ThirdPersonBP/Blueprints/EnemyBP.EnemyBP
[2020.02.27-18.13.19:241][929]LogUObjectHash: Compacting FUObjectHashTables data took   6.83ms
[2020.02.27-18.13.19:242][929]LogFileHelpers: Editor autosave (incl. sublevels) for '/Game/ThirdPersonBP/Maps/ThirdPersonExampleMap' took 0.119
[2020.02.27-18.13.19:243][929]OBJ SavePackage: Generating thumbnails for [0] asset(s) in package [/Game/Character/ganfaul_m_aure_Skeleton] ([1] browsable assets)...
[2020.02.27-18.13.19:243][929]OBJ SavePackage: Finished generating thumbnails for package [/Game/Character/ganfaul_m_aure_Skeleton]
[2020.02.27-18.13.19:265][929]LogSavePackage: Moving 'X:/Documents/GDDV/Motors 2/GladiatorArena/HnS/Saved/ganfaul_m_aure_Skeleton_Auto172BAC09E4B0295B1BABBFDBB93F3BA66.tmp' to 'X:/Documents/GDDV/Motors 2/GladiatorArena/HnS/Saved/Autosaves/Game/Character/ganfaul_m_aure_Skeleton_Auto1.uasset'
[2020.02.27-18.13.19:266][929]OBJ SavePackage: Generating thumbnails for [1] asset(s) in package [/Game/ThirdPersonBP/Blueprints/EnemyBP] ([1] browsable assets)...
[2020.02.27-18.13.19:284][929]OBJ SavePackage:     Rendered thumbnail for [Blueprint /Game/ThirdPersonBP/Blueprints/EnemyBP.EnemyBP]
[2020.02.27-18.13.19:284][929]OBJ SavePackage: Finished generating thumbnails for package [/Game/ThirdPersonBP/Blueprints/EnemyBP]
[2020.02.27-18.13.19:380][929]LogSavePackage: Moving 'X:/Documents/GDDV/Motors 2/GladiatorArena/HnS/Saved/EnemyBP_Auto148E4706A4BD8882934B0FEAADDABBD78.tmp' to 'X:/Documents/GDDV/Motors 2/GladiatorArena/HnS/Saved/Autosaves/Game/ThirdPersonBP/Blueprints/EnemyBP_Auto1.uasset'
[2020.02.27-18.13.19:380][929]LogFileHelpers: Auto-saving content packages took 0.138
[2020.02.27-18.15.47:252][641]LogAudioMixer: Warning: Changing default audio render device to new device: {0.0.0.00000000}.{7c604cb4-53ea-4a4b-b180-e58118cf00d2}.
[2020.02.27-18.15.47:252][641]LogTemp: Resetting audio stream to device id 
[2020.02.27-18.15.47:461][641]LogAudioMixer: Error: Audio Platform Device Error: 0x0: UNKNOWN (File D:/Build/++UE4/Sync/Engine/Source/Runtime/Windows/AudioMixerXAudio2/Private/AudioMixerPlatformXAudio2.cpp, Line 374)
[2020.02.27-18.17.44:261][439]LogAudioMixer: Warning: Changing default audio render device to new device: {0.0.0.00000000}.{7c604cb4-53ea-4a4b-b180-e58118cf00d2}.
[2020.02.27-18.17.44:368][439]LogTemp: Resetting audio stream to device id 
[2020.02.27-18.17.44:458][439]LogAudioMixer: Warning: Did not find the channel type flags for audio device 'Auriculares con micrófono (AKG N700NCM2 Hands-Free AG Audio)'. Reverting to a default channel ordering.
[2020.02.27-18.17.44:459][439]LogAudioMixer: Display: Audio Device Output Speaker Info:
[2020.02.27-18.17.44:459][439]LogAudioMixer: Display: Name: Auriculares con micrófono (AKG N700NCM2 Hands-Free AG Audio)
[2020.02.27-18.17.44:459][439]LogAudioMixer: Display: Is Default: Yes
[2020.02.27-18.17.44:459][439]LogAudioMixer: Display: Sample Rate: 16000
[2020.02.27-18.17.44:459][439]LogAudioMixer: Display: Channel Count Used: 2
[2020.02.27-18.17.44:459][439]LogAudioMixer: Display: Device Channel Count: 1
[2020.02.27-18.17.44:459][439]LogAudioMixer: Display: Channel Order:
[2020.02.27-18.17.44:459][439]LogAudioMixer: Display: 0: FrontLeft
[2020.02.27-18.17.44:459][439]LogAudioMixer: Display: 1: FrontRight
[2020.02.27-18.17.45:192][464]Cmd: OBJ SAVEPACKAGE PACKAGE="/Game/ThirdPersonBP/Blueprints/EnemyBP" FILE="X:/Documents/GDDV/Motors 2/GladiatorArena/HnS/Content/ThirdPersonBP/Blueprints/EnemyBP.uasset" SILENT=true
[2020.02.27-18.17.45:308][464]LogSavePackage: Moving 'X:/Documents/GDDV/Motors 2/GladiatorArena/HnS/Saved/EnemyBPC8C352D04CB41D4543345B828C17B93C.tmp' to 'X:/Documents/GDDV/Motors 2/GladiatorArena/HnS/Content/ThirdPersonBP/Blueprints/EnemyBP.uasset'
[2020.02.27-18.17.45:334][464]AssetCheck: New page: Asset Save: EnemyBP
[2020.02.27-18.17.45:334][464]LogContentValidation: Display: Validating Blueprint /Game/ThirdPersonBP/Blueprints/EnemyBP.EnemyBP
[2020.02.27-18.17.47:884][724]LogAssetEditorSubsystem: Opening Asset editor for Blueprint /Game/ThirdPersonBP/Blueprints/ThirdPersonCharacter.ThirdPersonCharacter
[2020.02.27-18.18.46:462][301]LogWorld: UWorld::CleanupWorld for World_13, bSessionEnded=true, bCleanupResources=true
[2020.02.27-18.18.46:462][301]LogSlate: InvalidateAllWidgets triggered.  All widgets were invalidated
[2020.02.27-18.18.51:022][778]LogUObjectHash: Compacting FUObjectHashTables data took   4.01ms
[2020.02.27-18.18.51:047][778]Cmd: OBJ SAVEPACKAGE PACKAGE="/Game/Character/ganfaul_m_aure_Skeleton" FILE="X:/Documents/GDDV/Motors 2/GladiatorArena/HnS/Content/Character/ganfaul_m_aure_Skeleton.uasset" SILENT=true
[2020.02.27-18.18.51:066][778]LogSavePackage: Moving 'X:/Documents/GDDV/Motors 2/GladiatorArena/HnS/Saved/ganfaul_m_aure_Skeleton9C1E7F63426F5D5BA7B313B2CC5E3DA1.tmp' to 'X:/Documents/GDDV/Motors 2/GladiatorArena/HnS/Content/Character/ganfaul_m_aure_Skeleton.uasset'
[2020.02.27-18.18.51:286][778]LogSavePackage: Moving 'X:/Documents/GDDV/Motors 2/GladiatorArena/HnS/Saved/ThirdPersonCharacter1F33B6494579C81120CF4B975864A4E1.tmp' to 'X:/Documents/GDDV/Motors 2/GladiatorArena/HnS/Content/ThirdPersonBP/Blueprints/ThirdPersonCharacter.uasset'
[2020.02.27-18.18.51:306][778]AssetCheck: New page: Asset Save: multiple assets
[2020.02.27-18.18.51:306][778]LogContentValidation: Display: Validating Skeleton /Game/Character/ganfaul_m_aure_Skeleton.ganfaul_m_aure_Skeleton
[2020.02.27-18.18.51:306][778]LogContentValidation: Display: Validating Blueprint /Game/ThirdPersonBP/Blueprints/ThirdPersonCharacter.ThirdPersonCharacter
[2020.02.27-18.19.14:102][409]Cmd: OBJ SAVEPACKAGE PACKAGE="/Game/ThirdPersonBP/Blueprints/EnemyBP" FILE="X:/Documents/GDDV/Motors 2/GladiatorArena/HnS/Content/ThirdPersonBP/Blueprints/EnemyBP.uasset" SILENT=true
[2020.02.27-18.19.14:201][409]LogSavePackage: Moving 'X:/Documents/GDDV/Motors 2/GladiatorArena/HnS/Saved/EnemyBP7F68E42F434B43DB69C2CC8C4DD1AE84.tmp' to 'X:/Documents/GDDV/Motors 2/GladiatorArena/HnS/Content/ThirdPersonBP/Blueprints/EnemyBP.uasset'
[2020.02.27-18.19.14:217][409]AssetCheck: New page: Asset Save: EnemyBP
[2020.02.27-18.19.14:217][409]LogContentValidation: Display: Validating Blueprint /Game/ThirdPersonBP/Blueprints/EnemyBP.EnemyBP
[2020.02.27-18.19.15:104][514]LogActorComponent: UnregisterComponent: (/Engine/Transient.EditorFloorComp) Not registered. Aborting.
[2020.02.27-18.19.15:104][514]LogWorld: UWorld::CleanupWorld for World_12, bSessionEnded=true, bCleanupResources=true
[2020.02.27-18.19.15:104][514]LogSlate: InvalidateAllWidgets triggered.  All widgets were invalidated
[2020.02.27-18.19.17:712][786]LogAssetEditorSubsystem: Opening Asset editor for Blueprint /Game/ThirdPersonBP/Blueprints/HealthDamageInterface.HealthDamageInterface
[2020.02.27-18.19.21:599][197]LogAssetEditorSubsystem: Opening Asset editor for Blueprint /Game/ThirdPersonBP/Blueprints/Game_BPI.Game_BPI
[2020.02.27-18.19.23:765][403]LogSlate: Window 'Game_BPI' being destroyed
[2020.02.27-18.19.29:628][105]LogWorld: UWorld::CleanupWorld for World_14, bSessionEnded=true, bCleanupResources=true
[2020.02.27-18.19.29:629][105]LogSlate: InvalidateAllWidgets triggered.  All widgets were invalidated
[2020.02.27-18.19.30:115][155]LogWorld: UWorld::CleanupWorld for World_15, bSessionEnded=true, bCleanupResources=true
[2020.02.27-18.19.30:115][155]LogSlate: InvalidateAllWidgets triggered.  All widgets were invalidated
[2020.02.27-18.19.36:695][823]LogAssetEditorSubsystem: Opening Asset editor for Blueprint /Game/ThirdPersonBP/Blueprints/HealthDamageInterface.HealthDamageInterface
[2020.02.27-18.19.56:201][ 31]LogAssetEditorSubsystem: Opening Asset editor for Blueprint /Game/ThirdPersonBP/Blueprints/EnemyBP.EnemyBP
[2020.02.27-18.20.22:929][110]LogWorld: UWorld::CleanupWorld for World_17, bSessionEnded=true, bCleanupResources=true
[2020.02.27-18.20.22:929][110]LogSlate: InvalidateAllWidgets triggered.  All widgets were invalidated
[2020.02.27-18.20.32:531][153]LogAssetEditorSubsystem: Opening Asset editor for Blueprint /Game/ThirdPersonBP/Weapons/Master_Weapon.Master_Weapon
[2020.02.27-18.20.45:761][441]LogWorld: UWorld::CleanupWorld for World_18, bSessionEnded=true, bCleanupResources=true
[2020.02.27-18.20.45:762][441]LogSlate: InvalidateAllWidgets triggered.  All widgets were invalidated
[2020.02.27-18.21.23:008][253]LogWorld: UWorld::CleanupWorld for World_16, bSessionEnded=true, bCleanupResources=true
[2020.02.27-18.21.23:008][253]LogSlate: InvalidateAllWidgets triggered.  All widgets were invalidated
[2020.02.27-18.21.26:246][613]LogAssetEditorSubsystem: Opening Asset editor for Blueprint /Game/ThirdPersonBP/Blueprints/EnemyBP.EnemyBP
[2020.02.27-18.22.20:255][835]LogWorld: UWorld::CleanupWorld for World_19, bSessionEnded=true, bCleanupResources=true
[2020.02.27-18.22.20:255][835]LogSlate: InvalidateAllWidgets triggered.  All widgets were invalidated
[2020.02.27-18.22.21:831][991]LogAssetEditorSubsystem: Opening Asset editor for Blueprint /Game/ThirdPersonBP/Blueprints/ThirdPersonCharacter.ThirdPersonCharacter
[2020.02.27-18.22.36:717][ 36]LogAudioMixer: Warning: Changing default audio render device to new device: {0.0.0.00000000}.{1c4d8488-28fc-47a3-b017-7b14ea5f4ffb}.
[2020.02.27-18.22.37:049][ 36]LogTemp: Resetting audio stream to device id 
[2020.02.27-18.22.37:219][ 36]LogAudioMixer: Warning: Did not find the channel type flags for audio device 'Auriculares con micrófono (AKG N700NCM2 Hands-Free AG Audio)'. Reverting to a default channel ordering.
[2020.02.27-18.22.37:219][ 36]LogAudioMixer: Display: Audio Device Output Speaker Info:
[2020.02.27-18.22.37:219][ 36]LogAudioMixer: Display: Name: Auriculares con micrófono (AKG N700NCM2 Hands-Free AG Audio)
[2020.02.27-18.22.37:219][ 36]LogAudioMixer: Display: Is Default: Yes
[2020.02.27-18.22.37:219][ 36]LogAudioMixer: Display: Sample Rate: 16000
[2020.02.27-18.22.37:219][ 36]LogAudioMixer: Display: Channel Count Used: 2
[2020.02.27-18.22.37:219][ 36]LogAudioMixer: Display: Device Channel Count: 1
[2020.02.27-18.22.37:219][ 36]LogAudioMixer: Display: Channel Order:
[2020.02.27-18.22.37:219][ 36]LogAudioMixer: Display: 0: FrontLeft
[2020.02.27-18.22.37:219][ 36]LogAudioMixer: Display: 1: FrontRight
