Log file open, 02/27/20 14:42:21
LogWindows: Failed to load 'aqProf.dll' (GetLastError=126)
LogWindows: File 'aqProf.dll' does not exist
LogWindows: Failed to load 'VtuneApi.dll' (GetLastError=126)
LogWindows: File 'VtuneApi.dll' does not exist
LogWindows: Failed to load 'VtuneApi32e.dll' (GetLastError=126)
LogWindows: File 'VtuneApi32e.dll' does not exist
LogConsoleResponse: Display: Failed to find resolution value strings in scalability ini. Falling back to default.
LogInit: Display: Running engine for game: HnS
LogPlatformFile: Not using cached read wrapper
LogTaskGraph: Started task graph with 5 named threads and 35 total threads with 3 sets of task threads.
LogStats: Stats thread started at 0.085107
LogD3D11RHI: Loaded GFSDK_Aftermath_Lib.x64.dll
LogICUInternationalization: ICU TimeZone Detection - Raw Offset: +1:00, Platform Override: ''
LogPluginManager: Mounting plugin Paper2D
LogPluginManager: Mounting plugin AISupport
LogPluginManager: Mounting plugin LightPropagationVolume
LogPluginManager: Mounting plugin ActorLayerUtilities
LogPluginManager: Mounting plugin AnimationSharing
LogPluginManager: Mounting plugin CLionSourceCodeAccess
LogPluginManager: Mounting plugin CodeLiteSourceCodeAccess
LogPluginManager: Mounting plugin GitSourceControl
LogPluginManager: Mounting plugin KDevelopSourceCodeAccess
LogPluginManager: Mounting plugin NullSourceCodeAccess
LogPluginManager: Mounting plugin PerforceSourceControl
LogPluginManager: Mounting plugin PlasticSourceControl
LogPluginManager: Mounting plugin SubversionSourceControl
LogPluginManager: Mounting plugin UObjectPlugin
LogPluginManager: Mounting plugin VisualStudioCodeSourceCodeAccess
LogPluginManager: Mounting plugin VisualStudioSourceCodeAccess
LogPluginManager: Mounting plugin XCodeSourceCodeAccess
LogPluginManager: Mounting plugin AssetManagerEditor
LogPluginManager: Mounting plugin CryptoKeys
LogPluginManager: Mounting plugin CurveEditorTools
LogPluginManager: Mounting plugin DataValidation
LogPluginManager: Mounting plugin FacialAnimation
LogPluginManager: Mounting plugin GameplayTagsEditor
LogPluginManager: Mounting plugin MacGraphicsSwitching
LogPluginManager: Mounting plugin MaterialAnalyzer
LogPluginManager: Mounting plugin MobileLauncherProfileWizard
LogPluginManager: Mounting plugin PluginBrowser
LogPluginManager: Mounting plugin SpeedTreeImporter
LogPluginManager: Mounting plugin DatasmithContent
LogPluginManager: Mounting plugin VariantManagerContent
LogPluginManager: Mounting plugin AlembicImporter
LogPluginManager: Mounting plugin AutomationUtils
LogPluginManager: Mounting plugin BackChannel
LogPluginManager: Mounting plugin CharacterAI
LogPluginManager: Mounting plugin GeometryCache
LogPluginManager: Mounting plugin PlatformCrypto
LogPluginManager: Mounting plugin ProxyLODPlugin
LogPluginManager: Mounting plugin SkeletalReduction
LogPluginManager: Mounting plugin MagicLeap
LogPluginManager: Mounting plugin MagicLeapMedia
LogPluginManager: Mounting plugin MLSDK
LogPluginManager: Mounting plugin AndroidMedia
LogPluginManager: Mounting plugin AvfMedia
LogPluginManager: Mounting plugin ImgMedia
LogPluginManager: Mounting plugin MediaCompositing
LogPluginManager: Mounting plugin MediaPlayerEditor
LogPluginManager: Mounting plugin WebMMedia
LogPluginManager: Mounting plugin WmfMedia
LogPluginManager: Mounting plugin TcpMessaging
LogPluginManager: Mounting plugin UdpMessaging
LogPluginManager: Mounting plugin ActorSequence
LogPluginManager: Mounting plugin LevelSequenceEditor
LogPluginManager: Mounting plugin MatineeToLevelSequence
LogPluginManager: Mounting plugin NetcodeUnitTest
LogPluginManager: Mounting plugin NUTUnrealEngine4
LogPluginManager: Mounting plugin OnlineSubsystemGooglePlay
LogPluginManager: Mounting plugin OnlineSubsystemIOS
LogPluginManager: Mounting plugin OnlineSubsystem
LogPluginManager: Mounting plugin OnlineSubsystemNull
LogPluginManager: Mounting plugin OnlineSubsystemUtils
LogPluginManager: Mounting plugin LauncherChunkInstaller
LogPluginManager: Mounting plugin AndroidDeviceProfileSelector
LogPluginManager: Mounting plugin AndroidMoviePlayer
LogPluginManager: Mounting plugin AndroidPermission
LogPluginManager: Mounting plugin AppleImageUtils
LogPluginManager: Mounting plugin AppleMoviePlayer
LogPluginManager: Mounting plugin ArchVisCharacter
LogPluginManager: Mounting plugin AssetTags
LogPluginManager: Mounting plugin AudioCapture
LogPluginManager: Mounting plugin CableComponent
LogPluginManager: Mounting plugin CustomMeshComponent
LogPluginManager: Mounting plugin EditableMesh
LogPluginManager: Mounting plugin ExampleDeviceProfileSelector
LogPluginManager: Mounting plugin GoogleCloudMessaging
LogPluginManager: Mounting plugin IOSDeviceProfileSelector
LogPluginManager: Mounting plugin LinuxDeviceProfileSelector
LogPluginManager: Mounting plugin LocationServicesBPLibrary
LogPluginManager: Mounting plugin MobilePatchingUtils
LogPluginManager: Mounting plugin OculusVR
LogPluginManager: Mounting plugin PhysXVehicles
LogPluginManager: Mounting plugin PostSplashScreen
LogPluginManager: Mounting plugin ProceduralMeshComponent
LogPluginManager: Mounting plugin RuntimePhysXCooking
LogPluginManager: Mounting plugin SignificanceManager
LogPluginManager: Mounting plugin SteamVR
LogPluginManager: Mounting plugin WebMMoviePlayer
LogPluginManager: Mounting plugin WindowsMoviePlayer
LogPluginManager: Mounting plugin ScreenshotTools
LogInit: Using libcurl 7.55.1-DEV
LogInit:  - built for x86_64-pc-win32
LogInit:  - supports SSL with OpenSSL/1.1.1
LogInit:  - supports HTTP deflate (compression) using libz 1.2.8
LogInit:  - other features:
LogInit:      CURL_VERSION_SSL
LogInit:      CURL_VERSION_LIBZ
LogInit:      CURL_VERSION_IPV6
LogInit:      CURL_VERSION_ASYNCHDNS
LogInit:      CURL_VERSION_LARGEFILE
LogInit:      CURL_VERSION_IDN
LogInit:  CurlRequestOptions (configurable via config and command line):
LogInit:  - bVerifyPeer = true  - Libcurl will verify peer certificate
LogInit:  - bUseHttpProxy = false  - Libcurl will NOT use HTTP proxy
LogInit:  - bDontReuseConnections = false  - Libcurl will reuse connections
LogInit:  - MaxHostConnections = 16  - Libcurl will limit the number of connections to a host
LogInit:  - LocalHostAddr = Default
LogInit:  - BufferSize = 65536
LogOnline: OSS: Creating online subsystem instance for: NULL
LogInit: WinSock: version 1.1 (2.2), MaxSocks=32767, MaxUdp=65467
LogOnline: OSS: TryLoadSubsystemAndSetDefault: Loaded subsystem for module [NULL]
LogHMD: Failed initializing OVRPlugin 1.40.0
LogInit: Build: ++UE4+Release-4.24-CL-11100242
LogInit: Engine Version: 4.24.2-11100242+++UE4+Release-4.24
LogInit: Compatible Engine Version: 4.24.0-10570792+++UE4+Release-4.24
LogInit: Net CL: 10570792
LogInit: OS: Windows 10 (Release 1903) (), CPU: AMD Ryzen 5 2600 Six-Core Processor            , GPU: NVIDIA GeForce GTX 1070
LogInit: Compiled (64-bit): Jan 24 2020 02:05:53
LogInit: Compiled with Visual C++: 19.16.27032.01
LogInit: Build Configuration: Development
LogInit: Branch Name: ++UE4+Release-4.24
LogInit: Command Line:  -EpicPortal -epicusername=thirtyacors -epicuserid=ad1d58c5f4cd4c999f96bb8eb18659de -epiclocale=es
LogInit: Base Directory: D:/Epic Games/UE_4.24/Engine/Binaries/Win64/
LogInit: Installed Engine Build: 1
LogDevObjectVersion: Number of dev versions registered: 25
LogDevObjectVersion:   Dev-Blueprints (B0D832E4-1F89-4F0D-ACCF-7EB736FD4AA2): 10
LogDevObjectVersion:   Dev-Build (E1C64328-A22C-4D53-A36C-8E866417BD8C): 0
LogDevObjectVersion:   Dev-Core (375EC13C-06E4-48FB-B500-84F0262A717E): 3
LogDevObjectVersion:   Dev-Editor (E4B068ED-F494-42E9-A231-DA0B2E46BB41): 37
LogDevObjectVersion:   Dev-Framework (CFFC743F-43B0-4480-9391-14DF171D2073): 36
LogDevObjectVersion:   Dev-Mobile (B02B49B5-BB20-44E9-A304-32B752E40360): 2
LogDevObjectVersion:   Dev-Networking (A4E4105C-59A1-49B5-A7C5-40C4547EDFEE): 0
LogDevObjectVersion:   Dev-Online (39C831C9-5AE6-47DC-9A44-9C173E1C8E7C): 0
LogDevObjectVersion:   Dev-Physics (78F01B33-EBEA-4F98-B9B4-84EACCB95AA2): 2
LogDevObjectVersion:   Dev-Platform (6631380F-2D4D-43E0-8009-CF276956A95A): 0
LogDevObjectVersion:   Dev-Rendering (12F88B9F-8875-4AFC-A67C-D90C383ABD29): 36
LogDevObjectVersion:   Dev-Sequencer (7B5AE74C-D270-4C10-A958-57980B212A5A): 11
LogDevObjectVersion:   Dev-VR (D7296918-1DD6-4BDD-9DE2-64A83CC13884): 2
LogDevObjectVersion:   Dev-LoadTimes (C2A15278-BFE7-4AFE-6C17-90FF531DF755): 1
LogDevObjectVersion:   Private-Geometry (6EACA3D4-40EC-4CC1-B786-8BED09428FC5): 3
LogDevObjectVersion:   Dev-AnimPhys (29E575DD-E0A3-4627-9D10-D276232CDCEA): 17
LogDevObjectVersion:   Dev-Anim (AF43A65D-7FD3-4947-9873-3E8ED9C1BB05): 2
LogDevObjectVersion:   Dev-ReflectionCapture (6B266CEC-1EC7-4B8F-A30B-E4D90942FC07): 1
LogDevObjectVersion:   Dev-Automation (0DF73D61-A23F-47EA-B727-89E90C41499A): 1
LogDevObjectVersion:   FortniteMain (601D1886-AC64-4F84-AA16-D3DE0DEAC7D6): 31
LogDevObjectVersion:   Dev-Enterprise (9DFFBCD6-494F-0158-E221-12823C92A888): 8
LogDevObjectVersion:   Dev-Niagara (F2AED0AC-9AFE-416F-8664-AA7FFA26D6FC): 1
LogDevObjectVersion:   Dev-Destruction (174F1F0B-B4C6-45A5-B13F-2EE8D0FB917D): 9
LogDevObjectVersion:   Dev-Physics-Ext (35F94A83-E258-406C-A318-09F59610247C): 8
LogDevObjectVersion:   Dev-CineCamera (B2E18506-4273-CFC2-A54E-F4BB758BBA07): 1
LogInit: Presizing for max 25165824 objects, including 0 objects not considered by GC, pre-allocating 0 bytes for permanent pool.
LogInit: Object subsystem initialized
LogConfig: Setting CVar [[con.DebugEarlyDefault:1]]
LogConfig: Setting CVar [[r.setres:1280x720]]
[2020.02.27-13.42.22:711][  0]LogConfig: Setting CVar [[r.VSync:0]]
[2020.02.27-13.42.22:711][  0]LogConfig: Setting CVar [[r.RHICmdBypass:0]]
[2020.02.27-13.42.22:711][  0]LogConfig: Applying CVar settings from Section [/Script/Engine.RendererSettings] File [X:/Documents/GDDV/Motors 2/GladiatorArena/HnS/Saved/Config/Windows/Engine.ini]
[2020.02.27-13.42.22:711][  0]LogConfig: Setting CVar [[r.GPUCrashDebugging:0]]
[2020.02.27-13.42.22:711][  0]LogConfig: Applying CVar settings from Section [/Script/Engine.RendererOverrideSettings] File [X:/Documents/GDDV/Motors 2/GladiatorArena/HnS/Saved/Config/Windows/Engine.ini]
[2020.02.27-13.42.22:711][  0]LogConfig: Applying CVar settings from Section [/Script/Engine.StreamingSettings] File [X:/Documents/GDDV/Motors 2/GladiatorArena/HnS/Saved/Config/Windows/Engine.ini]
[2020.02.27-13.42.22:711][  0]LogConfig: Setting CVar [[s.MinBulkDataSizeForAsyncLoading:131072]]
[2020.02.27-13.42.22:711][  0]LogConfig: Setting CVar [[s.AsyncLoadingThreadEnabled:0]]
[2020.02.27-13.42.22:711][  0]LogConfig: Setting CVar [[s.EventDrivenLoaderEnabled:1]]
[2020.02.27-13.42.22:711][  0]LogConfig: Setting CVar [[s.WarnIfTimeLimitExceeded:0]]
[2020.02.27-13.42.22:711][  0]LogConfig: Setting CVar [[s.TimeLimitExceededMultiplier:1.5]]
[2020.02.27-13.42.22:711][  0]LogConfig: Setting CVar [[s.TimeLimitExceededMinTime:0.005]]
[2020.02.27-13.42.22:711][  0]LogConfig: Setting CVar [[s.UseBackgroundLevelStreaming:1]]
[2020.02.27-13.42.22:711][  0]LogConfig: Setting CVar [[s.PriorityAsyncLoadingExtraTime:15.0]]
[2020.02.27-13.42.22:711][  0]LogConfig: Setting CVar [[s.LevelStreamingActorsUpdateTimeLimit:5.0]]
[2020.02.27-13.42.22:711][  0]LogConfig: Setting CVar [[s.PriorityLevelStreamingActorsUpdateExtraTime:5.0]]
[2020.02.27-13.42.22:711][  0]LogConfig: Setting CVar [[s.LevelStreamingComponentsRegistrationGranularity:10]]
[2020.02.27-13.42.22:711][  0]LogConfig: Setting CVar [[s.UnregisterComponentsTimeLimit:1.0]]
[2020.02.27-13.42.22:711][  0]LogConfig: Setting CVar [[s.LevelStreamingComponentsUnregistrationGranularity:5]]
[2020.02.27-13.42.22:711][  0]LogConfig: Setting CVar [[s.FlushStreamingOnExit:1]]
[2020.02.27-13.42.22:711][  0]LogConfig: Applying CVar settings from Section [/Script/Engine.GarbageCollectionSettings] File [X:/Documents/GDDV/Motors 2/GladiatorArena/HnS/Saved/Config/Windows/Engine.ini]
[2020.02.27-13.42.22:711][  0]LogConfig: Setting CVar [[gc.MaxObjectsNotConsideredByGC:1]]
[2020.02.27-13.42.22:711][  0]LogConfig: Setting CVar [[gc.SizeOfPermanentObjectPool:0]]
[2020.02.27-13.42.22:711][  0]LogConfig: Setting CVar [[gc.FlushStreamingOnGC:0]]
[2020.02.27-13.42.22:711][  0]LogConfig: Setting CVar [[gc.NumRetriesBeforeForcingGC:10]]
[2020.02.27-13.42.22:711][  0]LogConfig: Setting CVar [[gc.AllowParallelGC:1]]
[2020.02.27-13.42.22:711][  0]LogConfig: Setting CVar [[gc.TimeBetweenPurgingPendingKillObjects:61.1]]
[2020.02.27-13.42.22:711][  0]LogConfig: Setting CVar [[gc.MaxObjectsInEditor:25165824]]
[2020.02.27-13.42.22:711][  0]LogConfig: Setting CVar [[gc.IncrementalBeginDestroyEnabled:1]]
[2020.02.27-13.42.22:711][  0]LogConfig: Setting CVar [[gc.CreateGCClusters:1]]
[2020.02.27-13.42.22:711][  0]LogConfig: Setting CVar [[gc.MinGCClusterSize:5]]
[2020.02.27-13.42.22:711][  0]LogConfig: Setting CVar [[gc.ActorClusteringEnabled:0]]
[2020.02.27-13.42.22:711][  0]LogConfig: Setting CVar [[gc.BlueprintClusteringEnabled:0]]
[2020.02.27-13.42.22:711][  0]LogConfig: Setting CVar [[gc.UseDisregardForGCOnDedicatedServers:0]]
[2020.02.27-13.42.22:711][  0]LogConfig: Applying CVar settings from Section [/Script/Engine.NetworkSettings] File [X:/Documents/GDDV/Motors 2/GladiatorArena/HnS/Saved/Config/Windows/Engine.ini]
[2020.02.27-13.42.22:711][  0]LogConfig: Applying CVar settings from Section [/Script/UnrealEd.CookerSettings] File [X:/Documents/GDDV/Motors 2/GladiatorArena/HnS/Saved/Config/Windows/Engine.ini]
[2020.02.27-13.42.22:713][  0]LogConfig: Applying CVar settings from Section [ViewDistanceQuality@3] File [X:/Documents/GDDV/Motors 2/GladiatorArena/HnS/Saved/Config/Windows/Scalability.ini]
[2020.02.27-13.42.22:713][  0]LogConfig: Setting CVar [[r.SkeletalMeshLODBias:0]]
[2020.02.27-13.42.22:713][  0]LogConfig: Setting CVar [[r.ViewDistanceScale:1.0]]
[2020.02.27-13.42.22:714][  0]LogConfig: Applying CVar settings from Section [AntiAliasingQuality@3] File [X:/Documents/GDDV/Motors 2/GladiatorArena/HnS/Saved/Config/Windows/Scalability.ini]
[2020.02.27-13.42.22:714][  0]LogConfig: Setting CVar [[r.PostProcessAAQuality:4]]
[2020.02.27-13.42.22:714][  0]LogConfig: Applying CVar settings from Section [ShadowQuality@3] File [X:/Documents/GDDV/Motors 2/GladiatorArena/HnS/Saved/Config/Windows/Scalability.ini]
[2020.02.27-13.42.22:714][  0]LogConfig: Setting CVar [[r.LightFunctionQuality:1]]
[2020.02.27-13.42.22:714][  0]LogConfig: Setting CVar [[r.ShadowQuality:5]]
[2020.02.27-13.42.22:714][  0]LogConfig: Setting CVar [[r.Shadow.CSM.MaxCascades:10]]
[2020.02.27-13.42.22:714][  0]LogConfig: Setting CVar [[r.Shadow.MaxResolution:2048]]
[2020.02.27-13.42.22:714][  0]LogConfig: Setting CVar [[r.Shadow.MaxCSMResolution:2048]]
[2020.02.27-13.42.22:714][  0]LogConfig: Setting CVar [[r.Shadow.RadiusThreshold:0.01]]
[2020.02.27-13.42.22:714][  0]LogConfig: Setting CVar [[r.Shadow.DistanceScale:1.0]]
[2020.02.27-13.42.22:714][  0]LogConfig: Setting CVar [[r.Shadow.CSM.TransitionScale:1.0]]
[2020.02.27-13.42.22:714][  0]LogConfig: Setting CVar [[r.Shadow.PreShadowResolutionFactor:1.0]]
[2020.02.27-13.42.22:714][  0]LogConfig: Setting CVar [[r.DistanceFieldShadowing:1]]
[2020.02.27-13.42.22:714][  0]LogConfig: Setting CVar [[r.DistanceFieldAO:1]]
[2020.02.27-13.42.22:714][  0]LogConfig: Setting CVar [[r.AOQuality:2]]
[2020.02.27-13.42.22:714][  0]LogConfig: Setting CVar [[r.VolumetricFog:1]]
[2020.02.27-13.42.22:714][  0]LogConfig: Setting CVar [[r.VolumetricFog.GridPixelSize:8]]
[2020.02.27-13.42.22:714][  0]LogConfig: Setting CVar [[r.VolumetricFog.GridSizeZ:128]]
[2020.02.27-13.42.22:714][  0]LogConfig: Setting CVar [[r.VolumetricFog.HistoryMissSupersampleCount:4]]
[2020.02.27-13.42.22:714][  0]LogConfig: Setting CVar [[r.LightMaxDrawDistanceScale:1]]
[2020.02.27-13.42.22:714][  0]LogConfig: Setting CVar [[r.CapsuleShadows:1]]
[2020.02.27-13.42.22:714][  0]LogConfig: Applying CVar settings from Section [PostProcessQuality@3] File [X:/Documents/GDDV/Motors 2/GladiatorArena/HnS/Saved/Config/Windows/Scalability.ini]
[2020.02.27-13.42.22:714][  0]LogConfig: Setting CVar [[r.MotionBlurQuality:4]]
[2020.02.27-13.42.22:714][  0]LogConfig: Setting CVar [[r.AmbientOcclusionMipLevelFactor:0.4]]
[2020.02.27-13.42.22:714][  0]LogConfig: Setting CVar [[r.AmbientOcclusionMaxQuality:100]]
[2020.02.27-13.42.22:714][  0]LogConfig: Setting CVar [[r.AmbientOcclusionLevels:-1]]
[2020.02.27-13.42.22:714][  0]LogConfig: Setting CVar [[r.AmbientOcclusionRadiusScale:1.0]]
[2020.02.27-13.42.22:714][  0]LogConfig: Setting CVar [[r.DepthOfFieldQuality:2]]
[2020.02.27-13.42.22:714][  0]LogConfig: Setting CVar [[r.RenderTargetPoolMin:400]]
[2020.02.27-13.42.22:714][  0]LogConfig: Setting CVar [[r.LensFlareQuality:2]]
[2020.02.27-13.42.22:714][  0]LogConfig: Setting CVar [[r.SceneColorFringeQuality:1]]
[2020.02.27-13.42.22:714][  0]LogConfig: Setting CVar [[r.EyeAdaptationQuality:2]]
[2020.02.27-13.42.22:714][  0]LogConfig: Setting CVar [[r.BloomQuality:5]]
[2020.02.27-13.42.22:714][  0]LogConfig: Setting CVar [[r.FastBlurThreshold:100]]
[2020.02.27-13.42.22:714][  0]LogConfig: Setting CVar [[r.Upscale.Quality:3]]
[2020.02.27-13.42.22:714][  0]LogConfig: Setting CVar [[r.Tonemapper.GrainQuantization:1]]
[2020.02.27-13.42.22:714][  0]LogConfig: Setting CVar [[r.LightShaftQuality:1]]
[2020.02.27-13.42.22:714][  0]LogConfig: Setting CVar [[r.Filter.SizeScale:1]]
[2020.02.27-13.42.22:714][  0]LogConfig: Setting CVar [[r.Tonemapper.Quality:5]]
[2020.02.27-13.42.22:714][  0]LogConfig: Setting CVar [[r.DOF.Gather.AccumulatorQuality:1        ; higher gathering accumulator quality]]
[2020.02.27-13.42.22:714][  0]LogConfig: Setting CVar [[r.DOF.Gather.PostfilterMethod:1          ; Median3x3 postfilering method]]
[2020.02.27-13.42.22:714][  0]LogConfig: Setting CVar [[r.DOF.Gather.EnableBokehSettings:0       ; no bokeh simulation when gathering]]
[2020.02.27-13.42.22:714][  0]LogConfig: Setting CVar [[r.DOF.Gather.RingCount:4                 ; medium number of samples when gathering]]
[2020.02.27-13.42.22:714][  0]LogConfig: Setting CVar [[r.DOF.Scatter.ForegroundCompositing:1    ; additive foreground scattering]]
[2020.02.27-13.42.22:714][  0]LogConfig: Setting CVar [[r.DOF.Scatter.BackgroundCompositing:2    ; additive background scattering]]
[2020.02.27-13.42.22:714][  0]LogConfig: Setting CVar [[r.DOF.Scatter.EnableBokehSettings:1      ; bokeh simulation when scattering]]
[2020.02.27-13.42.22:714][  0]LogConfig: Setting CVar [[r.DOF.Scatter.MaxSpriteRatio:0.1         ; only a maximum of 10% of scattered bokeh]]
[2020.02.27-13.42.22:714][  0]LogConfig: Setting CVar [[r.DOF.Recombine.Quality:1                ; cheap slight out of focus]]
[2020.02.27-13.42.22:714][  0]LogConfig: Setting CVar [[r.DOF.Recombine.EnableBokehSettings:0    ; no bokeh simulation on slight out of focus]]
[2020.02.27-13.42.22:714][  0]LogConfig: Setting CVar [[r.DOF.TemporalAAQuality:1                ; more stable temporal accumulation]]
[2020.02.27-13.42.22:714][  0]LogConfig: Setting CVar [[r.DOF.Kernel.MaxForegroundRadius:0.025]]
[2020.02.27-13.42.22:714][  0]LogConfig: Setting CVar [[r.DOF.Kernel.MaxBackgroundRadius:0.025]]
[2020.02.27-13.42.22:714][  0]LogConfig: Applying CVar settings from Section [TextureQuality@3] File [X:/Documents/GDDV/Motors 2/GladiatorArena/HnS/Saved/Config/Windows/Scalability.ini]
[2020.02.27-13.42.22:714][  0]LogConfig: Setting CVar [[r.Streaming.MipBias:0]]
[2020.02.27-13.42.22:714][  0]LogConfig: Setting CVar [[r.Streaming.AmortizeCPUToGPUCopy:0]]
[2020.02.27-13.42.22:714][  0]LogConfig: Setting CVar [[r.Streaming.MaxNumTexturesToStreamPerFrame:0]]
[2020.02.27-13.42.22:714][  0]LogConfig: Setting CVar [[r.Streaming.Boost:1]]
[2020.02.27-13.42.22:714][  0]LogConfig: Setting CVar [[r.MaxAnisotropy:8]]
[2020.02.27-13.42.22:714][  0]LogConfig: Setting CVar [[r.VT.MaxAnisotropy:8]]
[2020.02.27-13.42.22:714][  0]LogConfig: Setting CVar [[r.Streaming.LimitPoolSizeToVRAM:0]]
[2020.02.27-13.42.22:714][  0]LogConfig: Setting CVar [[r.Streaming.PoolSize:1000]]
[2020.02.27-13.42.22:715][  0]LogConfig: Setting CVar [[r.Streaming.MaxEffectiveScreenSize:0]]
[2020.02.27-13.42.22:715][  0]LogConfig: Applying CVar settings from Section [EffectsQuality@3] File [X:/Documents/GDDV/Motors 2/GladiatorArena/HnS/Saved/Config/Windows/Scalability.ini]
[2020.02.27-13.42.22:715][  0]LogConfig: Setting CVar [[r.TranslucencyLightingVolumeDim:64]]
[2020.02.27-13.42.22:715][  0]LogConfig: Setting CVar [[r.RefractionQuality:2]]
[2020.02.27-13.42.22:715][  0]LogConfig: Setting CVar [[r.SSR.Quality:3]]
[2020.02.27-13.42.22:715][  0]LogConfig: Setting CVar [[r.SSR.HalfResSceneColor:0]]
[2020.02.27-13.42.22:715][  0]LogConfig: Setting CVar [[r.SceneColorFormat:4]]
[2020.02.27-13.42.22:715][  0]LogConfig: Setting CVar [[r.DetailMode:2]]
[2020.02.27-13.42.22:715][  0]LogConfig: Setting CVar [[r.TranslucencyVolumeBlur:1]]
[2020.02.27-13.42.22:715][  0]LogConfig: Setting CVar [[r.MaterialQualityLevel:1 ; High quality]]
[2020.02.27-13.42.22:715][  0]LogConfig: Setting CVar [[r.SSS.Scale:1]]
[2020.02.27-13.42.22:715][  0]LogConfig: Setting CVar [[r.SSS.SampleSet:2]]
[2020.02.27-13.42.22:715][  0]LogConfig: Setting CVar [[r.SSS.Quality:1]]
[2020.02.27-13.42.22:715][  0]LogConfig: Setting CVar [[r.SSS.HalfRes:1]]
[2020.02.27-13.42.22:715][  0]LogConfig: Setting CVar [[r.SSGI.Quality:3]]
[2020.02.27-13.42.22:715][  0]LogConfig: Setting CVar [[r.EmitterSpawnRateScale:1.0]]
[2020.02.27-13.42.22:715][  0]LogConfig: Setting CVar [[r.ParticleLightQuality:2]]
[2020.02.27-13.42.22:715][  0]LogConfig: Setting CVar [[r.SkyAtmosphere.AerialPerspectiveLUT.FastApplyOnOpaque:1 ; Always have FastSkyLUT 1 in this case to avoid wrong sky]]
[2020.02.27-13.42.22:715][  0]LogConfig: Setting CVar [[r.SkyAtmosphere.AerialPerspectiveLUT.SampleCountPerSlice:1]]
[2020.02.27-13.42.22:715][  0]LogConfig: Setting CVar [[r.SkyAtmosphere.AerialPerspectiveLUT.DepthResolution:16.0]]
[2020.02.27-13.42.22:715][  0]LogConfig: Setting CVar [[r.SkyAtmosphere.FastSkyLUT:1]]
[2020.02.27-13.42.22:715][  0]LogConfig: Setting CVar [[r.SkyAtmosphere.FastSkyLUT.SampleCountMin:4.0]]
[2020.02.27-13.42.22:715][  0]LogConfig: Setting CVar [[r.SkyAtmosphere.FastSkyLUT.SampleCountMax:32.0]]
[2020.02.27-13.42.22:715][  0]LogConfig: Setting CVar [[r.SkyAtmosphere.SampleCountMin:4.0]]
[2020.02.27-13.42.22:715][  0]LogConfig: Setting CVar [[r.SkyAtmosphere.SampleCountMax:32.0]]
[2020.02.27-13.42.22:715][  0]LogConfig: Setting CVar [[r.SkyAtmosphere.TransmittanceLUT.UseSmallFormat:0]]
[2020.02.27-13.42.22:715][  0]LogConfig: Setting CVar [[r.SkyAtmosphere.TransmittanceLUT.SampleCount:10.0]]
[2020.02.27-13.42.22:715][  0]LogConfig: Setting CVar [[r.SkyAtmosphere.MultiScatteringLUT.SampleCount:15.0]]
[2020.02.27-13.42.22:715][  0]LogConfig: Applying CVar settings from Section [FoliageQuality@3] File [X:/Documents/GDDV/Motors 2/GladiatorArena/HnS/Saved/Config/Windows/Scalability.ini]
[2020.02.27-13.42.22:715][  0]LogConfig: Setting CVar [[foliage.DensityScale:1.0]]
[2020.02.27-13.42.22:715][  0]LogConfig: Setting CVar [[grass.DensityScale:1.0]]
[2020.02.27-13.42.22:715][  0]LogConfig: Applying CVar settings from Section [ShadingQuality@3] File [X:/Documents/GDDV/Motors 2/GladiatorArena/HnS/Saved/Config/Windows/Scalability.ini]
[2020.02.27-13.42.22:715][  0]LogConfig: Setting CVar [[r.HairStrands.SkyLighting.SampleCount:16]]
[2020.02.27-13.42.22:715][  0]LogConfig: Setting CVar [[r.HairStrands.SkyLighting.JitterIntegration:0]]
[2020.02.27-13.42.22:715][  0]LogConfig: Setting CVar [[r.HairStrands.SkyAO.SampleCount:16]]
[2020.02.27-13.42.22:715][  0]LogInit: Selected Device Profile: [Windows]
[2020.02.27-13.42.22:715][  0]LogInit: Applying CVar settings loaded from the selected device profile: [Windows]
[2020.02.27-13.42.22:718][  0]LogHAL: Display: Platform has ~ 16 GB [17113747456 / 17179869184 / 16], which maps to Larger [LargestMinGB=32, LargerMinGB=12, DefaultMinGB=8, SmallerMinGB=6, SmallestMinGB=0)
[2020.02.27-13.42.22:718][  0]LogInit: Going up to parent DeviceProfile []
[2020.02.27-13.42.22:718][  0]LogConfig: Applying CVar settings from Section [ViewDistanceQuality@3] File [X:/Documents/GDDV/Motors 2/GladiatorArena/HnS/Saved/Config/Windows/Scalability.ini]
[2020.02.27-13.42.22:718][  0]LogConfig: Setting CVar [[r.SkeletalMeshLODBias:0]]
[2020.02.27-13.42.22:718][  0]LogConfig: Setting CVar [[r.ViewDistanceScale:1.0]]
[2020.02.27-13.42.22:718][  0]LogConfig: Applying CVar settings from Section [AntiAliasingQuality@3] File [X:/Documents/GDDV/Motors 2/GladiatorArena/HnS/Saved/Config/Windows/Scalability.ini]
[2020.02.27-13.42.22:718][  0]LogConfig: Setting CVar [[r.PostProcessAAQuality:4]]
[2020.02.27-13.42.22:718][  0]LogConfig: Applying CVar settings from Section [ShadowQuality@3] File [X:/Documents/GDDV/Motors 2/GladiatorArena/HnS/Saved/Config/Windows/Scalability.ini]
[2020.02.27-13.42.22:718][  0]LogConfig: Setting CVar [[r.LightFunctionQuality:1]]
[2020.02.27-13.42.22:718][  0]LogConfig: Setting CVar [[r.ShadowQuality:5]]
[2020.02.27-13.42.22:718][  0]LogConfig: Setting CVar [[r.Shadow.CSM.MaxCascades:10]]
[2020.02.27-13.42.22:718][  0]LogConfig: Setting CVar [[r.Shadow.MaxResolution:2048]]
[2020.02.27-13.42.22:718][  0]LogConfig: Setting CVar [[r.Shadow.MaxCSMResolution:2048]]
[2020.02.27-13.42.22:718][  0]LogConfig: Setting CVar [[r.Shadow.RadiusThreshold:0.01]]
[2020.02.27-13.42.22:718][  0]LogConfig: Setting CVar [[r.Shadow.DistanceScale:1.0]]
[2020.02.27-13.42.22:718][  0]LogConfig: Setting CVar [[r.Shadow.CSM.TransitionScale:1.0]]
[2020.02.27-13.42.22:718][  0]LogConfig: Setting CVar [[r.Shadow.PreShadowResolutionFactor:1.0]]
[2020.02.27-13.42.22:718][  0]LogConfig: Setting CVar [[r.DistanceFieldShadowing:1]]
[2020.02.27-13.42.22:718][  0]LogConfig: Setting CVar [[r.DistanceFieldAO:1]]
[2020.02.27-13.42.22:718][  0]LogConfig: Setting CVar [[r.AOQuality:2]]
[2020.02.27-13.42.22:718][  0]LogConfig: Setting CVar [[r.VolumetricFog:1]]
[2020.02.27-13.42.22:718][  0]LogConfig: Setting CVar [[r.VolumetricFog.GridPixelSize:8]]
[2020.02.27-13.42.22:718][  0]LogConfig: Setting CVar [[r.VolumetricFog.GridSizeZ:128]]
[2020.02.27-13.42.22:718][  0]LogConfig: Setting CVar [[r.VolumetricFog.HistoryMissSupersampleCount:4]]
[2020.02.27-13.42.22:718][  0]LogConfig: Setting CVar [[r.LightMaxDrawDistanceScale:1]]
[2020.02.27-13.42.22:718][  0]LogConfig: Setting CVar [[r.CapsuleShadows:1]]
[2020.02.27-13.42.22:718][  0]LogConfig: Applying CVar settings from Section [PostProcessQuality@3] File [X:/Documents/GDDV/Motors 2/GladiatorArena/HnS/Saved/Config/Windows/Scalability.ini]
[2020.02.27-13.42.22:718][  0]LogConfig: Setting CVar [[r.MotionBlurQuality:4]]
[2020.02.27-13.42.22:718][  0]LogConfig: Setting CVar [[r.AmbientOcclusionMipLevelFactor:0.4]]
[2020.02.27-13.42.22:718][  0]LogConfig: Setting CVar [[r.AmbientOcclusionMaxQuality:100]]
[2020.02.27-13.42.22:718][  0]LogConfig: Setting CVar [[r.AmbientOcclusionLevels:-1]]
[2020.02.27-13.42.22:718][  0]LogConfig: Setting CVar [[r.AmbientOcclusionRadiusScale:1.0]]
[2020.02.27-13.42.22:718][  0]LogConfig: Setting CVar [[r.DepthOfFieldQuality:2]]
[2020.02.27-13.42.22:718][  0]LogConfig: Setting CVar [[r.RenderTargetPoolMin:400]]
[2020.02.27-13.42.22:718][  0]LogConfig: Setting CVar [[r.LensFlareQuality:2]]
[2020.02.27-13.42.22:718][  0]LogConfig: Setting CVar [[r.SceneColorFringeQuality:1]]
[2020.02.27-13.42.22:718][  0]LogConfig: Setting CVar [[r.EyeAdaptationQuality:2]]
[2020.02.27-13.42.22:718][  0]LogConfig: Setting CVar [[r.BloomQuality:5]]
[2020.02.27-13.42.22:718][  0]LogConfig: Setting CVar [[r.FastBlurThreshold:100]]
[2020.02.27-13.42.22:718][  0]LogConfig: Setting CVar [[r.Upscale.Quality:3]]
[2020.02.27-13.42.22:718][  0]LogConfig: Setting CVar [[r.Tonemapper.GrainQuantization:1]]
[2020.02.27-13.42.22:718][  0]LogConfig: Setting CVar [[r.LightShaftQuality:1]]
[2020.02.27-13.42.22:718][  0]LogConfig: Setting CVar [[r.Filter.SizeScale:1]]
[2020.02.27-13.42.22:718][  0]LogConfig: Setting CVar [[r.Tonemapper.Quality:5]]
[2020.02.27-13.42.22:718][  0]LogConfig: Setting CVar [[r.DOF.Gather.AccumulatorQuality:1        ; higher gathering accumulator quality]]
[2020.02.27-13.42.22:718][  0]LogConfig: Setting CVar [[r.DOF.Gather.PostfilterMethod:1          ; Median3x3 postfilering method]]
[2020.02.27-13.42.22:718][  0]LogConfig: Setting CVar [[r.DOF.Gather.EnableBokehSettings:0       ; no bokeh simulation when gathering]]
[2020.02.27-13.42.22:718][  0]LogConfig: Setting CVar [[r.DOF.Gather.RingCount:4                 ; medium number of samples when gathering]]
[2020.02.27-13.42.22:718][  0]LogConfig: Setting CVar [[r.DOF.Scatter.ForegroundCompositing:1    ; additive foreground scattering]]
[2020.02.27-13.42.22:718][  0]LogConfig: Setting CVar [[r.DOF.Scatter.BackgroundCompositing:2    ; additive background scattering]]
[2020.02.27-13.42.22:718][  0]LogConfig: Setting CVar [[r.DOF.Scatter.EnableBokehSettings:1      ; bokeh simulation when scattering]]
[2020.02.27-13.42.22:718][  0]LogConfig: Setting CVar [[r.DOF.Scatter.MaxSpriteRatio:0.1         ; only a maximum of 10% of scattered bokeh]]
[2020.02.27-13.42.22:719][  0]LogConfig: Setting CVar [[r.DOF.Recombine.Quality:1                ; cheap slight out of focus]]
[2020.02.27-13.42.22:719][  0]LogConfig: Setting CVar [[r.DOF.Recombine.EnableBokehSettings:0    ; no bokeh simulation on slight out of focus]]
[2020.02.27-13.42.22:719][  0]LogConfig: Setting CVar [[r.DOF.TemporalAAQuality:1                ; more stable temporal accumulation]]
[2020.02.27-13.42.22:719][  0]LogConfig: Setting CVar [[r.DOF.Kernel.MaxForegroundRadius:0.025]]
[2020.02.27-13.42.22:719][  0]LogConfig: Setting CVar [[r.DOF.Kernel.MaxBackgroundRadius:0.025]]
[2020.02.27-13.42.22:719][  0]LogConfig: Applying CVar settings from Section [TextureQuality@3] File [X:/Documents/GDDV/Motors 2/GladiatorArena/HnS/Saved/Config/Windows/Scalability.ini]
[2020.02.27-13.42.22:719][  0]LogConfig: Setting CVar [[r.Streaming.MipBias:0]]
[2020.02.27-13.42.22:719][  0]LogConfig: Setting CVar [[r.Streaming.AmortizeCPUToGPUCopy:0]]
[2020.02.27-13.42.22:719][  0]LogConfig: Setting CVar [[r.Streaming.MaxNumTexturesToStreamPerFrame:0]]
[2020.02.27-13.42.22:719][  0]LogConfig: Setting CVar [[r.Streaming.Boost:1]]
[2020.02.27-13.42.22:719][  0]LogConfig: Setting CVar [[r.MaxAnisotropy:8]]
[2020.02.27-13.42.22:719][  0]LogConfig: Setting CVar [[r.VT.MaxAnisotropy:8]]
[2020.02.27-13.42.22:719][  0]LogConfig: Setting CVar [[r.Streaming.LimitPoolSizeToVRAM:0]]
[2020.02.27-13.42.22:719][  0]LogConfig: Setting CVar [[r.Streaming.PoolSize:1000]]
[2020.02.27-13.42.22:719][  0]LogConfig: Setting CVar [[r.Streaming.MaxEffectiveScreenSize:0]]
[2020.02.27-13.42.22:719][  0]LogConfig: Applying CVar settings from Section [EffectsQuality@3] File [X:/Documents/GDDV/Motors 2/GladiatorArena/HnS/Saved/Config/Windows/Scalability.ini]
[2020.02.27-13.42.22:719][  0]LogConfig: Setting CVar [[r.TranslucencyLightingVolumeDim:64]]
[2020.02.27-13.42.22:719][  0]LogConfig: Setting CVar [[r.RefractionQuality:2]]
[2020.02.27-13.42.22:719][  0]LogConfig: Setting CVar [[r.SSR.Quality:3]]
[2020.02.27-13.42.22:719][  0]LogConfig: Setting CVar [[r.SSR.HalfResSceneColor:0]]
[2020.02.27-13.42.22:719][  0]LogConfig: Setting CVar [[r.SceneColorFormat:4]]
[2020.02.27-13.42.22:719][  0]LogConfig: Setting CVar [[r.DetailMode:2]]
[2020.02.27-13.42.22:719][  0]LogConfig: Setting CVar [[r.TranslucencyVolumeBlur:1]]
[2020.02.27-13.42.22:719][  0]LogConfig: Setting CVar [[r.MaterialQualityLevel:1 ; High quality]]
[2020.02.27-13.42.22:719][  0]LogConfig: Setting CVar [[r.SSS.Scale:1]]
[2020.02.27-13.42.22:719][  0]LogConfig: Setting CVar [[r.SSS.SampleSet:2]]
[2020.02.27-13.42.22:719][  0]LogConfig: Setting CVar [[r.SSS.Quality:1]]
[2020.02.27-13.42.22:719][  0]LogConfig: Setting CVar [[r.SSS.HalfRes:1]]
[2020.02.27-13.42.22:719][  0]LogConfig: Setting CVar [[r.SSGI.Quality:3]]
[2020.02.27-13.42.22:720][  0]LogConfig: Setting CVar [[r.EmitterSpawnRateScale:1.0]]
[2020.02.27-13.42.22:720][  0]LogConfig: Setting CVar [[r.ParticleLightQuality:2]]
[2020.02.27-13.42.22:720][  0]LogConfig: Setting CVar [[r.SkyAtmosphere.AerialPerspectiveLUT.FastApplyOnOpaque:1 ; Always have FastSkyLUT 1 in this case to avoid wrong sky]]
[2020.02.27-13.42.22:720][  0]LogConfig: Setting CVar [[r.SkyAtmosphere.AerialPerspectiveLUT.SampleCountPerSlice:1]]
[2020.02.27-13.42.22:720][  0]LogConfig: Setting CVar [[r.SkyAtmosphere.AerialPerspectiveLUT.DepthResolution:16.0]]
[2020.02.27-13.42.22:720][  0]LogConfig: Setting CVar [[r.SkyAtmosphere.FastSkyLUT:1]]
[2020.02.27-13.42.22:720][  0]LogConfig: Setting CVar [[r.SkyAtmosphere.FastSkyLUT.SampleCountMin:4.0]]
[2020.02.27-13.42.22:720][  0]LogConfig: Setting CVar [[r.SkyAtmosphere.FastSkyLUT.SampleCountMax:32.0]]
[2020.02.27-13.42.22:720][  0]LogConfig: Setting CVar [[r.SkyAtmosphere.SampleCountMin:4.0]]
[2020.02.27-13.42.22:720][  0]LogConfig: Setting CVar [[r.SkyAtmosphere.SampleCountMax:32.0]]
[2020.02.27-13.42.22:720][  0]LogConfig: Setting CVar [[r.SkyAtmosphere.TransmittanceLUT.UseSmallFormat:0]]
[2020.02.27-13.42.22:720][  0]LogConfig: Setting CVar [[r.SkyAtmosphere.TransmittanceLUT.SampleCount:10.0]]
[2020.02.27-13.42.22:720][  0]LogConfig: Setting CVar [[r.SkyAtmosphere.MultiScatteringLUT.SampleCount:15.0]]
[2020.02.27-13.42.22:720][  0]LogConfig: Applying CVar settings from Section [FoliageQuality@3] File [X:/Documents/GDDV/Motors 2/GladiatorArena/HnS/Saved/Config/Windows/Scalability.ini]
[2020.02.27-13.42.22:720][  0]LogConfig: Setting CVar [[foliage.DensityScale:1.0]]
[2020.02.27-13.42.22:720][  0]LogConfig: Setting CVar [[grass.DensityScale:1.0]]
[2020.02.27-13.42.22:720][  0]LogConfig: Applying CVar settings from Section [ShadingQuality@3] File [X:/Documents/GDDV/Motors 2/GladiatorArena/HnS/Saved/Config/Windows/Scalability.ini]
[2020.02.27-13.42.22:720][  0]LogConfig: Setting CVar [[r.HairStrands.SkyLighting.SampleCount:16]]
[2020.02.27-13.42.22:720][  0]LogConfig: Setting CVar [[r.HairStrands.SkyLighting.JitterIntegration:0]]
[2020.02.27-13.42.22:720][  0]LogConfig: Setting CVar [[r.HairStrands.SkyAO.SampleCount:16]]
[2020.02.27-13.42.22:720][  0]LogConfig: Applying CVar settings from Section [Startup] File [../../../Engine/Config/ConsoleVariables.ini]
[2020.02.27-13.42.22:720][  0]LogConfig: Setting CVar [[net.UseAdaptiveNetUpdateFrequency:0]]
[2020.02.27-13.42.22:720][  0]LogConfig: Setting CVar [[p.chaos.AllowCreatePhysxBodies:1]]
[2020.02.27-13.42.22:720][  0]LogConfig: Applying CVar settings from Section [ConsoleVariables] File [X:/Documents/GDDV/Motors 2/GladiatorArena/HnS/Saved/Config/Windows/Engine.ini]
[2020.02.27-13.42.22:720][  0]LogInit: Computer: DESKTOP-KHGMGCQ
[2020.02.27-13.42.22:720][  0]LogInit: User: Arnau
[2020.02.27-13.42.22:720][  0]LogInit: CPU Page size=4096, Cores=6
[2020.02.27-13.42.22:720][  0]LogInit: High frequency timer resolution =10.000000 MHz
[2020.02.27-13.42.22:720][  0]LogMemory: Memory total: Physical=15.9GB (16GB approx)
[2020.02.27-13.42.22:720][  0]LogMemory: Platform Memory Stats for Windows
[2020.02.27-13.42.22:720][  0]LogMemory: Process Physical Memory: 110.61 MB used, 110.61 MB peak
[2020.02.27-13.42.22:720][  0]LogMemory: Process Virtual Memory: 105.79 MB used, 105.79 MB peak
[2020.02.27-13.42.22:721][  0]LogMemory: Physical Memory: 5948.34 MB used,  10372.60 MB free, 16320.94 MB total
[2020.02.27-13.42.22:721][  0]LogMemory: Virtual Memory: 5204.14 MB used,  134212520.00 MB free, 134217728.00 MB total
[2020.02.27-13.42.22:724][  0]LogWindows: WindowsPlatformFeatures enabled
[2020.02.27-13.42.22:741][  0]LogInit: Using OS detected language (es-ES).
[2020.02.27-13.42.22:741][  0]LogInit: Using OS detected locale (es-ES).
[2020.02.27-13.42.22:742][  0]LogTextLocalizationManager: No specific localization for 'es-ES' exists, so the 'es' localization will be used.
[2020.02.27-13.42.22:783][  0]LogInit: Setting process to per monitor DPI aware
[2020.02.27-13.42.22:822][  0]LogSlate: New Slate User Created.  User Index 0, Is Virtual User: 0
[2020.02.27-13.42.22:822][  0]LogSlate: Slate User Registered.  User Index 0, Is Virtual User: 0
[2020.02.27-13.42.22:991][  0]LogHMD: Failed to initialize OpenVR with code 126
[2020.02.27-13.42.22:991][  0]LogD3D11RHI: D3D11 min allowed feature level: 11_0
[2020.02.27-13.42.22:991][  0]LogD3D11RHI: D3D11 max allowed feature level: 11_0
[2020.02.27-13.42.22:991][  0]LogD3D11RHI: D3D11 adapters:
[2020.02.27-13.42.23:073][  0]LogD3D11RHI:    0. 'NVIDIA GeForce GTX 1070' (Feature Level 11_0)
[2020.02.27-13.42.23:073][  0]LogD3D11RHI:       8088/0/8160 MB DedicatedVideo/DedicatedSystem/SharedSystem, Outputs:1, VendorId:0x10de
[2020.02.27-13.42.23:075][  0]LogD3D11RHI:    1. 'Microsoft Basic Render Driver' (Feature Level 11_0)
[2020.02.27-13.42.23:075][  0]LogD3D11RHI:       0/0/8160 MB DedicatedVideo/DedicatedSystem/SharedSystem, Outputs:0, VendorId:0x1414
[2020.02.27-13.42.23:075][  0]LogD3D11RHI: Chosen D3D11 Adapter: 0
[2020.02.27-13.42.23:084][  0]LogD3D11RHI: Creating new Direct3DDevice
[2020.02.27-13.42.23:084][  0]LogD3D11RHI:     GPU DeviceId: 0x1b81 (for the marketing name, search the web for "GPU Device Id")
[2020.02.27-13.42.23:084][  0]LogWindows: EnumDisplayDevices:
[2020.02.27-13.42.23:084][  0]LogWindows:    0. 'NVIDIA GeForce GTX 1070' (P:1 D:1)
[2020.02.27-13.42.23:085][  0]LogWindows:    1. 'NVIDIA GeForce GTX 1070' (P:0 D:0)
[2020.02.27-13.42.23:085][  0]LogWindows:    2. 'NVIDIA GeForce GTX 1070' (P:0 D:0)
[2020.02.27-13.42.23:085][  0]LogWindows:    3. 'NVIDIA GeForce GTX 1070' (P:0 D:0)
[2020.02.27-13.42.23:085][  0]LogWindows: DebugString: FoundDriverCount:4 
[2020.02.27-13.42.23:085][  0]LogD3D11RHI:     Adapter Name: NVIDIA GeForce GTX 1070
[2020.02.27-13.42.23:085][  0]LogD3D11RHI:   Driver Version: 442.19 (internal:26.21.14.4219, unified:442.19)
[2020.02.27-13.42.23:085][  0]LogD3D11RHI:      Driver Date: 1-29-2020
[2020.02.27-13.42.23:085][  0]LogRHI: Texture pool is 5661 MB (70% of 8088 MB)
[2020.02.27-13.42.23:141][  0]LogD3D11RHI: RHI has support for 64 bit atomics
[2020.02.27-13.42.23:141][  0]LogD3D11RHI: Async texture creation enabled
[2020.02.27-13.42.23:157][  0]LogD3D11RHI: GPU Timing Frequency: 1000.000000 (Debug: 2 1)
[2020.02.27-13.42.23:489][  0]LogTargetPlatformManager: Display: Loaded TargetPlatform 'AllDesktop'
[2020.02.27-13.42.23:530][  0]LogTargetPlatformManager: Display: Loaded TargetPlatform 'Android'
[2020.02.27-13.42.23:530][  0]LogTargetPlatformManager: Display: Loaded TargetPlatform 'Android_ASTC'
[2020.02.27-13.42.23:531][  0]LogTargetPlatformManager: Display: Loaded TargetPlatform 'Android_ATC'
[2020.02.27-13.42.23:531][  0]LogTargetPlatformManager: Display: Loaded TargetPlatform 'Android_DXT'
[2020.02.27-13.42.23:531][  0]LogTargetPlatformManager: Display: Loaded TargetPlatform 'Android_ETC1'
[2020.02.27-13.42.23:531][  0]LogTargetPlatformManager: Display: Loaded TargetPlatform 'Android_ETC1a'
[2020.02.27-13.42.23:531][  0]LogTargetPlatformManager: Display: Loaded TargetPlatform 'Android_ETC2'
[2020.02.27-13.42.23:531][  0]LogTargetPlatformManager: Display: Loaded TargetPlatform 'Android_PVRTC'
[2020.02.27-13.42.23:531][  0]LogTargetPlatformManager: Display: Loaded TargetPlatform 'AndroidClient'
[2020.02.27-13.42.23:531][  0]LogTargetPlatformManager: Display: Loaded TargetPlatform 'Android_ASTCClient'
[2020.02.27-13.42.23:531][  0]LogTargetPlatformManager: Display: Loaded TargetPlatform 'Android_ATCClient'
[2020.02.27-13.42.23:531][  0]LogTargetPlatformManager: Display: Loaded TargetPlatform 'Android_DXTClient'
[2020.02.27-13.42.23:531][  0]LogTargetPlatformManager: Display: Loaded TargetPlatform 'Android_ETC1Client'
[2020.02.27-13.42.23:531][  0]LogTargetPlatformManager: Display: Loaded TargetPlatform 'Android_ETC1aClient'
[2020.02.27-13.42.23:531][  0]LogTargetPlatformManager: Display: Loaded TargetPlatform 'Android_ETC2Client'
[2020.02.27-13.42.23:531][  0]LogTargetPlatformManager: Display: Loaded TargetPlatform 'Android_PVRTCClient'
[2020.02.27-13.42.23:531][  0]LogTargetPlatformManager: Display: Loaded TargetPlatform 'Android_Multi'
[2020.02.27-13.42.23:531][  0]LogTargetPlatformManager: Display: Loaded TargetPlatform 'Android_MultiClient'
[2020.02.27-13.42.23:552][  0]LogTargetPlatformManager: Display: Loaded TargetPlatform 'IOSClient'
[2020.02.27-13.42.23:552][  0]LogTargetPlatformManager: Display: Loaded TargetPlatform 'IOS'
[2020.02.27-13.42.23:559][  0]LogTargetPlatformManager: Display: Loaded TargetPlatform 'LinuxNoEditor'
[2020.02.27-13.42.23:567][  0]LogTargetPlatformManager: Display: Loaded TargetPlatform 'LinuxClient'
[2020.02.27-13.42.23:577][  0]LogTargetPlatformManager: Display: Loaded TargetPlatform 'LinuxServer'
[2020.02.27-13.42.23:587][  0]LogTargetPlatformManager: Display: Loaded TargetPlatform 'LinuxAArch64NoEditor'
[2020.02.27-13.42.23:597][  0]LogTargetPlatformManager: Display: Loaded TargetPlatform 'LinuxAArch64Client'
[2020.02.27-13.42.23:607][  0]LogTargetPlatformManager: Display: Loaded TargetPlatform 'LinuxAArch64Server'
[2020.02.27-13.42.23:636][  0]LogTargetPlatformManager: Display: Loaded TargetPlatform 'Lumin'
[2020.02.27-13.42.23:636][  0]LogTargetPlatformManager: Display: Loaded TargetPlatform 'LuminClient'
[2020.02.27-13.42.23:653][  0]LogTargetPlatformManager: Display: Loaded TargetPlatform 'TVOSClient'
[2020.02.27-13.42.23:653][  0]LogTargetPlatformManager: Display: Loaded TargetPlatform 'TVOS'
[2020.02.27-13.42.23:662][  0]LogTargetPlatformManager: Display: Loaded TargetPlatform 'WindowsNoEditor'
[2020.02.27-13.42.23:672][  0]LogTargetPlatformManager: Display: Loaded TargetPlatform 'Windows'
[2020.02.27-13.42.23:682][  0]LogTargetPlatformManager: Display: Loaded TargetPlatform 'WindowsClient'
[2020.02.27-13.42.23:692][  0]LogTargetPlatformManager: Display: Loaded TargetPlatform 'WindowsServer'
[2020.02.27-13.42.23:693][  0]LogTargetPlatformManager: Display: Building Assets For Windows
[2020.02.27-13.42.23:696][  0]LogAudioDebug: Display: Lib vorbis DLL was dynamically loaded.
[2020.02.27-13.42.23:717][  0]LogShaderCompilers: Guid format shader working directory is 0 characters bigger than the processId version (X:/Documents/GDDV/Motors 2/GladiatorArena/HnS/Intermediate/Shaders/WorkingDirectory/12548/).
[2020.02.27-13.42.23:717][  0]LogShaderCompilers: Cleaned the shader compiler working directory 'C:/Users/Arnau/AppData/Local/Temp/UnrealShaderWorkingDir/38DD59FF42D7B3475313F89C3899C950/'.
[2020.02.27-13.42.23:718][  0]LogXGEController: Cannot use XGE Controller as Incredibuild is not installed on this machine.
[2020.02.27-13.42.23:718][  0]LogShaderCompilers: Cannot use XGE Shader Compiler as Incredibuild is not installed on this machine.
[2020.02.27-13.42.23:718][  0]LogShaderCompilers: Display: Using Local Shader Compiler.
[2020.02.27-13.42.24:628][  0]LogDerivedDataCache: Display: Max Cache Size: 512 MB
[2020.02.27-13.42.24:687][  0]LogDerivedDataCache: Loaded boot cache 0.06s 81MB C:/Users/Arnau/AppData/Local/UnrealEngine/4.24/DerivedDataCache/Boot.ddc.
[2020.02.27-13.42.24:687][  0]LogDerivedDataCache: Display: Loaded Boot cache: C:/Users/Arnau/AppData/Local/UnrealEngine/4.24/DerivedDataCache/Boot.ddc
[2020.02.27-13.42.24:687][  0]LogDerivedDataCache: FDerivedDataBackendGraph:  Pak pak cache file X:/Documents/GDDV/Motors 2/GladiatorArena/HnS/DerivedDataCache/DDC.ddp not found, will not use a pak cache.
[2020.02.27-13.42.24:687][  0]LogDerivedDataCache: Unable to find inner node Pak for hierarchical cache Hierarchy.
[2020.02.27-13.42.24:687][  0]LogDerivedDataCache: FDerivedDataBackendGraph:  CompressedPak pak cache file X:/Documents/GDDV/Motors 2/GladiatorArena/HnS/DerivedDataCache/Compressed.ddp not found, will not use a pak cache.
[2020.02.27-13.42.24:687][  0]LogDerivedDataCache: Unable to find inner node CompressedPak for hierarchical cache Hierarchy.
[2020.02.27-13.42.24:700][  0]LogDerivedDataCache: Display: Pak cache opened for reading ../../../Engine/DerivedDataCache/Compressed.ddp.
[2020.02.27-13.42.24:700][  0]LogDerivedDataCache: FDerivedDataBackendGraph:  EnterprisePak pak cache file ../../../Enterprise/DerivedDataCache/Compressed.ddp not found, will not use a pak cache.
[2020.02.27-13.42.24:700][  0]LogDerivedDataCache: Unable to find inner node EnterprisePak for hierarchical cache Hierarchy.
[2020.02.27-13.42.24:701][  0]LogDerivedDataCache: Using Local data cache path C:/Users/Arnau/AppData/Local/UnrealEngine/Common/DerivedDataCache: Writable
[2020.02.27-13.42.24:701][  0]LogDerivedDataCache: Shared data cache path not found in *engine.ini, will not use an Shared cache.
[2020.02.27-13.42.24:701][  0]LogDerivedDataCache: Unable to find inner node Shared for hierarchical cache Hierarchy.
[2020.02.27-13.42.24:738][  0]LogMaterial: Verifying Global Shaders for PCD3D_SM5
[2020.02.27-13.42.24:741][  0]LogSlate: Using FreeType 2.10.0
[2020.02.27-13.42.24:742][  0]LogSlate: SlateFontServices - WITH_FREETYPE: 1, WITH_HARFBUZZ: 1
[2020.02.27-13.42.24:792][  0]LogAssetRegistry: FAssetRegistry took 0.0032 seconds to start up
[2020.02.27-13.42.25:173][  0]LogInit: Selected Device Profile: [Windows]
[2020.02.27-13.42.25:379][  0]LogMeshReduction: Using QuadricMeshReduction for automatic static mesh reduction
[2020.02.27-13.42.25:379][  0]LogMeshReduction: Using SimplygonMeshReduction for automatic skeletal mesh reduction
[2020.02.27-13.42.25:379][  0]LogMeshReduction: Using ProxyLODMeshReduction for automatic mesh merging
[2020.02.27-13.42.25:379][  0]LogMeshReduction: No distributed automatic mesh merging module available
[2020.02.27-13.42.25:379][  0]LogMeshMerging: No distributed automatic mesh merging module available
[2020.02.27-13.42.25:393][  0]LogNetVersion: HnS 1.0.0, NetCL: 10570792, EngineNetVer: 13, GameNetVer: 0 (Checksum: 2178421202)
[2020.02.27-13.42.26:553][  0]LogPackageLocalizationCache: Processed 10 localized package path(s) for 1 prioritized culture(s) in 0.060072 seconds
[2020.02.27-13.42.26:565][  0]LogUObjectArray: 46750 objects as part of root set at end of initial load.
[2020.02.27-13.42.26:565][  0]LogUObjectAllocator: 8137160 out of 0 bytes used by permanent object pool.
[2020.02.27-13.42.26:565][  0]LogUObjectArray: CloseDisregardForGC: 0/0 objects in disregard for GC pool
[2020.02.27-13.42.27:058][  0]LogTcpMessaging: Initializing TcpMessaging bridge
[2020.02.27-13.42.27:062][  0]LogUdpMessaging: Initializing bridge on interface 0.0.0.0:0 to multicast group 230.0.0.1:6666.
[2020.02.27-13.42.27:118][  0]SourceControl: El control de código fuente está desactivado
[2020.02.27-13.42.27:118][  0]SourceControl: El control de código fuente está desactivado
[2020.02.27-13.42.27:119][  0]SourceControl: El control de código fuente está desactivado
[2020.02.27-13.42.27:120][  0]SourceControl: El control de código fuente está desactivado
[2020.02.27-13.42.27:121][  0]SourceControl: El control de código fuente está desactivado
[2020.02.27-13.42.27:206][  0]LogAndroidPermission: UAndroidPermissionCallbackProxy::GetInstance
[2020.02.27-13.42.27:224][  0]LogAudioCaptureCore: Display: No Audio Capture implementations found. Audio input will be silent.
[2020.02.27-13.42.27:224][  0]LogAudioCaptureCore: Display: No Audio Capture implementations found. Audio input will be silent.
[2020.02.27-13.42.27:326][  0]LogOcInput: OculusInput pre-init called
[2020.02.27-13.42.27:964][  0]LogEngine: Initializing Engine...
[2020.02.27-13.42.28:000][  0]LogHMD: Failed to initialize OpenVR with code 126
[2020.02.27-13.42.28:001][  0]LogStats: UGameplayTagsManager::InitializeManager -  0.000 s
[2020.02.27-13.42.28:394][  0]LogInit: Initializing FReadOnlyCVARCache
[2020.02.27-13.42.28:402][  0]LogAIModule: Creating AISystem for world Untitled
[2020.02.27-13.42.28:415][  0]LogAudioMixer: Display: Audio Mixer Platform Settings:
[2020.02.27-13.42.28:415][  0]LogAudioMixer: Display: 	Sample Rate:						  48000
[2020.02.27-13.42.28:415][  0]LogAudioMixer: Display: 	Callback Buffer Frame Size Requested: 1024
[2020.02.27-13.42.28:415][  0]LogAudioMixer: Display: 	Callback Buffer Frame Size To Use:	  1024
[2020.02.27-13.42.28:416][  0]LogAudioMixer: Display: 	Number of buffers to queue:			  2
[2020.02.27-13.42.28:416][  0]LogAudioMixer: Display: 	Max Channels (voices):				  32
[2020.02.27-13.42.28:416][  0]LogAudioMixer: Display: 	Number of Async Source Workers:		  0
[2020.02.27-13.42.28:416][  0]LogAudio: Display: AudioDevice MaxSources: 32
[2020.02.27-13.42.28:416][  0]LogAudio: Display: Using built-in audio occlusion.
[2020.02.27-13.42.28:416][  0]LogAudioMixer: Display: Initializing audio mixer.
[2020.02.27-13.42.28:486][  0]LogAudioMixer: Display: Audio Device Output Speaker Info:
[2020.02.27-13.42.28:486][  0]LogAudioMixer: Display: Name: Auriculares (AKG N700NCM2 Stereo)
[2020.02.27-13.42.28:486][  0]LogAudioMixer: Display: Is Default: Yes
[2020.02.27-13.42.28:487][  0]LogAudioMixer: Display: Sample Rate: 44100
[2020.02.27-13.42.28:487][  0]LogAudioMixer: Display: Channel Count Used: 2
[2020.02.27-13.42.28:487][  0]LogAudioMixer: Display: Device Channel Count: 2
[2020.02.27-13.42.28:487][  0]LogAudioMixer: Display: Channel Order:
[2020.02.27-13.42.28:487][  0]LogAudioMixer: Display: 0: FrontLeft
[2020.02.27-13.42.28:487][  0]LogAudioMixer: Display: 1: FrontRight
[2020.02.27-13.42.28:507][  0]LogAudioMixer: Display: Using Audio Device Auriculares (AKG N700NCM2 Stereo)
[2020.02.27-13.42.28:517][  0]LogInit: FAudioDevice initialized.
[2020.02.27-13.42.28:518][  0]LogNetVersion: Set ProjectVersion to 1.0.0.0. Version Checksum will be recalculated on next use.
[2020.02.27-13.42.28:614][  0]LogDerivedDataCache: Saved boot cache 0.10s 81MB C:/Users/Arnau/AppData/Local/UnrealEngine/4.24/DerivedDataCache/Boot.ddc.
[2020.02.27-13.42.28:619][  0]LogInit: Texture streaming: Enabled
[2020.02.27-13.42.28:633][  0]LogEngineSessionManager: EngineSessionManager initialized
[2020.02.27-13.42.28:633][  0]LogEditorSessionSummary: Verbose: Initializing EditorSessionSummaryWriter for editor session tracking
[2020.02.27-13.42.28:638][  0]LogEditorSessionSummary: EditorSessionSummaryWriter initialized
[2020.02.27-13.42.28:711][  0]LogInit: Transaction tracking system initialized
[2020.02.27-13.42.28:722][  0]BlueprintLog: New page: Cargar el editor
[2020.02.27-13.42.28:755][  0]LocalizationService: Localization service is disabled
[2020.02.27-13.42.29:077][  0]LogCook: Display: Max memory allowance for cook 16384mb min free memory 0mb
[2020.02.27-13.42.29:077][  0]LogCook: Display: Mobile HDR setting 1
[2020.02.27-13.42.29:165][  0]LogFileCache: Scanning file cache for directory 'X:/Documents/GDDV/Motors 2/GladiatorArena/HnS/Content/' took 0.02s
[2020.02.27-13.42.29:741][  0]SourceControl: El control de código fuente está desactivado
[2020.02.27-13.42.29:742][  0]Cmd: MAP LOAD FILE="X:/Documents/GDDV/Motors 2/GladiatorArena/HnS/Content/ThirdPersonBP/Maps/ThirdPersonExampleMap.umap" TEMPLATE=0 SHOWPROGRESS=1 FEATURELEVEL=3
[2020.02.27-13.42.29:770][  0]LightingResults: New page: Diseñar la iluminación
[2020.02.27-13.42.29:770][  0]LogWorld: UWorld::CleanupWorld for Untitled, bSessionEnded=true, bCleanupResources=true
[2020.02.27-13.42.29:770][  0]LogSlate: InvalidateAllWidgets triggered.  All widgets were invalidated
[2020.02.27-13.42.29:771][  0]MapCheck: New page: Revisión del mapa
[2020.02.27-13.42.29:771][  0]LightingResults: New page: Diseñar la iluminación
[2020.02.27-13.42.29:808][  0]LogUObjectHash: Compacting FUObjectHashTables data took   2.18ms
[2020.02.27-13.42.33:978][  0]LogTexture: Display: Building textures: T_Blade_HeroSword222_N (BC5, 256X256)
[2020.02.27-13.42.33:978][  0]LogTexture: Display: Building textures: Ganfaul_glow (AutoDXT, 2048X2048)
[2020.02.27-13.42.33:978][  0]LogTexture: Display: Building textures: Ganfaul_normal (BC5, 2048X2048)
[2020.02.27-13.42.33:978][  0]LogTexture: Display: Building textures: T_Blade_HeroSword222_D (AutoDXT, 256X256)
[2020.02.27-13.42.33:978][  0]LogTexture: Display: Building textures: T_Blade_HeroSword221_N (BC5, 256X256)
[2020.02.27-13.42.33:978][  0]LogTexture: Display: Building textures: T_Blade_HeroSword221_D (AutoDXT, 256X256)
[2020.02.27-13.42.33:978][  0]LogTexture: Display: Building textures: T_Dual_Blade_Axe152_N (BC5, 512X512)
[2020.02.27-13.42.33:978][  0]LogTexture: Display: Building textures: T_Dual_Blade_Axe152_D (AutoDXT, 512X512)
[2020.02.27-13.42.33:978][  0]LogTexture: Display: Building textures: T_Dual_Blade_Axe151_M (AutoDXT, 512X512)
[2020.02.27-13.42.33:978][  0]LogTexture: Display: Building textures: Ganfaul_specular (AutoDXT, 2048X2048)
[2020.02.27-13.42.33:978][  0]LogTexture: Display: Building textures: T_Dual_Blade_Axe151_N (BC5, 512X512)
[2020.02.27-13.42.33:978][  0]LogTexture: Display: Building textures: T_Dual_Blade_Axe151_D (AutoDXT, 512X512)
[2020.02.27-13.42.33:978][  0]LogTexture: Display: Building textures: Ganfaul_diffuse (AutoDXT, 2048X2048)
[2020.02.27-13.42.33:978][  0]LogTexture: Display: Building textures: T_Blade_BlackKnight_Sword2_M (AutoDXT, 256X256)
[2020.02.27-13.42.33:978][  0]LogTexture: Display: Building textures: T_Blade_BlackKnight_Sword2_N (BC5, 256X256)
[2020.02.27-13.42.33:978][  0]LogTexture: Display: Building textures: T_Blade_BlackKnight_Sword2_D (AutoDXT, 256X256)
[2020.02.27-13.42.33:978][  0]LogTexture: Display: Building textures: T_Blade_BlackKnight_Sword1_M (AutoDXT, 256X256)
[2020.02.27-13.42.33:978][  0]LogTexture: Display: Building textures: T_Blade_BlackKnight_Sword1_N (BC5, 256X256)
[2020.02.27-13.42.33:978][  0]LogTexture: Display: Building textures: T_Blade_BlackKnight_Sword1_D (AutoDXT, 256X256)
[2020.02.27-13.42.33:978][  0]LogMaterial: Display: Missing cached shader map for material Ganfaul_Body, compiling. 
[2020.02.27-13.42.34:181][  0]LogSkeletalMesh: Building Skeletal Mesh ganfaul_m_aure...
[2020.02.27-13.42.34:338][  0]LogShaderCompilers: Display: Worker (1/9): shaders left to compile 39
[2020.02.27-13.42.34:338][  0]LogShaderCompilers: Display: Worker (2/9): shaders left to compile 34
[2020.02.27-13.42.34:338][  0]LogShaderCompilers: Display: Worker (3/9): shaders left to compile 29
[2020.02.27-13.42.34:338][  0]LogShaderCompilers: Display: Worker (4/9): shaders left to compile 24
[2020.02.27-13.42.34:338][  0]LogShaderCompilers: Display: Worker (5/9): shaders left to compile 19
[2020.02.27-13.42.34:339][  0]LogShaderCompilers: Display: Worker (6/9): shaders left to compile 14
[2020.02.27-13.42.34:339][  0]LogShaderCompilers: Display: Worker (7/9): shaders left to compile 9
[2020.02.27-13.42.34:339][  0]LogShaderCompilers: Display: Worker (8/9): shaders left to compile 4
[2020.02.27-13.42.34:442][  0]LogSkeletalMesh: Warning: Skeletal ComputeTangents MikkTSpace function: Compute a zero length normal vector.
[2020.02.27-13.42.34:740][  0]LogSkeletalMesh: Section 0: 8794 vertices, 52 active bones
[2020.02.27-13.42.34:742][  0]LogSkeletalMesh: Section 0: Material=0, 13798 triangles
[2020.02.27-13.42.34:796][  0]LogSkeletalMesh: Built Skeletal Mesh [0.61s] /Game/Character/ganfaul_m_aure.ganfaul_m_aure
[2020.02.27-13.42.34:798][  0]LogStaticMesh: Generando la malla estática BigWeapon...
[2020.02.27-13.42.34:848][  0]LogStaticMesh: Built static mesh [0.05s] /Game/Meshes/BigWeapon.BigWeapon
[2020.02.27-13.42.34:922][  0]LogMaterial: Display: Missing cached shader map for material M_Blade_HeroSword22, compiling. 
[2020.02.27-13.42.34:970][  0]LogShaderCompilers: Display: Worker (9/9): shaders left to compile 39
[2020.02.27-13.42.34:970][  0]LogStaticMesh: Generando la malla estática HeroSword...
[2020.02.27-13.42.34:982][  0]LogStaticMesh: Built static mesh [0.01s] /Game/Meshes/HeroSword.HeroSword
[2020.02.27-13.42.34:984][  0]LogAnimationCompression: Building Anim DDC data for AnimSequence /Game/Character/Animations/Stable_Sword_Inward_Slash.Stable_Sword_Inward_Slash
[2020.02.27-13.42.35:049][  0]LogAnimationCompression: Recompressing (AnimSequence /Game/Character/Animations/Stable_Sword_Inward_Slash.Stable_Sword_Inward_Slash) using current/default (AnimCompress_BitwiseCompressOnly_0) bFirstRecompressUsingCurrentOrDefault(1) bTryAlternateCompressor(0) IsCompressedDataValid(0)
[2020.02.27-13.42.35:050][  0]LogAnimationCompression: Building Anim DDC data for AnimSequence /Game/Character/Animations/Stable_Sword_Outward_Slash.Stable_Sword_Outward_Slash
[2020.02.27-13.42.35:050][  0]LogAnimationCompression: Recompressing (AnimSequence /Game/Character/Animations/Stable_Sword_Outward_Slash.Stable_Sword_Outward_Slash) using current/default (AnimCompress_BitwiseCompressOnly_0) bFirstRecompressUsingCurrentOrDefault(1) bTryAlternateCompressor(0) IsCompressedDataValid(0)
[2020.02.27-13.42.35:051][  0]LogAnimationCompression: Building Anim DDC data for AnimSequence /Game/Character/Animations/Sword_And_Shield_Slash.Sword_And_Shield_Slash
[2020.02.27-13.42.35:051][  0]LogAnimationCompression: Recompressing (AnimSequence /Game/Character/Animations/Sword_And_Shield_Slash.Sword_And_Shield_Slash) using current/default (AnimCompress_BitwiseCompressOnly_0) bFirstRecompressUsingCurrentOrDefault(1) bTryAlternateCompressor(0) IsCompressedDataValid(0)
[2020.02.27-13.42.35:064][  0]LogMaterial: Display: Missing cached shader map for material M_Dual_Blade_Axe15, compiling. 
[2020.02.27-13.42.35:269][  0]LogStaticMesh: Generando la malla estática DarkSword...
[2020.02.27-13.42.35:304][  0]LogStaticMesh: Built static mesh [0.03s] /Game/Meshes/DarkSword.DarkSword
[2020.02.27-13.42.35:316][  0]LogMaterial: Display: Missing cached shader map for material M_Blade_BlackKnight, compiling. 
[2020.02.27-13.42.35:346][  0]LogAnimationCompression: Building Anim DDC data for AnimSequence /Game/Character/Animations/LightAttack(No_Weapon)/Martelo_2.Martelo_2
[2020.02.27-13.42.35:346][  0]LogAnimationCompression: Recompressing (AnimSequence /Game/Character/Animations/LightAttack(No_Weapon)/Martelo_2.Martelo_2) using current/default (AnimCompress_BitwiseCompressOnly_0) bFirstRecompressUsingCurrentOrDefault(1) bTryAlternateCompressor(0) IsCompressedDataValid(0)
[2020.02.27-13.42.35:347][  0]LogAnimationCompression: Building Anim DDC data for AnimSequence /Game/Character/Animations/LightAttack(No_Weapon)/Hurricane_Kick.Hurricane_Kick
[2020.02.27-13.42.35:347][  0]LogAnimationCompression: Recompressing (AnimSequence /Game/Character/Animations/LightAttack(No_Weapon)/Hurricane_Kick.Hurricane_Kick) using current/default (AnimCompress_BitwiseCompressOnly_0) bFirstRecompressUsingCurrentOrDefault(1) bTryAlternateCompressor(0) IsCompressedDataValid(0)
[2020.02.27-13.42.35:347][  0]LogAnimationCompression: Building Anim DDC data for AnimSequence /Game/Character/Animations/LightAttack(No_Weapon)/Hook.Hook
[2020.02.27-13.42.35:347][  0]LogAnimationCompression: Recompressing (AnimSequence /Game/Character/Animations/LightAttack(No_Weapon)/Hook.Hook) using current/default (AnimCompress_BitwiseCompressOnly_0) bFirstRecompressUsingCurrentOrDefault(1) bTryAlternateCompressor(0) IsCompressedDataValid(0)
[2020.02.27-13.42.35:348][  0]LogAnimationCompression: Building Anim DDC data for AnimSequence /Game/Character/Animations/LightAttack(No_Weapon)/Flying_Kick.Flying_Kick
[2020.02.27-13.42.35:348][  0]LogAnimationCompression: Recompressing (AnimSequence /Game/Character/Animations/LightAttack(No_Weapon)/Flying_Kick.Flying_Kick) using current/default (AnimCompress_BitwiseCompressOnly_0) bFirstRecompressUsingCurrentOrDefault(1) bTryAlternateCompressor(0) IsCompressedDataValid(0)
[2020.02.27-13.42.35:350][  0]LogAnimationCompression: Building Anim DDC data for AnimSequence /Game/Character/Animations/LightAttack(No_Weapon)/Elbow_Punch.Elbow_Punch
[2020.02.27-13.42.35:350][  0]LogAnimationCompression: Recompressing (AnimSequence /Game/Character/Animations/LightAttack(No_Weapon)/Elbow_Punch.Elbow_Punch) using current/default (AnimCompress_BitwiseCompressOnly_0) bFirstRecompressUsingCurrentOrDefault(1) bTryAlternateCompressor(0) IsCompressedDataValid(0)
[2020.02.27-13.42.35:413][  0]LogAnimationCompression: Building Anim DDC data for AnimSequence /Game/Character/Animations/Standing_Dive_Forward__1_.Standing_Dive_Forward__1_
[2020.02.27-13.42.35:414][  0]LogAnimationCompression: Recompressing (AnimSequence /Game/Character/Animations/Standing_Dive_Forward__1_.Standing_Dive_Forward__1_) using current/default (AnimCompress_BitwiseCompressOnly_0) bFirstRecompressUsingCurrentOrDefault(1) bTryAlternateCompressor(0) IsCompressedDataValid(0)
[2020.02.27-13.42.35:415][  0]LogAnimationCompression: Building Anim DDC data for AnimSequence /Game/Character/Animations/Knife_Idle.Knife_Idle
[2020.02.27-13.42.35:415][  0]LogAnimationCompression: Recompressing (AnimSequence /Game/Character/Animations/Knife_Idle.Knife_Idle) using current/default (AnimCompress_BitwiseCompressOnly_0) bFirstRecompressUsingCurrentOrDefault(1) bTryAlternateCompressor(0) IsCompressedDataValid(0)
[2020.02.27-13.42.35:418][  0]LogAnimationCompression: Building Anim DDC data for AnimSequence /Game/Character/Animations/Run.Run
[2020.02.27-13.42.35:418][  0]LogAnimationCompression: Recompressing (AnimSequence /Game/Character/Animations/Run.Run) using current/default (AnimCompress_BitwiseCompressOnly_0) bFirstRecompressUsingCurrentOrDefault(1) bTryAlternateCompressor(0) IsCompressedDataValid(0)
[2020.02.27-13.42.35:419][  0]LogAnimationCompression: Building Anim DDC data for AnimSequence /Game/Character/Animations/Standing_Idle.Standing_Idle
[2020.02.27-13.42.35:419][  0]LogAnimationCompression: Recompressing (AnimSequence /Game/Character/Animations/Standing_Idle.Standing_Idle) using current/default (AnimCompress_BitwiseCompressOnly_0) bFirstRecompressUsingCurrentOrDefault(1) bTryAlternateCompressor(0) IsCompressedDataValid(0)
[2020.02.27-13.42.35:421][  0]LogAnimationCompression: Building Anim DDC data for AnimSequence /Game/Character/Animations/LightWeapon_Walk_Forward.LightWeapon_Walk_Forward
[2020.02.27-13.42.35:421][  0]LogAnimationCompression: Recompressing (AnimSequence /Game/Character/Animations/LightWeapon_Walk_Forward.LightWeapon_Walk_Forward) using current/default (AnimCompress_BitwiseCompressOnly_0) bFirstRecompressUsingCurrentOrDefault(1) bTryAlternateCompressor(0) IsCompressedDataValid(0)
[2020.02.27-13.42.35:422][  0]LogAnimationCompression: Building Anim DDC data for AnimSequence /Game/Character/Animations/LightWeapon_Run_Forward.LightWeapon_Run_Forward
[2020.02.27-13.42.35:422][  0]LogAnimationCompression: Recompressing (AnimSequence /Game/Character/Animations/LightWeapon_Run_Forward.LightWeapon_Run_Forward) using current/default (AnimCompress_BitwiseCompressOnly_0) bFirstRecompressUsingCurrentOrDefault(1) bTryAlternateCompressor(0) IsCompressedDataValid(0)
[2020.02.27-13.42.35:424][  0]LogAnimationCompression: Building Anim DDC data for AnimSequence /Game/Character/Animations/Great_Sword_Run.Great_Sword_Run
[2020.02.27-13.42.35:424][  0]LogAnimationCompression: Recompressing (AnimSequence /Game/Character/Animations/Great_Sword_Run.Great_Sword_Run) using current/default (AnimCompress_BitwiseCompressOnly_0) bFirstRecompressUsingCurrentOrDefault(1) bTryAlternateCompressor(0) IsCompressedDataValid(0)
[2020.02.27-13.42.35:425][  0]LogAnimationCompression: Building Anim DDC data for AnimSequence /Game/Character/Animations/Great_Sword_Idle__1_.Great_Sword_Idle__1_
[2020.02.27-13.42.35:425][  0]LogAnimationCompression: Recompressing (AnimSequence /Game/Character/Animations/Great_Sword_Idle__1_.Great_Sword_Idle__1_) using current/default (AnimCompress_BitwiseCompressOnly_0) bFirstRecompressUsingCurrentOrDefault(1) bTryAlternateCompressor(0) IsCompressedDataValid(0)
[2020.02.27-13.42.35:431][  0]LogAIModule: Creating AISystem for world ThirdPersonExampleMap
[2020.02.27-13.42.35:472][  0]LogEditorServer: Finished looking for orphan Actors (0.000 secs)
[2020.02.27-13.42.35:525][  0]LogUObjectHash: Compacting FUObjectHashTables data took   4.97ms
[2020.02.27-13.42.35:528][  0]Cmd: MAP CHECKDEP NOCLEARLOG
[2020.02.27-13.42.35:529][  0]MapCheck: Map check complete: 0 Error(s), 0 Warning(s), took 0,19ms to complete.
[2020.02.27-13.42.35:529][  0]LogFileHelpers: Loading map 'ThirdPersonExampleMap' took 5.787
[2020.02.27-13.42.35:745][  0]LogSlate: Updating window title bar state: overlay mode, drag disabled, window buttons hidden, title bar hidden
[2020.02.27-13.42.35:759][  0]LogSlate: Updating window title bar state: overlay mode, drag disabled, window buttons hidden, title bar hidden
[2020.02.27-13.42.35:773][  0]LogSlate: Updating window title bar state: overlay mode, drag disabled, window buttons hidden, title bar hidden
[2020.02.27-13.42.35:788][  0]LogSlate: Updating window title bar state: overlay mode, drag disabled, window buttons hidden, title bar hidden
[2020.02.27-13.42.35:795][  0]LogCollectionManager: Loaded 0 collections in 0.001635 seconds
[2020.02.27-13.42.35:851][  0]LogFileCache: Scanning file cache for directory 'X:/Documents/GDDV/Motors 2/GladiatorArena/HnS/Saved/Collections/' took 0.00s
[2020.02.27-13.42.35:851][  0]LogFileCache: Scanning file cache for directory 'X:/Documents/GDDV/Motors 2/GladiatorArena/HnS/Content/Developers/Arnau/Collections/' took 0.00s
[2020.02.27-13.42.35:851][  0]LogFileCache: Scanning file cache for directory 'X:/Documents/GDDV/Motors 2/GladiatorArena/HnS/Content/Collections/' took 0.00s
[2020.02.27-13.42.35:851][  0]LogContentBrowser: Native class hierarchy populated in 0.0191 seconds. Added 3015 classes and 717 folders.
[2020.02.27-13.42.35:856][  0]LogContentBrowser: Native class hierarchy updated for 'WidgetCarousel' in 0.0005 seconds. Added 0 classes and 0 folders.
[2020.02.27-13.42.35:920][  0]LogContentBrowser: Native class hierarchy updated for 'AddContentDialog' in 0.0004 seconds. Added 0 classes and 0 folders.
[2020.02.27-13.42.35:928][  0]LogContentBrowser: Native class hierarchy updated for 'SceneOutliner' in 0.0005 seconds. Added 2 classes and 3 folders.
[2020.02.27-13.42.35:977][  0]LogSlate: Took 0.000238 seconds to synchronously load lazily loaded font '../../../Engine/Content/Slate/Fonts/Roboto-Regular.ttf' (155K)
[2020.02.27-13.42.35:980][  0]LogSlate: Took 0.000239 seconds to synchronously load lazily loaded font '../../../Engine/Content/Slate/Fonts/Roboto-Bold.ttf' (160K)
[2020.02.27-13.42.35:989][  0]LogSlate: Took 0.000233 seconds to synchronously load lazily loaded font '../../../Engine/Content/Editor/Slate/Fonts/FontAwesome.ttf' (139K)
[2020.02.27-13.42.36:103][  0]LogRenderer: Reallocating scene render targets to support 1208x572 Format 10 NumSamples 1 (Frame:1).
[2020.02.27-13.42.37:389][  0]LogShaderCompilers: Display: Worker (8/9): shaders left to compile 112
[2020.02.27-13.42.37:390][  0]LogSlate: Window 'Tutoriales' being destroyed
[2020.02.27-13.42.37:408][  0]LogContentBrowser: Native class hierarchy updated for 'HierarchicalLODOutliner' in 0.0006 seconds. Added 0 classes and 0 folders.
[2020.02.27-13.42.37:408][  0]LogLoad: (Engine Initialization) Total time: 16.47 seconds
[2020.02.27-13.42.37:409][  0]LogLoad: (Engine Initialization) Total Blueprint compile time: 0.00 seconds
[2020.02.27-13.42.37:453][  0]LogContentStreaming: Texture pool size now 1000 MB
[2020.02.27-13.42.37:493][  0]LogSlate: Took 0.000273 seconds to synchronously load lazily loaded font '../../../Engine/Content/Slate/Fonts/Roboto-Light.ttf' (167K)
[2020.02.27-13.42.37:507][  1]LogFileCache: Retrieving MD5 hashes for directory 'X:/Documents/GDDV/Motors 2/GladiatorArena/HnS/Content/' took 0.08s
[2020.02.27-13.42.37:720][ 16]LogShaderCompilers: Display: Worker (4/9): shaders left to compile 102
[2020.02.27-13.42.37:933][ 27]LogShaderCompilers: Display: Worker (6/9): shaders left to compile 92
[2020.02.27-13.42.37:984][ 31]LogShaderCompilers: Display: Worker (7/9): shaders left to compile 82
[2020.02.27-13.42.38:094][ 40]LogShaderCompilers: Display: Worker (1/9): shaders left to compile 72
[2020.02.27-13.42.38:236][ 49]LogShaderCompilers: Display: Worker (5/9): shaders left to compile 62
[2020.02.27-13.42.38:601][ 70]LogShaderCompilers: Display: Worker (3/9): shaders left to compile 54
[2020.02.27-13.42.39:069][ 92]LogShaderCompilers: Display: Worker (2/9): shaders left to compile 47
[2020.02.27-13.42.42:430][326]LogShaderCompilers: Display: Worker (2/9): shaders left to compile 41
[2020.02.27-13.42.42:626][336]LogShaderCompilers: Display: Worker (3/9): shaders left to compile 35
[2020.02.27-13.42.42:651][337]LogShaderCompilers: Display: Worker (5/9): shaders left to compile 30
[2020.02.27-13.42.43:080][358]LogShaderCompilers: Display: Worker (7/9): shaders left to compile 26
[2020.02.27-13.42.43:237][364]LogShaderCompilers: Display: Worker (6/9): shaders left to compile 22
[2020.02.27-13.42.43:716][383]LogShaderCompilers: Display: Worker (4/9): shaders left to compile 19
[2020.02.27-13.42.44:661][423]LogShaderCompilers: Display: Worker (8/9): shaders left to compile 16
[2020.02.27-13.42.44:835][429]LogShaderCompilers: Display: Worker (1/9): shaders left to compile 13
[2020.02.27-13.42.45:096][440]LogShaderCompilers: Display: Worker (6/9): shaders left to compile 11
[2020.02.27-13.42.45:466][454]LogShaderCompilers: Display: Worker (2/9): shaders left to compile 9
[2020.02.27-13.42.45:590][459]LogShaderCompilers: Display: Worker (7/9): shaders left to compile 7
[2020.02.27-13.42.45:629][461]LogShaderCompilers: Display: Worker (4/9): shaders left to compile 6
[2020.02.27-13.42.45:651][462]LogShaderCompilers: Display: Worker (5/9): shaders left to compile 5
[2020.02.27-13.42.46:141][480]LogShaderCompilers: Display: Worker (5/9): shaders left to compile 4
[2020.02.27-13.42.46:243][484]LogShaderCompilers: Display: Worker (6/9): shaders left to compile 3
[2020.02.27-13.42.46:266][485]LogShaderCompilers: Display: Worker (3/9): shaders left to compile 2
[2020.02.27-13.42.46:316][487]LogShaderCompilers: Display: Worker (1/9): shaders left to compile 1
[2020.02.27-13.43.01:103][677]LogAssetRegistry: Asset discovery search completed in 36.3118 seconds
[2020.02.27-13.43.01:106][677]LogCollectionManager: Fixed up redirectors for 0 collections in 0.000011 seconds (updated 0 objects)
[2020.02.27-13.43.11:801][668]LogTemp: Repeating last play command: Selected Viewport
[2020.02.27-13.43.11:829][668]LogBlueprintUserMessages: Early PlayInEditor Detection: Level '/Game/ThirdPersonBP/Maps/ThirdPersonExampleMap.ThirdPersonExampleMap:PersistentLevel' has LevelScriptBlueprint '/Game/ThirdPersonBP/Maps/ThirdPersonExampleMap.ThirdPersonExampleMap:PersistentLevel.ThirdPersonExampleMap' with GeneratedClass '/Game/ThirdPersonBP/Maps/ThirdPersonExampleMap.ThirdPersonExampleMap_C' with ClassGeneratedBy '/Game/ThirdPersonBP/Maps/ThirdPersonExampleMap.ThirdPersonExampleMap:PersistentLevel.ThirdPersonExampleMap'
[2020.02.27-13.43.11:829][668]LogPlayLevel: PlayLevel: No blueprints needed recompiling
[2020.02.27-13.43.11:873][668]PIE: New page: Sesión PIE (reproducción en el editor): ThirdPersonExampleMap (27 feb. 2020 15:43:11)
[2020.02.27-13.43.11:882][668]LogOnline: OSS: Creating online subsystem instance for: NULL
[2020.02.27-13.43.11:891][668]LogOnline: OSS: TryLoadSubsystemAndSetDefault: Loaded subsystem for module [NULL]
[2020.02.27-13.43.11:898][668]LogPlayLevel: Creating play world package: /Game/ThirdPersonBP/Maps/UEDPIE_0_ThirdPersonExampleMap
[2020.02.27-13.43.11:910][668]LogPlayLevel: PIE: StaticDuplicateObject took: (0.012678s)
[2020.02.27-13.43.11:912][668]LogAIModule: Creating AISystem for world ThirdPersonExampleMap
[2020.02.27-13.43.11:912][668]LogPlayLevel: PIE: World Init took: (0.001315s)
[2020.02.27-13.43.11:912][668]LogPlayLevel: PIE: Created PIE world by copying editor world from /Game/ThirdPersonBP/Maps/ThirdPersonExampleMap.ThirdPersonExampleMap to /Game/ThirdPersonBP/Maps/UEDPIE_0_ThirdPersonExampleMap.ThirdPersonExampleMap (0.014306s)
[2020.02.27-13.43.11:947][668]LogUObjectHash: Compacting FUObjectHashTables data took   1.72ms
[2020.02.27-13.43.11:958][668]LogAudioMixer: Display: Audio Mixer Platform Settings:
[2020.02.27-13.43.11:958][668]LogAudioMixer: Display: 	Sample Rate:						  48000
[2020.02.27-13.43.11:958][668]LogAudioMixer: Display: 	Callback Buffer Frame Size Requested: 1024
[2020.02.27-13.43.11:958][668]LogAudioMixer: Display: 	Callback Buffer Frame Size To Use:	  1024
[2020.02.27-13.43.11:958][668]LogAudioMixer: Display: 	Number of buffers to queue:			  2
[2020.02.27-13.43.11:958][668]LogAudioMixer: Display: 	Max Channels (voices):				  32
[2020.02.27-13.43.11:958][668]LogAudioMixer: Display: 	Number of Async Source Workers:		  0
[2020.02.27-13.43.11:958][668]LogAudio: Display: AudioDevice MaxSources: 32
[2020.02.27-13.43.11:959][668]LogAudio: Display: Using built-in audio occlusion.
[2020.02.27-13.43.11:959][668]LogAudioMixer: Display: Initializing audio mixer.
[2020.02.27-13.43.12:012][668]LogAudioMixer: Display: Audio Device Output Speaker Info:
[2020.02.27-13.43.12:012][668]LogAudioMixer: Display: Name: Auriculares (AKG N700NCM2 Stereo)
[2020.02.27-13.43.12:012][668]LogAudioMixer: Display: Is Default: Yes
[2020.02.27-13.43.12:012][668]LogAudioMixer: Display: Sample Rate: 44100
[2020.02.27-13.43.12:012][668]LogAudioMixer: Display: Channel Count Used: 2
[2020.02.27-13.43.12:013][668]LogAudioMixer: Display: Device Channel Count: 2
[2020.02.27-13.43.12:013][668]LogAudioMixer: Display: Channel Order:
[2020.02.27-13.43.12:013][668]LogAudioMixer: Display: 0: FrontLeft
[2020.02.27-13.43.12:013][668]LogAudioMixer: Display: 1: FrontRight
[2020.02.27-13.43.12:023][668]LogAudioMixer: Display: Using Audio Device Auriculares (AKG N700NCM2 Stereo)
[2020.02.27-13.43.12:025][668]LogInit: FAudioDevice initialized.
[2020.02.27-13.43.12:074][668]LogLoad: Game class is 'ThirdPersonGameMode_C'
[2020.02.27-13.43.12:100][668]LogWorld: Bringing World /Game/ThirdPersonBP/Maps/UEDPIE_0_ThirdPersonExampleMap.ThirdPersonExampleMap up for play (max tick rate 0) at 2020.02.27-14.43.12
[2020.02.27-13.43.12:150][668]LogWorld: Bringing up level for play took: 0.051054
[2020.02.27-13.43.12:150][668]LogOnline: OSS: Creating online subsystem instance for: :Context_1
[2020.02.27-13.43.12:199][668]LogContentBrowser: Native class hierarchy updated for 'MovieSceneCapture' in 0.0004 seconds. Added 20 classes and 0 folders.
[2020.02.27-13.43.12:223][668]PIE: Tiempo de inicio de la reproducción en el editor para  /Game/ThirdPersonBP/Maps/UEDPIE_0_ThirdPersonExampleMap 1,164
[2020.02.27-13.43.12:223][668]LogBlueprintUserMessages: Late PlayInEditor Detection: Level '/Game/ThirdPersonBP/Maps/ThirdPersonExampleMap.ThirdPersonExampleMap:PersistentLevel' has LevelScriptBlueprint '/Game/ThirdPersonBP/Maps/ThirdPersonExampleMap.ThirdPersonExampleMap:PersistentLevel.ThirdPersonExampleMap' with GeneratedClass '/Game/ThirdPersonBP/Maps/ThirdPersonExampleMap.ThirdPersonExampleMap_C' with ClassGeneratedBy '/Game/ThirdPersonBP/Maps/ThirdPersonExampleMap.ThirdPersonExampleMap:PersistentLevel.ThirdPersonExampleMap'
[2020.02.27-13.43.47:782][919]LogAudioMixer: Display: No commands were queued while flushing the source manager.
[2020.02.27-13.43.47:782][919]LogAudioMixer: Display: No commands were queued while flushing the source manager.
[2020.02.27-13.43.47:782][919]LogBlueprintUserMessages: Early EndPlayMap Detection: Level '/Game/ThirdPersonBP/Maps/ThirdPersonExampleMap.ThirdPersonExampleMap:PersistentLevel' has LevelScriptBlueprint '/Game/ThirdPersonBP/Maps/ThirdPersonExampleMap.ThirdPersonExampleMap:PersistentLevel.ThirdPersonExampleMap' with GeneratedClass '/Game/ThirdPersonBP/Maps/ThirdPersonExampleMap.ThirdPersonExampleMap_C' with ClassGeneratedBy '/Game/ThirdPersonBP/Maps/ThirdPersonExampleMap.ThirdPersonExampleMap:PersistentLevel.ThirdPersonExampleMap'
[2020.02.27-13.43.47:783][919]LogSlate: Updating window title bar state: overlay mode, drag disabled, window buttons hidden, title bar hidden
[2020.02.27-13.43.47:783][919]LogWorld: BeginTearingDown for /Game/ThirdPersonBP/Maps/UEDPIE_0_ThirdPersonExampleMap
[2020.02.27-13.43.47:783][919]LogAudioMixer: Display: No commands were queued while flushing the source manager.
[2020.02.27-13.43.47:783][919]LogWorld: UWorld::CleanupWorld for ThirdPersonExampleMap, bSessionEnded=true, bCleanupResources=true
[2020.02.27-13.43.47:783][919]LogSlate: InvalidateAllWidgets triggered.  All widgets were invalidated
[2020.02.27-13.43.47:790][919]LogPlayLevel: Display: Shutting down PIE online subsystems
[2020.02.27-13.43.47:790][919]LogBlueprintUserMessages: Late EndPlayMap Detection: Level '/Game/ThirdPersonBP/Maps/ThirdPersonExampleMap.ThirdPersonExampleMap:PersistentLevel' has LevelScriptBlueprint '/Game/ThirdPersonBP/Maps/ThirdPersonExampleMap.ThirdPersonExampleMap:PersistentLevel.ThirdPersonExampleMap' with GeneratedClass '/Game/ThirdPersonBP/Maps/ThirdPersonExampleMap.ThirdPersonExampleMap_C' with ClassGeneratedBy '/Game/ThirdPersonBP/Maps/ThirdPersonExampleMap.ThirdPersonExampleMap:PersistentLevel.ThirdPersonExampleMap'
[2020.02.27-13.43.47:793][919]LogSlate: InvalidateAllWidgets triggered.  All widgets were invalidated
[2020.02.27-13.43.47:826][919]LogAudioMixer: Display: No commands were queued while flushing the source manager.
[2020.02.27-13.43.47:830][919]LogSlate: Updating window title bar state: overlay mode, drag disabled, window buttons hidden, title bar hidden
[2020.02.27-13.43.47:833][919]LogUObjectHash: Compacting FUObjectHashTables data took   1.99ms
[2020.02.27-13.43.47:884][922]LogPlayLevel: Display: Destroying online subsystem :Context_1
[2020.02.27-13.43.48:792][ 31]LogEditorViewport: Clicking on Actor (LMB): StaticMeshActor (Floor)
[2020.02.27-13.43.51:080][244]LogTemp: Repeating last play command: Selected Viewport
[2020.02.27-13.43.51:097][244]LogBlueprintUserMessages: Early PlayInEditor Detection: Level '/Game/ThirdPersonBP/Maps/ThirdPersonExampleMap.ThirdPersonExampleMap:PersistentLevel' has LevelScriptBlueprint '/Game/ThirdPersonBP/Maps/ThirdPersonExampleMap.ThirdPersonExampleMap:PersistentLevel.ThirdPersonExampleMap' with GeneratedClass '/Game/ThirdPersonBP/Maps/ThirdPersonExampleMap.ThirdPersonExampleMap_C' with ClassGeneratedBy '/Game/ThirdPersonBP/Maps/ThirdPersonExampleMap.ThirdPersonExampleMap:PersistentLevel.ThirdPersonExampleMap'
[2020.02.27-13.43.51:097][244]LogPlayLevel: PlayLevel: No blueprints needed recompiling
[2020.02.27-13.43.51:097][244]PIE: New page: Sesión PIE (reproducción en el editor): ThirdPersonExampleMap (27 feb. 2020 15:43:51)
[2020.02.27-13.43.51:097][244]LogPlayLevel: Creating play world package: /Game/ThirdPersonBP/Maps/UEDPIE_0_ThirdPersonExampleMap
[2020.02.27-13.43.51:105][244]LogPlayLevel: PIE: StaticDuplicateObject took: (0.008310s)
[2020.02.27-13.43.51:106][244]LogAIModule: Creating AISystem for world ThirdPersonExampleMap
[2020.02.27-13.43.51:107][244]LogPlayLevel: PIE: World Init took: (0.001171s)
[2020.02.27-13.43.51:107][244]LogPlayLevel: PIE: Created PIE world by copying editor world from /Game/ThirdPersonBP/Maps/ThirdPersonExampleMap.ThirdPersonExampleMap to /Game/ThirdPersonBP/Maps/UEDPIE_0_ThirdPersonExampleMap.ThirdPersonExampleMap (0.009669s)
[2020.02.27-13.43.51:143][244]LogUObjectHash: Compacting FUObjectHashTables data took   1.60ms
[2020.02.27-13.43.51:144][244]LogAudioMixer: Display: Audio Mixer Platform Settings:
[2020.02.27-13.43.51:144][244]LogAudioMixer: Display: 	Sample Rate:						  48000
[2020.02.27-13.43.51:144][244]LogAudioMixer: Display: 	Callback Buffer Frame Size Requested: 1024
[2020.02.27-13.43.51:144][244]LogAudioMixer: Display: 	Callback Buffer Frame Size To Use:	  1024
[2020.02.27-13.43.51:144][244]LogAudioMixer: Display: 	Number of buffers to queue:			  2
[2020.02.27-13.43.51:144][244]LogAudioMixer: Display: 	Max Channels (voices):				  32
[2020.02.27-13.43.51:144][244]LogAudioMixer: Display: 	Number of Async Source Workers:		  0
[2020.02.27-13.43.51:144][244]LogAudio: Display: AudioDevice MaxSources: 32
[2020.02.27-13.43.51:145][244]LogAudio: Display: Using built-in audio occlusion.
[2020.02.27-13.43.51:145][244]LogAudioMixer: Display: Initializing audio mixer.
[2020.02.27-13.43.51:201][244]LogAudioMixer: Display: Audio Device Output Speaker Info:
[2020.02.27-13.43.51:201][244]LogAudioMixer: Display: Name: Auriculares (AKG N700NCM2 Stereo)
[2020.02.27-13.43.51:201][244]LogAudioMixer: Display: Is Default: Yes
[2020.02.27-13.43.51:201][244]LogAudioMixer: Display: Sample Rate: 44100
[2020.02.27-13.43.51:201][244]LogAudioMixer: Display: Channel Count Used: 2
[2020.02.27-13.43.51:201][244]LogAudioMixer: Display: Device Channel Count: 2
[2020.02.27-13.43.51:201][244]LogAudioMixer: Display: Channel Order:
[2020.02.27-13.43.51:201][244]LogAudioMixer: Display: 0: FrontLeft
[2020.02.27-13.43.51:201][244]LogAudioMixer: Display: 1: FrontRight
[2020.02.27-13.43.51:212][244]LogAudioMixer: Display: Using Audio Device Auriculares (AKG N700NCM2 Stereo)
[2020.02.27-13.43.51:214][244]LogInit: FAudioDevice initialized.
[2020.02.27-13.43.51:226][244]LogLoad: Game class is 'ThirdPersonGameMode_C'
[2020.02.27-13.43.51:228][244]LogWorld: Bringing World /Game/ThirdPersonBP/Maps/UEDPIE_0_ThirdPersonExampleMap.ThirdPersonExampleMap up for play (max tick rate 0) at 2020.02.27-14.43.51
[2020.02.27-13.43.51:229][244]LogWorld: Bringing up level for play took: 0.002838
[2020.02.27-13.43.51:229][244]LogOnline: OSS: Creating online subsystem instance for: :Context_4
[2020.02.27-13.43.51:232][244]PIE: Tiempo de inicio de la reproducción en el editor para  /Game/ThirdPersonBP/Maps/UEDPIE_0_ThirdPersonExampleMap 0,173
[2020.02.27-13.43.51:232][244]LogBlueprintUserMessages: Late PlayInEditor Detection: Level '/Game/ThirdPersonBP/Maps/ThirdPersonExampleMap.ThirdPersonExampleMap:PersistentLevel' has LevelScriptBlueprint '/Game/ThirdPersonBP/Maps/ThirdPersonExampleMap.ThirdPersonExampleMap:PersistentLevel.ThirdPersonExampleMap' with GeneratedClass '/Game/ThirdPersonBP/Maps/ThirdPersonExampleMap.ThirdPersonExampleMap_C' with ClassGeneratedBy '/Game/ThirdPersonBP/Maps/ThirdPersonExampleMap.ThirdPersonExampleMap:PersistentLevel.ThirdPersonExampleMap'
[2020.02.27-13.44.22:677][ 10]LogAudioMixer: Display: No commands were queued while flushing the source manager.
[2020.02.27-13.44.22:677][ 10]LogAudioMixer: Display: No commands were queued while flushing the source manager.
[2020.02.27-13.44.22:677][ 10]LogBlueprintUserMessages: Early EndPlayMap Detection: Level '/Game/ThirdPersonBP/Maps/ThirdPersonExampleMap.ThirdPersonExampleMap:PersistentLevel' has LevelScriptBlueprint '/Game/ThirdPersonBP/Maps/ThirdPersonExampleMap.ThirdPersonExampleMap:PersistentLevel.ThirdPersonExampleMap' with GeneratedClass '/Game/ThirdPersonBP/Maps/ThirdPersonExampleMap.ThirdPersonExampleMap_C' with ClassGeneratedBy '/Game/ThirdPersonBP/Maps/ThirdPersonExampleMap.ThirdPersonExampleMap:PersistentLevel.ThirdPersonExampleMap'
[2020.02.27-13.44.22:677][ 10]LogSlate: Updating window title bar state: overlay mode, drag disabled, window buttons hidden, title bar hidden
[2020.02.27-13.44.22:677][ 10]LogWorld: BeginTearingDown for /Game/ThirdPersonBP/Maps/UEDPIE_0_ThirdPersonExampleMap
[2020.02.27-13.44.22:677][ 10]LogAudioMixer: Display: No commands were queued while flushing the source manager.
[2020.02.27-13.44.22:677][ 10]LogWorld: UWorld::CleanupWorld for ThirdPersonExampleMap, bSessionEnded=true, bCleanupResources=true
[2020.02.27-13.44.22:678][ 10]LogSlate: InvalidateAllWidgets triggered.  All widgets were invalidated
[2020.02.27-13.44.22:686][ 10]LogPlayLevel: Display: Shutting down PIE online subsystems
[2020.02.27-13.44.22:686][ 10]LogBlueprintUserMessages: Late EndPlayMap Detection: Level '/Game/ThirdPersonBP/Maps/ThirdPersonExampleMap.ThirdPersonExampleMap:PersistentLevel' has LevelScriptBlueprint '/Game/ThirdPersonBP/Maps/ThirdPersonExampleMap.ThirdPersonExampleMap:PersistentLevel.ThirdPersonExampleMap' with GeneratedClass '/Game/ThirdPersonBP/Maps/ThirdPersonExampleMap.ThirdPersonExampleMap_C' with ClassGeneratedBy '/Game/ThirdPersonBP/Maps/ThirdPersonExampleMap.ThirdPersonExampleMap:PersistentLevel.ThirdPersonExampleMap'
[2020.02.27-13.44.22:690][ 10]LogSlate: InvalidateAllWidgets triggered.  All widgets were invalidated
[2020.02.27-13.44.22:722][ 10]LogAudioMixer: Display: No commands were queued while flushing the source manager.
[2020.02.27-13.44.22:725][ 10]LogSlate: Updating window title bar state: overlay mode, drag disabled, window buttons hidden, title bar hidden
[2020.02.27-13.44.22:727][ 10]LogUObjectHash: Compacting FUObjectHashTables data took   1.55ms
[2020.02.27-13.44.22:777][ 13]LogPlayLevel: Display: Destroying online subsystem :Context_4
[2020.02.27-13.44.53:110][435]LogTemp: Repeating last play command: Selected Viewport
[2020.02.27-13.44.53:127][435]LogBlueprintUserMessages: Early PlayInEditor Detection: Level '/Game/ThirdPersonBP/Maps/ThirdPersonExampleMap.ThirdPersonExampleMap:PersistentLevel' has LevelScriptBlueprint '/Game/ThirdPersonBP/Maps/ThirdPersonExampleMap.ThirdPersonExampleMap:PersistentLevel.ThirdPersonExampleMap' with GeneratedClass '/Game/ThirdPersonBP/Maps/ThirdPersonExampleMap.ThirdPersonExampleMap_C' with ClassGeneratedBy '/Game/ThirdPersonBP/Maps/ThirdPersonExampleMap.ThirdPersonExampleMap:PersistentLevel.ThirdPersonExampleMap'
[2020.02.27-13.44.53:127][435]LogPlayLevel: PlayLevel: No blueprints needed recompiling
[2020.02.27-13.44.53:128][435]PIE: New page: Sesión PIE (reproducción en el editor): ThirdPersonExampleMap (27 feb. 2020 15:44:53)
[2020.02.27-13.44.53:128][435]LogPlayLevel: Creating play world package: /Game/ThirdPersonBP/Maps/UEDPIE_0_ThirdPersonExampleMap
[2020.02.27-13.44.53:136][435]LogPlayLevel: PIE: StaticDuplicateObject took: (0.008282s)
[2020.02.27-13.44.53:137][435]LogAIModule: Creating AISystem for world ThirdPersonExampleMap
[2020.02.27-13.44.53:137][435]LogPlayLevel: PIE: World Init took: (0.001117s)
[2020.02.27-13.44.53:137][435]LogPlayLevel: PIE: Created PIE world by copying editor world from /Game/ThirdPersonBP/Maps/ThirdPersonExampleMap.ThirdPersonExampleMap to /Game/ThirdPersonBP/Maps/UEDPIE_0_ThirdPersonExampleMap.ThirdPersonExampleMap (0.009554s)
[2020.02.27-13.44.53:173][435]LogUObjectHash: Compacting FUObjectHashTables data took   1.59ms
[2020.02.27-13.44.53:173][435]LogAudioMixer: Display: Audio Mixer Platform Settings:
[2020.02.27-13.44.53:173][435]LogAudioMixer: Display: 	Sample Rate:						  48000
[2020.02.27-13.44.53:173][435]LogAudioMixer: Display: 	Callback Buffer Frame Size Requested: 1024
[2020.02.27-13.44.53:173][435]LogAudioMixer: Display: 	Callback Buffer Frame Size To Use:	  1024
[2020.02.27-13.44.53:173][435]LogAudioMixer: Display: 	Number of buffers to queue:			  2
[2020.02.27-13.44.53:173][435]LogAudioMixer: Display: 	Max Channels (voices):				  32
[2020.02.27-13.44.53:173][435]LogAudioMixer: Display: 	Number of Async Source Workers:		  0
[2020.02.27-13.44.53:173][435]LogAudio: Display: AudioDevice MaxSources: 32
[2020.02.27-13.44.53:174][435]LogAudio: Display: Using built-in audio occlusion.
[2020.02.27-13.44.53:174][435]LogAudioMixer: Display: Initializing audio mixer.
[2020.02.27-13.44.53:223][435]LogAudioMixer: Display: Audio Device Output Speaker Info:
[2020.02.27-13.44.53:223][435]LogAudioMixer: Display: Name: Auriculares (AKG N700NCM2 Stereo)
[2020.02.27-13.44.53:223][435]LogAudioMixer: Display: Is Default: Yes
[2020.02.27-13.44.53:223][435]LogAudioMixer: Display: Sample Rate: 44100
[2020.02.27-13.44.53:223][435]LogAudioMixer: Display: Channel Count Used: 2
[2020.02.27-13.44.53:223][435]LogAudioMixer: Display: Device Channel Count: 2
[2020.02.27-13.44.53:223][435]LogAudioMixer: Display: Channel Order:
[2020.02.27-13.44.53:223][435]LogAudioMixer: Display: 0: FrontLeft
[2020.02.27-13.44.53:223][435]LogAudioMixer: Display: 1: FrontRight
[2020.02.27-13.44.53:234][435]LogAudioMixer: Display: Using Audio Device Auriculares (AKG N700NCM2 Stereo)
[2020.02.27-13.44.53:235][435]LogInit: FAudioDevice initialized.
[2020.02.27-13.44.53:245][435]LogLoad: Game class is 'ThirdPersonGameMode_C'
[2020.02.27-13.44.53:247][435]LogWorld: Bringing World /Game/ThirdPersonBP/Maps/UEDPIE_0_ThirdPersonExampleMap.ThirdPersonExampleMap up for play (max tick rate 0) at 2020.02.27-14.44.53
[2020.02.27-13.44.53:248][435]LogWorld: Bringing up level for play took: 0.002793
[2020.02.27-13.44.53:248][435]LogOnline: OSS: Creating online subsystem instance for: :Context_5
[2020.02.27-13.44.53:251][435]PIE: Tiempo de inicio de la reproducción en el editor para  /Game/ThirdPersonBP/Maps/UEDPIE_0_ThirdPersonExampleMap 0,192
[2020.02.27-13.44.53:251][435]LogBlueprintUserMessages: Late PlayInEditor Detection: Level '/Game/ThirdPersonBP/Maps/ThirdPersonExampleMap.ThirdPersonExampleMap:PersistentLevel' has LevelScriptBlueprint '/Game/ThirdPersonBP/Maps/ThirdPersonExampleMap.ThirdPersonExampleMap:PersistentLevel.ThirdPersonExampleMap' with GeneratedClass '/Game/ThirdPersonBP/Maps/ThirdPersonExampleMap.ThirdPersonExampleMap_C' with ClassGeneratedBy '/Game/ThirdPersonBP/Maps/ThirdPersonExampleMap.ThirdPersonExampleMap:PersistentLevel.ThirdPersonExampleMap'
[2020.02.27-13.45.29:858][824]LogAudioMixer: Display: No commands were queued while flushing the source manager.
[2020.02.27-13.45.29:858][824]LogAudioMixer: Display: No commands were queued while flushing the source manager.
[2020.02.27-13.45.29:858][824]LogBlueprintUserMessages: Early EndPlayMap Detection: Level '/Game/ThirdPersonBP/Maps/ThirdPersonExampleMap.ThirdPersonExampleMap:PersistentLevel' has LevelScriptBlueprint '/Game/ThirdPersonBP/Maps/ThirdPersonExampleMap.ThirdPersonExampleMap:PersistentLevel.ThirdPersonExampleMap' with GeneratedClass '/Game/ThirdPersonBP/Maps/ThirdPersonExampleMap.ThirdPersonExampleMap_C' with ClassGeneratedBy '/Game/ThirdPersonBP/Maps/ThirdPersonExampleMap.ThirdPersonExampleMap:PersistentLevel.ThirdPersonExampleMap'
[2020.02.27-13.45.29:858][824]LogSlate: Updating window title bar state: overlay mode, drag disabled, window buttons hidden, title bar hidden
[2020.02.27-13.45.29:858][824]LogWorld: BeginTearingDown for /Game/ThirdPersonBP/Maps/UEDPIE_0_ThirdPersonExampleMap
[2020.02.27-13.45.29:858][824]LogAudioMixer: Display: No commands were queued while flushing the source manager.
[2020.02.27-13.45.29:859][824]LogWorld: UWorld::CleanupWorld for ThirdPersonExampleMap, bSessionEnded=true, bCleanupResources=true
[2020.02.27-13.45.29:859][824]LogSlate: InvalidateAllWidgets triggered.  All widgets were invalidated
[2020.02.27-13.45.29:865][824]LogPlayLevel: Display: Shutting down PIE online subsystems
[2020.02.27-13.45.29:865][824]LogBlueprintUserMessages: Late EndPlayMap Detection: Level '/Game/ThirdPersonBP/Maps/ThirdPersonExampleMap.ThirdPersonExampleMap:PersistentLevel' has LevelScriptBlueprint '/Game/ThirdPersonBP/Maps/ThirdPersonExampleMap.ThirdPersonExampleMap:PersistentLevel.ThirdPersonExampleMap' with GeneratedClass '/Game/ThirdPersonBP/Maps/ThirdPersonExampleMap.ThirdPersonExampleMap_C' with ClassGeneratedBy '/Game/ThirdPersonBP/Maps/ThirdPersonExampleMap.ThirdPersonExampleMap:PersistentLevel.ThirdPersonExampleMap'
[2020.02.27-13.45.29:868][824]LogSlate: InvalidateAllWidgets triggered.  All widgets were invalidated
[2020.02.27-13.45.29:900][824]LogAudioMixer: Display: No commands were queued while flushing the source manager.
[2020.02.27-13.45.29:903][824]LogSlate: Updating window title bar state: overlay mode, drag disabled, window buttons hidden, title bar hidden
[2020.02.27-13.45.29:906][824]LogUObjectHash: Compacting FUObjectHashTables data took   1.54ms
[2020.02.27-13.45.29:959][828]LogPlayLevel: Display: Destroying online subsystem :Context_5
[2020.02.27-13.46.37:128][914]LogEditorViewport: Clicking on Actor (LMB): ThirdPersonCharacter_C (ThirdPersonCharacter)
[2020.02.27-13.46.40:739][247]LogEditorViewport: Clicking on Actor (LMB): ThirdPersonCharacter_C (ThirdPersonCharacter)
[2020.02.27-13.46.40:801][251]LogEditorViewport: Clicking on Component (LMB): SkeletalMeshComponent (CharacterMesh0)
[2020.02.27-13.46.41:601][339]LogEditorViewport: Clicking on Component (LMB): SkeletalMeshComponent (CharacterMesh0)
[2020.02.27-13.46.41:677][346]LogEditorViewport: Clicking on Actor (double click): ThirdPersonCharacter_C (ThirdPersonCharacter)
[2020.02.27-13.46.42:440][420]LogEditorViewport: Clicking on Actor (LMB): ThirdPersonCharacter_C (ThirdPersonCharacter)
[2020.02.27-13.46.42:521][426]LogEditorViewport: Clicking on Component (LMB): SkeletalMeshComponent (CharacterMesh0)
[2020.02.27-13.46.54:959][820]LogEditorViewport: Clicking on Component (LMB): CapsuleComponent (CollisionCylinder)
[2020.02.27-13.46.56:112][946]LogEditorViewport: Clicking on Component (LMB): SkeletalMeshComponent (CharacterMesh0)
[2020.02.27-13.46.56:761][ 17]LogEditorViewport: Clicking on Component (LMB): SkeletalMeshComponent (CharacterMesh0)
[2020.02.27-13.46.57:404][ 87]LogEditorViewport: Clicking on Component (LMB): SkeletalMeshComponent (CharacterMesh0)
[2020.02.27-13.46.58:093][164]LogEditorViewport: Clicking on Actor (LMB): StaticMeshActor (Floor)
[2020.02.27-13.46.58:775][240]LogEditorViewport: Clicking on Actor (LMB): ThirdPersonCharacter_C (ThirdPersonCharacter)
[2020.02.27-13.46.59:597][317]LogEditorViewport: Clicking on Actor (LMB): ThirdPersonCharacter_C (ThirdPersonCharacter)
[2020.02.27-13.47.00:547][412]LogEditorViewport: Clicking on Actor (LMB): ThirdPersonCharacter_C (ThirdPersonCharacter)
[2020.02.27-13.47.01:034][461]LogEditorViewport: Clicking on Actor (LMB): ThirdPersonCharacter_C (ThirdPersonCharacter)
[2020.02.27-13.47.01:109][467]LogEditorViewport: Clicking on Component (LMB): SkeletalMeshComponent (CharacterMesh0)
[2020.02.27-13.47.02:021][570]LogEditorViewport: Clicking on Component (LMB): SkeletalMeshComponent (CharacterMesh0)
[2020.02.27-13.47.02:071][574]LogEditorViewport: Clicking on Actor (double click): ThirdPersonCharacter_C (ThirdPersonCharacter)
[2020.02.27-13.47.02:686][629]LogEditorViewport: Clicking on Actor (LMB): ThirdPersonCharacter_C (ThirdPersonCharacter)
[2020.02.27-13.47.02:791][638]LogEditorViewport: Clicking on Component (LMB): SkeletalMeshComponent (CharacterMesh0)
[2020.02.27-13.47.03:501][715]LogSlate: Took 0.016851 seconds to synchronously load lazily loaded font '../../../Engine/Content/Slate/Fonts/Roboto-Italic.ttf' (157K)
[2020.02.27-13.47.50:900][446]LogSlate: Took 0.000158 seconds to synchronously load lazily loaded font '../../../Engine/Content/Slate/Fonts/Roboto-Light.ttf' (167K)
[2020.02.27-13.47.50:907][446]LogAssetEditorSubsystem: Opening Asset editor for Blueprint /Game/ThirdPersonBP/Blueprints/ThirdPersonCharacter.ThirdPersonCharacter
[2020.02.27-13.47.51:147][446]LogContentBrowser: Native class hierarchy updated for 'BlueprintGraph' in 0.0006 seconds. Added 121 classes and 0 folders.
[2020.02.27-13.47.52:407][446]LogSlate: Took 0.000158 seconds to synchronously load lazily loaded font '../../../Engine/Content/Slate/Fonts/Roboto-BoldCondensed.ttf' (158K)
[2020.02.27-13.49.45:992][734]LogSlate: Window 'ThirdPersonCharacter' being destroyed
[2020.02.27-13.50.13:591][227]LogRenderer: Reallocating scene render targets to support 1208x900 Format 10 NumSamples 1 (Frame:1).
[2020.02.27-13.50.52:896][ 39]LogAudioMixer: Warning: Changing default audio render device to new device: {0.0.0.00000000}.{7c604cb4-53ea-4a4b-b180-e58118cf00d2}.
[2020.02.27-13.50.52:896][ 39]LogAudioMixer: Error: Audio Platform Device Error: 0x0: UNKNOWN (File D:/Build/++UE4/Sync/Engine/Source/Runtime/Windows/AudioMixerXAudio2/Private/AudioMixerPlatformXAudio2.cpp, Line 305)
[2020.02.27-13.50.53:676][ 42]LogTemp: Resetting audio stream to device id 
[2020.02.27-13.50.53:779][ 42]LogAudioMixer: Display: Audio Device Output Speaker Info:
[2020.02.27-13.50.53:779][ 42]LogAudioMixer: Display: Name: Altavoces (Steam Streaming Speakers)
[2020.02.27-13.50.53:779][ 42]LogAudioMixer: Display: Is Default: Yes
[2020.02.27-13.50.53:779][ 42]LogAudioMixer: Display: Sample Rate: 48000
[2020.02.27-13.50.53:779][ 42]LogAudioMixer: Display: Channel Count Used: 2
[2020.02.27-13.50.53:779][ 42]LogAudioMixer: Display: Device Channel Count: 2
[2020.02.27-13.50.53:779][ 42]LogAudioMixer: Display: Channel Order:
[2020.02.27-13.50.53:779][ 42]LogAudioMixer: Display: 0: FrontLeft
[2020.02.27-13.50.53:779][ 42]LogAudioMixer: Display: 1: FrontRight
[2020.02.27-13.52.46:833][376]LogAudioMixer: Warning: Changing default audio render device to new device: {0.0.0.00000000}.{7c604cb4-53ea-4a4b-b180-e58118cf00d2}.
[2020.02.27-13.52.46:833][376]LogTemp: Resetting audio stream to device id 
[2020.02.27-13.52.46:947][376]LogAudioMixer: Warning: Did not find the channel type flags for audio device 'Auriculares con micrófono (AKG N700NCM2 Hands-Free AG Audio)'. Reverting to a default channel ordering.
[2020.02.27-13.52.46:947][376]LogAudioMixer: Display: Audio Device Output Speaker Info:
[2020.02.27-13.52.46:947][376]LogAudioMixer: Display: Name: Auriculares con micrófono (AKG N700NCM2 Hands-Free AG Audio)
[2020.02.27-13.52.46:947][376]LogAudioMixer: Display: Is Default: Yes
[2020.02.27-13.52.46:947][376]LogAudioMixer: Display: Sample Rate: 16000
[2020.02.27-13.52.46:947][376]LogAudioMixer: Display: Channel Count Used: 2
[2020.02.27-13.52.46:947][376]LogAudioMixer: Display: Device Channel Count: 1
[2020.02.27-13.52.46:947][376]LogAudioMixer: Display: Channel Order:
[2020.02.27-13.52.46:947][376]LogAudioMixer: Display: 0: FrontLeft
[2020.02.27-13.52.46:947][376]LogAudioMixer: Display: 1: FrontRight
[2020.02.27-13.52.59:414][413]LogAudioMixer: Warning: Changing default audio render device to new device: {0.0.0.00000000}.{1c4d8488-28fc-47a3-b017-7b14ea5f4ffb}.
[2020.02.27-13.52.59:414][413]LogTemp: Resetting audio stream to device id 
[2020.02.27-13.52.59:610][413]LogAudioMixer: Warning: Did not find the channel type flags for audio device 'Auriculares con micrófono (AKG N700NCM2 Hands-Free AG Audio)'. Reverting to a default channel ordering.
[2020.02.27-13.52.59:610][413]LogAudioMixer: Display: Audio Device Output Speaker Info:
[2020.02.27-13.52.59:610][413]LogAudioMixer: Display: Name: Auriculares con micrófono (AKG N700NCM2 Hands-Free AG Audio)
[2020.02.27-13.52.59:610][413]LogAudioMixer: Display: Is Default: Yes
[2020.02.27-13.52.59:610][413]LogAudioMixer: Display: Sample Rate: 16000
[2020.02.27-13.52.59:610][413]LogAudioMixer: Display: Channel Count Used: 2
[2020.02.27-13.52.59:610][413]LogAudioMixer: Display: Device Channel Count: 1
[2020.02.27-13.52.59:610][413]LogAudioMixer: Display: Channel Order:
[2020.02.27-13.52.59:610][413]LogAudioMixer: Display: 0: FrontLeft
[2020.02.27-13.52.59:610][413]LogAudioMixer: Display: 1: FrontRight
